[2025-03-17T15:14:38.834+0600] {local_task_job_runner.py:123} INFO - ::group::Pre task execution logs
[2025-03-17T15:14:38.848+0600] {taskinstance.py:2614} INFO - Dependencies all met for dep_context=non-requeueable deps ti=<TaskInstance: etl_airflow_rest_api_dag.fetch_task scheduled__2025-03-10T16:00:00+00:00 [queued]>
[2025-03-17T15:14:38.855+0600] {taskinstance.py:2614} INFO - Dependencies all met for dep_context=requeueable deps ti=<TaskInstance: etl_airflow_rest_api_dag.fetch_task scheduled__2025-03-10T16:00:00+00:00 [queued]>
[2025-03-17T15:14:38.856+0600] {taskinstance.py:2867} INFO - Starting attempt 1 of 1
[2025-03-17T15:14:38.889+0600] {taskinstance.py:2890} INFO - Executing <Task(PythonOperator): fetch_task> on 2025-03-10 16:00:00+00:00
[2025-03-17T15:14:38.900+0600] {standard_task_runner.py:104} INFO - Running: ['airflow', 'tasks', 'run', 'etl_airflow_rest_api_dag', 'fetch_task', 'scheduled__2025-03-10T16:00:00+00:00', '--job-id', '45', '--raw', '--subdir', 'DAGS_FOLDER/etl_airflow_rest_api_open_weather_data.py', '--cfg-path', '/tmp/tmpa5dwslmy']
[2025-03-17T15:14:38.901+0600] {standard_task_runner.py:105} INFO - Job 45: Subtask fetch_task
[2025-03-17T15:14:38.904+0600] {logging_mixin.py:190} WARNING - /home/shamim/airflow_venv/lib/python3.12/site-packages/airflow/task/task_runner/standard_task_runner.py:70 DeprecationWarning: This process (pid=20904) is multi-threaded, use of fork() may lead to deadlocks in the child.
[2025-03-17T15:14:38.905+0600] {standard_task_runner.py:72} INFO - Started process 20911 to run task
[2025-03-17T15:14:38.941+0600] {task_command.py:467} INFO - Running <TaskInstance: etl_airflow_rest_api_dag.fetch_task scheduled__2025-03-10T16:00:00+00:00 [running]> on host shamim-X541UV
[2025-03-17T15:14:38.999+0600] {taskinstance.py:3134} INFO - Exporting env vars: AIRFLOW_CTX_DAG_OWNER='airflow' AIRFLOW_CTX_DAG_ID='etl_airflow_rest_api_dag' AIRFLOW_CTX_TASK_ID='fetch_task' AIRFLOW_CTX_EXECUTION_DATE='2025-03-10T16:00:00+00:00' AIRFLOW_CTX_TRY_NUMBER='1' AIRFLOW_CTX_DAG_RUN_ID='scheduled__2025-03-10T16:00:00+00:00'
[2025-03-17T15:14:39.000+0600] {logging_mixin.py:190} INFO - Task instance is in running state
[2025-03-17T15:14:39.000+0600] {logging_mixin.py:190} INFO -  Previous state of the Task instance: queued
[2025-03-17T15:14:39.000+0600] {logging_mixin.py:190} INFO - Current task name:fetch_task state:running start_date:2025-03-17 09:14:38.848509+00:00
[2025-03-17T15:14:39.001+0600] {logging_mixin.py:190} INFO - Dag name:etl_airflow_rest_api_dag and current dag run status:running
[2025-03-17T15:14:39.001+0600] {taskinstance.py:732} INFO - ::endgroup::
[2025-03-17T15:14:39.165+0600] {python.py:240} INFO - Done. Returned value was: {'city': 'Dhaka', 'temperature': 32.99, 'humidity': 27}
[2025-03-17T15:14:39.221+0600] {taskinstance.py:341} INFO - ::group::Post task execution logs
[2025-03-17T15:14:39.222+0600] {taskinstance.py:353} INFO - Marking task as SUCCESS. dag_id=etl_airflow_rest_api_dag, task_id=fetch_task, run_id=scheduled__2025-03-10T16:00:00+00:00, execution_date=20250310T160000, start_date=20250317T091438, end_date=20250317T091439
[2025-03-17T15:14:39.252+0600] {logging_mixin.py:190} INFO - Task instance in success state
[2025-03-17T15:14:39.252+0600] {logging_mixin.py:190} INFO -  Previous state of the Task instance: running
[2025-03-17T15:14:39.253+0600] {logging_mixin.py:190} INFO - Dag name:etl_airflow_rest_api_dag queued_at:2025-03-17 09:14:35.106799+00:00
[2025-03-17T15:14:39.253+0600] {logging_mixin.py:190} INFO - Task hostname:shamim-X541UV operator:PythonOperator
[2025-03-17T15:14:39.280+0600] {local_task_job_runner.py:266} INFO - Task exited with return code 0
[2025-03-17T15:14:39.307+0600] {taskinstance.py:3901} INFO - 1 downstream tasks scheduled from follow-on schedule check
[2025-03-17T15:14:39.310+0600] {local_task_job_runner.py:245} INFO - ::endgroup::
