[2025-03-17T15:23:15.326+0600] {local_task_job_runner.py:123} INFO - ::group::Pre task execution logs
[2025-03-17T15:23:15.340+0600] {taskinstance.py:2614} INFO - Dependencies all met for dep_context=non-requeueable deps ti=<TaskInstance: etl_airflow_rest_api_dag.fetch_task scheduled__2025-03-11T16:00:00+00:00 [queued]>
[2025-03-17T15:23:15.352+0600] {taskinstance.py:2614} INFO - Dependencies all met for dep_context=requeueable deps ti=<TaskInstance: etl_airflow_rest_api_dag.fetch_task scheduled__2025-03-11T16:00:00+00:00 [queued]>
[2025-03-17T15:23:15.353+0600] {taskinstance.py:2867} INFO - Starting attempt 1 of 1
[2025-03-17T15:23:15.369+0600] {taskinstance.py:2890} INFO - Executing <Task(PythonOperator): fetch_task> on 2025-03-11 16:00:00+00:00
[2025-03-17T15:23:15.381+0600] {standard_task_runner.py:104} INFO - Running: ['airflow', 'tasks', 'run', 'etl_airflow_rest_api_dag', 'fetch_task', 'scheduled__2025-03-11T16:00:00+00:00', '--job-id', '120', '--raw', '--subdir', 'DAGS_FOLDER/etl_airflow_rest_api_open_weather_data.py', '--cfg-path', '/tmp/tmphz5ah1y5']
[2025-03-17T15:23:15.383+0600] {standard_task_runner.py:105} INFO - Job 120: Subtask fetch_task
[2025-03-17T15:23:15.390+0600] {logging_mixin.py:190} WARNING - /home/shamim/airflow_venv/lib/python3.12/site-packages/airflow/task/task_runner/standard_task_runner.py:70 DeprecationWarning: This process (pid=22118) is multi-threaded, use of fork() may lead to deadlocks in the child.
[2025-03-17T15:23:15.391+0600] {standard_task_runner.py:72} INFO - Started process 22126 to run task
[2025-03-17T15:23:15.426+0600] {task_command.py:467} INFO - Running <TaskInstance: etl_airflow_rest_api_dag.fetch_task scheduled__2025-03-11T16:00:00+00:00 [running]> on host shamim-X541UV
[2025-03-17T15:23:15.502+0600] {taskinstance.py:3134} INFO - Exporting env vars: AIRFLOW_CTX_DAG_OWNER='airflow' AIRFLOW_CTX_DAG_ID='etl_airflow_rest_api_dag' AIRFLOW_CTX_TASK_ID='fetch_task' AIRFLOW_CTX_EXECUTION_DATE='2025-03-11T16:00:00+00:00' AIRFLOW_CTX_TRY_NUMBER='1' AIRFLOW_CTX_DAG_RUN_ID='scheduled__2025-03-11T16:00:00+00:00'
[2025-03-17T15:23:15.504+0600] {logging_mixin.py:190} INFO - Task instance is in running state
[2025-03-17T15:23:15.505+0600] {logging_mixin.py:190} INFO -  Previous state of the Task instance: queued
[2025-03-17T15:23:15.505+0600] {logging_mixin.py:190} INFO - Current task name:fetch_task state:running start_date:2025-03-17 09:23:15.341139+00:00
[2025-03-17T15:23:15.505+0600] {logging_mixin.py:190} INFO - Dag name:etl_airflow_rest_api_dag and current dag run status:running
[2025-03-17T15:23:15.506+0600] {taskinstance.py:732} INFO - ::endgroup::
[2025-03-17T15:23:15.694+0600] {python.py:240} INFO - Done. Returned value was: {'city': 'Dhaka', 'temperature': 31.99, 'humidity': 29}
[2025-03-17T15:23:15.895+0600] {taskinstance.py:341} INFO - ::group::Post task execution logs
[2025-03-17T15:23:15.895+0600] {taskinstance.py:353} INFO - Marking task as SUCCESS. dag_id=etl_airflow_rest_api_dag, task_id=fetch_task, run_id=scheduled__2025-03-11T16:00:00+00:00, execution_date=20250311T160000, start_date=20250317T092315, end_date=20250317T092315
[2025-03-17T15:23:15.918+0600] {logging_mixin.py:190} INFO - Task instance in success state
[2025-03-17T15:23:15.919+0600] {logging_mixin.py:190} INFO -  Previous state of the Task instance: running
[2025-03-17T15:23:15.919+0600] {logging_mixin.py:190} INFO - Dag name:etl_airflow_rest_api_dag queued_at:2025-03-17 09:23:09.803828+00:00
[2025-03-17T15:23:15.920+0600] {logging_mixin.py:190} INFO - Task hostname:shamim-X541UV operator:PythonOperator
[2025-03-17T15:23:15.968+0600] {local_task_job_runner.py:266} INFO - Task exited with return code 0
[2025-03-17T15:23:16.000+0600] {taskinstance.py:3901} INFO - 1 downstream tasks scheduled from follow-on schedule check
[2025-03-17T15:23:16.003+0600] {local_task_job_runner.py:245} INFO - ::endgroup::
