[2025-03-17T15:16:52.746+0600] {local_task_job_runner.py:123} INFO - ::group::Pre task execution logs
[2025-03-17T15:16:52.768+0600] {taskinstance.py:2614} INFO - Dependencies all met for dep_context=non-requeueable deps ti=<TaskInstance: etl_airflow_rest_api_dag.load_weather_task scheduled__2025-03-10T20:00:00+00:00 [queued]>
[2025-03-17T15:16:52.778+0600] {taskinstance.py:2614} INFO - Dependencies all met for dep_context=requeueable deps ti=<TaskInstance: etl_airflow_rest_api_dag.load_weather_task scheduled__2025-03-10T20:00:00+00:00 [queued]>
[2025-03-17T15:16:52.778+0600] {taskinstance.py:2867} INFO - Starting attempt 1 of 1
[2025-03-17T15:16:52.808+0600] {taskinstance.py:2890} INFO - Executing <Task(PythonOperator): load_weather_task> on 2025-03-10 20:00:00+00:00
[2025-03-17T15:16:52.820+0600] {standard_task_runner.py:104} INFO - Running: ['airflow', 'tasks', 'run', 'etl_airflow_rest_api_dag', 'load_weather_task', 'scheduled__2025-03-10T20:00:00+00:00', '--job-id', '66', '--raw', '--subdir', 'DAGS_FOLDER/etl_airflow_rest_api_open_weather_data.py', '--cfg-path', '/tmp/tmp32x3cpz1']
[2025-03-17T15:16:52.821+0600] {standard_task_runner.py:105} INFO - Job 66: Subtask load_weather_task
[2025-03-17T15:16:52.826+0600] {logging_mixin.py:190} WARNING - /home/shamim/airflow_venv/lib/python3.12/site-packages/airflow/task/task_runner/standard_task_runner.py:70 DeprecationWarning: This process (pid=21174) is multi-threaded, use of fork() may lead to deadlocks in the child.
[2025-03-17T15:16:52.827+0600] {standard_task_runner.py:72} INFO - Started process 21181 to run task
[2025-03-17T15:16:52.863+0600] {task_command.py:467} INFO - Running <TaskInstance: etl_airflow_rest_api_dag.load_weather_task scheduled__2025-03-10T20:00:00+00:00 [running]> on host shamim-X541UV
[2025-03-17T15:16:52.938+0600] {taskinstance.py:3134} INFO - Exporting env vars: AIRFLOW_CTX_DAG_OWNER='airflow' AIRFLOW_CTX_DAG_ID='etl_airflow_rest_api_dag' AIRFLOW_CTX_TASK_ID='load_weather_task' AIRFLOW_CTX_EXECUTION_DATE='2025-03-10T20:00:00+00:00' AIRFLOW_CTX_TRY_NUMBER='1' AIRFLOW_CTX_DAG_RUN_ID='scheduled__2025-03-10T20:00:00+00:00'
[2025-03-17T15:16:52.940+0600] {logging_mixin.py:190} INFO - Task instance is in running state
[2025-03-17T15:16:52.941+0600] {logging_mixin.py:190} INFO -  Previous state of the Task instance: queued
[2025-03-17T15:16:52.941+0600] {logging_mixin.py:190} INFO - Current task name:load_weather_task state:running start_date:2025-03-17 09:16:52.768766+00:00
[2025-03-17T15:16:52.941+0600] {logging_mixin.py:190} INFO - Dag name:etl_airflow_rest_api_dag and current dag run status:running
[2025-03-17T15:16:52.942+0600] {taskinstance.py:732} INFO - ::endgroup::
[2025-03-17T15:16:53.146+0600] {base.py:84} INFO - Retrieving connection 'postgres'
[2025-03-17T15:16:53.164+0600] {sql.py:624} INFO - Running statement: 
    INSERT INTO weather_data_api (city, temperature, humidity)
    VALUES(%s, %s, %s);
    , parameters: ('Dhaka', 31.99, 29)
[2025-03-17T15:16:53.165+0600] {sql.py:633} INFO - Rows affected: 1
[2025-03-17T15:16:53.167+0600] {python.py:240} INFO - Done. Returned value was: None
[2025-03-17T15:16:53.172+0600] {taskinstance.py:341} INFO - ::group::Post task execution logs
[2025-03-17T15:16:53.173+0600] {taskinstance.py:353} INFO - Marking task as SUCCESS. dag_id=etl_airflow_rest_api_dag, task_id=load_weather_task, run_id=scheduled__2025-03-10T20:00:00+00:00, execution_date=20250310T200000, start_date=20250317T091652, end_date=20250317T091653
[2025-03-17T15:16:53.190+0600] {logging_mixin.py:190} INFO - Task instance in success state
[2025-03-17T15:16:53.191+0600] {logging_mixin.py:190} INFO -  Previous state of the Task instance: running
[2025-03-17T15:16:53.191+0600] {logging_mixin.py:190} INFO - Dag name:etl_airflow_rest_api_dag queued_at:2025-03-17 09:15:56.880126+00:00
[2025-03-17T15:16:53.192+0600] {logging_mixin.py:190} INFO - Task hostname:shamim-X541UV operator:PythonOperator
[2025-03-17T15:16:53.242+0600] {local_task_job_runner.py:266} INFO - Task exited with return code 0
[2025-03-17T15:16:53.256+0600] {taskinstance.py:3901} INFO - 0 downstream tasks scheduled from follow-on schedule check
[2025-03-17T15:16:53.257+0600] {local_task_job_runner.py:245} INFO - ::endgroup::
