[2025-03-17T15:39:19.510+0600] {local_task_job_runner.py:123} INFO - ::group::Pre task execution logs
[2025-03-17T15:39:19.521+0600] {taskinstance.py:2614} INFO - Dependencies all met for dep_context=non-requeueable deps ti=<TaskInstance: etl_airflow_rest_api_dag.fetch_task scheduled__2025-03-13T13:00:00+00:00 [queued]>
[2025-03-17T15:39:19.528+0600] {taskinstance.py:2614} INFO - Dependencies all met for dep_context=requeueable deps ti=<TaskInstance: etl_airflow_rest_api_dag.fetch_task scheduled__2025-03-13T13:00:00+00:00 [queued]>
[2025-03-17T15:39:19.529+0600] {taskinstance.py:2867} INFO - Starting attempt 1 of 1
[2025-03-17T15:39:19.544+0600] {taskinstance.py:2890} INFO - Executing <Task(PythonOperator): fetch_task> on 2025-03-13 13:00:00+00:00
[2025-03-17T15:39:19.556+0600] {standard_task_runner.py:104} INFO - Running: ['airflow', 'tasks', 'run', 'etl_airflow_rest_api_dag', 'fetch_task', 'scheduled__2025-03-13T13:00:00+00:00', '--job-id', '198', '--raw', '--subdir', 'DAGS_FOLDER/etl_airflow_rest_api_open_weather_data.py', '--cfg-path', '/tmp/tmp8gyy6rx_']
[2025-03-17T15:39:19.558+0600] {standard_task_runner.py:105} INFO - Job 198: Subtask fetch_task
[2025-03-17T15:39:19.560+0600] {logging_mixin.py:190} WARNING - /home/shamim/airflow_venv/lib/python3.12/site-packages/airflow/task/task_runner/standard_task_runner.py:70 DeprecationWarning: This process (pid=24178) is multi-threaded, use of fork() may lead to deadlocks in the child.
[2025-03-17T15:39:19.561+0600] {standard_task_runner.py:72} INFO - Started process 24185 to run task
[2025-03-17T15:39:19.597+0600] {task_command.py:467} INFO - Running <TaskInstance: etl_airflow_rest_api_dag.fetch_task scheduled__2025-03-13T13:00:00+00:00 [running]> on host shamim-X541UV
[2025-03-17T15:39:19.667+0600] {taskinstance.py:3134} INFO - Exporting env vars: AIRFLOW_CTX_DAG_OWNER='airflow' AIRFLOW_CTX_DAG_ID='etl_airflow_rest_api_dag' AIRFLOW_CTX_TASK_ID='fetch_task' AIRFLOW_CTX_EXECUTION_DATE='2025-03-13T13:00:00+00:00' AIRFLOW_CTX_TRY_NUMBER='1' AIRFLOW_CTX_DAG_RUN_ID='scheduled__2025-03-13T13:00:00+00:00'
[2025-03-17T15:39:19.668+0600] {logging_mixin.py:190} INFO - Task instance is in running state
[2025-03-17T15:39:19.668+0600] {logging_mixin.py:190} INFO -  Previous state of the Task instance: queued
[2025-03-17T15:39:19.669+0600] {logging_mixin.py:190} INFO - Current task name:fetch_task state:running start_date:2025-03-17 09:39:19.521521+00:00
[2025-03-17T15:39:19.669+0600] {logging_mixin.py:190} INFO - Dag name:etl_airflow_rest_api_dag and current dag run status:running
[2025-03-17T15:39:19.669+0600] {taskinstance.py:732} INFO - ::endgroup::
[2025-03-17T15:39:20.983+0600] {python.py:240} INFO - Done. Returned value was: [{'city': 'Dhaka', 'temperature': 31.99, 'humidity': 29}, {'city': 'Delhi', 'temperature': 27.05, 'humidity': 39}, {'city': 'Islamabad', 'temperature': 26.58, 'humidity': 33}, {'city': 'London', 'temperature': 6.39, 'humidity': 76}, {'city': 'New York', 'temperature': 12.48, 'humidity': 94}, {'city': 'Tokyo', 'temperature': 9.84, 'humidity': 36}, {'city': 'Sydney', 'temperature': 18.13, 'humidity': 63}]
[2025-03-17T15:39:21.218+0600] {taskinstance.py:341} INFO - ::group::Post task execution logs
[2025-03-17T15:39:21.219+0600] {taskinstance.py:353} INFO - Marking task as SUCCESS. dag_id=etl_airflow_rest_api_dag, task_id=fetch_task, run_id=scheduled__2025-03-13T13:00:00+00:00, execution_date=20250313T130000, start_date=20250317T093919, end_date=20250317T093921
[2025-03-17T15:39:21.238+0600] {logging_mixin.py:190} INFO - Task instance in success state
[2025-03-17T15:39:21.238+0600] {logging_mixin.py:190} INFO -  Previous state of the Task instance: running
[2025-03-17T15:39:21.238+0600] {logging_mixin.py:190} INFO - Dag name:etl_airflow_rest_api_dag queued_at:2025-03-17 09:39:15.295100+00:00
[2025-03-17T15:39:21.239+0600] {logging_mixin.py:190} INFO - Task hostname:shamim-X541UV operator:PythonOperator
[2025-03-17T15:39:21.262+0600] {local_task_job_runner.py:266} INFO - Task exited with return code 0
[2025-03-17T15:39:21.290+0600] {taskinstance.py:3901} INFO - 1 downstream tasks scheduled from follow-on schedule check
[2025-03-17T15:39:21.305+0600] {local_task_job_runner.py:245} INFO - ::endgroup::
