[2025-03-17T15:19:32.904+0600] {local_task_job_runner.py:123} INFO - ::group::Pre task execution logs
[2025-03-17T15:19:32.920+0600] {taskinstance.py:2614} INFO - Dependencies all met for dep_context=non-requeueable deps ti=<TaskInstance: etl_airflow_rest_api_dag.load_weather_task scheduled__2025-03-11T04:00:00+00:00 [queued]>
[2025-03-17T15:19:32.930+0600] {taskinstance.py:2614} INFO - Dependencies all met for dep_context=requeueable deps ti=<TaskInstance: etl_airflow_rest_api_dag.load_weather_task scheduled__2025-03-11T04:00:00+00:00 [queued]>
[2025-03-17T15:19:32.931+0600] {taskinstance.py:2867} INFO - Starting attempt 1 of 1
[2025-03-17T15:19:32.958+0600] {taskinstance.py:2890} INFO - Executing <Task(PythonOperator): load_weather_task> on 2025-03-11 04:00:00+00:00
[2025-03-17T15:19:32.969+0600] {standard_task_runner.py:104} INFO - Running: ['airflow', 'tasks', 'run', 'etl_airflow_rest_api_dag', 'load_weather_task', 'scheduled__2025-03-11T04:00:00+00:00', '--job-id', '91', '--raw', '--subdir', 'DAGS_FOLDER/etl_airflow_rest_api_open_weather_data.py', '--cfg-path', '/tmp/tmphcs_ga68']
[2025-03-17T15:19:32.970+0600] {standard_task_runner.py:105} INFO - Job 91: Subtask load_weather_task
[2025-03-17T15:19:32.974+0600] {logging_mixin.py:190} WARNING - /home/shamim/airflow_venv/lib/python3.12/site-packages/airflow/task/task_runner/standard_task_runner.py:70 DeprecationWarning: This process (pid=21553) is multi-threaded, use of fork() may lead to deadlocks in the child.
[2025-03-17T15:19:32.975+0600] {standard_task_runner.py:72} INFO - Started process 21578 to run task
[2025-03-17T15:19:33.012+0600] {task_command.py:467} INFO - Running <TaskInstance: etl_airflow_rest_api_dag.load_weather_task scheduled__2025-03-11T04:00:00+00:00 [running]> on host shamim-X541UV
[2025-03-17T15:19:33.093+0600] {taskinstance.py:3134} INFO - Exporting env vars: AIRFLOW_CTX_DAG_OWNER='airflow' AIRFLOW_CTX_DAG_ID='etl_airflow_rest_api_dag' AIRFLOW_CTX_TASK_ID='load_weather_task' AIRFLOW_CTX_EXECUTION_DATE='2025-03-11T04:00:00+00:00' AIRFLOW_CTX_TRY_NUMBER='1' AIRFLOW_CTX_DAG_RUN_ID='scheduled__2025-03-11T04:00:00+00:00'
[2025-03-17T15:19:33.095+0600] {logging_mixin.py:190} INFO - Task instance is in running state
[2025-03-17T15:19:33.095+0600] {logging_mixin.py:190} INFO -  Previous state of the Task instance: queued
[2025-03-17T15:19:33.095+0600] {logging_mixin.py:190} INFO - Current task name:load_weather_task state:running start_date:2025-03-17 09:19:32.920426+00:00
[2025-03-17T15:19:33.095+0600] {logging_mixin.py:190} INFO - Dag name:etl_airflow_rest_api_dag and current dag run status:running
[2025-03-17T15:19:33.096+0600] {taskinstance.py:732} INFO - ::endgroup::
[2025-03-17T15:19:33.271+0600] {base.py:84} INFO - Retrieving connection 'postgres'
[2025-03-17T15:19:33.287+0600] {sql.py:624} INFO - Running statement: 
    INSERT INTO weather_data_api (city, temperature, humidity)
    VALUES(%s, %s, %s);
    , parameters: ('Dhaka', 31.99, 29)
[2025-03-17T15:19:33.289+0600] {sql.py:633} INFO - Rows affected: 1
[2025-03-17T15:19:33.299+0600] {python.py:240} INFO - Done. Returned value was: None
[2025-03-17T15:19:33.305+0600] {taskinstance.py:341} INFO - ::group::Post task execution logs
[2025-03-17T15:19:33.305+0600] {taskinstance.py:353} INFO - Marking task as SUCCESS. dag_id=etl_airflow_rest_api_dag, task_id=load_weather_task, run_id=scheduled__2025-03-11T04:00:00+00:00, execution_date=20250311T040000, start_date=20250317T091932, end_date=20250317T091933
[2025-03-17T15:19:33.321+0600] {logging_mixin.py:190} INFO - Task instance in success state
[2025-03-17T15:19:33.321+0600] {logging_mixin.py:190} INFO -  Previous state of the Task instance: running
[2025-03-17T15:19:33.322+0600] {logging_mixin.py:190} INFO - Dag name:etl_airflow_rest_api_dag queued_at:2025-03-17 09:18:54.122742+00:00
[2025-03-17T15:19:33.322+0600] {logging_mixin.py:190} INFO - Task hostname:shamim-X541UV operator:PythonOperator
[2025-03-17T15:19:33.351+0600] {local_task_job_runner.py:266} INFO - Task exited with return code 0
[2025-03-17T15:19:33.364+0600] {taskinstance.py:3901} INFO - 0 downstream tasks scheduled from follow-on schedule check
[2025-03-17T15:19:33.365+0600] {local_task_job_runner.py:245} INFO - ::endgroup::
