[2025-03-17T15:20:44.464+0600] {local_task_job_runner.py:123} INFO - ::group::Pre task execution logs
[2025-03-17T15:20:44.491+0600] {taskinstance.py:2614} INFO - Dependencies all met for dep_context=non-requeueable deps ti=<TaskInstance: etl_airflow_rest_api_dag.create_table scheduled__2025-03-11T08:00:00+00:00 [queued]>
[2025-03-17T15:20:44.503+0600] {taskinstance.py:2614} INFO - Dependencies all met for dep_context=requeueable deps ti=<TaskInstance: etl_airflow_rest_api_dag.create_table scheduled__2025-03-11T08:00:00+00:00 [queued]>
[2025-03-17T15:20:44.504+0600] {taskinstance.py:2867} INFO - Starting attempt 1 of 1
[2025-03-17T15:20:44.526+0600] {taskinstance.py:2890} INFO - Executing <Task(SQLExecuteQueryOperator): create_table> on 2025-03-11 08:00:00+00:00
[2025-03-17T15:20:44.557+0600] {standard_task_runner.py:104} INFO - Running: ['airflow', 'tasks', 'run', 'etl_airflow_rest_api_dag', 'create_table', 'scheduled__2025-03-11T08:00:00+00:00', '--job-id', '100', '--raw', '--subdir', 'DAGS_FOLDER/etl_airflow_rest_api_open_weather_data.py', '--cfg-path', '/tmp/tmp09dzq97e']
[2025-03-17T15:20:44.561+0600] {standard_task_runner.py:105} INFO - Job 100: Subtask create_table
[2025-03-17T15:20:44.563+0600] {logging_mixin.py:190} WARNING - /home/shamim/airflow_venv/lib/python3.12/site-packages/airflow/task/task_runner/standard_task_runner.py:70 DeprecationWarning: This process (pid=21755) is multi-threaded, use of fork() may lead to deadlocks in the child.
[2025-03-17T15:20:44.565+0600] {standard_task_runner.py:72} INFO - Started process 21764 to run task
[2025-03-17T15:20:44.668+0600] {task_command.py:467} INFO - Running <TaskInstance: etl_airflow_rest_api_dag.create_table scheduled__2025-03-11T08:00:00+00:00 [running]> on host shamim-X541UV
[2025-03-17T15:20:44.905+0600] {taskinstance.py:3134} INFO - Exporting env vars: AIRFLOW_CTX_DAG_OWNER='airflow' AIRFLOW_CTX_DAG_ID='etl_airflow_rest_api_dag' AIRFLOW_CTX_TASK_ID='create_table' AIRFLOW_CTX_EXECUTION_DATE='2025-03-11T08:00:00+00:00' AIRFLOW_CTX_TRY_NUMBER='1' AIRFLOW_CTX_DAG_RUN_ID='scheduled__2025-03-11T08:00:00+00:00'
[2025-03-17T15:20:44.914+0600] {logging_mixin.py:190} INFO - Task instance is in running state
[2025-03-17T15:20:44.914+0600] {logging_mixin.py:190} INFO -  Previous state of the Task instance: queued
[2025-03-17T15:20:44.915+0600] {logging_mixin.py:190} INFO - Current task name:create_table state:running start_date:2025-03-17 09:20:44.491504+00:00
[2025-03-17T15:20:44.918+0600] {logging_mixin.py:190} INFO - Dag name:etl_airflow_rest_api_dag and current dag run status:running
[2025-03-17T15:20:44.918+0600] {taskinstance.py:732} INFO - ::endgroup::
[2025-03-17T15:20:44.919+0600] {sql.py:295} INFO - Executing: 
        CREATE TABLE IF NOT EXISTS weather_data_api(
            city VARCHAR(50),
            temperature NUMERIC(10,2),
            humidity NUMERIC(10,2),
            timestamp TIMESTAMP DEFAULT CURRENT_TIMESTAMP
        );
    
[2025-03-17T15:20:44.940+0600] {base.py:84} INFO - Retrieving connection 'postgres'
[2025-03-17T15:20:44.960+0600] {base.py:84} INFO - Retrieving connection 'postgres'
[2025-03-17T15:20:45.051+0600] {sql.py:624} INFO - Running statement: 
        CREATE TABLE IF NOT EXISTS weather_data_api(
            city VARCHAR(50),
            temperature NUMERIC(10,2),
            humidity NUMERIC(10,2),
            timestamp TIMESTAMP DEFAULT CURRENT_TIMESTAMP
        );
    , parameters: None
[2025-03-17T15:20:45.357+0600] {logging_mixin.py:190} WARNING - /home/shamim/airflow_venv/lib/python3.12/site-packages/airflow/providers/common/sql/hooks/sql.py:583 DeprecationWarning: Import of fetch_all_handler from the 'airflow.providers.common.sql.hooks' module is deprecated and will
be removed in the future. Please import it from 'airflow.providers.common.sql.hooks.handlers'.
[2025-03-17T15:20:45.361+0600] {logging_mixin.py:190} WARNING - /home/shamim/airflow_venv/lib/python3.12/site-packages/airflow/providers/common/sql/operators/sql.py:311 DeprecationWarning: Import of return_single_query_results from the 'airflow.providers.common.sql.hooks' module is deprecated and will
be removed in the future. Please import it from 'airflow.providers.common.sql.hooks.handlers'.
[2025-03-17T15:20:45.372+0600] {taskinstance.py:341} INFO - ::group::Post task execution logs
[2025-03-17T15:20:45.373+0600] {taskinstance.py:353} INFO - Marking task as SUCCESS. dag_id=etl_airflow_rest_api_dag, task_id=create_table, run_id=scheduled__2025-03-11T08:00:00+00:00, execution_date=20250311T080000, start_date=20250317T092044, end_date=20250317T092045
[2025-03-17T15:20:45.398+0600] {logging_mixin.py:190} INFO - Task instance in success state
[2025-03-17T15:20:45.399+0600] {logging_mixin.py:190} INFO -  Previous state of the Task instance: running
[2025-03-17T15:20:45.399+0600] {logging_mixin.py:190} INFO - Dag name:etl_airflow_rest_api_dag queued_at:2025-03-17 09:20:03.881472+00:00
[2025-03-17T15:20:45.400+0600] {logging_mixin.py:190} INFO - Task hostname:shamim-X541UV operator:SQLExecuteQueryOperator
[2025-03-17T15:20:45.431+0600] {local_task_job_runner.py:266} INFO - Task exited with return code 0
[2025-03-17T15:20:45.477+0600] {taskinstance.py:3901} INFO - 1 downstream tasks scheduled from follow-on schedule check
[2025-03-17T15:20:45.482+0600] {local_task_job_runner.py:245} INFO - ::endgroup::
