[2025-03-17T15:12:25.259+0600] {local_task_job_runner.py:123} INFO - ::group::Pre task execution logs
[2025-03-17T15:12:25.273+0600] {taskinstance.py:2614} INFO - Dependencies all met for dep_context=non-requeueable deps ti=<TaskInstance: etl_airflow_rest_api_dag.fetch_task scheduled__2025-03-10T09:00:00+00:00 [queued]>
[2025-03-17T15:12:25.280+0600] {taskinstance.py:2614} INFO - Dependencies all met for dep_context=requeueable deps ti=<TaskInstance: etl_airflow_rest_api_dag.fetch_task scheduled__2025-03-10T09:00:00+00:00 [queued]>
[2025-03-17T15:12:25.280+0600] {taskinstance.py:2867} INFO - Starting attempt 1 of 1
[2025-03-17T15:12:25.299+0600] {taskinstance.py:2890} INFO - Executing <Task(PythonOperator): fetch_task> on 2025-03-10 09:00:00+00:00
[2025-03-17T15:12:25.310+0600] {standard_task_runner.py:104} INFO - Running: ['airflow', 'tasks', 'run', 'etl_airflow_rest_api_dag', 'fetch_task', 'scheduled__2025-03-10T09:00:00+00:00', '--job-id', '24', '--raw', '--subdir', 'DAGS_FOLDER/etl_airflow_rest_api_open_weather_data.py', '--cfg-path', '/tmp/tmp13fqhh46']
[2025-03-17T15:12:25.312+0600] {standard_task_runner.py:105} INFO - Job 24: Subtask fetch_task
[2025-03-17T15:12:25.315+0600] {logging_mixin.py:190} WARNING - /home/shamim/airflow_venv/lib/python3.12/site-packages/airflow/task/task_runner/standard_task_runner.py:70 DeprecationWarning: This process (pid=20629) is multi-threaded, use of fork() may lead to deadlocks in the child.
[2025-03-17T15:12:25.316+0600] {standard_task_runner.py:72} INFO - Started process 20636 to run task
[2025-03-17T15:12:25.374+0600] {task_command.py:467} INFO - Running <TaskInstance: etl_airflow_rest_api_dag.fetch_task scheduled__2025-03-10T09:00:00+00:00 [running]> on host shamim-X541UV
[2025-03-17T15:12:25.450+0600] {taskinstance.py:3134} INFO - Exporting env vars: AIRFLOW_CTX_DAG_OWNER='airflow' AIRFLOW_CTX_DAG_ID='etl_airflow_rest_api_dag' AIRFLOW_CTX_TASK_ID='fetch_task' AIRFLOW_CTX_EXECUTION_DATE='2025-03-10T09:00:00+00:00' AIRFLOW_CTX_TRY_NUMBER='1' AIRFLOW_CTX_DAG_RUN_ID='scheduled__2025-03-10T09:00:00+00:00'
[2025-03-17T15:12:25.452+0600] {logging_mixin.py:190} INFO - Task instance is in running state
[2025-03-17T15:12:25.452+0600] {logging_mixin.py:190} INFO -  Previous state of the Task instance: queued
[2025-03-17T15:12:25.453+0600] {logging_mixin.py:190} INFO - Current task name:fetch_task state:running start_date:2025-03-17 09:12:25.273785+00:00
[2025-03-17T15:12:25.453+0600] {logging_mixin.py:190} INFO - Dag name:etl_airflow_rest_api_dag and current dag run status:running
[2025-03-17T15:12:25.453+0600] {taskinstance.py:732} INFO - ::endgroup::
[2025-03-17T15:12:25.623+0600] {python.py:240} INFO - Done. Returned value was: {'city': 'Dhaka', 'temperature': 32.99, 'humidity': 27}
[2025-03-17T15:12:25.651+0600] {taskinstance.py:341} INFO - ::group::Post task execution logs
[2025-03-17T15:12:25.651+0600] {taskinstance.py:353} INFO - Marking task as SUCCESS. dag_id=etl_airflow_rest_api_dag, task_id=fetch_task, run_id=scheduled__2025-03-10T09:00:00+00:00, execution_date=20250310T090000, start_date=20250317T091225, end_date=20250317T091225
[2025-03-17T15:12:25.668+0600] {logging_mixin.py:190} INFO - Task instance in success state
[2025-03-17T15:12:25.668+0600] {logging_mixin.py:190} INFO -  Previous state of the Task instance: running
[2025-03-17T15:12:25.668+0600] {logging_mixin.py:190} INFO - Dag name:etl_airflow_rest_api_dag queued_at:2025-03-17 09:12:21.032629+00:00
[2025-03-17T15:12:25.669+0600] {logging_mixin.py:190} INFO - Task hostname:shamim-X541UV operator:PythonOperator
[2025-03-17T15:12:25.691+0600] {local_task_job_runner.py:266} INFO - Task exited with return code 0
[2025-03-17T15:12:25.718+0600] {taskinstance.py:3901} INFO - 1 downstream tasks scheduled from follow-on schedule check
[2025-03-17T15:12:25.723+0600] {local_task_job_runner.py:245} INFO - ::endgroup::
