[2025-03-17T15:13:27.634+0600] {local_task_job_runner.py:123} INFO - ::group::Pre task execution logs
[2025-03-17T15:13:27.646+0600] {taskinstance.py:2614} INFO - Dependencies all met for dep_context=non-requeueable deps ti=<TaskInstance: etl_airflow_rest_api_dag.fetch_task scheduled__2025-03-10T13:00:00+00:00 [queued]>
[2025-03-17T15:13:27.653+0600] {taskinstance.py:2614} INFO - Dependencies all met for dep_context=requeueable deps ti=<TaskInstance: etl_airflow_rest_api_dag.fetch_task scheduled__2025-03-10T13:00:00+00:00 [queued]>
[2025-03-17T15:13:27.653+0600] {taskinstance.py:2867} INFO - Starting attempt 1 of 1
[2025-03-17T15:13:27.672+0600] {taskinstance.py:2890} INFO - Executing <Task(PythonOperator): fetch_task> on 2025-03-10 13:00:00+00:00
[2025-03-17T15:13:27.683+0600] {standard_task_runner.py:104} INFO - Running: ['airflow', 'tasks', 'run', 'etl_airflow_rest_api_dag', 'fetch_task', 'scheduled__2025-03-10T13:00:00+00:00', '--job-id', '33', '--raw', '--subdir', 'DAGS_FOLDER/etl_airflow_rest_api_open_weather_data.py', '--cfg-path', '/tmp/tmpt2oyjlxz']
[2025-03-17T15:13:27.685+0600] {standard_task_runner.py:105} INFO - Job 33: Subtask fetch_task
[2025-03-17T15:13:27.689+0600] {logging_mixin.py:190} WARNING - /home/shamim/airflow_venv/lib/python3.12/site-packages/airflow/task/task_runner/standard_task_runner.py:70 DeprecationWarning: This process (pid=20768) is multi-threaded, use of fork() may lead to deadlocks in the child.
[2025-03-17T15:13:27.690+0600] {standard_task_runner.py:72} INFO - Started process 20776 to run task
[2025-03-17T15:13:27.729+0600] {task_command.py:467} INFO - Running <TaskInstance: etl_airflow_rest_api_dag.fetch_task scheduled__2025-03-10T13:00:00+00:00 [running]> on host shamim-X541UV
[2025-03-17T15:13:27.792+0600] {taskinstance.py:3134} INFO - Exporting env vars: AIRFLOW_CTX_DAG_OWNER='airflow' AIRFLOW_CTX_DAG_ID='etl_airflow_rest_api_dag' AIRFLOW_CTX_TASK_ID='fetch_task' AIRFLOW_CTX_EXECUTION_DATE='2025-03-10T13:00:00+00:00' AIRFLOW_CTX_TRY_NUMBER='1' AIRFLOW_CTX_DAG_RUN_ID='scheduled__2025-03-10T13:00:00+00:00'
[2025-03-17T15:13:27.793+0600] {logging_mixin.py:190} INFO - Task instance is in running state
[2025-03-17T15:13:27.794+0600] {logging_mixin.py:190} INFO -  Previous state of the Task instance: queued
[2025-03-17T15:13:27.794+0600] {logging_mixin.py:190} INFO - Current task name:fetch_task state:running start_date:2025-03-17 09:13:27.646552+00:00
[2025-03-17T15:13:27.794+0600] {logging_mixin.py:190} INFO - Dag name:etl_airflow_rest_api_dag and current dag run status:running
[2025-03-17T15:13:27.794+0600] {taskinstance.py:732} INFO - ::endgroup::
[2025-03-17T15:13:28.004+0600] {python.py:240} INFO - Done. Returned value was: {'city': 'Dhaka', 'temperature': 32.99, 'humidity': 27}
[2025-03-17T15:13:28.036+0600] {taskinstance.py:341} INFO - ::group::Post task execution logs
[2025-03-17T15:13:28.037+0600] {taskinstance.py:353} INFO - Marking task as SUCCESS. dag_id=etl_airflow_rest_api_dag, task_id=fetch_task, run_id=scheduled__2025-03-10T13:00:00+00:00, execution_date=20250310T130000, start_date=20250317T091327, end_date=20250317T091328
[2025-03-17T15:13:28.055+0600] {logging_mixin.py:190} INFO - Task instance in success state
[2025-03-17T15:13:28.056+0600] {logging_mixin.py:190} INFO -  Previous state of the Task instance: running
[2025-03-17T15:13:28.056+0600] {logging_mixin.py:190} INFO - Dag name:etl_airflow_rest_api_dag queued_at:2025-03-17 09:13:22.841336+00:00
[2025-03-17T15:13:28.056+0600] {logging_mixin.py:190} INFO - Task hostname:shamim-X541UV operator:PythonOperator
[2025-03-17T15:13:28.106+0600] {local_task_job_runner.py:266} INFO - Task exited with return code 0
[2025-03-17T15:13:28.135+0600] {taskinstance.py:3901} INFO - 1 downstream tasks scheduled from follow-on schedule check
[2025-03-17T15:13:28.140+0600] {local_task_job_runner.py:245} INFO - ::endgroup::
