[2025-03-17T14:59:46.599+0600] {processor.py:186} INFO - Started process (PID=19250) to work on /home/shamim/airflow_venv/lib/python3.12/site-packages/airflow/example_dags/plugins/event_listener.py
[2025-03-17T14:59:46.600+0600] {processor.py:914} INFO - Processing file /home/shamim/airflow_venv/lib/python3.12/site-packages/airflow/example_dags/plugins/event_listener.py for tasks to queue
[2025-03-17T14:59:46.605+0600] {logging_mixin.py:190} INFO - [2025-03-17T14:59:46.604+0600] {dagbag.py:588} INFO - Filling up the DagBag from /home/shamim/airflow_venv/lib/python3.12/site-packages/airflow/example_dags/plugins/event_listener.py
[2025-03-17T14:59:46.610+0600] {processor.py:927} WARNING - No viable dags retrieved from /home/shamim/airflow_venv/lib/python3.12/site-packages/airflow/example_dags/plugins/event_listener.py
[2025-03-17T14:59:46.623+0600] {processor.py:208} INFO - Processing /home/shamim/airflow_venv/lib/python3.12/site-packages/airflow/example_dags/plugins/event_listener.py took 0.038 seconds
[2025-03-17T15:01:02.471+0600] {processor.py:186} INFO - Started process (PID=19408) to work on /home/shamim/airflow_venv/lib/python3.12/site-packages/airflow/example_dags/plugins/event_listener.py
[2025-03-17T15:01:02.478+0600] {processor.py:914} INFO - Processing file /home/shamim/airflow_venv/lib/python3.12/site-packages/airflow/example_dags/plugins/event_listener.py for tasks to queue
[2025-03-17T15:01:02.480+0600] {logging_mixin.py:190} INFO - [2025-03-17T15:01:02.480+0600] {dagbag.py:588} INFO - Filling up the DagBag from /home/shamim/airflow_venv/lib/python3.12/site-packages/airflow/example_dags/plugins/event_listener.py
[2025-03-17T15:01:02.483+0600] {processor.py:927} WARNING - No viable dags retrieved from /home/shamim/airflow_venv/lib/python3.12/site-packages/airflow/example_dags/plugins/event_listener.py
[2025-03-17T15:01:02.495+0600] {processor.py:208} INFO - Processing /home/shamim/airflow_venv/lib/python3.12/site-packages/airflow/example_dags/plugins/event_listener.py took 0.031 seconds
[2025-03-17T15:01:44.455+0600] {processor.py:186} INFO - Started process (PID=19473) to work on /home/shamim/airflow_venv/lib/python3.12/site-packages/airflow/example_dags/plugins/event_listener.py
[2025-03-17T15:01:44.461+0600] {processor.py:914} INFO - Processing file /home/shamim/airflow_venv/lib/python3.12/site-packages/airflow/example_dags/plugins/event_listener.py for tasks to queue
[2025-03-17T15:01:44.464+0600] {logging_mixin.py:190} INFO - [2025-03-17T15:01:44.464+0600] {dagbag.py:588} INFO - Filling up the DagBag from /home/shamim/airflow_venv/lib/python3.12/site-packages/airflow/example_dags/plugins/event_listener.py
[2025-03-17T15:01:44.468+0600] {processor.py:927} WARNING - No viable dags retrieved from /home/shamim/airflow_venv/lib/python3.12/site-packages/airflow/example_dags/plugins/event_listener.py
[2025-03-17T15:01:44.480+0600] {processor.py:208} INFO - Processing /home/shamim/airflow_venv/lib/python3.12/site-packages/airflow/example_dags/plugins/event_listener.py took 0.032 seconds
[2025-03-17T15:02:21.995+0600] {processor.py:186} INFO - Started process (PID=19507) to work on /home/shamim/airflow_venv/lib/python3.12/site-packages/airflow/example_dags/plugins/event_listener.py
[2025-03-17T15:02:22.002+0600] {processor.py:914} INFO - Processing file /home/shamim/airflow_venv/lib/python3.12/site-packages/airflow/example_dags/plugins/event_listener.py for tasks to queue
[2025-03-17T15:02:22.004+0600] {logging_mixin.py:190} INFO - [2025-03-17T15:02:22.004+0600] {dagbag.py:588} INFO - Filling up the DagBag from /home/shamim/airflow_venv/lib/python3.12/site-packages/airflow/example_dags/plugins/event_listener.py
[2025-03-17T15:02:22.007+0600] {processor.py:927} WARNING - No viable dags retrieved from /home/shamim/airflow_venv/lib/python3.12/site-packages/airflow/example_dags/plugins/event_listener.py
[2025-03-17T15:02:22.020+0600] {processor.py:208} INFO - Processing /home/shamim/airflow_venv/lib/python3.12/site-packages/airflow/example_dags/plugins/event_listener.py took 0.033 seconds
[2025-03-17T15:02:56.575+0600] {processor.py:186} INFO - Started process (PID=19599) to work on /home/shamim/airflow_venv/lib/python3.12/site-packages/airflow/example_dags/plugins/event_listener.py
[2025-03-17T15:02:56.581+0600] {processor.py:914} INFO - Processing file /home/shamim/airflow_venv/lib/python3.12/site-packages/airflow/example_dags/plugins/event_listener.py for tasks to queue
[2025-03-17T15:02:56.584+0600] {logging_mixin.py:190} INFO - [2025-03-17T15:02:56.583+0600] {dagbag.py:588} INFO - Filling up the DagBag from /home/shamim/airflow_venv/lib/python3.12/site-packages/airflow/example_dags/plugins/event_listener.py
[2025-03-17T15:02:56.587+0600] {processor.py:927} WARNING - No viable dags retrieved from /home/shamim/airflow_venv/lib/python3.12/site-packages/airflow/example_dags/plugins/event_listener.py
[2025-03-17T15:02:56.598+0600] {processor.py:208} INFO - Processing /home/shamim/airflow_venv/lib/python3.12/site-packages/airflow/example_dags/plugins/event_listener.py took 0.030 seconds
[2025-03-17T15:03:35.330+0600] {processor.py:186} INFO - Started process (PID=19633) to work on /home/shamim/airflow_venv/lib/python3.12/site-packages/airflow/example_dags/plugins/event_listener.py
[2025-03-17T15:03:35.331+0600] {processor.py:914} INFO - Processing file /home/shamim/airflow_venv/lib/python3.12/site-packages/airflow/example_dags/plugins/event_listener.py for tasks to queue
[2025-03-17T15:03:35.334+0600] {logging_mixin.py:190} INFO - [2025-03-17T15:03:35.333+0600] {dagbag.py:588} INFO - Filling up the DagBag from /home/shamim/airflow_venv/lib/python3.12/site-packages/airflow/example_dags/plugins/event_listener.py
[2025-03-17T15:03:35.337+0600] {processor.py:927} WARNING - No viable dags retrieved from /home/shamim/airflow_venv/lib/python3.12/site-packages/airflow/example_dags/plugins/event_listener.py
[2025-03-17T15:03:35.351+0600] {processor.py:208} INFO - Processing /home/shamim/airflow_venv/lib/python3.12/site-packages/airflow/example_dags/plugins/event_listener.py took 0.029 seconds
[2025-03-17T15:04:13.109+0600] {processor.py:186} INFO - Started process (PID=19692) to work on /home/shamim/airflow_venv/lib/python3.12/site-packages/airflow/example_dags/plugins/event_listener.py
[2025-03-17T15:04:13.123+0600] {processor.py:914} INFO - Processing file /home/shamim/airflow_venv/lib/python3.12/site-packages/airflow/example_dags/plugins/event_listener.py for tasks to queue
[2025-03-17T15:04:13.126+0600] {logging_mixin.py:190} INFO - [2025-03-17T15:04:13.126+0600] {dagbag.py:588} INFO - Filling up the DagBag from /home/shamim/airflow_venv/lib/python3.12/site-packages/airflow/example_dags/plugins/event_listener.py
[2025-03-17T15:04:13.130+0600] {processor.py:927} WARNING - No viable dags retrieved from /home/shamim/airflow_venv/lib/python3.12/site-packages/airflow/example_dags/plugins/event_listener.py
[2025-03-17T15:04:13.146+0600] {processor.py:208} INFO - Processing /home/shamim/airflow_venv/lib/python3.12/site-packages/airflow/example_dags/plugins/event_listener.py took 0.046 seconds
[2025-03-17T15:05:29.876+0600] {processor.py:186} INFO - Started process (PID=19741) to work on /home/shamim/airflow_venv/lib/python3.12/site-packages/airflow/example_dags/plugins/event_listener.py
[2025-03-17T15:05:29.882+0600] {processor.py:914} INFO - Processing file /home/shamim/airflow_venv/lib/python3.12/site-packages/airflow/example_dags/plugins/event_listener.py for tasks to queue
[2025-03-17T15:05:29.885+0600] {logging_mixin.py:190} INFO - [2025-03-17T15:05:29.885+0600] {dagbag.py:588} INFO - Filling up the DagBag from /home/shamim/airflow_venv/lib/python3.12/site-packages/airflow/example_dags/plugins/event_listener.py
[2025-03-17T15:05:29.888+0600] {processor.py:927} WARNING - No viable dags retrieved from /home/shamim/airflow_venv/lib/python3.12/site-packages/airflow/example_dags/plugins/event_listener.py
[2025-03-17T15:05:29.901+0600] {processor.py:208} INFO - Processing /home/shamim/airflow_venv/lib/python3.12/site-packages/airflow/example_dags/plugins/event_listener.py took 0.032 seconds
[2025-03-17T15:06:43.316+0600] {processor.py:186} INFO - Started process (PID=19931) to work on /home/shamim/airflow_venv/lib/python3.12/site-packages/airflow/example_dags/plugins/event_listener.py
[2025-03-17T15:06:43.322+0600] {processor.py:914} INFO - Processing file /home/shamim/airflow_venv/lib/python3.12/site-packages/airflow/example_dags/plugins/event_listener.py for tasks to queue
[2025-03-17T15:06:43.326+0600] {logging_mixin.py:190} INFO - [2025-03-17T15:06:43.325+0600] {dagbag.py:588} INFO - Filling up the DagBag from /home/shamim/airflow_venv/lib/python3.12/site-packages/airflow/example_dags/plugins/event_listener.py
[2025-03-17T15:06:43.329+0600] {processor.py:927} WARNING - No viable dags retrieved from /home/shamim/airflow_venv/lib/python3.12/site-packages/airflow/example_dags/plugins/event_listener.py
[2025-03-17T15:06:43.341+0600] {processor.py:208} INFO - Processing /home/shamim/airflow_venv/lib/python3.12/site-packages/airflow/example_dags/plugins/event_listener.py took 0.033 seconds
[2025-03-17T15:07:34.463+0600] {processor.py:186} INFO - Started process (PID=20095) to work on /home/shamim/airflow_venv/lib/python3.12/site-packages/airflow/example_dags/plugins/event_listener.py
[2025-03-17T15:07:34.471+0600] {processor.py:914} INFO - Processing file /home/shamim/airflow_venv/lib/python3.12/site-packages/airflow/example_dags/plugins/event_listener.py for tasks to queue
[2025-03-17T15:07:34.478+0600] {logging_mixin.py:190} INFO - [2025-03-17T15:07:34.477+0600] {dagbag.py:588} INFO - Filling up the DagBag from /home/shamim/airflow_venv/lib/python3.12/site-packages/airflow/example_dags/plugins/event_listener.py
[2025-03-17T15:07:34.486+0600] {processor.py:927} WARNING - No viable dags retrieved from /home/shamim/airflow_venv/lib/python3.12/site-packages/airflow/example_dags/plugins/event_listener.py
[2025-03-17T15:07:34.510+0600] {processor.py:208} INFO - Processing /home/shamim/airflow_venv/lib/python3.12/site-packages/airflow/example_dags/plugins/event_listener.py took 0.060 seconds
[2025-03-17T15:08:18.310+0600] {processor.py:186} INFO - Started process (PID=20173) to work on /home/shamim/airflow_venv/lib/python3.12/site-packages/airflow/example_dags/plugins/event_listener.py
[2025-03-17T15:08:18.325+0600] {processor.py:914} INFO - Processing file /home/shamim/airflow_venv/lib/python3.12/site-packages/airflow/example_dags/plugins/event_listener.py for tasks to queue
[2025-03-17T15:08:18.334+0600] {logging_mixin.py:190} INFO - [2025-03-17T15:08:18.333+0600] {dagbag.py:588} INFO - Filling up the DagBag from /home/shamim/airflow_venv/lib/python3.12/site-packages/airflow/example_dags/plugins/event_listener.py
[2025-03-17T15:08:18.343+0600] {processor.py:927} WARNING - No viable dags retrieved from /home/shamim/airflow_venv/lib/python3.12/site-packages/airflow/example_dags/plugins/event_listener.py
[2025-03-17T15:08:18.377+0600] {processor.py:208} INFO - Processing /home/shamim/airflow_venv/lib/python3.12/site-packages/airflow/example_dags/plugins/event_listener.py took 0.083 seconds
[2025-03-17T15:08:55.223+0600] {processor.py:186} INFO - Started process (PID=20262) to work on /home/shamim/airflow_venv/lib/python3.12/site-packages/airflow/example_dags/plugins/event_listener.py
[2025-03-17T15:08:55.229+0600] {processor.py:914} INFO - Processing file /home/shamim/airflow_venv/lib/python3.12/site-packages/airflow/example_dags/plugins/event_listener.py for tasks to queue
[2025-03-17T15:08:55.232+0600] {logging_mixin.py:190} INFO - [2025-03-17T15:08:55.231+0600] {dagbag.py:588} INFO - Filling up the DagBag from /home/shamim/airflow_venv/lib/python3.12/site-packages/airflow/example_dags/plugins/event_listener.py
[2025-03-17T15:08:55.235+0600] {processor.py:927} WARNING - No viable dags retrieved from /home/shamim/airflow_venv/lib/python3.12/site-packages/airflow/example_dags/plugins/event_listener.py
[2025-03-17T15:08:55.249+0600] {processor.py:208} INFO - Processing /home/shamim/airflow_venv/lib/python3.12/site-packages/airflow/example_dags/plugins/event_listener.py took 0.035 seconds
[2025-03-17T15:09:32.666+0600] {processor.py:186} INFO - Started process (PID=20354) to work on /home/shamim/airflow_venv/lib/python3.12/site-packages/airflow/example_dags/plugins/event_listener.py
[2025-03-17T15:09:32.669+0600] {processor.py:914} INFO - Processing file /home/shamim/airflow_venv/lib/python3.12/site-packages/airflow/example_dags/plugins/event_listener.py for tasks to queue
[2025-03-17T15:09:32.673+0600] {logging_mixin.py:190} INFO - [2025-03-17T15:09:32.672+0600] {dagbag.py:588} INFO - Filling up the DagBag from /home/shamim/airflow_venv/lib/python3.12/site-packages/airflow/example_dags/plugins/event_listener.py
[2025-03-17T15:09:32.676+0600] {processor.py:927} WARNING - No viable dags retrieved from /home/shamim/airflow_venv/lib/python3.12/site-packages/airflow/example_dags/plugins/event_listener.py
[2025-03-17T15:09:32.692+0600] {processor.py:208} INFO - Processing /home/shamim/airflow_venv/lib/python3.12/site-packages/airflow/example_dags/plugins/event_listener.py took 0.043 seconds
[2025-03-17T15:10:46.222+0600] {processor.py:186} INFO - Started process (PID=20473) to work on /home/shamim/airflow_venv/lib/python3.12/site-packages/airflow/example_dags/plugins/event_listener.py
[2025-03-17T15:10:46.223+0600] {processor.py:914} INFO - Processing file /home/shamim/airflow_venv/lib/python3.12/site-packages/airflow/example_dags/plugins/event_listener.py for tasks to queue
[2025-03-17T15:10:46.226+0600] {logging_mixin.py:190} INFO - [2025-03-17T15:10:46.225+0600] {dagbag.py:588} INFO - Filling up the DagBag from /home/shamim/airflow_venv/lib/python3.12/site-packages/airflow/example_dags/plugins/event_listener.py
[2025-03-17T15:10:46.229+0600] {processor.py:927} WARNING - No viable dags retrieved from /home/shamim/airflow_venv/lib/python3.12/site-packages/airflow/example_dags/plugins/event_listener.py
[2025-03-17T15:10:46.243+0600] {processor.py:208} INFO - Processing /home/shamim/airflow_venv/lib/python3.12/site-packages/airflow/example_dags/plugins/event_listener.py took 0.028 seconds
[2025-03-17T15:18:41.223+0600] {processor.py:186} INFO - Started process (PID=21438) to work on /home/shamim/airflow_venv/lib/python3.12/site-packages/airflow/example_dags/plugins/event_listener.py
[2025-03-17T15:18:41.224+0600] {processor.py:914} INFO - Processing file /home/shamim/airflow_venv/lib/python3.12/site-packages/airflow/example_dags/plugins/event_listener.py for tasks to queue
[2025-03-17T15:18:41.227+0600] {logging_mixin.py:190} INFO - [2025-03-17T15:18:41.226+0600] {dagbag.py:588} INFO - Filling up the DagBag from /home/shamim/airflow_venv/lib/python3.12/site-packages/airflow/example_dags/plugins/event_listener.py
[2025-03-17T15:18:41.230+0600] {processor.py:927} WARNING - No viable dags retrieved from /home/shamim/airflow_venv/lib/python3.12/site-packages/airflow/example_dags/plugins/event_listener.py
[2025-03-17T15:18:41.242+0600] {processor.py:208} INFO - Processing /home/shamim/airflow_venv/lib/python3.12/site-packages/airflow/example_dags/plugins/event_listener.py took 0.025 seconds
[2025-03-17T15:27:31.254+0600] {processor.py:186} INFO - Started process (PID=22621) to work on /home/shamim/airflow_venv/lib/python3.12/site-packages/airflow/example_dags/plugins/event_listener.py
[2025-03-17T15:27:31.257+0600] {processor.py:914} INFO - Processing file /home/shamim/airflow_venv/lib/python3.12/site-packages/airflow/example_dags/plugins/event_listener.py for tasks to queue
[2025-03-17T15:27:31.263+0600] {logging_mixin.py:190} INFO - [2025-03-17T15:27:31.262+0600] {dagbag.py:588} INFO - Filling up the DagBag from /home/shamim/airflow_venv/lib/python3.12/site-packages/airflow/example_dags/plugins/event_listener.py
[2025-03-17T15:27:31.269+0600] {processor.py:927} WARNING - No viable dags retrieved from /home/shamim/airflow_venv/lib/python3.12/site-packages/airflow/example_dags/plugins/event_listener.py
[2025-03-17T15:27:31.299+0600] {processor.py:208} INFO - Processing /home/shamim/airflow_venv/lib/python3.12/site-packages/airflow/example_dags/plugins/event_listener.py took 0.060 seconds
[2025-03-17T15:30:54.374+0600] {processor.py:186} INFO - Started process (PID=23144) to work on /home/shamim/airflow_venv/lib/python3.12/site-packages/airflow/example_dags/plugins/event_listener.py
[2025-03-17T15:30:54.376+0600] {processor.py:914} INFO - Processing file /home/shamim/airflow_venv/lib/python3.12/site-packages/airflow/example_dags/plugins/event_listener.py for tasks to queue
[2025-03-17T15:30:54.379+0600] {logging_mixin.py:190} INFO - [2025-03-17T15:30:54.379+0600] {dagbag.py:588} INFO - Filling up the DagBag from /home/shamim/airflow_venv/lib/python3.12/site-packages/airflow/example_dags/plugins/event_listener.py
[2025-03-17T15:30:54.383+0600] {processor.py:927} WARNING - No viable dags retrieved from /home/shamim/airflow_venv/lib/python3.12/site-packages/airflow/example_dags/plugins/event_listener.py
[2025-03-17T15:30:54.400+0600] {processor.py:208} INFO - Processing /home/shamim/airflow_venv/lib/python3.12/site-packages/airflow/example_dags/plugins/event_listener.py took 0.035 seconds
[2025-03-17T15:31:50.430+0600] {processor.py:186} INFO - Started process (PID=23263) to work on /home/shamim/airflow_venv/lib/python3.12/site-packages/airflow/example_dags/plugins/event_listener.py
[2025-03-17T15:31:50.436+0600] {processor.py:914} INFO - Processing file /home/shamim/airflow_venv/lib/python3.12/site-packages/airflow/example_dags/plugins/event_listener.py for tasks to queue
[2025-03-17T15:31:50.439+0600] {logging_mixin.py:190} INFO - [2025-03-17T15:31:50.438+0600] {dagbag.py:588} INFO - Filling up the DagBag from /home/shamim/airflow_venv/lib/python3.12/site-packages/airflow/example_dags/plugins/event_listener.py
[2025-03-17T15:31:50.442+0600] {processor.py:927} WARNING - No viable dags retrieved from /home/shamim/airflow_venv/lib/python3.12/site-packages/airflow/example_dags/plugins/event_listener.py
[2025-03-17T15:31:50.453+0600] {processor.py:208} INFO - Processing /home/shamim/airflow_venv/lib/python3.12/site-packages/airflow/example_dags/plugins/event_listener.py took 0.031 seconds
[2025-03-17T15:32:26.359+0600] {processor.py:186} INFO - Started process (PID=23317) to work on /home/shamim/airflow_venv/lib/python3.12/site-packages/airflow/example_dags/plugins/event_listener.py
[2025-03-17T15:32:26.366+0600] {processor.py:914} INFO - Processing file /home/shamim/airflow_venv/lib/python3.12/site-packages/airflow/example_dags/plugins/event_listener.py for tasks to queue
[2025-03-17T15:32:26.376+0600] {logging_mixin.py:190} INFO - [2025-03-17T15:32:26.375+0600] {dagbag.py:588} INFO - Filling up the DagBag from /home/shamim/airflow_venv/lib/python3.12/site-packages/airflow/example_dags/plugins/event_listener.py
[2025-03-17T15:32:26.386+0600] {processor.py:927} WARNING - No viable dags retrieved from /home/shamim/airflow_venv/lib/python3.12/site-packages/airflow/example_dags/plugins/event_listener.py
[2025-03-17T15:32:26.409+0600] {processor.py:208} INFO - Processing /home/shamim/airflow_venv/lib/python3.12/site-packages/airflow/example_dags/plugins/event_listener.py took 0.065 seconds
[2025-03-17T15:33:18.577+0600] {processor.py:186} INFO - Started process (PID=23423) to work on /home/shamim/airflow_venv/lib/python3.12/site-packages/airflow/example_dags/plugins/event_listener.py
[2025-03-17T15:33:18.584+0600] {processor.py:914} INFO - Processing file /home/shamim/airflow_venv/lib/python3.12/site-packages/airflow/example_dags/plugins/event_listener.py for tasks to queue
[2025-03-17T15:33:18.592+0600] {logging_mixin.py:190} INFO - [2025-03-17T15:33:18.591+0600] {dagbag.py:588} INFO - Filling up the DagBag from /home/shamim/airflow_venv/lib/python3.12/site-packages/airflow/example_dags/plugins/event_listener.py
[2025-03-17T15:33:18.600+0600] {processor.py:927} WARNING - No viable dags retrieved from /home/shamim/airflow_venv/lib/python3.12/site-packages/airflow/example_dags/plugins/event_listener.py
[2025-03-17T15:33:18.633+0600] {processor.py:208} INFO - Processing /home/shamim/airflow_venv/lib/python3.12/site-packages/airflow/example_dags/plugins/event_listener.py took 0.083 seconds
[2025-03-17T15:33:53.655+0600] {processor.py:186} INFO - Started process (PID=23461) to work on /home/shamim/airflow_venv/lib/python3.12/site-packages/airflow/example_dags/plugins/event_listener.py
[2025-03-17T15:33:53.662+0600] {processor.py:914} INFO - Processing file /home/shamim/airflow_venv/lib/python3.12/site-packages/airflow/example_dags/plugins/event_listener.py for tasks to queue
[2025-03-17T15:33:53.665+0600] {logging_mixin.py:190} INFO - [2025-03-17T15:33:53.665+0600] {dagbag.py:588} INFO - Filling up the DagBag from /home/shamim/airflow_venv/lib/python3.12/site-packages/airflow/example_dags/plugins/event_listener.py
[2025-03-17T15:33:53.669+0600] {processor.py:927} WARNING - No viable dags retrieved from /home/shamim/airflow_venv/lib/python3.12/site-packages/airflow/example_dags/plugins/event_listener.py
[2025-03-17T15:33:53.685+0600] {processor.py:208} INFO - Processing /home/shamim/airflow_venv/lib/python3.12/site-packages/airflow/example_dags/plugins/event_listener.py took 0.040 seconds
[2025-03-17T15:34:31.239+0600] {processor.py:186} INFO - Started process (PID=23543) to work on /home/shamim/airflow_venv/lib/python3.12/site-packages/airflow/example_dags/plugins/event_listener.py
[2025-03-17T15:34:31.245+0600] {processor.py:914} INFO - Processing file /home/shamim/airflow_venv/lib/python3.12/site-packages/airflow/example_dags/plugins/event_listener.py for tasks to queue
[2025-03-17T15:34:31.249+0600] {logging_mixin.py:190} INFO - [2025-03-17T15:34:31.248+0600] {dagbag.py:588} INFO - Filling up the DagBag from /home/shamim/airflow_venv/lib/python3.12/site-packages/airflow/example_dags/plugins/event_listener.py
[2025-03-17T15:34:31.254+0600] {processor.py:927} WARNING - No viable dags retrieved from /home/shamim/airflow_venv/lib/python3.12/site-packages/airflow/example_dags/plugins/event_listener.py
[2025-03-17T15:34:31.271+0600] {processor.py:208} INFO - Processing /home/shamim/airflow_venv/lib/python3.12/site-packages/airflow/example_dags/plugins/event_listener.py took 0.043 seconds
[2025-03-17T15:35:26.016+0600] {processor.py:186} INFO - Started process (PID=23643) to work on /home/shamim/airflow_venv/lib/python3.12/site-packages/airflow/example_dags/plugins/event_listener.py
[2025-03-17T15:35:26.017+0600] {processor.py:914} INFO - Processing file /home/shamim/airflow_venv/lib/python3.12/site-packages/airflow/example_dags/plugins/event_listener.py for tasks to queue
[2025-03-17T15:35:26.021+0600] {logging_mixin.py:190} INFO - [2025-03-17T15:35:26.020+0600] {dagbag.py:588} INFO - Filling up the DagBag from /home/shamim/airflow_venv/lib/python3.12/site-packages/airflow/example_dags/plugins/event_listener.py
[2025-03-17T15:35:26.024+0600] {processor.py:927} WARNING - No viable dags retrieved from /home/shamim/airflow_venv/lib/python3.12/site-packages/airflow/example_dags/plugins/event_listener.py
[2025-03-17T15:35:26.036+0600] {processor.py:208} INFO - Processing /home/shamim/airflow_venv/lib/python3.12/site-packages/airflow/example_dags/plugins/event_listener.py took 0.029 seconds
[2025-03-17T15:36:14.208+0600] {processor.py:186} INFO - Started process (PID=23743) to work on /home/shamim/airflow_venv/lib/python3.12/site-packages/airflow/example_dags/plugins/event_listener.py
[2025-03-17T15:36:14.214+0600] {processor.py:914} INFO - Processing file /home/shamim/airflow_venv/lib/python3.12/site-packages/airflow/example_dags/plugins/event_listener.py for tasks to queue
[2025-03-17T15:36:14.218+0600] {logging_mixin.py:190} INFO - [2025-03-17T15:36:14.217+0600] {dagbag.py:588} INFO - Filling up the DagBag from /home/shamim/airflow_venv/lib/python3.12/site-packages/airflow/example_dags/plugins/event_listener.py
[2025-03-17T15:36:14.222+0600] {processor.py:927} WARNING - No viable dags retrieved from /home/shamim/airflow_venv/lib/python3.12/site-packages/airflow/example_dags/plugins/event_listener.py
[2025-03-17T15:36:14.240+0600] {processor.py:208} INFO - Processing /home/shamim/airflow_venv/lib/python3.12/site-packages/airflow/example_dags/plugins/event_listener.py took 0.046 seconds
[2025-03-17T15:37:10.054+0600] {processor.py:186} INFO - Started process (PID=23850) to work on /home/shamim/airflow_venv/lib/python3.12/site-packages/airflow/example_dags/plugins/event_listener.py
[2025-03-17T15:37:10.061+0600] {processor.py:914} INFO - Processing file /home/shamim/airflow_venv/lib/python3.12/site-packages/airflow/example_dags/plugins/event_listener.py for tasks to queue
[2025-03-17T15:37:10.063+0600] {logging_mixin.py:190} INFO - [2025-03-17T15:37:10.063+0600] {dagbag.py:588} INFO - Filling up the DagBag from /home/shamim/airflow_venv/lib/python3.12/site-packages/airflow/example_dags/plugins/event_listener.py
[2025-03-17T15:37:10.067+0600] {processor.py:927} WARNING - No viable dags retrieved from /home/shamim/airflow_venv/lib/python3.12/site-packages/airflow/example_dags/plugins/event_listener.py
[2025-03-17T15:37:10.079+0600] {processor.py:208} INFO - Processing /home/shamim/airflow_venv/lib/python3.12/site-packages/airflow/example_dags/plugins/event_listener.py took 0.032 seconds
[2025-03-17T15:38:39.718+0600] {processor.py:186} INFO - Started process (PID=24064) to work on /home/shamim/airflow_venv/lib/python3.12/site-packages/airflow/example_dags/plugins/event_listener.py
[2025-03-17T15:38:39.732+0600] {processor.py:914} INFO - Processing file /home/shamim/airflow_venv/lib/python3.12/site-packages/airflow/example_dags/plugins/event_listener.py for tasks to queue
[2025-03-17T15:38:39.735+0600] {logging_mixin.py:190} INFO - [2025-03-17T15:38:39.735+0600] {dagbag.py:588} INFO - Filling up the DagBag from /home/shamim/airflow_venv/lib/python3.12/site-packages/airflow/example_dags/plugins/event_listener.py
[2025-03-17T15:38:39.739+0600] {processor.py:927} WARNING - No viable dags retrieved from /home/shamim/airflow_venv/lib/python3.12/site-packages/airflow/example_dags/plugins/event_listener.py
[2025-03-17T15:38:39.750+0600] {processor.py:208} INFO - Processing /home/shamim/airflow_venv/lib/python3.12/site-packages/airflow/example_dags/plugins/event_listener.py took 0.040 seconds
