[2025-03-17T14:59:45.390+0600] {processor.py:186} INFO - Started process (PID=19249) to work on /home/shamim/airflow_venv/lib/python3.12/site-packages/airflow/example_dags/plugins/workday.py
[2025-03-17T14:59:45.392+0600] {processor.py:914} INFO - Processing file /home/shamim/airflow_venv/lib/python3.12/site-packages/airflow/example_dags/plugins/workday.py for tasks to queue
[2025-03-17T14:59:45.394+0600] {logging_mixin.py:190} INFO - [2025-03-17T14:59:45.394+0600] {dagbag.py:588} INFO - Filling up the DagBag from /home/shamim/airflow_venv/lib/python3.12/site-packages/airflow/example_dags/plugins/workday.py
[2025-03-17T14:59:45.397+0600] {processor.py:927} WARNING - No viable dags retrieved from /home/shamim/airflow_venv/lib/python3.12/site-packages/airflow/example_dags/plugins/workday.py
[2025-03-17T14:59:45.409+0600] {processor.py:208} INFO - Processing /home/shamim/airflow_venv/lib/python3.12/site-packages/airflow/example_dags/plugins/workday.py took 0.025 seconds
[2025-03-17T15:01:01.287+0600] {processor.py:186} INFO - Started process (PID=19407) to work on /home/shamim/airflow_venv/lib/python3.12/site-packages/airflow/example_dags/plugins/workday.py
[2025-03-17T15:01:01.293+0600] {processor.py:914} INFO - Processing file /home/shamim/airflow_venv/lib/python3.12/site-packages/airflow/example_dags/plugins/workday.py for tasks to queue
[2025-03-17T15:01:01.295+0600] {logging_mixin.py:190} INFO - [2025-03-17T15:01:01.295+0600] {dagbag.py:588} INFO - Filling up the DagBag from /home/shamim/airflow_venv/lib/python3.12/site-packages/airflow/example_dags/plugins/workday.py
[2025-03-17T15:01:01.298+0600] {processor.py:927} WARNING - No viable dags retrieved from /home/shamim/airflow_venv/lib/python3.12/site-packages/airflow/example_dags/plugins/workday.py
[2025-03-17T15:01:01.311+0600] {processor.py:208} INFO - Processing /home/shamim/airflow_venv/lib/python3.12/site-packages/airflow/example_dags/plugins/workday.py took 0.031 seconds
[2025-03-17T15:01:43.297+0600] {processor.py:186} INFO - Started process (PID=19472) to work on /home/shamim/airflow_venv/lib/python3.12/site-packages/airflow/example_dags/plugins/workday.py
[2025-03-17T15:01:43.305+0600] {processor.py:914} INFO - Processing file /home/shamim/airflow_venv/lib/python3.12/site-packages/airflow/example_dags/plugins/workday.py for tasks to queue
[2025-03-17T15:01:43.308+0600] {logging_mixin.py:190} INFO - [2025-03-17T15:01:43.308+0600] {dagbag.py:588} INFO - Filling up the DagBag from /home/shamim/airflow_venv/lib/python3.12/site-packages/airflow/example_dags/plugins/workday.py
[2025-03-17T15:01:43.312+0600] {processor.py:927} WARNING - No viable dags retrieved from /home/shamim/airflow_venv/lib/python3.12/site-packages/airflow/example_dags/plugins/workday.py
[2025-03-17T15:01:43.329+0600] {processor.py:208} INFO - Processing /home/shamim/airflow_venv/lib/python3.12/site-packages/airflow/example_dags/plugins/workday.py took 0.041 seconds
[2025-03-17T15:02:20.803+0600] {processor.py:186} INFO - Started process (PID=19506) to work on /home/shamim/airflow_venv/lib/python3.12/site-packages/airflow/example_dags/plugins/workday.py
[2025-03-17T15:02:20.809+0600] {processor.py:914} INFO - Processing file /home/shamim/airflow_venv/lib/python3.12/site-packages/airflow/example_dags/plugins/workday.py for tasks to queue
[2025-03-17T15:02:20.813+0600] {logging_mixin.py:190} INFO - [2025-03-17T15:02:20.812+0600] {dagbag.py:588} INFO - Filling up the DagBag from /home/shamim/airflow_venv/lib/python3.12/site-packages/airflow/example_dags/plugins/workday.py
[2025-03-17T15:02:20.817+0600] {processor.py:927} WARNING - No viable dags retrieved from /home/shamim/airflow_venv/lib/python3.12/site-packages/airflow/example_dags/plugins/workday.py
[2025-03-17T15:02:20.832+0600] {processor.py:208} INFO - Processing /home/shamim/airflow_venv/lib/python3.12/site-packages/airflow/example_dags/plugins/workday.py took 0.037 seconds
[2025-03-17T15:02:55.387+0600] {processor.py:186} INFO - Started process (PID=19598) to work on /home/shamim/airflow_venv/lib/python3.12/site-packages/airflow/example_dags/plugins/workday.py
[2025-03-17T15:02:55.413+0600] {processor.py:914} INFO - Processing file /home/shamim/airflow_venv/lib/python3.12/site-packages/airflow/example_dags/plugins/workday.py for tasks to queue
[2025-03-17T15:02:55.416+0600] {logging_mixin.py:190} INFO - [2025-03-17T15:02:55.415+0600] {dagbag.py:588} INFO - Filling up the DagBag from /home/shamim/airflow_venv/lib/python3.12/site-packages/airflow/example_dags/plugins/workday.py
[2025-03-17T15:02:55.419+0600] {processor.py:927} WARNING - No viable dags retrieved from /home/shamim/airflow_venv/lib/python3.12/site-packages/airflow/example_dags/plugins/workday.py
[2025-03-17T15:02:55.433+0600] {processor.py:208} INFO - Processing /home/shamim/airflow_venv/lib/python3.12/site-packages/airflow/example_dags/plugins/workday.py took 0.054 seconds
[2025-03-17T15:03:34.158+0600] {processor.py:186} INFO - Started process (PID=19632) to work on /home/shamim/airflow_venv/lib/python3.12/site-packages/airflow/example_dags/plugins/workday.py
[2025-03-17T15:03:34.171+0600] {processor.py:914} INFO - Processing file /home/shamim/airflow_venv/lib/python3.12/site-packages/airflow/example_dags/plugins/workday.py for tasks to queue
[2025-03-17T15:03:34.174+0600] {logging_mixin.py:190} INFO - [2025-03-17T15:03:34.174+0600] {dagbag.py:588} INFO - Filling up the DagBag from /home/shamim/airflow_venv/lib/python3.12/site-packages/airflow/example_dags/plugins/workday.py
[2025-03-17T15:03:34.177+0600] {processor.py:927} WARNING - No viable dags retrieved from /home/shamim/airflow_venv/lib/python3.12/site-packages/airflow/example_dags/plugins/workday.py
[2025-03-17T15:03:34.188+0600] {processor.py:208} INFO - Processing /home/shamim/airflow_venv/lib/python3.12/site-packages/airflow/example_dags/plugins/workday.py took 0.037 seconds
[2025-03-17T15:04:11.920+0600] {processor.py:186} INFO - Started process (PID=19691) to work on /home/shamim/airflow_venv/lib/python3.12/site-packages/airflow/example_dags/plugins/workday.py
[2025-03-17T15:04:11.927+0600] {processor.py:914} INFO - Processing file /home/shamim/airflow_venv/lib/python3.12/site-packages/airflow/example_dags/plugins/workday.py for tasks to queue
[2025-03-17T15:04:11.929+0600] {logging_mixin.py:190} INFO - [2025-03-17T15:04:11.929+0600] {dagbag.py:588} INFO - Filling up the DagBag from /home/shamim/airflow_venv/lib/python3.12/site-packages/airflow/example_dags/plugins/workday.py
[2025-03-17T15:04:11.933+0600] {processor.py:927} WARNING - No viable dags retrieved from /home/shamim/airflow_venv/lib/python3.12/site-packages/airflow/example_dags/plugins/workday.py
[2025-03-17T15:04:11.945+0600] {processor.py:208} INFO - Processing /home/shamim/airflow_venv/lib/python3.12/site-packages/airflow/example_dags/plugins/workday.py took 0.032 seconds
[2025-03-17T15:05:28.687+0600] {processor.py:186} INFO - Started process (PID=19740) to work on /home/shamim/airflow_venv/lib/python3.12/site-packages/airflow/example_dags/plugins/workday.py
[2025-03-17T15:05:28.694+0600] {processor.py:914} INFO - Processing file /home/shamim/airflow_venv/lib/python3.12/site-packages/airflow/example_dags/plugins/workday.py for tasks to queue
[2025-03-17T15:05:28.701+0600] {logging_mixin.py:190} INFO - [2025-03-17T15:05:28.700+0600] {dagbag.py:588} INFO - Filling up the DagBag from /home/shamim/airflow_venv/lib/python3.12/site-packages/airflow/example_dags/plugins/workday.py
[2025-03-17T15:05:28.709+0600] {processor.py:927} WARNING - No viable dags retrieved from /home/shamim/airflow_venv/lib/python3.12/site-packages/airflow/example_dags/plugins/workday.py
[2025-03-17T15:05:28.726+0600] {processor.py:208} INFO - Processing /home/shamim/airflow_venv/lib/python3.12/site-packages/airflow/example_dags/plugins/workday.py took 0.046 seconds
[2025-03-17T15:06:42.686+0600] {processor.py:186} INFO - Started process (PID=19930) to work on /home/shamim/airflow_venv/lib/python3.12/site-packages/airflow/example_dags/plugins/workday.py
[2025-03-17T15:06:42.693+0600] {processor.py:914} INFO - Processing file /home/shamim/airflow_venv/lib/python3.12/site-packages/airflow/example_dags/plugins/workday.py for tasks to queue
[2025-03-17T15:06:42.695+0600] {logging_mixin.py:190} INFO - [2025-03-17T15:06:42.695+0600] {dagbag.py:588} INFO - Filling up the DagBag from /home/shamim/airflow_venv/lib/python3.12/site-packages/airflow/example_dags/plugins/workday.py
[2025-03-17T15:06:42.699+0600] {processor.py:927} WARNING - No viable dags retrieved from /home/shamim/airflow_venv/lib/python3.12/site-packages/airflow/example_dags/plugins/workday.py
[2025-03-17T15:06:42.713+0600] {processor.py:208} INFO - Processing /home/shamim/airflow_venv/lib/python3.12/site-packages/airflow/example_dags/plugins/workday.py took 0.035 seconds
[2025-03-17T15:07:33.152+0600] {processor.py:186} INFO - Started process (PID=20094) to work on /home/shamim/airflow_venv/lib/python3.12/site-packages/airflow/example_dags/plugins/workday.py
[2025-03-17T15:07:33.169+0600] {processor.py:914} INFO - Processing file /home/shamim/airflow_venv/lib/python3.12/site-packages/airflow/example_dags/plugins/workday.py for tasks to queue
[2025-03-17T15:07:33.183+0600] {logging_mixin.py:190} INFO - [2025-03-17T15:07:33.176+0600] {dagbag.py:588} INFO - Filling up the DagBag from /home/shamim/airflow_venv/lib/python3.12/site-packages/airflow/example_dags/plugins/workday.py
[2025-03-17T15:07:33.204+0600] {processor.py:927} WARNING - No viable dags retrieved from /home/shamim/airflow_venv/lib/python3.12/site-packages/airflow/example_dags/plugins/workday.py
[2025-03-17T15:07:33.238+0600] {processor.py:208} INFO - Processing /home/shamim/airflow_venv/lib/python3.12/site-packages/airflow/example_dags/plugins/workday.py took 0.097 seconds
[2025-03-17T15:08:17.120+0600] {processor.py:186} INFO - Started process (PID=20172) to work on /home/shamim/airflow_venv/lib/python3.12/site-packages/airflow/example_dags/plugins/workday.py
[2025-03-17T15:08:17.127+0600] {processor.py:914} INFO - Processing file /home/shamim/airflow_venv/lib/python3.12/site-packages/airflow/example_dags/plugins/workday.py for tasks to queue
[2025-03-17T15:08:17.129+0600] {logging_mixin.py:190} INFO - [2025-03-17T15:08:17.129+0600] {dagbag.py:588} INFO - Filling up the DagBag from /home/shamim/airflow_venv/lib/python3.12/site-packages/airflow/example_dags/plugins/workday.py
[2025-03-17T15:08:17.132+0600] {processor.py:927} WARNING - No viable dags retrieved from /home/shamim/airflow_venv/lib/python3.12/site-packages/airflow/example_dags/plugins/workday.py
[2025-03-17T15:08:17.146+0600] {processor.py:208} INFO - Processing /home/shamim/airflow_venv/lib/python3.12/site-packages/airflow/example_dags/plugins/workday.py took 0.033 seconds
[2025-03-17T15:08:54.062+0600] {processor.py:186} INFO - Started process (PID=20261) to work on /home/shamim/airflow_venv/lib/python3.12/site-packages/airflow/example_dags/plugins/workday.py
[2025-03-17T15:08:54.087+0600] {processor.py:914} INFO - Processing file /home/shamim/airflow_venv/lib/python3.12/site-packages/airflow/example_dags/plugins/workday.py for tasks to queue
[2025-03-17T15:08:54.091+0600] {logging_mixin.py:190} INFO - [2025-03-17T15:08:54.090+0600] {dagbag.py:588} INFO - Filling up the DagBag from /home/shamim/airflow_venv/lib/python3.12/site-packages/airflow/example_dags/plugins/workday.py
[2025-03-17T15:08:54.097+0600] {processor.py:927} WARNING - No viable dags retrieved from /home/shamim/airflow_venv/lib/python3.12/site-packages/airflow/example_dags/plugins/workday.py
[2025-03-17T15:08:54.114+0600] {processor.py:208} INFO - Processing /home/shamim/airflow_venv/lib/python3.12/site-packages/airflow/example_dags/plugins/workday.py took 0.059 seconds
[2025-03-17T15:09:31.470+0600] {processor.py:186} INFO - Started process (PID=20353) to work on /home/shamim/airflow_venv/lib/python3.12/site-packages/airflow/example_dags/plugins/workday.py
[2025-03-17T15:09:31.472+0600] {processor.py:914} INFO - Processing file /home/shamim/airflow_venv/lib/python3.12/site-packages/airflow/example_dags/plugins/workday.py for tasks to queue
[2025-03-17T15:09:31.476+0600] {logging_mixin.py:190} INFO - [2025-03-17T15:09:31.475+0600] {dagbag.py:588} INFO - Filling up the DagBag from /home/shamim/airflow_venv/lib/python3.12/site-packages/airflow/example_dags/plugins/workday.py
[2025-03-17T15:09:31.479+0600] {processor.py:927} WARNING - No viable dags retrieved from /home/shamim/airflow_venv/lib/python3.12/site-packages/airflow/example_dags/plugins/workday.py
[2025-03-17T15:09:31.493+0600] {processor.py:208} INFO - Processing /home/shamim/airflow_venv/lib/python3.12/site-packages/airflow/example_dags/plugins/workday.py took 0.033 seconds
[2025-03-17T15:10:33.875+0600] {processor.py:186} INFO - Started process (PID=20452) to work on /home/shamim/airflow_venv/lib/python3.12/site-packages/airflow/example_dags/plugins/workday.py
[2025-03-17T15:10:33.889+0600] {processor.py:914} INFO - Processing file /home/shamim/airflow_venv/lib/python3.12/site-packages/airflow/example_dags/plugins/workday.py for tasks to queue
[2025-03-17T15:10:33.891+0600] {logging_mixin.py:190} INFO - [2025-03-17T15:10:33.891+0600] {dagbag.py:588} INFO - Filling up the DagBag from /home/shamim/airflow_venv/lib/python3.12/site-packages/airflow/example_dags/plugins/workday.py
[2025-03-17T15:10:33.895+0600] {processor.py:927} WARNING - No viable dags retrieved from /home/shamim/airflow_venv/lib/python3.12/site-packages/airflow/example_dags/plugins/workday.py
[2025-03-17T15:10:33.907+0600] {processor.py:208} INFO - Processing /home/shamim/airflow_venv/lib/python3.12/site-packages/airflow/example_dags/plugins/workday.py took 0.039 seconds
[2025-03-17T15:18:35.563+0600] {processor.py:186} INFO - Started process (PID=21426) to work on /home/shamim/airflow_venv/lib/python3.12/site-packages/airflow/example_dags/plugins/workday.py
[2025-03-17T15:18:35.564+0600] {processor.py:914} INFO - Processing file /home/shamim/airflow_venv/lib/python3.12/site-packages/airflow/example_dags/plugins/workday.py for tasks to queue
[2025-03-17T15:18:35.567+0600] {logging_mixin.py:190} INFO - [2025-03-17T15:18:35.566+0600] {dagbag.py:588} INFO - Filling up the DagBag from /home/shamim/airflow_venv/lib/python3.12/site-packages/airflow/example_dags/plugins/workday.py
[2025-03-17T15:18:35.570+0600] {processor.py:927} WARNING - No viable dags retrieved from /home/shamim/airflow_venv/lib/python3.12/site-packages/airflow/example_dags/plugins/workday.py
[2025-03-17T15:18:35.584+0600] {processor.py:208} INFO - Processing /home/shamim/airflow_venv/lib/python3.12/site-packages/airflow/example_dags/plugins/workday.py took 0.030 seconds
[2025-03-17T15:27:30.028+0600] {processor.py:186} INFO - Started process (PID=22620) to work on /home/shamim/airflow_venv/lib/python3.12/site-packages/airflow/example_dags/plugins/workday.py
[2025-03-17T15:27:30.032+0600] {processor.py:914} INFO - Processing file /home/shamim/airflow_venv/lib/python3.12/site-packages/airflow/example_dags/plugins/workday.py for tasks to queue
[2025-03-17T15:27:30.037+0600] {logging_mixin.py:190} INFO - [2025-03-17T15:27:30.036+0600] {dagbag.py:588} INFO - Filling up the DagBag from /home/shamim/airflow_venv/lib/python3.12/site-packages/airflow/example_dags/plugins/workday.py
[2025-03-17T15:27:30.043+0600] {processor.py:927} WARNING - No viable dags retrieved from /home/shamim/airflow_venv/lib/python3.12/site-packages/airflow/example_dags/plugins/workday.py
[2025-03-17T15:27:30.066+0600] {processor.py:208} INFO - Processing /home/shamim/airflow_venv/lib/python3.12/site-packages/airflow/example_dags/plugins/workday.py took 0.053 seconds
[2025-03-17T15:30:53.161+0600] {processor.py:186} INFO - Started process (PID=23143) to work on /home/shamim/airflow_venv/lib/python3.12/site-packages/airflow/example_dags/plugins/workday.py
[2025-03-17T15:30:53.162+0600] {processor.py:914} INFO - Processing file /home/shamim/airflow_venv/lib/python3.12/site-packages/airflow/example_dags/plugins/workday.py for tasks to queue
[2025-03-17T15:30:53.165+0600] {logging_mixin.py:190} INFO - [2025-03-17T15:30:53.165+0600] {dagbag.py:588} INFO - Filling up the DagBag from /home/shamim/airflow_venv/lib/python3.12/site-packages/airflow/example_dags/plugins/workday.py
[2025-03-17T15:30:53.169+0600] {processor.py:927} WARNING - No viable dags retrieved from /home/shamim/airflow_venv/lib/python3.12/site-packages/airflow/example_dags/plugins/workday.py
[2025-03-17T15:30:53.184+0600] {processor.py:208} INFO - Processing /home/shamim/airflow_venv/lib/python3.12/site-packages/airflow/example_dags/plugins/workday.py took 0.033 seconds
[2025-03-17T15:31:49.700+0600] {processor.py:186} INFO - Started process (PID=23257) to work on /home/shamim/airflow_venv/lib/python3.12/site-packages/airflow/example_dags/plugins/workday.py
[2025-03-17T15:31:49.706+0600] {processor.py:914} INFO - Processing file /home/shamim/airflow_venv/lib/python3.12/site-packages/airflow/example_dags/plugins/workday.py for tasks to queue
[2025-03-17T15:31:49.709+0600] {logging_mixin.py:190} INFO - [2025-03-17T15:31:49.708+0600] {dagbag.py:588} INFO - Filling up the DagBag from /home/shamim/airflow_venv/lib/python3.12/site-packages/airflow/example_dags/plugins/workday.py
[2025-03-17T15:31:49.713+0600] {processor.py:927} WARNING - No viable dags retrieved from /home/shamim/airflow_venv/lib/python3.12/site-packages/airflow/example_dags/plugins/workday.py
[2025-03-17T15:31:49.724+0600] {processor.py:208} INFO - Processing /home/shamim/airflow_venv/lib/python3.12/site-packages/airflow/example_dags/plugins/workday.py took 0.031 seconds
[2025-03-17T15:32:25.183+0600] {processor.py:186} INFO - Started process (PID=23316) to work on /home/shamim/airflow_venv/lib/python3.12/site-packages/airflow/example_dags/plugins/workday.py
[2025-03-17T15:32:25.184+0600] {processor.py:914} INFO - Processing file /home/shamim/airflow_venv/lib/python3.12/site-packages/airflow/example_dags/plugins/workday.py for tasks to queue
[2025-03-17T15:32:25.187+0600] {logging_mixin.py:190} INFO - [2025-03-17T15:32:25.187+0600] {dagbag.py:588} INFO - Filling up the DagBag from /home/shamim/airflow_venv/lib/python3.12/site-packages/airflow/example_dags/plugins/workday.py
[2025-03-17T15:32:25.191+0600] {processor.py:927} WARNING - No viable dags retrieved from /home/shamim/airflow_venv/lib/python3.12/site-packages/airflow/example_dags/plugins/workday.py
[2025-03-17T15:32:25.210+0600] {processor.py:208} INFO - Processing /home/shamim/airflow_venv/lib/python3.12/site-packages/airflow/example_dags/plugins/workday.py took 0.038 seconds
[2025-03-17T15:33:17.379+0600] {processor.py:186} INFO - Started process (PID=23422) to work on /home/shamim/airflow_venv/lib/python3.12/site-packages/airflow/example_dags/plugins/workday.py
[2025-03-17T15:33:17.386+0600] {processor.py:914} INFO - Processing file /home/shamim/airflow_venv/lib/python3.12/site-packages/airflow/example_dags/plugins/workday.py for tasks to queue
[2025-03-17T15:33:17.389+0600] {logging_mixin.py:190} INFO - [2025-03-17T15:33:17.388+0600] {dagbag.py:588} INFO - Filling up the DagBag from /home/shamim/airflow_venv/lib/python3.12/site-packages/airflow/example_dags/plugins/workday.py
[2025-03-17T15:33:17.394+0600] {processor.py:927} WARNING - No viable dags retrieved from /home/shamim/airflow_venv/lib/python3.12/site-packages/airflow/example_dags/plugins/workday.py
[2025-03-17T15:33:17.408+0600] {processor.py:208} INFO - Processing /home/shamim/airflow_venv/lib/python3.12/site-packages/airflow/example_dags/plugins/workday.py took 0.042 seconds
[2025-03-17T15:33:52.084+0600] {processor.py:186} INFO - Started process (PID=23460) to work on /home/shamim/airflow_venv/lib/python3.12/site-packages/airflow/example_dags/plugins/workday.py
[2025-03-17T15:33:52.957+0600] {processor.py:914} INFO - Processing file /home/shamim/airflow_venv/lib/python3.12/site-packages/airflow/example_dags/plugins/workday.py for tasks to queue
[2025-03-17T15:33:52.960+0600] {logging_mixin.py:190} INFO - [2025-03-17T15:33:52.959+0600] {dagbag.py:588} INFO - Filling up the DagBag from /home/shamim/airflow_venv/lib/python3.12/site-packages/airflow/example_dags/plugins/workday.py
[2025-03-17T15:33:52.963+0600] {processor.py:927} WARNING - No viable dags retrieved from /home/shamim/airflow_venv/lib/python3.12/site-packages/airflow/example_dags/plugins/workday.py
[2025-03-17T15:33:52.977+0600] {processor.py:208} INFO - Processing /home/shamim/airflow_venv/lib/python3.12/site-packages/airflow/example_dags/plugins/workday.py took 0.900 seconds
[2025-03-17T15:34:30.090+0600] {processor.py:186} INFO - Started process (PID=23536) to work on /home/shamim/airflow_venv/lib/python3.12/site-packages/airflow/example_dags/plugins/workday.py
[2025-03-17T15:34:30.096+0600] {processor.py:914} INFO - Processing file /home/shamim/airflow_venv/lib/python3.12/site-packages/airflow/example_dags/plugins/workday.py for tasks to queue
[2025-03-17T15:34:30.099+0600] {logging_mixin.py:190} INFO - [2025-03-17T15:34:30.099+0600] {dagbag.py:588} INFO - Filling up the DagBag from /home/shamim/airflow_venv/lib/python3.12/site-packages/airflow/example_dags/plugins/workday.py
[2025-03-17T15:34:30.105+0600] {processor.py:927} WARNING - No viable dags retrieved from /home/shamim/airflow_venv/lib/python3.12/site-packages/airflow/example_dags/plugins/workday.py
[2025-03-17T15:34:30.121+0600] {processor.py:208} INFO - Processing /home/shamim/airflow_venv/lib/python3.12/site-packages/airflow/example_dags/plugins/workday.py took 0.044 seconds
[2025-03-17T15:35:25.707+0600] {processor.py:186} INFO - Started process (PID=23642) to work on /home/shamim/airflow_venv/lib/python3.12/site-packages/airflow/example_dags/plugins/workday.py
[2025-03-17T15:35:25.714+0600] {processor.py:914} INFO - Processing file /home/shamim/airflow_venv/lib/python3.12/site-packages/airflow/example_dags/plugins/workday.py for tasks to queue
[2025-03-17T15:35:25.719+0600] {logging_mixin.py:190} INFO - [2025-03-17T15:35:25.718+0600] {dagbag.py:588} INFO - Filling up the DagBag from /home/shamim/airflow_venv/lib/python3.12/site-packages/airflow/example_dags/plugins/workday.py
[2025-03-17T15:35:25.724+0600] {processor.py:927} WARNING - No viable dags retrieved from /home/shamim/airflow_venv/lib/python3.12/site-packages/airflow/example_dags/plugins/workday.py
[2025-03-17T15:35:25.743+0600] {processor.py:208} INFO - Processing /home/shamim/airflow_venv/lib/python3.12/site-packages/airflow/example_dags/plugins/workday.py took 0.047 seconds
[2025-03-17T15:36:13.871+0600] {processor.py:186} INFO - Started process (PID=23742) to work on /home/shamim/airflow_venv/lib/python3.12/site-packages/airflow/example_dags/plugins/workday.py
[2025-03-17T15:36:13.877+0600] {processor.py:914} INFO - Processing file /home/shamim/airflow_venv/lib/python3.12/site-packages/airflow/example_dags/plugins/workday.py for tasks to queue
[2025-03-17T15:36:13.880+0600] {logging_mixin.py:190} INFO - [2025-03-17T15:36:13.880+0600] {dagbag.py:588} INFO - Filling up the DagBag from /home/shamim/airflow_venv/lib/python3.12/site-packages/airflow/example_dags/plugins/workday.py
[2025-03-17T15:36:13.884+0600] {processor.py:927} WARNING - No viable dags retrieved from /home/shamim/airflow_venv/lib/python3.12/site-packages/airflow/example_dags/plugins/workday.py
[2025-03-17T15:36:13.895+0600] {processor.py:208} INFO - Processing /home/shamim/airflow_venv/lib/python3.12/site-packages/airflow/example_dags/plugins/workday.py took 0.031 seconds
[2025-03-17T15:37:07.977+0600] {processor.py:186} INFO - Started process (PID=23849) to work on /home/shamim/airflow_venv/lib/python3.12/site-packages/airflow/example_dags/plugins/workday.py
[2025-03-17T15:37:07.983+0600] {processor.py:914} INFO - Processing file /home/shamim/airflow_venv/lib/python3.12/site-packages/airflow/example_dags/plugins/workday.py for tasks to queue
[2025-03-17T15:37:07.986+0600] {logging_mixin.py:190} INFO - [2025-03-17T15:37:07.986+0600] {dagbag.py:588} INFO - Filling up the DagBag from /home/shamim/airflow_venv/lib/python3.12/site-packages/airflow/example_dags/plugins/workday.py
[2025-03-17T15:37:07.990+0600] {processor.py:927} WARNING - No viable dags retrieved from /home/shamim/airflow_venv/lib/python3.12/site-packages/airflow/example_dags/plugins/workday.py
[2025-03-17T15:37:08.001+0600] {processor.py:208} INFO - Processing /home/shamim/airflow_venv/lib/python3.12/site-packages/airflow/example_dags/plugins/workday.py took 0.032 seconds
[2025-03-17T15:38:22.950+0600] {processor.py:186} INFO - Started process (PID=24021) to work on /home/shamim/airflow_venv/lib/python3.12/site-packages/airflow/example_dags/plugins/workday.py
[2025-03-17T15:38:22.951+0600] {processor.py:914} INFO - Processing file /home/shamim/airflow_venv/lib/python3.12/site-packages/airflow/example_dags/plugins/workday.py for tasks to queue
[2025-03-17T15:38:22.954+0600] {logging_mixin.py:190} INFO - [2025-03-17T15:38:22.953+0600] {dagbag.py:588} INFO - Filling up the DagBag from /home/shamim/airflow_venv/lib/python3.12/site-packages/airflow/example_dags/plugins/workday.py
[2025-03-17T15:38:22.957+0600] {processor.py:927} WARNING - No viable dags retrieved from /home/shamim/airflow_venv/lib/python3.12/site-packages/airflow/example_dags/plugins/workday.py
[2025-03-17T15:38:22.969+0600] {processor.py:208} INFO - Processing /home/shamim/airflow_venv/lib/python3.12/site-packages/airflow/example_dags/plugins/workday.py took 0.027 seconds
