[2025-03-17T15:12:08.349+0600] {local_task_job_runner.py:123} INFO - ::group::Pre task execution logs
[2025-03-17T15:12:08.365+0600] {taskinstance.py:2614} INFO - Dependencies all met for dep_context=non-requeueable deps ti=<TaskInstance: etl_airflow_rest_api_dag.fetch_task scheduled__2025-03-10T07:00:00+00:00 [queued]>
[2025-03-17T15:12:08.377+0600] {taskinstance.py:2614} INFO - Dependencies all met for dep_context=requeueable deps ti=<TaskInstance: etl_airflow_rest_api_dag.fetch_task scheduled__2025-03-10T07:00:00+00:00 [queued]>
[2025-03-17T15:12:08.377+0600] {taskinstance.py:2867} INFO - Starting attempt 1 of 1
[2025-03-17T15:12:08.400+0600] {taskinstance.py:2890} INFO - Executing <Task(PythonOperator): fetch_task> on 2025-03-10 07:00:00+00:00
[2025-03-17T15:12:08.414+0600] {standard_task_runner.py:104} INFO - Running: ['airflow', 'tasks', 'run', 'etl_airflow_rest_api_dag', 'fetch_task', 'scheduled__2025-03-10T07:00:00+00:00', '--job-id', '21', '--raw', '--subdir', 'DAGS_FOLDER/etl_airflow_rest_api_open_weather_data.py', '--cfg-path', '/tmp/tmps51a9jss']
[2025-03-17T15:12:08.416+0600] {standard_task_runner.py:105} INFO - Job 21: Subtask fetch_task
[2025-03-17T15:12:08.422+0600] {logging_mixin.py:190} WARNING - /home/shamim/airflow_venv/lib/python3.12/site-packages/airflow/task/task_runner/standard_task_runner.py:70 DeprecationWarning: This process (pid=20597) is multi-threaded, use of fork() may lead to deadlocks in the child.
[2025-03-17T15:12:08.423+0600] {standard_task_runner.py:72} INFO - Started process 20604 to run task
[2025-03-17T15:12:08.469+0600] {task_command.py:467} INFO - Running <TaskInstance: etl_airflow_rest_api_dag.fetch_task scheduled__2025-03-10T07:00:00+00:00 [running]> on host shamim-X541UV
[2025-03-17T15:12:08.558+0600] {taskinstance.py:3134} INFO - Exporting env vars: AIRFLOW_CTX_DAG_OWNER='airflow' AIRFLOW_CTX_DAG_ID='etl_airflow_rest_api_dag' AIRFLOW_CTX_TASK_ID='fetch_task' AIRFLOW_CTX_EXECUTION_DATE='2025-03-10T07:00:00+00:00' AIRFLOW_CTX_TRY_NUMBER='1' AIRFLOW_CTX_DAG_RUN_ID='scheduled__2025-03-10T07:00:00+00:00'
[2025-03-17T15:12:08.559+0600] {logging_mixin.py:190} INFO - Task instance is in running state
[2025-03-17T15:12:08.560+0600] {logging_mixin.py:190} INFO -  Previous state of the Task instance: queued
[2025-03-17T15:12:08.560+0600] {logging_mixin.py:190} INFO - Current task name:fetch_task state:running start_date:2025-03-17 09:12:08.366208+00:00
[2025-03-17T15:12:08.561+0600] {logging_mixin.py:190} INFO - Dag name:etl_airflow_rest_api_dag and current dag run status:running
[2025-03-17T15:12:08.561+0600] {taskinstance.py:732} INFO - ::endgroup::
[2025-03-17T15:12:08.735+0600] {python.py:240} INFO - Done. Returned value was: {'city': 'Dhaka', 'temperature': 32.99, 'humidity': 27}
[2025-03-17T15:12:08.758+0600] {taskinstance.py:341} INFO - ::group::Post task execution logs
[2025-03-17T15:12:08.759+0600] {taskinstance.py:353} INFO - Marking task as SUCCESS. dag_id=etl_airflow_rest_api_dag, task_id=fetch_task, run_id=scheduled__2025-03-10T07:00:00+00:00, execution_date=20250310T070000, start_date=20250317T091208, end_date=20250317T091208
[2025-03-17T15:12:08.777+0600] {logging_mixin.py:190} INFO - Task instance in success state
[2025-03-17T15:12:08.777+0600] {logging_mixin.py:190} INFO -  Previous state of the Task instance: running
[2025-03-17T15:12:08.777+0600] {logging_mixin.py:190} INFO - Dag name:etl_airflow_rest_api_dag queued_at:2025-03-17 09:12:03.284899+00:00
[2025-03-17T15:12:08.778+0600] {logging_mixin.py:190} INFO - Task hostname:shamim-X541UV operator:PythonOperator
[2025-03-17T15:12:08.800+0600] {local_task_job_runner.py:266} INFO - Task exited with return code 0
[2025-03-17T15:12:08.831+0600] {taskinstance.py:3901} INFO - 1 downstream tasks scheduled from follow-on schedule check
[2025-03-17T15:12:08.836+0600] {local_task_job_runner.py:245} INFO - ::endgroup::
