[2025-03-17T15:23:01.747+0600] {local_task_job_runner.py:123} INFO - ::group::Pre task execution logs
[2025-03-17T15:23:01.758+0600] {taskinstance.py:2614} INFO - Dependencies all met for dep_context=non-requeueable deps ti=<TaskInstance: etl_airflow_rest_api_dag.fetch_task scheduled__2025-03-11T15:00:00+00:00 [queued]>
[2025-03-17T15:23:01.767+0600] {taskinstance.py:2614} INFO - Dependencies all met for dep_context=requeueable deps ti=<TaskInstance: etl_airflow_rest_api_dag.fetch_task scheduled__2025-03-11T15:00:00+00:00 [queued]>
[2025-03-17T15:23:01.768+0600] {taskinstance.py:2867} INFO - Starting attempt 1 of 1
[2025-03-17T15:23:01.792+0600] {taskinstance.py:2890} INFO - Executing <Task(PythonOperator): fetch_task> on 2025-03-11 15:00:00+00:00
[2025-03-17T15:23:01.804+0600] {standard_task_runner.py:104} INFO - Running: ['airflow', 'tasks', 'run', 'etl_airflow_rest_api_dag', 'fetch_task', 'scheduled__2025-03-11T15:00:00+00:00', '--job-id', '118', '--raw', '--subdir', 'DAGS_FOLDER/etl_airflow_rest_api_open_weather_data.py', '--cfg-path', '/tmp/tmpj1znfev_']
[2025-03-17T15:23:01.805+0600] {standard_task_runner.py:105} INFO - Job 118: Subtask fetch_task
[2025-03-17T15:23:01.810+0600] {logging_mixin.py:190} WARNING - /home/shamim/airflow_venv/lib/python3.12/site-packages/airflow/task/task_runner/standard_task_runner.py:70 DeprecationWarning: This process (pid=22087) is multi-threaded, use of fork() may lead to deadlocks in the child.
[2025-03-17T15:23:01.811+0600] {standard_task_runner.py:72} INFO - Started process 22095 to run task
[2025-03-17T15:23:01.846+0600] {task_command.py:467} INFO - Running <TaskInstance: etl_airflow_rest_api_dag.fetch_task scheduled__2025-03-11T15:00:00+00:00 [running]> on host shamim-X541UV
[2025-03-17T15:23:01.938+0600] {taskinstance.py:3134} INFO - Exporting env vars: AIRFLOW_CTX_DAG_OWNER='airflow' AIRFLOW_CTX_DAG_ID='etl_airflow_rest_api_dag' AIRFLOW_CTX_TASK_ID='fetch_task' AIRFLOW_CTX_EXECUTION_DATE='2025-03-11T15:00:00+00:00' AIRFLOW_CTX_TRY_NUMBER='1' AIRFLOW_CTX_DAG_RUN_ID='scheduled__2025-03-11T15:00:00+00:00'
[2025-03-17T15:23:01.940+0600] {logging_mixin.py:190} INFO - Task instance is in running state
[2025-03-17T15:23:01.941+0600] {logging_mixin.py:190} INFO -  Previous state of the Task instance: queued
[2025-03-17T15:23:01.942+0600] {logging_mixin.py:190} INFO - Current task name:fetch_task state:running start_date:2025-03-17 09:23:01.759481+00:00
[2025-03-17T15:23:01.942+0600] {logging_mixin.py:190} INFO - Dag name:etl_airflow_rest_api_dag and current dag run status:running
[2025-03-17T15:23:01.943+0600] {taskinstance.py:732} INFO - ::endgroup::
[2025-03-17T15:23:02.155+0600] {python.py:240} INFO - Done. Returned value was: {'city': 'Dhaka', 'temperature': 31.99, 'humidity': 29}
[2025-03-17T15:23:02.358+0600] {taskinstance.py:341} INFO - ::group::Post task execution logs
[2025-03-17T15:23:02.358+0600] {taskinstance.py:353} INFO - Marking task as SUCCESS. dag_id=etl_airflow_rest_api_dag, task_id=fetch_task, run_id=scheduled__2025-03-11T15:00:00+00:00, execution_date=20250311T150000, start_date=20250317T092301, end_date=20250317T092302
[2025-03-17T15:23:02.380+0600] {logging_mixin.py:190} INFO - Task instance in success state
[2025-03-17T15:23:02.380+0600] {logging_mixin.py:190} INFO -  Previous state of the Task instance: running
[2025-03-17T15:23:02.381+0600] {logging_mixin.py:190} INFO - Dag name:etl_airflow_rest_api_dag queued_at:2025-03-17 09:22:57.203093+00:00
[2025-03-17T15:23:02.381+0600] {logging_mixin.py:190} INFO - Task hostname:shamim-X541UV operator:PythonOperator
[2025-03-17T15:23:02.427+0600] {local_task_job_runner.py:266} INFO - Task exited with return code 0
[2025-03-17T15:23:02.453+0600] {taskinstance.py:3901} INFO - 1 downstream tasks scheduled from follow-on schedule check
[2025-03-17T15:23:02.456+0600] {local_task_job_runner.py:245} INFO - ::endgroup::
