[2025-03-17T15:39:12.691+0600] {local_task_job_runner.py:123} INFO - ::group::Pre task execution logs
[2025-03-17T15:39:12.707+0600] {taskinstance.py:2614} INFO - Dependencies all met for dep_context=non-requeueable deps ti=<TaskInstance: etl_airflow_rest_api_dag.load_weather_task scheduled__2025-03-13T12:00:00+00:00 [queued]>
[2025-03-17T15:39:12.717+0600] {taskinstance.py:2614} INFO - Dependencies all met for dep_context=requeueable deps ti=<TaskInstance: etl_airflow_rest_api_dag.load_weather_task scheduled__2025-03-13T12:00:00+00:00 [queued]>
[2025-03-17T15:39:12.718+0600] {taskinstance.py:2867} INFO - Starting attempt 1 of 1
[2025-03-17T15:39:12.745+0600] {taskinstance.py:2890} INFO - Executing <Task(PythonOperator): load_weather_task> on 2025-03-13 12:00:00+00:00
[2025-03-17T15:39:12.756+0600] {standard_task_runner.py:104} INFO - Running: ['airflow', 'tasks', 'run', 'etl_airflow_rest_api_dag', 'load_weather_task', 'scheduled__2025-03-13T12:00:00+00:00', '--job-id', '197', '--raw', '--subdir', 'DAGS_FOLDER/etl_airflow_rest_api_open_weather_data.py', '--cfg-path', '/tmp/tmp9g8oliwd']
[2025-03-17T15:39:12.758+0600] {standard_task_runner.py:105} INFO - Job 197: Subtask load_weather_task
[2025-03-17T15:39:12.761+0600] {logging_mixin.py:190} WARNING - /home/shamim/airflow_venv/lib/python3.12/site-packages/airflow/task/task_runner/standard_task_runner.py:70 DeprecationWarning: This process (pid=24155) is multi-threaded, use of fork() may lead to deadlocks in the child.
[2025-03-17T15:39:12.762+0600] {standard_task_runner.py:72} INFO - Started process 24162 to run task
[2025-03-17T15:39:12.799+0600] {task_command.py:467} INFO - Running <TaskInstance: etl_airflow_rest_api_dag.load_weather_task scheduled__2025-03-13T12:00:00+00:00 [running]> on host shamim-X541UV
[2025-03-17T15:39:12.871+0600] {taskinstance.py:3134} INFO - Exporting env vars: AIRFLOW_CTX_DAG_OWNER='airflow' AIRFLOW_CTX_DAG_ID='etl_airflow_rest_api_dag' AIRFLOW_CTX_TASK_ID='load_weather_task' AIRFLOW_CTX_EXECUTION_DATE='2025-03-13T12:00:00+00:00' AIRFLOW_CTX_TRY_NUMBER='1' AIRFLOW_CTX_DAG_RUN_ID='scheduled__2025-03-13T12:00:00+00:00'
[2025-03-17T15:39:12.873+0600] {logging_mixin.py:190} INFO - Task instance is in running state
[2025-03-17T15:39:12.873+0600] {logging_mixin.py:190} INFO -  Previous state of the Task instance: queued
[2025-03-17T15:39:12.873+0600] {logging_mixin.py:190} INFO - Current task name:load_weather_task state:running start_date:2025-03-17 09:39:12.708218+00:00
[2025-03-17T15:39:12.874+0600] {logging_mixin.py:190} INFO - Dag name:etl_airflow_rest_api_dag and current dag run status:running
[2025-03-17T15:39:12.874+0600] {taskinstance.py:732} INFO - ::endgroup::
[2025-03-17T15:39:13.067+0600] {base.py:84} INFO - Retrieving connection 'postgres'
[2025-03-17T15:39:13.084+0600] {sql.py:624} INFO - Running statement: 
    INSERT INTO weather_data_api (city, temperature, humidity)
    VALUES(%s, %s, %s);
    , parameters: ('Dhaka', 31.99, 29)
[2025-03-17T15:39:13.086+0600] {sql.py:633} INFO - Rows affected: 1
[2025-03-17T15:39:13.110+0600] {sql.py:624} INFO - Running statement: 
    INSERT INTO weather_data_api (city, temperature, humidity)
    VALUES(%s, %s, %s);
    , parameters: ('Delhi', 27.05, 39)
[2025-03-17T15:39:13.112+0600] {sql.py:633} INFO - Rows affected: 1
[2025-03-17T15:39:13.134+0600] {sql.py:624} INFO - Running statement: 
    INSERT INTO weather_data_api (city, temperature, humidity)
    VALUES(%s, %s, %s);
    , parameters: ('Islamabad', 26.58, 33)
[2025-03-17T15:39:13.135+0600] {sql.py:633} INFO - Rows affected: 1
[2025-03-17T15:39:13.157+0600] {sql.py:624} INFO - Running statement: 
    INSERT INTO weather_data_api (city, temperature, humidity)
    VALUES(%s, %s, %s);
    , parameters: ('London', 6.39, 76)
[2025-03-17T15:39:13.159+0600] {sql.py:633} INFO - Rows affected: 1
[2025-03-17T15:39:13.179+0600] {sql.py:624} INFO - Running statement: 
    INSERT INTO weather_data_api (city, temperature, humidity)
    VALUES(%s, %s, %s);
    , parameters: ('New York', 12.48, 94)
[2025-03-17T15:39:13.181+0600] {sql.py:633} INFO - Rows affected: 1
[2025-03-17T15:39:13.198+0600] {sql.py:624} INFO - Running statement: 
    INSERT INTO weather_data_api (city, temperature, humidity)
    VALUES(%s, %s, %s);
    , parameters: ('Tokyo', 9.84, 36)
[2025-03-17T15:39:13.200+0600] {sql.py:633} INFO - Rows affected: 1
[2025-03-17T15:39:13.217+0600] {sql.py:624} INFO - Running statement: 
    INSERT INTO weather_data_api (city, temperature, humidity)
    VALUES(%s, %s, %s);
    , parameters: ('Sydney', 18.13, 63)
[2025-03-17T15:39:13.219+0600] {sql.py:633} INFO - Rows affected: 1
[2025-03-17T15:39:13.220+0600] {python.py:240} INFO - Done. Returned value was: None
[2025-03-17T15:39:13.227+0600] {taskinstance.py:341} INFO - ::group::Post task execution logs
[2025-03-17T15:39:13.227+0600] {taskinstance.py:353} INFO - Marking task as SUCCESS. dag_id=etl_airflow_rest_api_dag, task_id=load_weather_task, run_id=scheduled__2025-03-13T12:00:00+00:00, execution_date=20250313T120000, start_date=20250317T093912, end_date=20250317T093913
[2025-03-17T15:39:13.244+0600] {logging_mixin.py:190} INFO - Task instance in success state
[2025-03-17T15:39:13.244+0600] {logging_mixin.py:190} INFO -  Previous state of the Task instance: running
[2025-03-17T15:39:13.245+0600] {logging_mixin.py:190} INFO - Dag name:etl_airflow_rest_api_dag queued_at:2025-03-17 09:38:39.834078+00:00
[2025-03-17T15:39:13.245+0600] {logging_mixin.py:190} INFO - Task hostname:shamim-X541UV operator:PythonOperator
[2025-03-17T15:39:13.298+0600] {local_task_job_runner.py:266} INFO - Task exited with return code 0
[2025-03-17T15:39:13.311+0600] {taskinstance.py:3901} INFO - 0 downstream tasks scheduled from follow-on schedule check
[2025-03-17T15:39:13.312+0600] {local_task_job_runner.py:245} INFO - ::endgroup::
