[2025-03-17T15:19:53.154+0600] {local_task_job_runner.py:123} INFO - ::group::Pre task execution logs
[2025-03-17T15:19:53.167+0600] {taskinstance.py:2614} INFO - Dependencies all met for dep_context=non-requeueable deps ti=<TaskInstance: etl_airflow_rest_api_dag.fetch_task scheduled__2025-03-11T07:00:00+00:00 [queued]>
[2025-03-17T15:19:53.177+0600] {taskinstance.py:2614} INFO - Dependencies all met for dep_context=requeueable deps ti=<TaskInstance: etl_airflow_rest_api_dag.fetch_task scheduled__2025-03-11T07:00:00+00:00 [queued]>
[2025-03-17T15:19:53.178+0600] {taskinstance.py:2867} INFO - Starting attempt 1 of 1
[2025-03-17T15:19:53.193+0600] {taskinstance.py:2890} INFO - Executing <Task(PythonOperator): fetch_task> on 2025-03-11 07:00:00+00:00
[2025-03-17T15:19:53.205+0600] {standard_task_runner.py:104} INFO - Running: ['airflow', 'tasks', 'run', 'etl_airflow_rest_api_dag', 'fetch_task', 'scheduled__2025-03-11T07:00:00+00:00', '--job-id', '94', '--raw', '--subdir', 'DAGS_FOLDER/etl_airflow_rest_api_open_weather_data.py', '--cfg-path', '/tmp/tmphkcb9dpp']
[2025-03-17T15:19:53.208+0600] {standard_task_runner.py:105} INFO - Job 94: Subtask fetch_task
[2025-03-17T15:19:53.212+0600] {logging_mixin.py:190} WARNING - /home/shamim/airflow_venv/lib/python3.12/site-packages/airflow/task/task_runner/standard_task_runner.py:70 DeprecationWarning: This process (pid=21621) is multi-threaded, use of fork() may lead to deadlocks in the child.
[2025-03-17T15:19:53.213+0600] {standard_task_runner.py:72} INFO - Started process 21629 to run task
[2025-03-17T15:19:53.254+0600] {task_command.py:467} INFO - Running <TaskInstance: etl_airflow_rest_api_dag.fetch_task scheduled__2025-03-11T07:00:00+00:00 [running]> on host shamim-X541UV
[2025-03-17T15:19:53.330+0600] {taskinstance.py:3134} INFO - Exporting env vars: AIRFLOW_CTX_DAG_OWNER='airflow' AIRFLOW_CTX_DAG_ID='etl_airflow_rest_api_dag' AIRFLOW_CTX_TASK_ID='fetch_task' AIRFLOW_CTX_EXECUTION_DATE='2025-03-11T07:00:00+00:00' AIRFLOW_CTX_TRY_NUMBER='1' AIRFLOW_CTX_DAG_RUN_ID='scheduled__2025-03-11T07:00:00+00:00'
[2025-03-17T15:19:53.332+0600] {logging_mixin.py:190} INFO - Task instance is in running state
[2025-03-17T15:19:53.332+0600] {logging_mixin.py:190} INFO -  Previous state of the Task instance: queued
[2025-03-17T15:19:53.332+0600] {logging_mixin.py:190} INFO - Current task name:fetch_task state:running start_date:2025-03-17 09:19:53.167391+00:00
[2025-03-17T15:19:53.333+0600] {logging_mixin.py:190} INFO - Dag name:etl_airflow_rest_api_dag and current dag run status:running
[2025-03-17T15:19:53.333+0600] {taskinstance.py:732} INFO - ::endgroup::
[2025-03-17T15:19:53.520+0600] {python.py:240} INFO - Done. Returned value was: {'city': 'Dhaka', 'temperature': 31.99, 'humidity': 29}
[2025-03-17T15:19:53.749+0600] {taskinstance.py:341} INFO - ::group::Post task execution logs
[2025-03-17T15:19:53.749+0600] {taskinstance.py:353} INFO - Marking task as SUCCESS. dag_id=etl_airflow_rest_api_dag, task_id=fetch_task, run_id=scheduled__2025-03-11T07:00:00+00:00, execution_date=20250311T070000, start_date=20250317T091953, end_date=20250317T091953
[2025-03-17T15:19:53.770+0600] {logging_mixin.py:190} INFO - Task instance in success state
[2025-03-17T15:19:53.771+0600] {logging_mixin.py:190} INFO -  Previous state of the Task instance: running
[2025-03-17T15:19:53.771+0600] {logging_mixin.py:190} INFO - Dag name:etl_airflow_rest_api_dag queued_at:2025-03-17 09:19:48.666339+00:00
[2025-03-17T15:19:53.771+0600] {logging_mixin.py:190} INFO - Task hostname:shamim-X541UV operator:PythonOperator
[2025-03-17T15:19:53.790+0600] {local_task_job_runner.py:266} INFO - Task exited with return code 0
[2025-03-17T15:19:53.824+0600] {taskinstance.py:3901} INFO - 1 downstream tasks scheduled from follow-on schedule check
[2025-03-17T15:19:53.829+0600] {local_task_job_runner.py:245} INFO - ::endgroup::
