[2025-03-17T15:12:14.910+0600] {local_task_job_runner.py:123} INFO - ::group::Pre task execution logs
[2025-03-17T15:12:14.921+0600] {taskinstance.py:2614} INFO - Dependencies all met for dep_context=non-requeueable deps ti=<TaskInstance: etl_airflow_rest_api_dag.fetch_task scheduled__2025-03-10T08:00:00+00:00 [queued]>
[2025-03-17T15:12:14.928+0600] {taskinstance.py:2614} INFO - Dependencies all met for dep_context=requeueable deps ti=<TaskInstance: etl_airflow_rest_api_dag.fetch_task scheduled__2025-03-10T08:00:00+00:00 [queued]>
[2025-03-17T15:12:14.928+0600] {taskinstance.py:2867} INFO - Starting attempt 1 of 1
[2025-03-17T15:12:14.952+0600] {taskinstance.py:2890} INFO - Executing <Task(PythonOperator): fetch_task> on 2025-03-10 08:00:00+00:00
[2025-03-17T15:12:14.963+0600] {standard_task_runner.py:104} INFO - Running: ['airflow', 'tasks', 'run', 'etl_airflow_rest_api_dag', 'fetch_task', 'scheduled__2025-03-10T08:00:00+00:00', '--job-id', '22', '--raw', '--subdir', 'DAGS_FOLDER/etl_airflow_rest_api_open_weather_data.py', '--cfg-path', '/tmp/tmpswc_fued']
[2025-03-17T15:12:14.965+0600] {standard_task_runner.py:105} INFO - Job 22: Subtask fetch_task
[2025-03-17T15:12:14.966+0600] {logging_mixin.py:190} WARNING - /home/shamim/airflow_venv/lib/python3.12/site-packages/airflow/task/task_runner/standard_task_runner.py:70 DeprecationWarning: This process (pid=20607) is multi-threaded, use of fork() may lead to deadlocks in the child.
[2025-03-17T15:12:14.967+0600] {standard_task_runner.py:72} INFO - Started process 20614 to run task
[2025-03-17T15:12:15.010+0600] {task_command.py:467} INFO - Running <TaskInstance: etl_airflow_rest_api_dag.fetch_task scheduled__2025-03-10T08:00:00+00:00 [running]> on host shamim-X541UV
[2025-03-17T15:12:15.090+0600] {taskinstance.py:3134} INFO - Exporting env vars: AIRFLOW_CTX_DAG_OWNER='airflow' AIRFLOW_CTX_DAG_ID='etl_airflow_rest_api_dag' AIRFLOW_CTX_TASK_ID='fetch_task' AIRFLOW_CTX_EXECUTION_DATE='2025-03-10T08:00:00+00:00' AIRFLOW_CTX_TRY_NUMBER='1' AIRFLOW_CTX_DAG_RUN_ID='scheduled__2025-03-10T08:00:00+00:00'
[2025-03-17T15:12:15.092+0600] {logging_mixin.py:190} INFO - Task instance is in running state
[2025-03-17T15:12:15.092+0600] {logging_mixin.py:190} INFO -  Previous state of the Task instance: queued
[2025-03-17T15:12:15.092+0600] {logging_mixin.py:190} INFO - Current task name:fetch_task state:running start_date:2025-03-17 09:12:14.922308+00:00
[2025-03-17T15:12:15.092+0600] {logging_mixin.py:190} INFO - Dag name:etl_airflow_rest_api_dag and current dag run status:running
[2025-03-17T15:12:15.093+0600] {taskinstance.py:732} INFO - ::endgroup::
[2025-03-17T15:12:15.265+0600] {python.py:240} INFO - Done. Returned value was: {'city': 'Dhaka', 'temperature': 32.99, 'humidity': 27}
[2025-03-17T15:12:15.298+0600] {taskinstance.py:341} INFO - ::group::Post task execution logs
[2025-03-17T15:12:15.298+0600] {taskinstance.py:353} INFO - Marking task as SUCCESS. dag_id=etl_airflow_rest_api_dag, task_id=fetch_task, run_id=scheduled__2025-03-10T08:00:00+00:00, execution_date=20250310T080000, start_date=20250317T091214, end_date=20250317T091215
[2025-03-17T15:12:15.315+0600] {logging_mixin.py:190} INFO - Task instance in success state
[2025-03-17T15:12:15.315+0600] {logging_mixin.py:190} INFO -  Previous state of the Task instance: running
[2025-03-17T15:12:15.316+0600] {logging_mixin.py:190} INFO - Dag name:etl_airflow_rest_api_dag queued_at:2025-03-17 09:12:09.998208+00:00
[2025-03-17T15:12:15.316+0600] {logging_mixin.py:190} INFO - Task hostname:shamim-X541UV operator:PythonOperator
[2025-03-17T15:12:15.343+0600] {local_task_job_runner.py:266} INFO - Task exited with return code 0
[2025-03-17T15:12:15.369+0600] {taskinstance.py:3901} INFO - 1 downstream tasks scheduled from follow-on schedule check
[2025-03-17T15:12:15.373+0600] {local_task_job_runner.py:245} INFO - ::endgroup::
