[2025-03-17T15:38:06.804+0600] {local_task_job_runner.py:123} INFO - ::group::Pre task execution logs
[2025-03-17T15:38:06.814+0600] {taskinstance.py:2614} INFO - Dependencies all met for dep_context=non-requeueable deps ti=<TaskInstance: etl_airflow_rest_api_dag.fetch_task scheduled__2025-03-13T09:00:00+00:00 [queued]>
[2025-03-17T15:38:06.824+0600] {taskinstance.py:2614} INFO - Dependencies all met for dep_context=requeueable deps ti=<TaskInstance: etl_airflow_rest_api_dag.fetch_task scheduled__2025-03-13T09:00:00+00:00 [queued]>
[2025-03-17T15:38:06.825+0600] {taskinstance.py:2867} INFO - Starting attempt 1 of 1
[2025-03-17T15:38:06.848+0600] {taskinstance.py:2890} INFO - Executing <Task(PythonOperator): fetch_task> on 2025-03-13 09:00:00+00:00
[2025-03-17T15:38:06.861+0600] {standard_task_runner.py:104} INFO - Running: ['airflow', 'tasks', 'run', 'etl_airflow_rest_api_dag', 'fetch_task', 'scheduled__2025-03-13T09:00:00+00:00', '--job-id', '186', '--raw', '--subdir', 'DAGS_FOLDER/etl_airflow_rest_api_open_weather_data.py', '--cfg-path', '/tmp/tmp12ju_6h3']
[2025-03-17T15:38:06.863+0600] {standard_task_runner.py:105} INFO - Job 186: Subtask fetch_task
[2025-03-17T15:38:06.870+0600] {logging_mixin.py:190} WARNING - /home/shamim/airflow_venv/lib/python3.12/site-packages/airflow/task/task_runner/standard_task_runner.py:70 DeprecationWarning: This process (pid=23979) is multi-threaded, use of fork() may lead to deadlocks in the child.
[2025-03-17T15:38:06.871+0600] {standard_task_runner.py:72} INFO - Started process 23991 to run task
[2025-03-17T15:38:06.903+0600] {task_command.py:467} INFO - Running <TaskInstance: etl_airflow_rest_api_dag.fetch_task scheduled__2025-03-13T09:00:00+00:00 [running]> on host shamim-X541UV
[2025-03-17T15:38:06.976+0600] {taskinstance.py:3134} INFO - Exporting env vars: AIRFLOW_CTX_DAG_OWNER='airflow' AIRFLOW_CTX_DAG_ID='etl_airflow_rest_api_dag' AIRFLOW_CTX_TASK_ID='fetch_task' AIRFLOW_CTX_EXECUTION_DATE='2025-03-13T09:00:00+00:00' AIRFLOW_CTX_TRY_NUMBER='1' AIRFLOW_CTX_DAG_RUN_ID='scheduled__2025-03-13T09:00:00+00:00'
[2025-03-17T15:38:06.977+0600] {logging_mixin.py:190} INFO - Task instance is in running state
[2025-03-17T15:38:06.978+0600] {logging_mixin.py:190} INFO -  Previous state of the Task instance: queued
[2025-03-17T15:38:06.978+0600] {logging_mixin.py:190} INFO - Current task name:fetch_task state:running start_date:2025-03-17 09:38:06.815251+00:00
[2025-03-17T15:38:06.978+0600] {logging_mixin.py:190} INFO - Dag name:etl_airflow_rest_api_dag and current dag run status:running
[2025-03-17T15:38:06.978+0600] {taskinstance.py:732} INFO - ::endgroup::
[2025-03-17T15:38:08.212+0600] {python.py:240} INFO - Done. Returned value was: [{'city': 'Dhaka', 'temperature': 31.99, 'humidity': 29}, {'city': 'Delhi', 'temperature': 27.05, 'humidity': 39}, {'city': 'Islamabad', 'temperature': 26.58, 'humidity': 33}, {'city': 'London', 'temperature': 6.39, 'humidity': 76}, {'city': 'New York', 'temperature': 12.48, 'humidity': 94}, {'city': 'Tokyo', 'temperature': 9.84, 'humidity': 36}, {'city': 'Sydney', 'temperature': 18.13, 'humidity': 63}]
[2025-03-17T15:38:08.397+0600] {taskinstance.py:341} INFO - ::group::Post task execution logs
[2025-03-17T15:38:08.397+0600] {taskinstance.py:353} INFO - Marking task as SUCCESS. dag_id=etl_airflow_rest_api_dag, task_id=fetch_task, run_id=scheduled__2025-03-13T09:00:00+00:00, execution_date=20250313T090000, start_date=20250317T093806, end_date=20250317T093808
[2025-03-17T15:38:08.429+0600] {logging_mixin.py:190} INFO - Task instance in success state
[2025-03-17T15:38:08.430+0600] {logging_mixin.py:190} INFO -  Previous state of the Task instance: running
[2025-03-17T15:38:08.430+0600] {logging_mixin.py:190} INFO - Dag name:etl_airflow_rest_api_dag queued_at:2025-03-17 09:38:02.948191+00:00
[2025-03-17T15:38:08.431+0600] {logging_mixin.py:190} INFO - Task hostname:shamim-X541UV operator:PythonOperator
[2025-03-17T15:38:08.452+0600] {local_task_job_runner.py:266} INFO - Task exited with return code 0
[2025-03-17T15:38:08.483+0600] {taskinstance.py:3901} INFO - 1 downstream tasks scheduled from follow-on schedule check
[2025-03-17T15:38:09.811+0600] {local_task_job_runner.py:245} INFO - ::endgroup::
