[2025-03-17T15:00:43.941+0600] {processor.py:186} INFO - Started process (PID=19388) to work on /home/shamim/airflow_venv/lib/python3.12/site-packages/airflow/example_dags/example_dataset_alias.py
[2025-03-17T15:00:43.942+0600] {processor.py:914} INFO - Processing file /home/shamim/airflow_venv/lib/python3.12/site-packages/airflow/example_dags/example_dataset_alias.py for tasks to queue
[2025-03-17T15:00:43.945+0600] {logging_mixin.py:190} INFO - [2025-03-17T15:00:43.944+0600] {dagbag.py:588} INFO - Filling up the DagBag from /home/shamim/airflow_venv/lib/python3.12/site-packages/airflow/example_dags/example_dataset_alias.py
[2025-03-17T15:00:44.529+0600] {processor.py:925} INFO - DAG(s) 'dataset_alias_example_alias_consumer', 'dataset_alias_example_alias_producer', 'dataset_s3_bucket_producer', 'dataset_s3_bucket_consumer' retrieved from /home/shamim/airflow_venv/lib/python3.12/site-packages/airflow/example_dags/example_dataset_alias.py
[2025-03-17T15:00:44.639+0600] {logging_mixin.py:190} INFO - [2025-03-17T15:00:44.638+0600] {override.py:1930} INFO - Created Permission View: can read on DAG:dataset_alias_example_alias_consumer
[2025-03-17T15:00:44.650+0600] {logging_mixin.py:190} INFO - [2025-03-17T15:00:44.649+0600] {override.py:1930} INFO - Created Permission View: can delete on DAG:dataset_alias_example_alias_consumer
[2025-03-17T15:00:44.659+0600] {logging_mixin.py:190} INFO - [2025-03-17T15:00:44.658+0600] {override.py:1930} INFO - Created Permission View: can edit on DAG:dataset_alias_example_alias_consumer
[2025-03-17T15:00:44.670+0600] {logging_mixin.py:190} INFO - [2025-03-17T15:00:44.670+0600] {override.py:1930} INFO - Created Permission View: can create on DAG Run:dataset_alias_example_alias_consumer
[2025-03-17T15:00:44.678+0600] {logging_mixin.py:190} INFO - [2025-03-17T15:00:44.677+0600] {override.py:1930} INFO - Created Permission View: can read on DAG Run:dataset_alias_example_alias_consumer
[2025-03-17T15:00:44.685+0600] {logging_mixin.py:190} INFO - [2025-03-17T15:00:44.685+0600] {override.py:1930} INFO - Created Permission View: can delete on DAG Run:dataset_alias_example_alias_consumer
[2025-03-17T15:00:44.693+0600] {logging_mixin.py:190} INFO - [2025-03-17T15:00:44.693+0600] {override.py:1930} INFO - Created Permission View: menu access on DAG Run:dataset_alias_example_alias_consumer
[2025-03-17T15:00:44.711+0600] {logging_mixin.py:190} INFO - [2025-03-17T15:00:44.710+0600] {override.py:1930} INFO - Created Permission View: can read on DAG:dataset_alias_example_alias_producer
[2025-03-17T15:00:44.718+0600] {logging_mixin.py:190} INFO - [2025-03-17T15:00:44.718+0600] {override.py:1930} INFO - Created Permission View: can delete on DAG:dataset_alias_example_alias_producer
[2025-03-17T15:00:44.727+0600] {logging_mixin.py:190} INFO - [2025-03-17T15:00:44.726+0600] {override.py:1930} INFO - Created Permission View: can edit on DAG:dataset_alias_example_alias_producer
[2025-03-17T15:00:44.739+0600] {logging_mixin.py:190} INFO - [2025-03-17T15:00:44.739+0600] {override.py:1930} INFO - Created Permission View: can create on DAG Run:dataset_alias_example_alias_producer
[2025-03-17T15:00:44.747+0600] {logging_mixin.py:190} INFO - [2025-03-17T15:00:44.746+0600] {override.py:1930} INFO - Created Permission View: can read on DAG Run:dataset_alias_example_alias_producer
[2025-03-17T15:00:44.755+0600] {logging_mixin.py:190} INFO - [2025-03-17T15:00:44.755+0600] {override.py:1930} INFO - Created Permission View: can delete on DAG Run:dataset_alias_example_alias_producer
[2025-03-17T15:00:44.763+0600] {logging_mixin.py:190} INFO - [2025-03-17T15:00:44.763+0600] {override.py:1930} INFO - Created Permission View: menu access on DAG Run:dataset_alias_example_alias_producer
[2025-03-17T15:00:44.780+0600] {logging_mixin.py:190} INFO - [2025-03-17T15:00:44.779+0600] {override.py:1930} INFO - Created Permission View: can read on DAG:dataset_s3_bucket_producer
[2025-03-17T15:00:44.788+0600] {logging_mixin.py:190} INFO - [2025-03-17T15:00:44.787+0600] {override.py:1930} INFO - Created Permission View: can delete on DAG:dataset_s3_bucket_producer
[2025-03-17T15:00:44.795+0600] {logging_mixin.py:190} INFO - [2025-03-17T15:00:44.795+0600] {override.py:1930} INFO - Created Permission View: can edit on DAG:dataset_s3_bucket_producer
[2025-03-17T15:00:44.805+0600] {logging_mixin.py:190} INFO - [2025-03-17T15:00:44.805+0600] {override.py:1930} INFO - Created Permission View: can create on DAG Run:dataset_s3_bucket_producer
[2025-03-17T15:00:44.813+0600] {logging_mixin.py:190} INFO - [2025-03-17T15:00:44.812+0600] {override.py:1930} INFO - Created Permission View: can read on DAG Run:dataset_s3_bucket_producer
[2025-03-17T15:00:44.821+0600] {logging_mixin.py:190} INFO - [2025-03-17T15:00:44.820+0600] {override.py:1930} INFO - Created Permission View: can delete on DAG Run:dataset_s3_bucket_producer
[2025-03-17T15:00:44.829+0600] {logging_mixin.py:190} INFO - [2025-03-17T15:00:44.828+0600] {override.py:1930} INFO - Created Permission View: menu access on DAG Run:dataset_s3_bucket_producer
[2025-03-17T15:00:44.843+0600] {logging_mixin.py:190} INFO - [2025-03-17T15:00:44.843+0600] {override.py:1930} INFO - Created Permission View: can read on DAG:dataset_s3_bucket_consumer
[2025-03-17T15:00:44.851+0600] {logging_mixin.py:190} INFO - [2025-03-17T15:00:44.851+0600] {override.py:1930} INFO - Created Permission View: can delete on DAG:dataset_s3_bucket_consumer
[2025-03-17T15:00:44.860+0600] {logging_mixin.py:190} INFO - [2025-03-17T15:00:44.859+0600] {override.py:1930} INFO - Created Permission View: can edit on DAG:dataset_s3_bucket_consumer
[2025-03-17T15:00:44.870+0600] {logging_mixin.py:190} INFO - [2025-03-17T15:00:44.870+0600] {override.py:1930} INFO - Created Permission View: can create on DAG Run:dataset_s3_bucket_consumer
[2025-03-17T15:00:44.878+0600] {logging_mixin.py:190} INFO - [2025-03-17T15:00:44.878+0600] {override.py:1930} INFO - Created Permission View: can read on DAG Run:dataset_s3_bucket_consumer
[2025-03-17T15:00:44.886+0600] {logging_mixin.py:190} INFO - [2025-03-17T15:00:44.885+0600] {override.py:1930} INFO - Created Permission View: can delete on DAG Run:dataset_s3_bucket_consumer
[2025-03-17T15:00:44.893+0600] {logging_mixin.py:190} INFO - [2025-03-17T15:00:44.893+0600] {override.py:1930} INFO - Created Permission View: menu access on DAG Run:dataset_s3_bucket_consumer
[2025-03-17T15:00:44.894+0600] {logging_mixin.py:190} INFO - [2025-03-17T15:00:44.894+0600] {dag.py:3239} INFO - Sync 4 DAGs
[2025-03-17T15:00:44.908+0600] {logging_mixin.py:190} INFO - [2025-03-17T15:00:44.908+0600] {dag.py:3262} INFO - Creating ORM DAG for dataset_alias_example_alias_consumer
[2025-03-17T15:00:44.909+0600] {logging_mixin.py:190} INFO - [2025-03-17T15:00:44.909+0600] {dag.py:3262} INFO - Creating ORM DAG for dataset_s3_bucket_consumer
[2025-03-17T15:00:44.910+0600] {logging_mixin.py:190} INFO - [2025-03-17T15:00:44.910+0600] {dag.py:3262} INFO - Creating ORM DAG for dataset_s3_bucket_producer
[2025-03-17T15:00:44.910+0600] {logging_mixin.py:190} INFO - [2025-03-17T15:00:44.910+0600] {dag.py:3262} INFO - Creating ORM DAG for dataset_alias_example_alias_producer
[2025-03-17T15:00:44.920+0600] {logging_mixin.py:190} INFO - [2025-03-17T15:00:44.919+0600] {dag.py:4180} INFO - Setting next_dagrun for dataset_alias_example_alias_consumer to None, run_after=None
[2025-03-17T15:00:44.921+0600] {logging_mixin.py:190} INFO - [2025-03-17T15:00:44.920+0600] {dag.py:4180} INFO - Setting next_dagrun for dataset_alias_example_alias_producer to None, run_after=None
[2025-03-17T15:00:44.921+0600] {logging_mixin.py:190} INFO - [2025-03-17T15:00:44.921+0600] {dag.py:4180} INFO - Setting next_dagrun for dataset_s3_bucket_consumer to None, run_after=None
[2025-03-17T15:00:44.922+0600] {logging_mixin.py:190} INFO - [2025-03-17T15:00:44.922+0600] {dag.py:4180} INFO - Setting next_dagrun for dataset_s3_bucket_producer to None, run_after=None
[2025-03-17T15:00:44.969+0600] {processor.py:208} INFO - Processing /home/shamim/airflow_venv/lib/python3.12/site-packages/airflow/example_dags/example_dataset_alias.py took 1.036 seconds
[2025-03-17T15:02:06.901+0600] {processor.py:186} INFO - Started process (PID=19491) to work on /home/shamim/airflow_venv/lib/python3.12/site-packages/airflow/example_dags/example_dataset_alias.py
[2025-03-17T15:02:06.907+0600] {processor.py:914} INFO - Processing file /home/shamim/airflow_venv/lib/python3.12/site-packages/airflow/example_dags/example_dataset_alias.py for tasks to queue
[2025-03-17T15:02:06.910+0600] {logging_mixin.py:190} INFO - [2025-03-17T15:02:06.910+0600] {dagbag.py:588} INFO - Filling up the DagBag from /home/shamim/airflow_venv/lib/python3.12/site-packages/airflow/example_dags/example_dataset_alias.py
[2025-03-17T15:02:07.467+0600] {processor.py:925} INFO - DAG(s) 'dataset_alias_example_alias_consumer', 'dataset_alias_example_alias_producer', 'dataset_s3_bucket_consumer', 'dataset_s3_bucket_producer' retrieved from /home/shamim/airflow_venv/lib/python3.12/site-packages/airflow/example_dags/example_dataset_alias.py
[2025-03-17T15:02:07.489+0600] {logging_mixin.py:190} INFO - [2025-03-17T15:02:07.488+0600] {dag.py:3239} INFO - Sync 4 DAGs
[2025-03-17T15:02:07.511+0600] {logging_mixin.py:190} INFO - [2025-03-17T15:02:07.511+0600] {dag.py:4180} INFO - Setting next_dagrun for dataset_alias_example_alias_consumer to None, run_after=None
[2025-03-17T15:02:07.514+0600] {logging_mixin.py:190} INFO - [2025-03-17T15:02:07.514+0600] {dag.py:4180} INFO - Setting next_dagrun for dataset_alias_example_alias_producer to None, run_after=None
[2025-03-17T15:02:07.515+0600] {logging_mixin.py:190} INFO - [2025-03-17T15:02:07.515+0600] {dag.py:4180} INFO - Setting next_dagrun for dataset_s3_bucket_consumer to None, run_after=None
[2025-03-17T15:02:07.516+0600] {logging_mixin.py:190} INFO - [2025-03-17T15:02:07.516+0600] {dag.py:4180} INFO - Setting next_dagrun for dataset_s3_bucket_producer to None, run_after=None
[2025-03-17T15:02:07.544+0600] {processor.py:208} INFO - Processing /home/shamim/airflow_venv/lib/python3.12/site-packages/airflow/example_dags/example_dataset_alias.py took 0.650 seconds
[2025-03-17T15:03:18.966+0600] {processor.py:186} INFO - Started process (PID=19618) to work on /home/shamim/airflow_venv/lib/python3.12/site-packages/airflow/example_dags/example_dataset_alias.py
[2025-03-17T15:03:18.972+0600] {processor.py:914} INFO - Processing file /home/shamim/airflow_venv/lib/python3.12/site-packages/airflow/example_dags/example_dataset_alias.py for tasks to queue
[2025-03-17T15:03:18.975+0600] {logging_mixin.py:190} INFO - [2025-03-17T15:03:18.975+0600] {dagbag.py:588} INFO - Filling up the DagBag from /home/shamim/airflow_venv/lib/python3.12/site-packages/airflow/example_dags/example_dataset_alias.py
[2025-03-17T15:03:19.635+0600] {processor.py:925} INFO - DAG(s) 'dataset_s3_bucket_consumer', 'dataset_alias_example_alias_producer', 'dataset_s3_bucket_producer', 'dataset_alias_example_alias_consumer' retrieved from /home/shamim/airflow_venv/lib/python3.12/site-packages/airflow/example_dags/example_dataset_alias.py
[2025-03-17T15:03:19.659+0600] {logging_mixin.py:190} INFO - [2025-03-17T15:03:19.658+0600] {dag.py:3239} INFO - Sync 4 DAGs
[2025-03-17T15:03:19.685+0600] {logging_mixin.py:190} INFO - [2025-03-17T15:03:19.685+0600] {dag.py:4180} INFO - Setting next_dagrun for dataset_alias_example_alias_consumer to None, run_after=None
[2025-03-17T15:03:19.688+0600] {logging_mixin.py:190} INFO - [2025-03-17T15:03:19.687+0600] {dag.py:4180} INFO - Setting next_dagrun for dataset_alias_example_alias_producer to None, run_after=None
[2025-03-17T15:03:19.689+0600] {logging_mixin.py:190} INFO - [2025-03-17T15:03:19.689+0600] {dag.py:4180} INFO - Setting next_dagrun for dataset_s3_bucket_consumer to None, run_after=None
[2025-03-17T15:03:19.691+0600] {logging_mixin.py:190} INFO - [2025-03-17T15:03:19.690+0600] {dag.py:4180} INFO - Setting next_dagrun for dataset_s3_bucket_producer to None, run_after=None
[2025-03-17T15:03:19.727+0600] {processor.py:208} INFO - Processing /home/shamim/airflow_venv/lib/python3.12/site-packages/airflow/example_dags/example_dataset_alias.py took 0.769 seconds
[2025-03-17T15:06:25.491+0600] {processor.py:186} INFO - Started process (PID=19915) to work on /home/shamim/airflow_venv/lib/python3.12/site-packages/airflow/example_dags/example_dataset_alias.py
[2025-03-17T15:06:25.494+0600] {processor.py:914} INFO - Processing file /home/shamim/airflow_venv/lib/python3.12/site-packages/airflow/example_dags/example_dataset_alias.py for tasks to queue
[2025-03-17T15:06:25.499+0600] {logging_mixin.py:190} INFO - [2025-03-17T15:06:25.498+0600] {dagbag.py:588} INFO - Filling up the DagBag from /home/shamim/airflow_venv/lib/python3.12/site-packages/airflow/example_dags/example_dataset_alias.py
[2025-03-17T15:06:26.629+0600] {processor.py:925} INFO - DAG(s) 'dataset_alias_example_alias_producer', 'dataset_s3_bucket_producer', 'dataset_s3_bucket_consumer', 'dataset_alias_example_alias_consumer' retrieved from /home/shamim/airflow_venv/lib/python3.12/site-packages/airflow/example_dags/example_dataset_alias.py
[2025-03-17T15:06:26.687+0600] {logging_mixin.py:190} INFO - [2025-03-17T15:06:26.686+0600] {dag.py:3239} INFO - Sync 4 DAGs
[2025-03-17T15:06:26.734+0600] {logging_mixin.py:190} INFO - [2025-03-17T15:06:26.734+0600] {dag.py:4180} INFO - Setting next_dagrun for dataset_alias_example_alias_consumer to None, run_after=None
[2025-03-17T15:06:26.740+0600] {logging_mixin.py:190} INFO - [2025-03-17T15:06:26.739+0600] {dag.py:4180} INFO - Setting next_dagrun for dataset_alias_example_alias_producer to None, run_after=None
[2025-03-17T15:06:26.742+0600] {logging_mixin.py:190} INFO - [2025-03-17T15:06:26.741+0600] {dag.py:4180} INFO - Setting next_dagrun for dataset_s3_bucket_consumer to None, run_after=None
[2025-03-17T15:06:26.744+0600] {logging_mixin.py:190} INFO - [2025-03-17T15:06:26.744+0600] {dag.py:4180} INFO - Setting next_dagrun for dataset_s3_bucket_producer to None, run_after=None
[2025-03-17T15:06:26.804+0600] {processor.py:208} INFO - Processing /home/shamim/airflow_venv/lib/python3.12/site-packages/airflow/example_dags/example_dataset_alias.py took 1.330 seconds
[2025-03-17T15:07:59.759+0600] {processor.py:186} INFO - Started process (PID=20154) to work on /home/shamim/airflow_venv/lib/python3.12/site-packages/airflow/example_dags/example_dataset_alias.py
[2025-03-17T15:07:59.766+0600] {processor.py:914} INFO - Processing file /home/shamim/airflow_venv/lib/python3.12/site-packages/airflow/example_dags/example_dataset_alias.py for tasks to queue
[2025-03-17T15:07:59.770+0600] {logging_mixin.py:190} INFO - [2025-03-17T15:07:59.769+0600] {dagbag.py:588} INFO - Filling up the DagBag from /home/shamim/airflow_venv/lib/python3.12/site-packages/airflow/example_dags/example_dataset_alias.py
[2025-03-17T15:08:00.427+0600] {processor.py:925} INFO - DAG(s) 'dataset_alias_example_alias_consumer', 'dataset_s3_bucket_consumer', 'dataset_s3_bucket_producer', 'dataset_alias_example_alias_producer' retrieved from /home/shamim/airflow_venv/lib/python3.12/site-packages/airflow/example_dags/example_dataset_alias.py
[2025-03-17T15:08:00.456+0600] {logging_mixin.py:190} INFO - [2025-03-17T15:08:00.456+0600] {dag.py:3239} INFO - Sync 4 DAGs
[2025-03-17T15:08:00.484+0600] {logging_mixin.py:190} INFO - [2025-03-17T15:08:00.483+0600] {dag.py:4180} INFO - Setting next_dagrun for dataset_alias_example_alias_consumer to None, run_after=None
[2025-03-17T15:08:00.488+0600] {logging_mixin.py:190} INFO - [2025-03-17T15:08:00.488+0600] {dag.py:4180} INFO - Setting next_dagrun for dataset_alias_example_alias_producer to None, run_after=None
[2025-03-17T15:08:00.490+0600] {logging_mixin.py:190} INFO - [2025-03-17T15:08:00.489+0600] {dag.py:4180} INFO - Setting next_dagrun for dataset_s3_bucket_consumer to None, run_after=None
[2025-03-17T15:08:00.491+0600] {logging_mixin.py:190} INFO - [2025-03-17T15:08:00.491+0600] {dag.py:4180} INFO - Setting next_dagrun for dataset_s3_bucket_producer to None, run_after=None
[2025-03-17T15:08:00.535+0600] {processor.py:208} INFO - Processing /home/shamim/airflow_venv/lib/python3.12/site-packages/airflow/example_dags/example_dataset_alias.py took 0.784 seconds
[2025-03-17T15:09:16.832+0600] {processor.py:186} INFO - Started process (PID=20324) to work on /home/shamim/airflow_venv/lib/python3.12/site-packages/airflow/example_dags/example_dataset_alias.py
[2025-03-17T15:09:16.838+0600] {processor.py:914} INFO - Processing file /home/shamim/airflow_venv/lib/python3.12/site-packages/airflow/example_dags/example_dataset_alias.py for tasks to queue
[2025-03-17T15:09:16.842+0600] {logging_mixin.py:190} INFO - [2025-03-17T15:09:16.842+0600] {dagbag.py:588} INFO - Filling up the DagBag from /home/shamim/airflow_venv/lib/python3.12/site-packages/airflow/example_dags/example_dataset_alias.py
[2025-03-17T15:09:17.765+0600] {processor.py:925} INFO - DAG(s) 'dataset_s3_bucket_producer', 'dataset_alias_example_alias_producer', 'dataset_s3_bucket_consumer', 'dataset_alias_example_alias_consumer' retrieved from /home/shamim/airflow_venv/lib/python3.12/site-packages/airflow/example_dags/example_dataset_alias.py
[2025-03-17T15:09:17.801+0600] {logging_mixin.py:190} INFO - [2025-03-17T15:09:17.800+0600] {dag.py:3239} INFO - Sync 4 DAGs
[2025-03-17T15:09:17.841+0600] {logging_mixin.py:190} INFO - [2025-03-17T15:09:17.841+0600] {dag.py:4180} INFO - Setting next_dagrun for dataset_alias_example_alias_consumer to None, run_after=None
[2025-03-17T15:09:17.845+0600] {logging_mixin.py:190} INFO - [2025-03-17T15:09:17.845+0600] {dag.py:4180} INFO - Setting next_dagrun for dataset_alias_example_alias_producer to None, run_after=None
[2025-03-17T15:09:17.847+0600] {logging_mixin.py:190} INFO - [2025-03-17T15:09:17.847+0600] {dag.py:4180} INFO - Setting next_dagrun for dataset_s3_bucket_consumer to None, run_after=None
[2025-03-17T15:09:17.850+0600] {logging_mixin.py:190} INFO - [2025-03-17T15:09:17.849+0600] {dag.py:4180} INFO - Setting next_dagrun for dataset_s3_bucket_producer to None, run_after=None
[2025-03-17T15:09:17.896+0600] {processor.py:208} INFO - Processing /home/shamim/airflow_venv/lib/python3.12/site-packages/airflow/example_dags/example_dataset_alias.py took 1.074 seconds
[2025-03-17T15:15:33.498+0600] {processor.py:186} INFO - Started process (PID=21047) to work on /home/shamim/airflow_venv/lib/python3.12/site-packages/airflow/example_dags/example_dataset_alias.py
[2025-03-17T15:15:33.506+0600] {processor.py:914} INFO - Processing file /home/shamim/airflow_venv/lib/python3.12/site-packages/airflow/example_dags/example_dataset_alias.py for tasks to queue
[2025-03-17T15:15:33.512+0600] {logging_mixin.py:190} INFO - [2025-03-17T15:15:33.511+0600] {dagbag.py:588} INFO - Filling up the DagBag from /home/shamim/airflow_venv/lib/python3.12/site-packages/airflow/example_dags/example_dataset_alias.py
[2025-03-17T15:15:34.161+0600] {processor.py:925} INFO - DAG(s) 'dataset_s3_bucket_consumer', 'dataset_alias_example_alias_consumer', 'dataset_alias_example_alias_producer', 'dataset_s3_bucket_producer' retrieved from /home/shamim/airflow_venv/lib/python3.12/site-packages/airflow/example_dags/example_dataset_alias.py
[2025-03-17T15:15:34.187+0600] {logging_mixin.py:190} INFO - [2025-03-17T15:15:34.187+0600] {dag.py:3239} INFO - Sync 4 DAGs
[2025-03-17T15:15:34.215+0600] {logging_mixin.py:190} INFO - [2025-03-17T15:15:34.214+0600] {dag.py:4180} INFO - Setting next_dagrun for dataset_alias_example_alias_consumer to None, run_after=None
[2025-03-17T15:15:34.218+0600] {logging_mixin.py:190} INFO - [2025-03-17T15:15:34.218+0600] {dag.py:4180} INFO - Setting next_dagrun for dataset_alias_example_alias_producer to None, run_after=None
[2025-03-17T15:15:34.219+0600] {logging_mixin.py:190} INFO - [2025-03-17T15:15:34.219+0600] {dag.py:4180} INFO - Setting next_dagrun for dataset_s3_bucket_consumer to None, run_after=None
[2025-03-17T15:15:34.221+0600] {logging_mixin.py:190} INFO - [2025-03-17T15:15:34.221+0600] {dag.py:4180} INFO - Setting next_dagrun for dataset_s3_bucket_producer to None, run_after=None
[2025-03-17T15:15:34.256+0600] {processor.py:208} INFO - Processing /home/shamim/airflow_venv/lib/python3.12/site-packages/airflow/example_dags/example_dataset_alias.py took 0.776 seconds
[2025-03-17T15:26:30.470+0600] {processor.py:186} INFO - Started process (PID=22476) to work on /home/shamim/airflow_venv/lib/python3.12/site-packages/airflow/example_dags/example_dataset_alias.py
[2025-03-17T15:26:30.472+0600] {processor.py:914} INFO - Processing file /home/shamim/airflow_venv/lib/python3.12/site-packages/airflow/example_dags/example_dataset_alias.py for tasks to queue
[2025-03-17T15:26:30.476+0600] {logging_mixin.py:190} INFO - [2025-03-17T15:26:30.475+0600] {dagbag.py:588} INFO - Filling up the DagBag from /home/shamim/airflow_venv/lib/python3.12/site-packages/airflow/example_dags/example_dataset_alias.py
[2025-03-17T15:26:31.174+0600] {processor.py:925} INFO - DAG(s) 'dataset_alias_example_alias_consumer', 'dataset_s3_bucket_consumer', 'dataset_alias_example_alias_producer', 'dataset_s3_bucket_producer' retrieved from /home/shamim/airflow_venv/lib/python3.12/site-packages/airflow/example_dags/example_dataset_alias.py
[2025-03-17T15:26:31.198+0600] {logging_mixin.py:190} INFO - [2025-03-17T15:26:31.197+0600] {dag.py:3239} INFO - Sync 4 DAGs
[2025-03-17T15:26:31.221+0600] {logging_mixin.py:190} INFO - [2025-03-17T15:26:31.221+0600] {dag.py:4180} INFO - Setting next_dagrun for dataset_alias_example_alias_consumer to None, run_after=None
[2025-03-17T15:26:31.224+0600] {logging_mixin.py:190} INFO - [2025-03-17T15:26:31.223+0600] {dag.py:4180} INFO - Setting next_dagrun for dataset_alias_example_alias_producer to None, run_after=None
[2025-03-17T15:26:31.225+0600] {logging_mixin.py:190} INFO - [2025-03-17T15:26:31.225+0600] {dag.py:4180} INFO - Setting next_dagrun for dataset_s3_bucket_consumer to None, run_after=None
[2025-03-17T15:26:31.227+0600] {logging_mixin.py:190} INFO - [2025-03-17T15:26:31.226+0600] {dag.py:4180} INFO - Setting next_dagrun for dataset_s3_bucket_producer to None, run_after=None
[2025-03-17T15:26:31.260+0600] {processor.py:208} INFO - Processing /home/shamim/airflow_venv/lib/python3.12/site-packages/airflow/example_dags/example_dataset_alias.py took 0.801 seconds
[2025-03-17T15:30:45.527+0600] {processor.py:186} INFO - Started process (PID=23129) to work on /home/shamim/airflow_venv/lib/python3.12/site-packages/airflow/example_dags/example_dataset_alias.py
[2025-03-17T15:30:45.533+0600] {processor.py:914} INFO - Processing file /home/shamim/airflow_venv/lib/python3.12/site-packages/airflow/example_dags/example_dataset_alias.py for tasks to queue
[2025-03-17T15:30:45.536+0600] {logging_mixin.py:190} INFO - [2025-03-17T15:30:45.535+0600] {dagbag.py:588} INFO - Filling up the DagBag from /home/shamim/airflow_venv/lib/python3.12/site-packages/airflow/example_dags/example_dataset_alias.py
[2025-03-17T15:30:46.250+0600] {processor.py:925} INFO - DAG(s) 'dataset_alias_example_alias_producer', 'dataset_s3_bucket_producer', 'dataset_s3_bucket_consumer', 'dataset_alias_example_alias_consumer' retrieved from /home/shamim/airflow_venv/lib/python3.12/site-packages/airflow/example_dags/example_dataset_alias.py
[2025-03-17T15:30:46.278+0600] {logging_mixin.py:190} INFO - [2025-03-17T15:30:46.278+0600] {dag.py:3239} INFO - Sync 4 DAGs
[2025-03-17T15:30:46.306+0600] {logging_mixin.py:190} INFO - [2025-03-17T15:30:46.306+0600] {dag.py:4180} INFO - Setting next_dagrun for dataset_alias_example_alias_consumer to None, run_after=None
[2025-03-17T15:30:46.310+0600] {logging_mixin.py:190} INFO - [2025-03-17T15:30:46.309+0600] {dag.py:4180} INFO - Setting next_dagrun for dataset_alias_example_alias_producer to None, run_after=None
[2025-03-17T15:30:46.312+0600] {logging_mixin.py:190} INFO - [2025-03-17T15:30:46.311+0600] {dag.py:4180} INFO - Setting next_dagrun for dataset_s3_bucket_consumer to None, run_after=None
[2025-03-17T15:30:46.313+0600] {logging_mixin.py:190} INFO - [2025-03-17T15:30:46.313+0600] {dag.py:4180} INFO - Setting next_dagrun for dataset_s3_bucket_producer to None, run_after=None
[2025-03-17T15:30:46.352+0600] {processor.py:208} INFO - Processing /home/shamim/airflow_venv/lib/python3.12/site-packages/airflow/example_dags/example_dataset_alias.py took 0.834 seconds
[2025-03-17T15:32:16.835+0600] {processor.py:186} INFO - Started process (PID=23306) to work on /home/shamim/airflow_venv/lib/python3.12/site-packages/airflow/example_dags/example_dataset_alias.py
[2025-03-17T15:32:16.843+0600] {processor.py:914} INFO - Processing file /home/shamim/airflow_venv/lib/python3.12/site-packages/airflow/example_dags/example_dataset_alias.py for tasks to queue
[2025-03-17T15:32:16.850+0600] {logging_mixin.py:190} INFO - [2025-03-17T15:32:16.849+0600] {dagbag.py:588} INFO - Filling up the DagBag from /home/shamim/airflow_venv/lib/python3.12/site-packages/airflow/example_dags/example_dataset_alias.py
[2025-03-17T15:32:17.574+0600] {processor.py:925} INFO - DAG(s) 'dataset_alias_example_alias_producer', 'dataset_alias_example_alias_consumer', 'dataset_s3_bucket_consumer', 'dataset_s3_bucket_producer' retrieved from /home/shamim/airflow_venv/lib/python3.12/site-packages/airflow/example_dags/example_dataset_alias.py
[2025-03-17T15:32:17.602+0600] {logging_mixin.py:190} INFO - [2025-03-17T15:32:17.602+0600] {dag.py:3239} INFO - Sync 4 DAGs
[2025-03-17T15:32:17.630+0600] {logging_mixin.py:190} INFO - [2025-03-17T15:32:17.629+0600] {dag.py:4180} INFO - Setting next_dagrun for dataset_alias_example_alias_consumer to None, run_after=None
[2025-03-17T15:32:17.634+0600] {logging_mixin.py:190} INFO - [2025-03-17T15:32:17.634+0600] {dag.py:4180} INFO - Setting next_dagrun for dataset_alias_example_alias_producer to None, run_after=None
[2025-03-17T15:32:17.635+0600] {logging_mixin.py:190} INFO - [2025-03-17T15:32:17.635+0600] {dag.py:4180} INFO - Setting next_dagrun for dataset_s3_bucket_consumer to None, run_after=None
[2025-03-17T15:32:17.636+0600] {logging_mixin.py:190} INFO - [2025-03-17T15:32:17.636+0600] {dag.py:4180} INFO - Setting next_dagrun for dataset_s3_bucket_producer to None, run_after=None
[2025-03-17T15:32:17.673+0600] {processor.py:208} INFO - Processing /home/shamim/airflow_venv/lib/python3.12/site-packages/airflow/example_dags/example_dataset_alias.py took 0.857 seconds
[2025-03-17T15:33:44.352+0600] {processor.py:186} INFO - Started process (PID=23452) to work on /home/shamim/airflow_venv/lib/python3.12/site-packages/airflow/example_dags/example_dataset_alias.py
[2025-03-17T15:33:44.358+0600] {processor.py:914} INFO - Processing file /home/shamim/airflow_venv/lib/python3.12/site-packages/airflow/example_dags/example_dataset_alias.py for tasks to queue
[2025-03-17T15:33:44.361+0600] {logging_mixin.py:190} INFO - [2025-03-17T15:33:44.361+0600] {dagbag.py:588} INFO - Filling up the DagBag from /home/shamim/airflow_venv/lib/python3.12/site-packages/airflow/example_dags/example_dataset_alias.py
[2025-03-17T15:33:44.952+0600] {processor.py:925} INFO - DAG(s) 'dataset_alias_example_alias_producer', 'dataset_alias_example_alias_consumer', 'dataset_s3_bucket_consumer', 'dataset_s3_bucket_producer' retrieved from /home/shamim/airflow_venv/lib/python3.12/site-packages/airflow/example_dags/example_dataset_alias.py
[2025-03-17T15:33:44.975+0600] {logging_mixin.py:190} INFO - [2025-03-17T15:33:44.974+0600] {dag.py:3239} INFO - Sync 4 DAGs
[2025-03-17T15:33:44.999+0600] {logging_mixin.py:190} INFO - [2025-03-17T15:33:44.999+0600] {dag.py:4180} INFO - Setting next_dagrun for dataset_alias_example_alias_consumer to None, run_after=None
[2025-03-17T15:33:45.002+0600] {logging_mixin.py:190} INFO - [2025-03-17T15:33:45.002+0600] {dag.py:4180} INFO - Setting next_dagrun for dataset_alias_example_alias_producer to None, run_after=None
[2025-03-17T15:33:45.003+0600] {logging_mixin.py:190} INFO - [2025-03-17T15:33:45.003+0600] {dag.py:4180} INFO - Setting next_dagrun for dataset_s3_bucket_consumer to None, run_after=None
[2025-03-17T15:33:45.004+0600] {logging_mixin.py:190} INFO - [2025-03-17T15:33:45.004+0600] {dag.py:4180} INFO - Setting next_dagrun for dataset_s3_bucket_producer to None, run_after=None
[2025-03-17T15:33:45.032+0600] {processor.py:208} INFO - Processing /home/shamim/airflow_venv/lib/python3.12/site-packages/airflow/example_dags/example_dataset_alias.py took 0.687 seconds
[2025-03-17T15:35:18.050+0600] {processor.py:186} INFO - Started process (PID=23629) to work on /home/shamim/airflow_venv/lib/python3.12/site-packages/airflow/example_dags/example_dataset_alias.py
[2025-03-17T15:35:18.056+0600] {processor.py:914} INFO - Processing file /home/shamim/airflow_venv/lib/python3.12/site-packages/airflow/example_dags/example_dataset_alias.py for tasks to queue
[2025-03-17T15:35:18.059+0600] {logging_mixin.py:190} INFO - [2025-03-17T15:35:18.058+0600] {dagbag.py:588} INFO - Filling up the DagBag from /home/shamim/airflow_venv/lib/python3.12/site-packages/airflow/example_dags/example_dataset_alias.py
[2025-03-17T15:35:18.742+0600] {processor.py:925} INFO - DAG(s) 'dataset_alias_example_alias_consumer', 'dataset_s3_bucket_consumer', 'dataset_s3_bucket_producer', 'dataset_alias_example_alias_producer' retrieved from /home/shamim/airflow_venv/lib/python3.12/site-packages/airflow/example_dags/example_dataset_alias.py
[2025-03-17T15:35:18.766+0600] {logging_mixin.py:190} INFO - [2025-03-17T15:35:18.765+0600] {dag.py:3239} INFO - Sync 4 DAGs
[2025-03-17T15:35:18.787+0600] {logging_mixin.py:190} INFO - [2025-03-17T15:35:18.787+0600] {dag.py:4180} INFO - Setting next_dagrun for dataset_alias_example_alias_consumer to None, run_after=None
[2025-03-17T15:35:18.790+0600] {logging_mixin.py:190} INFO - [2025-03-17T15:35:18.790+0600] {dag.py:4180} INFO - Setting next_dagrun for dataset_alias_example_alias_producer to None, run_after=None
[2025-03-17T15:35:18.791+0600] {logging_mixin.py:190} INFO - [2025-03-17T15:35:18.791+0600] {dag.py:4180} INFO - Setting next_dagrun for dataset_s3_bucket_consumer to None, run_after=None
[2025-03-17T15:35:18.792+0600] {logging_mixin.py:190} INFO - [2025-03-17T15:35:18.792+0600] {dag.py:4180} INFO - Setting next_dagrun for dataset_s3_bucket_producer to None, run_after=None
[2025-03-17T15:35:18.821+0600] {processor.py:208} INFO - Processing /home/shamim/airflow_venv/lib/python3.12/site-packages/airflow/example_dags/example_dataset_alias.py took 0.780 seconds
[2025-03-17T15:36:50.711+0600] {processor.py:186} INFO - Started process (PID=23808) to work on /home/shamim/airflow_venv/lib/python3.12/site-packages/airflow/example_dags/example_dataset_alias.py
[2025-03-17T15:36:50.726+0600] {processor.py:914} INFO - Processing file /home/shamim/airflow_venv/lib/python3.12/site-packages/airflow/example_dags/example_dataset_alias.py for tasks to queue
[2025-03-17T15:36:50.733+0600] {logging_mixin.py:190} INFO - [2025-03-17T15:36:50.730+0600] {dagbag.py:588} INFO - Filling up the DagBag from /home/shamim/airflow_venv/lib/python3.12/site-packages/airflow/example_dags/example_dataset_alias.py
[2025-03-17T15:36:51.504+0600] {processor.py:925} INFO - DAG(s) 'dataset_alias_example_alias_consumer', 'dataset_s3_bucket_consumer', 'dataset_s3_bucket_producer', 'dataset_alias_example_alias_producer' retrieved from /home/shamim/airflow_venv/lib/python3.12/site-packages/airflow/example_dags/example_dataset_alias.py
[2025-03-17T15:36:51.529+0600] {logging_mixin.py:190} INFO - [2025-03-17T15:36:51.529+0600] {dag.py:3239} INFO - Sync 4 DAGs
[2025-03-17T15:36:51.553+0600] {logging_mixin.py:190} INFO - [2025-03-17T15:36:51.552+0600] {dag.py:4180} INFO - Setting next_dagrun for dataset_alias_example_alias_consumer to None, run_after=None
[2025-03-17T15:36:51.556+0600] {logging_mixin.py:190} INFO - [2025-03-17T15:36:51.555+0600] {dag.py:4180} INFO - Setting next_dagrun for dataset_alias_example_alias_producer to None, run_after=None
[2025-03-17T15:36:51.557+0600] {logging_mixin.py:190} INFO - [2025-03-17T15:36:51.557+0600] {dag.py:4180} INFO - Setting next_dagrun for dataset_s3_bucket_consumer to None, run_after=None
[2025-03-17T15:36:51.558+0600] {logging_mixin.py:190} INFO - [2025-03-17T15:36:51.558+0600] {dag.py:4180} INFO - Setting next_dagrun for dataset_s3_bucket_producer to None, run_after=None
[2025-03-17T15:36:51.590+0600] {processor.py:208} INFO - Processing /home/shamim/airflow_venv/lib/python3.12/site-packages/airflow/example_dags/example_dataset_alias.py took 0.893 seconds
