[2025-03-17T15:00:05.120+0600] {processor.py:186} INFO - Started process (PID=19282) to work on /home/shamim/airflow_venv/lib/python3.12/site-packages/airflow/example_dags/example_trigger_target_dag.py
[2025-03-17T15:00:05.121+0600] {processor.py:914} INFO - Processing file /home/shamim/airflow_venv/lib/python3.12/site-packages/airflow/example_dags/example_trigger_target_dag.py for tasks to queue
[2025-03-17T15:00:05.123+0600] {logging_mixin.py:190} INFO - [2025-03-17T15:00:05.123+0600] {dagbag.py:588} INFO - Filling up the DagBag from /home/shamim/airflow_venv/lib/python3.12/site-packages/airflow/example_dags/example_trigger_target_dag.py
[2025-03-17T15:00:05.133+0600] {processor.py:925} INFO - DAG(s) 'example_trigger_target_dag' retrieved from /home/shamim/airflow_venv/lib/python3.12/site-packages/airflow/example_dags/example_trigger_target_dag.py
[2025-03-17T15:00:05.297+0600] {logging_mixin.py:190} INFO - [2025-03-17T15:00:05.296+0600] {override.py:1930} INFO - Created Permission View: can read on DAG:example_trigger_target_dag
[2025-03-17T15:00:05.309+0600] {logging_mixin.py:190} INFO - [2025-03-17T15:00:05.308+0600] {override.py:1930} INFO - Created Permission View: can delete on DAG:example_trigger_target_dag
[2025-03-17T15:00:05.317+0600] {logging_mixin.py:190} INFO - [2025-03-17T15:00:05.316+0600] {override.py:1930} INFO - Created Permission View: can edit on DAG:example_trigger_target_dag
[2025-03-17T15:00:05.328+0600] {logging_mixin.py:190} INFO - [2025-03-17T15:00:05.328+0600] {override.py:1930} INFO - Created Permission View: can create on DAG Run:example_trigger_target_dag
[2025-03-17T15:00:05.338+0600] {logging_mixin.py:190} INFO - [2025-03-17T15:00:05.338+0600] {override.py:1930} INFO - Created Permission View: can read on DAG Run:example_trigger_target_dag
[2025-03-17T15:00:05.350+0600] {logging_mixin.py:190} INFO - [2025-03-17T15:00:05.349+0600] {override.py:1930} INFO - Created Permission View: can delete on DAG Run:example_trigger_target_dag
[2025-03-17T15:00:05.361+0600] {logging_mixin.py:190} INFO - [2025-03-17T15:00:05.360+0600] {override.py:1930} INFO - Created Permission View: menu access on DAG Run:example_trigger_target_dag
[2025-03-17T15:00:05.361+0600] {logging_mixin.py:190} INFO - [2025-03-17T15:00:05.361+0600] {dag.py:3239} INFO - Sync 1 DAGs
[2025-03-17T15:00:05.380+0600] {logging_mixin.py:190} INFO - [2025-03-17T15:00:05.380+0600] {dag.py:3262} INFO - Creating ORM DAG for example_trigger_target_dag
[2025-03-17T15:00:05.381+0600] {logging_mixin.py:190} INFO - [2025-03-17T15:00:05.381+0600] {dag.py:4180} INFO - Setting next_dagrun for example_trigger_target_dag to None, run_after=None
[2025-03-17T15:00:05.408+0600] {processor.py:208} INFO - Processing /home/shamim/airflow_venv/lib/python3.12/site-packages/airflow/example_dags/example_trigger_target_dag.py took 0.297 seconds
[2025-03-17T15:01:20.499+0600] {processor.py:186} INFO - Started process (PID=19438) to work on /home/shamim/airflow_venv/lib/python3.12/site-packages/airflow/example_dags/example_trigger_target_dag.py
[2025-03-17T15:01:20.506+0600] {processor.py:914} INFO - Processing file /home/shamim/airflow_venv/lib/python3.12/site-packages/airflow/example_dags/example_trigger_target_dag.py for tasks to queue
[2025-03-17T15:01:20.508+0600] {logging_mixin.py:190} INFO - [2025-03-17T15:01:20.508+0600] {dagbag.py:588} INFO - Filling up the DagBag from /home/shamim/airflow_venv/lib/python3.12/site-packages/airflow/example_dags/example_trigger_target_dag.py
[2025-03-17T15:01:20.518+0600] {processor.py:925} INFO - DAG(s) 'example_trigger_target_dag' retrieved from /home/shamim/airflow_venv/lib/python3.12/site-packages/airflow/example_dags/example_trigger_target_dag.py
[2025-03-17T15:01:20.535+0600] {logging_mixin.py:190} INFO - [2025-03-17T15:01:20.535+0600] {dag.py:3239} INFO - Sync 1 DAGs
[2025-03-17T15:01:20.551+0600] {logging_mixin.py:190} INFO - [2025-03-17T15:01:20.551+0600] {dag.py:4180} INFO - Setting next_dagrun for example_trigger_target_dag to None, run_after=None
[2025-03-17T15:01:20.595+0600] {processor.py:208} INFO - Processing /home/shamim/airflow_venv/lib/python3.12/site-packages/airflow/example_dags/example_trigger_target_dag.py took 0.103 seconds
[2025-03-17T15:02:33.035+0600] {processor.py:186} INFO - Started process (PID=19543) to work on /home/shamim/airflow_venv/lib/python3.12/site-packages/airflow/example_dags/example_trigger_target_dag.py
[2025-03-17T15:02:33.041+0600] {processor.py:914} INFO - Processing file /home/shamim/airflow_venv/lib/python3.12/site-packages/airflow/example_dags/example_trigger_target_dag.py for tasks to queue
[2025-03-17T15:02:33.045+0600] {logging_mixin.py:190} INFO - [2025-03-17T15:02:33.045+0600] {dagbag.py:588} INFO - Filling up the DagBag from /home/shamim/airflow_venv/lib/python3.12/site-packages/airflow/example_dags/example_trigger_target_dag.py
[2025-03-17T15:02:33.056+0600] {processor.py:925} INFO - DAG(s) 'example_trigger_target_dag' retrieved from /home/shamim/airflow_venv/lib/python3.12/site-packages/airflow/example_dags/example_trigger_target_dag.py
[2025-03-17T15:02:33.085+0600] {logging_mixin.py:190} INFO - [2025-03-17T15:02:33.084+0600] {dag.py:3239} INFO - Sync 1 DAGs
[2025-03-17T15:02:33.111+0600] {logging_mixin.py:190} INFO - [2025-03-17T15:02:33.111+0600] {dag.py:4180} INFO - Setting next_dagrun for example_trigger_target_dag to None, run_after=None
[2025-03-17T15:02:33.170+0600] {processor.py:208} INFO - Processing /home/shamim/airflow_venv/lib/python3.12/site-packages/airflow/example_dags/example_trigger_target_dag.py took 0.142 seconds
[2025-03-17T15:03:50.301+0600] {processor.py:186} INFO - Started process (PID=19660) to work on /home/shamim/airflow_venv/lib/python3.12/site-packages/airflow/example_dags/example_trigger_target_dag.py
[2025-03-17T15:03:50.308+0600] {processor.py:914} INFO - Processing file /home/shamim/airflow_venv/lib/python3.12/site-packages/airflow/example_dags/example_trigger_target_dag.py for tasks to queue
[2025-03-17T15:03:50.311+0600] {logging_mixin.py:190} INFO - [2025-03-17T15:03:50.311+0600] {dagbag.py:588} INFO - Filling up the DagBag from /home/shamim/airflow_venv/lib/python3.12/site-packages/airflow/example_dags/example_trigger_target_dag.py
[2025-03-17T15:03:50.322+0600] {processor.py:925} INFO - DAG(s) 'example_trigger_target_dag' retrieved from /home/shamim/airflow_venv/lib/python3.12/site-packages/airflow/example_dags/example_trigger_target_dag.py
[2025-03-17T15:03:50.339+0600] {logging_mixin.py:190} INFO - [2025-03-17T15:03:50.338+0600] {dag.py:3239} INFO - Sync 1 DAGs
[2025-03-17T15:03:50.353+0600] {logging_mixin.py:190} INFO - [2025-03-17T15:03:50.353+0600] {dag.py:4180} INFO - Setting next_dagrun for example_trigger_target_dag to None, run_after=None
[2025-03-17T15:03:50.388+0600] {processor.py:208} INFO - Processing /home/shamim/airflow_venv/lib/python3.12/site-packages/airflow/example_dags/example_trigger_target_dag.py took 0.094 seconds
[2025-03-17T15:05:47.787+0600] {processor.py:186} INFO - Started process (PID=19787) to work on /home/shamim/airflow_venv/lib/python3.12/site-packages/airflow/example_dags/example_trigger_target_dag.py
[2025-03-17T15:05:47.802+0600] {processor.py:914} INFO - Processing file /home/shamim/airflow_venv/lib/python3.12/site-packages/airflow/example_dags/example_trigger_target_dag.py for tasks to queue
[2025-03-17T15:05:47.813+0600] {logging_mixin.py:190} INFO - [2025-03-17T15:05:47.812+0600] {dagbag.py:588} INFO - Filling up the DagBag from /home/shamim/airflow_venv/lib/python3.12/site-packages/airflow/example_dags/example_trigger_target_dag.py
[2025-03-17T15:05:47.859+0600] {processor.py:925} INFO - DAG(s) 'example_trigger_target_dag' retrieved from /home/shamim/airflow_venv/lib/python3.12/site-packages/airflow/example_dags/example_trigger_target_dag.py
[2025-03-17T15:05:47.896+0600] {logging_mixin.py:190} INFO - [2025-03-17T15:05:47.895+0600] {dag.py:3239} INFO - Sync 1 DAGs
[2025-03-17T15:05:47.925+0600] {logging_mixin.py:190} INFO - [2025-03-17T15:05:47.925+0600] {dag.py:4180} INFO - Setting next_dagrun for example_trigger_target_dag to None, run_after=None
[2025-03-17T15:05:47.984+0600] {processor.py:208} INFO - Processing /home/shamim/airflow_venv/lib/python3.12/site-packages/airflow/example_dags/example_trigger_target_dag.py took 0.226 seconds
[2025-03-17T15:07:02.352+0600] {processor.py:186} INFO - Started process (PID=19970) to work on /home/shamim/airflow_venv/lib/python3.12/site-packages/airflow/example_dags/example_trigger_target_dag.py
[2025-03-17T15:07:02.358+0600] {processor.py:914} INFO - Processing file /home/shamim/airflow_venv/lib/python3.12/site-packages/airflow/example_dags/example_trigger_target_dag.py for tasks to queue
[2025-03-17T15:07:02.362+0600] {logging_mixin.py:190} INFO - [2025-03-17T15:07:02.361+0600] {dagbag.py:588} INFO - Filling up the DagBag from /home/shamim/airflow_venv/lib/python3.12/site-packages/airflow/example_dags/example_trigger_target_dag.py
[2025-03-17T15:07:02.375+0600] {processor.py:925} INFO - DAG(s) 'example_trigger_target_dag' retrieved from /home/shamim/airflow_venv/lib/python3.12/site-packages/airflow/example_dags/example_trigger_target_dag.py
[2025-03-17T15:07:02.398+0600] {logging_mixin.py:190} INFO - [2025-03-17T15:07:02.397+0600] {dag.py:3239} INFO - Sync 1 DAGs
[2025-03-17T15:07:02.422+0600] {logging_mixin.py:190} INFO - [2025-03-17T15:07:02.422+0600] {dag.py:4180} INFO - Setting next_dagrun for example_trigger_target_dag to None, run_after=None
[2025-03-17T15:07:02.465+0600] {processor.py:208} INFO - Processing /home/shamim/airflow_venv/lib/python3.12/site-packages/airflow/example_dags/example_trigger_target_dag.py took 0.123 seconds
[2025-03-17T15:08:30.809+0600] {processor.py:186} INFO - Started process (PID=20204) to work on /home/shamim/airflow_venv/lib/python3.12/site-packages/airflow/example_dags/example_trigger_target_dag.py
[2025-03-17T15:08:30.816+0600] {processor.py:914} INFO - Processing file /home/shamim/airflow_venv/lib/python3.12/site-packages/airflow/example_dags/example_trigger_target_dag.py for tasks to queue
[2025-03-17T15:08:30.820+0600] {logging_mixin.py:190} INFO - [2025-03-17T15:08:30.820+0600] {dagbag.py:588} INFO - Filling up the DagBag from /home/shamim/airflow_venv/lib/python3.12/site-packages/airflow/example_dags/example_trigger_target_dag.py
[2025-03-17T15:08:30.835+0600] {processor.py:925} INFO - DAG(s) 'example_trigger_target_dag' retrieved from /home/shamim/airflow_venv/lib/python3.12/site-packages/airflow/example_dags/example_trigger_target_dag.py
[2025-03-17T15:08:30.854+0600] {logging_mixin.py:190} INFO - [2025-03-17T15:08:30.854+0600] {dag.py:3239} INFO - Sync 1 DAGs
[2025-03-17T15:08:30.871+0600] {logging_mixin.py:190} INFO - [2025-03-17T15:08:30.871+0600] {dag.py:4180} INFO - Setting next_dagrun for example_trigger_target_dag to None, run_after=None
[2025-03-17T15:08:30.910+0600] {processor.py:208} INFO - Processing /home/shamim/airflow_venv/lib/python3.12/site-packages/airflow/example_dags/example_trigger_target_dag.py took 0.118 seconds
[2025-03-17T15:09:45.382+0600] {processor.py:186} INFO - Started process (PID=20373) to work on /home/shamim/airflow_venv/lib/python3.12/site-packages/airflow/example_dags/example_trigger_target_dag.py
[2025-03-17T15:09:45.388+0600] {processor.py:914} INFO - Processing file /home/shamim/airflow_venv/lib/python3.12/site-packages/airflow/example_dags/example_trigger_target_dag.py for tasks to queue
[2025-03-17T15:09:45.391+0600] {logging_mixin.py:190} INFO - [2025-03-17T15:09:45.391+0600] {dagbag.py:588} INFO - Filling up the DagBag from /home/shamim/airflow_venv/lib/python3.12/site-packages/airflow/example_dags/example_trigger_target_dag.py
[2025-03-17T15:09:45.401+0600] {processor.py:925} INFO - DAG(s) 'example_trigger_target_dag' retrieved from /home/shamim/airflow_venv/lib/python3.12/site-packages/airflow/example_dags/example_trigger_target_dag.py
[2025-03-17T15:09:45.420+0600] {logging_mixin.py:190} INFO - [2025-03-17T15:09:45.419+0600] {dag.py:3239} INFO - Sync 1 DAGs
[2025-03-17T15:09:45.436+0600] {logging_mixin.py:190} INFO - [2025-03-17T15:09:45.436+0600] {dag.py:4180} INFO - Setting next_dagrun for example_trigger_target_dag to None, run_after=None
[2025-03-17T15:09:45.474+0600] {processor.py:208} INFO - Processing /home/shamim/airflow_venv/lib/python3.12/site-packages/airflow/example_dags/example_trigger_target_dag.py took 0.099 seconds
[2025-03-17T15:13:46.737+0600] {processor.py:186} INFO - Started process (PID=20808) to work on /home/shamim/airflow_venv/lib/python3.12/site-packages/airflow/example_dags/example_trigger_target_dag.py
[2025-03-17T15:13:46.739+0600] {processor.py:914} INFO - Processing file /home/shamim/airflow_venv/lib/python3.12/site-packages/airflow/example_dags/example_trigger_target_dag.py for tasks to queue
[2025-03-17T15:13:46.742+0600] {logging_mixin.py:190} INFO - [2025-03-17T15:13:46.742+0600] {dagbag.py:588} INFO - Filling up the DagBag from /home/shamim/airflow_venv/lib/python3.12/site-packages/airflow/example_dags/example_trigger_target_dag.py
[2025-03-17T15:13:46.752+0600] {processor.py:925} INFO - DAG(s) 'example_trigger_target_dag' retrieved from /home/shamim/airflow_venv/lib/python3.12/site-packages/airflow/example_dags/example_trigger_target_dag.py
[2025-03-17T15:13:46.771+0600] {logging_mixin.py:190} INFO - [2025-03-17T15:13:46.770+0600] {dag.py:3239} INFO - Sync 1 DAGs
[2025-03-17T15:13:46.789+0600] {logging_mixin.py:190} INFO - [2025-03-17T15:13:46.789+0600] {dag.py:4180} INFO - Setting next_dagrun for example_trigger_target_dag to None, run_after=None
[2025-03-17T15:13:46.815+0600] {processor.py:208} INFO - Processing /home/shamim/airflow_venv/lib/python3.12/site-packages/airflow/example_dags/example_trigger_target_dag.py took 0.085 seconds
[2025-03-17T15:21:48.521+0600] {processor.py:186} INFO - Started process (PID=21912) to work on /home/shamim/airflow_venv/lib/python3.12/site-packages/airflow/example_dags/example_trigger_target_dag.py
[2025-03-17T15:21:48.522+0600] {processor.py:914} INFO - Processing file /home/shamim/airflow_venv/lib/python3.12/site-packages/airflow/example_dags/example_trigger_target_dag.py for tasks to queue
[2025-03-17T15:21:48.525+0600] {logging_mixin.py:190} INFO - [2025-03-17T15:21:48.524+0600] {dagbag.py:588} INFO - Filling up the DagBag from /home/shamim/airflow_venv/lib/python3.12/site-packages/airflow/example_dags/example_trigger_target_dag.py
[2025-03-17T15:21:48.536+0600] {processor.py:925} INFO - DAG(s) 'example_trigger_target_dag' retrieved from /home/shamim/airflow_venv/lib/python3.12/site-packages/airflow/example_dags/example_trigger_target_dag.py
[2025-03-17T15:21:48.554+0600] {logging_mixin.py:190} INFO - [2025-03-17T15:21:48.554+0600] {dag.py:3239} INFO - Sync 1 DAGs
[2025-03-17T15:21:48.573+0600] {logging_mixin.py:190} INFO - [2025-03-17T15:21:48.572+0600] {dag.py:4180} INFO - Setting next_dagrun for example_trigger_target_dag to None, run_after=None
[2025-03-17T15:21:48.607+0600] {processor.py:208} INFO - Processing /home/shamim/airflow_venv/lib/python3.12/site-packages/airflow/example_dags/example_trigger_target_dag.py took 0.093 seconds
[2025-03-17T15:28:41.248+0600] {processor.py:186} INFO - Started process (PID=22826) to work on /home/shamim/airflow_venv/lib/python3.12/site-packages/airflow/example_dags/example_trigger_target_dag.py
[2025-03-17T15:28:41.254+0600] {processor.py:914} INFO - Processing file /home/shamim/airflow_venv/lib/python3.12/site-packages/airflow/example_dags/example_trigger_target_dag.py for tasks to queue
[2025-03-17T15:28:41.259+0600] {logging_mixin.py:190} INFO - [2025-03-17T15:28:41.258+0600] {dagbag.py:588} INFO - Filling up the DagBag from /home/shamim/airflow_venv/lib/python3.12/site-packages/airflow/example_dags/example_trigger_target_dag.py
[2025-03-17T15:28:41.270+0600] {processor.py:925} INFO - DAG(s) 'example_trigger_target_dag' retrieved from /home/shamim/airflow_venv/lib/python3.12/site-packages/airflow/example_dags/example_trigger_target_dag.py
[2025-03-17T15:28:41.289+0600] {logging_mixin.py:190} INFO - [2025-03-17T15:28:41.289+0600] {dag.py:3239} INFO - Sync 1 DAGs
[2025-03-17T15:28:41.306+0600] {logging_mixin.py:190} INFO - [2025-03-17T15:28:41.306+0600] {dag.py:4180} INFO - Setting next_dagrun for example_trigger_target_dag to None, run_after=None
[2025-03-17T15:28:41.336+0600] {processor.py:208} INFO - Processing /home/shamim/airflow_venv/lib/python3.12/site-packages/airflow/example_dags/example_trigger_target_dag.py took 0.097 seconds
[2025-03-17T15:31:22.750+0600] {processor.py:186} INFO - Started process (PID=23202) to work on /home/shamim/airflow_venv/lib/python3.12/site-packages/airflow/example_dags/example_trigger_target_dag.py
[2025-03-17T15:31:22.756+0600] {processor.py:914} INFO - Processing file /home/shamim/airflow_venv/lib/python3.12/site-packages/airflow/example_dags/example_trigger_target_dag.py for tasks to queue
[2025-03-17T15:31:22.759+0600] {logging_mixin.py:190} INFO - [2025-03-17T15:31:22.759+0600] {dagbag.py:588} INFO - Filling up the DagBag from /home/shamim/airflow_venv/lib/python3.12/site-packages/airflow/example_dags/example_trigger_target_dag.py
[2025-03-17T15:31:22.769+0600] {processor.py:925} INFO - DAG(s) 'example_trigger_target_dag' retrieved from /home/shamim/airflow_venv/lib/python3.12/site-packages/airflow/example_dags/example_trigger_target_dag.py
[2025-03-17T15:31:22.786+0600] {logging_mixin.py:190} INFO - [2025-03-17T15:31:22.786+0600] {dag.py:3239} INFO - Sync 1 DAGs
[2025-03-17T15:31:22.802+0600] {logging_mixin.py:190} INFO - [2025-03-17T15:31:22.802+0600] {dag.py:4180} INFO - Setting next_dagrun for example_trigger_target_dag to None, run_after=None
[2025-03-17T15:31:22.827+0600] {processor.py:208} INFO - Processing /home/shamim/airflow_venv/lib/python3.12/site-packages/airflow/example_dags/example_trigger_target_dag.py took 0.084 seconds
[2025-03-17T15:32:51.063+0600] {processor.py:186} INFO - Started process (PID=23386) to work on /home/shamim/airflow_venv/lib/python3.12/site-packages/airflow/example_dags/example_trigger_target_dag.py
[2025-03-17T15:32:51.091+0600] {processor.py:914} INFO - Processing file /home/shamim/airflow_venv/lib/python3.12/site-packages/airflow/example_dags/example_trigger_target_dag.py for tasks to queue
[2025-03-17T15:32:51.097+0600] {logging_mixin.py:190} INFO - [2025-03-17T15:32:51.096+0600] {dagbag.py:588} INFO - Filling up the DagBag from /home/shamim/airflow_venv/lib/python3.12/site-packages/airflow/example_dags/example_trigger_target_dag.py
[2025-03-17T15:32:51.116+0600] {processor.py:925} INFO - DAG(s) 'example_trigger_target_dag' retrieved from /home/shamim/airflow_venv/lib/python3.12/site-packages/airflow/example_dags/example_trigger_target_dag.py
[2025-03-17T15:32:51.144+0600] {logging_mixin.py:190} INFO - [2025-03-17T15:32:51.144+0600] {dag.py:3239} INFO - Sync 1 DAGs
[2025-03-17T15:32:51.166+0600] {logging_mixin.py:190} INFO - [2025-03-17T15:32:51.165+0600] {dag.py:4180} INFO - Setting next_dagrun for example_trigger_target_dag to None, run_after=None
[2025-03-17T15:32:51.194+0600] {processor.py:208} INFO - Processing /home/shamim/airflow_venv/lib/python3.12/site-packages/airflow/example_dags/example_trigger_target_dag.py took 0.142 seconds
[2025-03-17T15:33:58.890+0600] {processor.py:186} INFO - Started process (PID=23472) to work on /home/shamim/airflow_venv/lib/python3.12/site-packages/airflow/example_dags/example_trigger_target_dag.py
[2025-03-17T15:33:58.896+0600] {processor.py:914} INFO - Processing file /home/shamim/airflow_venv/lib/python3.12/site-packages/airflow/example_dags/example_trigger_target_dag.py for tasks to queue
[2025-03-17T15:33:58.900+0600] {logging_mixin.py:190} INFO - [2025-03-17T15:33:58.899+0600] {dagbag.py:588} INFO - Filling up the DagBag from /home/shamim/airflow_venv/lib/python3.12/site-packages/airflow/example_dags/example_trigger_target_dag.py
[2025-03-17T15:33:58.911+0600] {processor.py:925} INFO - DAG(s) 'example_trigger_target_dag' retrieved from /home/shamim/airflow_venv/lib/python3.12/site-packages/airflow/example_dags/example_trigger_target_dag.py
[2025-03-17T15:33:58.930+0600] {logging_mixin.py:190} INFO - [2025-03-17T15:33:58.930+0600] {dag.py:3239} INFO - Sync 1 DAGs
[2025-03-17T15:33:58.947+0600] {logging_mixin.py:190} INFO - [2025-03-17T15:33:58.947+0600] {dag.py:4180} INFO - Setting next_dagrun for example_trigger_target_dag to None, run_after=None
[2025-03-17T15:33:58.982+0600] {processor.py:208} INFO - Processing /home/shamim/airflow_venv/lib/python3.12/site-packages/airflow/example_dags/example_trigger_target_dag.py took 0.104 seconds
[2025-03-17T15:35:44.272+0600] {processor.py:186} INFO - Started process (PID=23679) to work on /home/shamim/airflow_venv/lib/python3.12/site-packages/airflow/example_dags/example_trigger_target_dag.py
[2025-03-17T15:35:44.278+0600] {processor.py:914} INFO - Processing file /home/shamim/airflow_venv/lib/python3.12/site-packages/airflow/example_dags/example_trigger_target_dag.py for tasks to queue
[2025-03-17T15:35:44.283+0600] {logging_mixin.py:190} INFO - [2025-03-17T15:35:44.282+0600] {dagbag.py:588} INFO - Filling up the DagBag from /home/shamim/airflow_venv/lib/python3.12/site-packages/airflow/example_dags/example_trigger_target_dag.py
[2025-03-17T15:35:44.296+0600] {processor.py:925} INFO - DAG(s) 'example_trigger_target_dag' retrieved from /home/shamim/airflow_venv/lib/python3.12/site-packages/airflow/example_dags/example_trigger_target_dag.py
[2025-03-17T15:35:44.320+0600] {logging_mixin.py:190} INFO - [2025-03-17T15:35:44.319+0600] {dag.py:3239} INFO - Sync 1 DAGs
[2025-03-17T15:35:44.340+0600] {logging_mixin.py:190} INFO - [2025-03-17T15:35:44.339+0600] {dag.py:4180} INFO - Setting next_dagrun for example_trigger_target_dag to None, run_after=None
[2025-03-17T15:35:44.369+0600] {processor.py:208} INFO - Processing /home/shamim/airflow_venv/lib/python3.12/site-packages/airflow/example_dags/example_trigger_target_dag.py took 0.106 seconds
[2025-03-17T15:37:28.140+0600] {processor.py:186} INFO - Started process (PID=23868) to work on /home/shamim/airflow_venv/lib/python3.12/site-packages/airflow/example_dags/example_trigger_target_dag.py
[2025-03-17T15:37:28.146+0600] {processor.py:914} INFO - Processing file /home/shamim/airflow_venv/lib/python3.12/site-packages/airflow/example_dags/example_trigger_target_dag.py for tasks to queue
[2025-03-17T15:37:28.150+0600] {logging_mixin.py:190} INFO - [2025-03-17T15:37:28.150+0600] {dagbag.py:588} INFO - Filling up the DagBag from /home/shamim/airflow_venv/lib/python3.12/site-packages/airflow/example_dags/example_trigger_target_dag.py
[2025-03-17T15:37:28.161+0600] {processor.py:925} INFO - DAG(s) 'example_trigger_target_dag' retrieved from /home/shamim/airflow_venv/lib/python3.12/site-packages/airflow/example_dags/example_trigger_target_dag.py
[2025-03-17T15:37:28.180+0600] {logging_mixin.py:190} INFO - [2025-03-17T15:37:28.180+0600] {dag.py:3239} INFO - Sync 1 DAGs
[2025-03-17T15:37:28.198+0600] {logging_mixin.py:190} INFO - [2025-03-17T15:37:28.198+0600] {dag.py:4180} INFO - Setting next_dagrun for example_trigger_target_dag to None, run_after=None
[2025-03-17T15:37:28.236+0600] {processor.py:208} INFO - Processing /home/shamim/airflow_venv/lib/python3.12/site-packages/airflow/example_dags/example_trigger_target_dag.py took 0.104 seconds
