[2025-03-17T15:00:41.302+0600] {processor.py:186} INFO - Started process (PID=19386) to work on /home/shamim/airflow_venv/lib/python3.12/site-packages/airflow/example_dags/example_dataset_alias_with_no_taskflow.py
[2025-03-17T15:00:41.303+0600] {processor.py:914} INFO - Processing file /home/shamim/airflow_venv/lib/python3.12/site-packages/airflow/example_dags/example_dataset_alias_with_no_taskflow.py for tasks to queue
[2025-03-17T15:00:41.306+0600] {logging_mixin.py:190} INFO - [2025-03-17T15:00:41.306+0600] {dagbag.py:588} INFO - Filling up the DagBag from /home/shamim/airflow_venv/lib/python3.12/site-packages/airflow/example_dags/example_dataset_alias_with_no_taskflow.py
[2025-03-17T15:00:41.907+0600] {processor.py:925} INFO - DAG(s) 'dataset_alias_example_alias_consumer_with_no_taskflow', 'dataset_alias_example_alias_producer_with_no_taskflow', 'dataset_s3_bucket_consumer_with_no_taskflow', 'dataset_s3_bucket_producer_with_no_taskflow' retrieved from /home/shamim/airflow_venv/lib/python3.12/site-packages/airflow/example_dags/example_dataset_alias_with_no_taskflow.py
[2025-03-17T15:00:42.025+0600] {logging_mixin.py:190} INFO - [2025-03-17T15:00:42.024+0600] {override.py:1930} INFO - Created Permission View: can read on DAG:dataset_alias_example_alias_consumer_with_no_taskflow
[2025-03-17T15:00:42.036+0600] {logging_mixin.py:190} INFO - [2025-03-17T15:00:42.035+0600] {override.py:1930} INFO - Created Permission View: can delete on DAG:dataset_alias_example_alias_consumer_with_no_taskflow
[2025-03-17T15:00:42.044+0600] {logging_mixin.py:190} INFO - [2025-03-17T15:00:42.043+0600] {override.py:1930} INFO - Created Permission View: can edit on DAG:dataset_alias_example_alias_consumer_with_no_taskflow
[2025-03-17T15:00:42.055+0600] {logging_mixin.py:190} INFO - [2025-03-17T15:00:42.055+0600] {override.py:1930} INFO - Created Permission View: can create on DAG Run:dataset_alias_example_alias_consumer_with_no_taskflow
[2025-03-17T15:00:42.065+0600] {logging_mixin.py:190} INFO - [2025-03-17T15:00:42.065+0600] {override.py:1930} INFO - Created Permission View: can read on DAG Run:dataset_alias_example_alias_consumer_with_no_taskflow
[2025-03-17T15:00:42.073+0600] {logging_mixin.py:190} INFO - [2025-03-17T15:00:42.073+0600] {override.py:1930} INFO - Created Permission View: can delete on DAG Run:dataset_alias_example_alias_consumer_with_no_taskflow
[2025-03-17T15:00:42.083+0600] {logging_mixin.py:190} INFO - [2025-03-17T15:00:42.082+0600] {override.py:1930} INFO - Created Permission View: menu access on DAG Run:dataset_alias_example_alias_consumer_with_no_taskflow
[2025-03-17T15:00:42.102+0600] {logging_mixin.py:190} INFO - [2025-03-17T15:00:42.101+0600] {override.py:1930} INFO - Created Permission View: can read on DAG:dataset_alias_example_alias_producer_with_no_taskflow
[2025-03-17T15:00:42.110+0600] {logging_mixin.py:190} INFO - [2025-03-17T15:00:42.110+0600] {override.py:1930} INFO - Created Permission View: can delete on DAG:dataset_alias_example_alias_producer_with_no_taskflow
[2025-03-17T15:00:42.118+0600] {logging_mixin.py:190} INFO - [2025-03-17T15:00:42.118+0600] {override.py:1930} INFO - Created Permission View: can edit on DAG:dataset_alias_example_alias_producer_with_no_taskflow
[2025-03-17T15:00:42.129+0600] {logging_mixin.py:190} INFO - [2025-03-17T15:00:42.129+0600] {override.py:1930} INFO - Created Permission View: can create on DAG Run:dataset_alias_example_alias_producer_with_no_taskflow
[2025-03-17T15:00:42.137+0600] {logging_mixin.py:190} INFO - [2025-03-17T15:00:42.136+0600] {override.py:1930} INFO - Created Permission View: can read on DAG Run:dataset_alias_example_alias_producer_with_no_taskflow
[2025-03-17T15:00:42.145+0600] {logging_mixin.py:190} INFO - [2025-03-17T15:00:42.144+0600] {override.py:1930} INFO - Created Permission View: can delete on DAG Run:dataset_alias_example_alias_producer_with_no_taskflow
[2025-03-17T15:00:42.152+0600] {logging_mixin.py:190} INFO - [2025-03-17T15:00:42.152+0600] {override.py:1930} INFO - Created Permission View: menu access on DAG Run:dataset_alias_example_alias_producer_with_no_taskflow
[2025-03-17T15:00:42.169+0600] {logging_mixin.py:190} INFO - [2025-03-17T15:00:42.169+0600] {override.py:1930} INFO - Created Permission View: can read on DAG:dataset_s3_bucket_consumer_with_no_taskflow
[2025-03-17T15:00:42.177+0600] {logging_mixin.py:190} INFO - [2025-03-17T15:00:42.176+0600] {override.py:1930} INFO - Created Permission View: can delete on DAG:dataset_s3_bucket_consumer_with_no_taskflow
[2025-03-17T15:00:42.184+0600] {logging_mixin.py:190} INFO - [2025-03-17T15:00:42.184+0600] {override.py:1930} INFO - Created Permission View: can edit on DAG:dataset_s3_bucket_consumer_with_no_taskflow
[2025-03-17T15:00:42.195+0600] {logging_mixin.py:190} INFO - [2025-03-17T15:00:42.195+0600] {override.py:1930} INFO - Created Permission View: can create on DAG Run:dataset_s3_bucket_consumer_with_no_taskflow
[2025-03-17T15:00:42.203+0600] {logging_mixin.py:190} INFO - [2025-03-17T15:00:42.202+0600] {override.py:1930} INFO - Created Permission View: can read on DAG Run:dataset_s3_bucket_consumer_with_no_taskflow
[2025-03-17T15:00:42.211+0600] {logging_mixin.py:190} INFO - [2025-03-17T15:00:42.211+0600] {override.py:1930} INFO - Created Permission View: can delete on DAG Run:dataset_s3_bucket_consumer_with_no_taskflow
[2025-03-17T15:00:42.219+0600] {logging_mixin.py:190} INFO - [2025-03-17T15:00:42.218+0600] {override.py:1930} INFO - Created Permission View: menu access on DAG Run:dataset_s3_bucket_consumer_with_no_taskflow
[2025-03-17T15:00:42.236+0600] {logging_mixin.py:190} INFO - [2025-03-17T15:00:42.235+0600] {override.py:1930} INFO - Created Permission View: can read on DAG:dataset_s3_bucket_producer_with_no_taskflow
[2025-03-17T15:00:42.244+0600] {logging_mixin.py:190} INFO - [2025-03-17T15:00:42.243+0600] {override.py:1930} INFO - Created Permission View: can delete on DAG:dataset_s3_bucket_producer_with_no_taskflow
[2025-03-17T15:00:42.252+0600] {logging_mixin.py:190} INFO - [2025-03-17T15:00:42.251+0600] {override.py:1930} INFO - Created Permission View: can edit on DAG:dataset_s3_bucket_producer_with_no_taskflow
[2025-03-17T15:00:42.264+0600] {logging_mixin.py:190} INFO - [2025-03-17T15:00:42.263+0600] {override.py:1930} INFO - Created Permission View: can create on DAG Run:dataset_s3_bucket_producer_with_no_taskflow
[2025-03-17T15:00:42.271+0600] {logging_mixin.py:190} INFO - [2025-03-17T15:00:42.271+0600] {override.py:1930} INFO - Created Permission View: can read on DAG Run:dataset_s3_bucket_producer_with_no_taskflow
[2025-03-17T15:00:42.279+0600] {logging_mixin.py:190} INFO - [2025-03-17T15:00:42.279+0600] {override.py:1930} INFO - Created Permission View: can delete on DAG Run:dataset_s3_bucket_producer_with_no_taskflow
[2025-03-17T15:00:42.287+0600] {logging_mixin.py:190} INFO - [2025-03-17T15:00:42.287+0600] {override.py:1930} INFO - Created Permission View: menu access on DAG Run:dataset_s3_bucket_producer_with_no_taskflow
[2025-03-17T15:00:42.288+0600] {logging_mixin.py:190} INFO - [2025-03-17T15:00:42.288+0600] {dag.py:3239} INFO - Sync 4 DAGs
[2025-03-17T15:00:42.302+0600] {logging_mixin.py:190} INFO - [2025-03-17T15:00:42.301+0600] {dag.py:3262} INFO - Creating ORM DAG for dataset_alias_example_alias_consumer_with_no_taskflow
[2025-03-17T15:00:42.303+0600] {logging_mixin.py:190} INFO - [2025-03-17T15:00:42.303+0600] {dag.py:3262} INFO - Creating ORM DAG for dataset_alias_example_alias_producer_with_no_taskflow
[2025-03-17T15:00:42.304+0600] {logging_mixin.py:190} INFO - [2025-03-17T15:00:42.304+0600] {dag.py:3262} INFO - Creating ORM DAG for dataset_s3_bucket_producer_with_no_taskflow
[2025-03-17T15:00:42.305+0600] {logging_mixin.py:190} INFO - [2025-03-17T15:00:42.305+0600] {dag.py:3262} INFO - Creating ORM DAG for dataset_s3_bucket_consumer_with_no_taskflow
[2025-03-17T15:00:42.314+0600] {logging_mixin.py:190} INFO - [2025-03-17T15:00:42.314+0600] {dag.py:4180} INFO - Setting next_dagrun for dataset_alias_example_alias_consumer_with_no_taskflow to None, run_after=None
[2025-03-17T15:00:42.315+0600] {logging_mixin.py:190} INFO - [2025-03-17T15:00:42.315+0600] {dag.py:4180} INFO - Setting next_dagrun for dataset_alias_example_alias_producer_with_no_taskflow to None, run_after=None
[2025-03-17T15:00:42.316+0600] {logging_mixin.py:190} INFO - [2025-03-17T15:00:42.315+0600] {dag.py:4180} INFO - Setting next_dagrun for dataset_s3_bucket_consumer_with_no_taskflow to None, run_after=None
[2025-03-17T15:00:42.316+0600] {logging_mixin.py:190} INFO - [2025-03-17T15:00:42.316+0600] {dag.py:4180} INFO - Setting next_dagrun for dataset_s3_bucket_producer_with_no_taskflow to None, run_after=None
[2025-03-17T15:00:42.371+0600] {processor.py:208} INFO - Processing /home/shamim/airflow_venv/lib/python3.12/site-packages/airflow/example_dags/example_dataset_alias_with_no_taskflow.py took 1.078 seconds
[2025-03-17T15:02:03.823+0600] {processor.py:186} INFO - Started process (PID=19489) to work on /home/shamim/airflow_venv/lib/python3.12/site-packages/airflow/example_dags/example_dataset_alias_with_no_taskflow.py
[2025-03-17T15:02:03.829+0600] {processor.py:914} INFO - Processing file /home/shamim/airflow_venv/lib/python3.12/site-packages/airflow/example_dags/example_dataset_alias_with_no_taskflow.py for tasks to queue
[2025-03-17T15:02:03.832+0600] {logging_mixin.py:190} INFO - [2025-03-17T15:02:03.832+0600] {dagbag.py:588} INFO - Filling up the DagBag from /home/shamim/airflow_venv/lib/python3.12/site-packages/airflow/example_dags/example_dataset_alias_with_no_taskflow.py
[2025-03-17T15:02:04.398+0600] {processor.py:925} INFO - DAG(s) 'dataset_alias_example_alias_consumer_with_no_taskflow', 'dataset_s3_bucket_consumer_with_no_taskflow', 'dataset_s3_bucket_producer_with_no_taskflow', 'dataset_alias_example_alias_producer_with_no_taskflow' retrieved from /home/shamim/airflow_venv/lib/python3.12/site-packages/airflow/example_dags/example_dataset_alias_with_no_taskflow.py
[2025-03-17T15:02:04.420+0600] {logging_mixin.py:190} INFO - [2025-03-17T15:02:04.419+0600] {dag.py:3239} INFO - Sync 4 DAGs
[2025-03-17T15:02:04.443+0600] {logging_mixin.py:190} INFO - [2025-03-17T15:02:04.443+0600] {dag.py:4180} INFO - Setting next_dagrun for dataset_alias_example_alias_consumer_with_no_taskflow to None, run_after=None
[2025-03-17T15:02:04.446+0600] {logging_mixin.py:190} INFO - [2025-03-17T15:02:04.446+0600] {dag.py:4180} INFO - Setting next_dagrun for dataset_alias_example_alias_producer_with_no_taskflow to None, run_after=None
[2025-03-17T15:02:04.448+0600] {logging_mixin.py:190} INFO - [2025-03-17T15:02:04.447+0600] {dag.py:4180} INFO - Setting next_dagrun for dataset_s3_bucket_consumer_with_no_taskflow to None, run_after=None
[2025-03-17T15:02:04.449+0600] {logging_mixin.py:190} INFO - [2025-03-17T15:02:04.449+0600] {dag.py:4180} INFO - Setting next_dagrun for dataset_s3_bucket_producer_with_no_taskflow to None, run_after=None
[2025-03-17T15:02:04.481+0600] {processor.py:208} INFO - Processing /home/shamim/airflow_venv/lib/python3.12/site-packages/airflow/example_dags/example_dataset_alias_with_no_taskflow.py took 0.666 seconds
[2025-03-17T15:03:16.011+0600] {processor.py:186} INFO - Started process (PID=19616) to work on /home/shamim/airflow_venv/lib/python3.12/site-packages/airflow/example_dags/example_dataset_alias_with_no_taskflow.py
[2025-03-17T15:03:16.018+0600] {processor.py:914} INFO - Processing file /home/shamim/airflow_venv/lib/python3.12/site-packages/airflow/example_dags/example_dataset_alias_with_no_taskflow.py for tasks to queue
[2025-03-17T15:03:16.021+0600] {logging_mixin.py:190} INFO - [2025-03-17T15:03:16.020+0600] {dagbag.py:588} INFO - Filling up the DagBag from /home/shamim/airflow_venv/lib/python3.12/site-packages/airflow/example_dags/example_dataset_alias_with_no_taskflow.py
[2025-03-17T15:03:16.667+0600] {processor.py:925} INFO - DAG(s) 'dataset_alias_example_alias_consumer_with_no_taskflow', 'dataset_s3_bucket_consumer_with_no_taskflow', 'dataset_alias_example_alias_producer_with_no_taskflow', 'dataset_s3_bucket_producer_with_no_taskflow' retrieved from /home/shamim/airflow_venv/lib/python3.12/site-packages/airflow/example_dags/example_dataset_alias_with_no_taskflow.py
[2025-03-17T15:03:16.705+0600] {logging_mixin.py:190} INFO - [2025-03-17T15:03:16.704+0600] {dag.py:3239} INFO - Sync 4 DAGs
[2025-03-17T15:03:16.744+0600] {logging_mixin.py:190} INFO - [2025-03-17T15:03:16.744+0600] {dag.py:4180} INFO - Setting next_dagrun for dataset_alias_example_alias_consumer_with_no_taskflow to None, run_after=None
[2025-03-17T15:03:16.749+0600] {logging_mixin.py:190} INFO - [2025-03-17T15:03:16.749+0600] {dag.py:4180} INFO - Setting next_dagrun for dataset_alias_example_alias_producer_with_no_taskflow to None, run_after=None
[2025-03-17T15:03:16.751+0600] {logging_mixin.py:190} INFO - [2025-03-17T15:03:16.751+0600] {dag.py:4180} INFO - Setting next_dagrun for dataset_s3_bucket_consumer_with_no_taskflow to None, run_after=None
[2025-03-17T15:03:16.754+0600] {logging_mixin.py:190} INFO - [2025-03-17T15:03:16.754+0600] {dag.py:4180} INFO - Setting next_dagrun for dataset_s3_bucket_producer_with_no_taskflow to None, run_after=None
[2025-03-17T15:03:16.800+0600] {processor.py:208} INFO - Processing /home/shamim/airflow_venv/lib/python3.12/site-packages/airflow/example_dags/example_dataset_alias_with_no_taskflow.py took 0.798 seconds
[2025-03-17T15:06:20.422+0600] {processor.py:186} INFO - Started process (PID=19857) to work on /home/shamim/airflow_venv/lib/python3.12/site-packages/airflow/example_dags/example_dataset_alias_with_no_taskflow.py
[2025-03-17T15:06:20.424+0600] {processor.py:914} INFO - Processing file /home/shamim/airflow_venv/lib/python3.12/site-packages/airflow/example_dags/example_dataset_alias_with_no_taskflow.py for tasks to queue
[2025-03-17T15:06:20.428+0600] {logging_mixin.py:190} INFO - [2025-03-17T15:06:20.427+0600] {dagbag.py:588} INFO - Filling up the DagBag from /home/shamim/airflow_venv/lib/python3.12/site-packages/airflow/example_dags/example_dataset_alias_with_no_taskflow.py
[2025-03-17T15:06:21.641+0600] {processor.py:925} INFO - DAG(s) 'dataset_alias_example_alias_producer_with_no_taskflow', 'dataset_s3_bucket_producer_with_no_taskflow', 'dataset_alias_example_alias_consumer_with_no_taskflow', 'dataset_s3_bucket_consumer_with_no_taskflow' retrieved from /home/shamim/airflow_venv/lib/python3.12/site-packages/airflow/example_dags/example_dataset_alias_with_no_taskflow.py
[2025-03-17T15:06:21.708+0600] {logging_mixin.py:190} INFO - [2025-03-17T15:06:21.707+0600] {dag.py:3239} INFO - Sync 4 DAGs
[2025-03-17T15:06:21.782+0600] {logging_mixin.py:190} INFO - [2025-03-17T15:06:21.781+0600] {dag.py:4180} INFO - Setting next_dagrun for dataset_alias_example_alias_consumer_with_no_taskflow to None, run_after=None
[2025-03-17T15:06:21.788+0600] {logging_mixin.py:190} INFO - [2025-03-17T15:06:21.787+0600] {dag.py:4180} INFO - Setting next_dagrun for dataset_alias_example_alias_producer_with_no_taskflow to None, run_after=None
[2025-03-17T15:06:21.790+0600] {logging_mixin.py:190} INFO - [2025-03-17T15:06:21.790+0600] {dag.py:4180} INFO - Setting next_dagrun for dataset_s3_bucket_consumer_with_no_taskflow to None, run_after=None
[2025-03-17T15:06:21.793+0600] {logging_mixin.py:190} INFO - [2025-03-17T15:06:21.792+0600] {dag.py:4180} INFO - Setting next_dagrun for dataset_s3_bucket_producer_with_no_taskflow to None, run_after=None
[2025-03-17T15:06:21.886+0600] {processor.py:208} INFO - Processing /home/shamim/airflow_venv/lib/python3.12/site-packages/airflow/example_dags/example_dataset_alias_with_no_taskflow.py took 1.481 seconds
[2025-03-17T15:07:57.333+0600] {processor.py:186} INFO - Started process (PID=20151) to work on /home/shamim/airflow_venv/lib/python3.12/site-packages/airflow/example_dags/example_dataset_alias_with_no_taskflow.py
[2025-03-17T15:07:57.347+0600] {processor.py:914} INFO - Processing file /home/shamim/airflow_venv/lib/python3.12/site-packages/airflow/example_dags/example_dataset_alias_with_no_taskflow.py for tasks to queue
[2025-03-17T15:07:57.350+0600] {logging_mixin.py:190} INFO - [2025-03-17T15:07:57.349+0600] {dagbag.py:588} INFO - Filling up the DagBag from /home/shamim/airflow_venv/lib/python3.12/site-packages/airflow/example_dags/example_dataset_alias_with_no_taskflow.py
[2025-03-17T15:07:57.945+0600] {processor.py:925} INFO - DAG(s) 'dataset_s3_bucket_consumer_with_no_taskflow', 'dataset_alias_example_alias_producer_with_no_taskflow', 'dataset_s3_bucket_producer_with_no_taskflow', 'dataset_alias_example_alias_consumer_with_no_taskflow' retrieved from /home/shamim/airflow_venv/lib/python3.12/site-packages/airflow/example_dags/example_dataset_alias_with_no_taskflow.py
[2025-03-17T15:07:57.967+0600] {logging_mixin.py:190} INFO - [2025-03-17T15:07:57.967+0600] {dag.py:3239} INFO - Sync 4 DAGs
[2025-03-17T15:07:57.990+0600] {logging_mixin.py:190} INFO - [2025-03-17T15:07:57.989+0600] {dag.py:4180} INFO - Setting next_dagrun for dataset_alias_example_alias_consumer_with_no_taskflow to None, run_after=None
[2025-03-17T15:07:57.992+0600] {logging_mixin.py:190} INFO - [2025-03-17T15:07:57.992+0600] {dag.py:4180} INFO - Setting next_dagrun for dataset_alias_example_alias_producer_with_no_taskflow to None, run_after=None
[2025-03-17T15:07:57.993+0600] {logging_mixin.py:190} INFO - [2025-03-17T15:07:57.993+0600] {dag.py:4180} INFO - Setting next_dagrun for dataset_s3_bucket_consumer_with_no_taskflow to None, run_after=None
[2025-03-17T15:07:57.994+0600] {logging_mixin.py:190} INFO - [2025-03-17T15:07:57.994+0600] {dag.py:4180} INFO - Setting next_dagrun for dataset_s3_bucket_producer_with_no_taskflow to None, run_after=None
[2025-03-17T15:07:58.023+0600] {processor.py:208} INFO - Processing /home/shamim/airflow_venv/lib/python3.12/site-packages/airflow/example_dags/example_dataset_alias_with_no_taskflow.py took 0.697 seconds
[2025-03-17T15:09:13.995+0600] {processor.py:186} INFO - Started process (PID=20310) to work on /home/shamim/airflow_venv/lib/python3.12/site-packages/airflow/example_dags/example_dataset_alias_with_no_taskflow.py
[2025-03-17T15:09:14.002+0600] {processor.py:914} INFO - Processing file /home/shamim/airflow_venv/lib/python3.12/site-packages/airflow/example_dags/example_dataset_alias_with_no_taskflow.py for tasks to queue
[2025-03-17T15:09:14.004+0600] {logging_mixin.py:190} INFO - [2025-03-17T15:09:14.004+0600] {dagbag.py:588} INFO - Filling up the DagBag from /home/shamim/airflow_venv/lib/python3.12/site-packages/airflow/example_dags/example_dataset_alias_with_no_taskflow.py
[2025-03-17T15:09:14.610+0600] {processor.py:925} INFO - DAG(s) 'dataset_alias_example_alias_consumer_with_no_taskflow', 'dataset_s3_bucket_consumer_with_no_taskflow', 'dataset_alias_example_alias_producer_with_no_taskflow', 'dataset_s3_bucket_producer_with_no_taskflow' retrieved from /home/shamim/airflow_venv/lib/python3.12/site-packages/airflow/example_dags/example_dataset_alias_with_no_taskflow.py
[2025-03-17T15:09:14.640+0600] {logging_mixin.py:190} INFO - [2025-03-17T15:09:14.639+0600] {dag.py:3239} INFO - Sync 4 DAGs
[2025-03-17T15:09:14.669+0600] {logging_mixin.py:190} INFO - [2025-03-17T15:09:14.668+0600] {dag.py:4180} INFO - Setting next_dagrun for dataset_alias_example_alias_consumer_with_no_taskflow to None, run_after=None
[2025-03-17T15:09:14.672+0600] {logging_mixin.py:190} INFO - [2025-03-17T15:09:14.672+0600] {dag.py:4180} INFO - Setting next_dagrun for dataset_alias_example_alias_producer_with_no_taskflow to None, run_after=None
[2025-03-17T15:09:14.674+0600] {logging_mixin.py:190} INFO - [2025-03-17T15:09:14.673+0600] {dag.py:4180} INFO - Setting next_dagrun for dataset_s3_bucket_consumer_with_no_taskflow to None, run_after=None
[2025-03-17T15:09:14.675+0600] {logging_mixin.py:190} INFO - [2025-03-17T15:09:14.674+0600] {dag.py:4180} INFO - Setting next_dagrun for dataset_s3_bucket_producer_with_no_taskflow to None, run_after=None
[2025-03-17T15:09:14.715+0600] {processor.py:208} INFO - Processing /home/shamim/airflow_venv/lib/python3.12/site-packages/airflow/example_dags/example_dataset_alias_with_no_taskflow.py took 0.727 seconds
[2025-03-17T15:15:23.820+0600] {processor.py:186} INFO - Started process (PID=21035) to work on /home/shamim/airflow_venv/lib/python3.12/site-packages/airflow/example_dags/example_dataset_alias_with_no_taskflow.py
[2025-03-17T15:15:23.838+0600] {processor.py:914} INFO - Processing file /home/shamim/airflow_venv/lib/python3.12/site-packages/airflow/example_dags/example_dataset_alias_with_no_taskflow.py for tasks to queue
[2025-03-17T15:15:23.842+0600] {logging_mixin.py:190} INFO - [2025-03-17T15:15:23.841+0600] {dagbag.py:588} INFO - Filling up the DagBag from /home/shamim/airflow_venv/lib/python3.12/site-packages/airflow/example_dags/example_dataset_alias_with_no_taskflow.py
[2025-03-17T15:15:24.458+0600] {processor.py:925} INFO - DAG(s) 'dataset_s3_bucket_producer_with_no_taskflow', 'dataset_alias_example_alias_consumer_with_no_taskflow', 'dataset_s3_bucket_consumer_with_no_taskflow', 'dataset_alias_example_alias_producer_with_no_taskflow' retrieved from /home/shamim/airflow_venv/lib/python3.12/site-packages/airflow/example_dags/example_dataset_alias_with_no_taskflow.py
[2025-03-17T15:15:24.481+0600] {logging_mixin.py:190} INFO - [2025-03-17T15:15:24.481+0600] {dag.py:3239} INFO - Sync 4 DAGs
[2025-03-17T15:15:24.506+0600] {logging_mixin.py:190} INFO - [2025-03-17T15:15:24.505+0600] {dag.py:4180} INFO - Setting next_dagrun for dataset_alias_example_alias_consumer_with_no_taskflow to None, run_after=None
[2025-03-17T15:15:24.509+0600] {logging_mixin.py:190} INFO - [2025-03-17T15:15:24.509+0600] {dag.py:4180} INFO - Setting next_dagrun for dataset_alias_example_alias_producer_with_no_taskflow to None, run_after=None
[2025-03-17T15:15:24.510+0600] {logging_mixin.py:190} INFO - [2025-03-17T15:15:24.510+0600] {dag.py:4180} INFO - Setting next_dagrun for dataset_s3_bucket_consumer_with_no_taskflow to None, run_after=None
[2025-03-17T15:15:24.511+0600] {logging_mixin.py:190} INFO - [2025-03-17T15:15:24.511+0600] {dag.py:4180} INFO - Setting next_dagrun for dataset_s3_bucket_producer_with_no_taskflow to None, run_after=None
[2025-03-17T15:15:24.544+0600] {processor.py:208} INFO - Processing /home/shamim/airflow_venv/lib/python3.12/site-packages/airflow/example_dags/example_dataset_alias_with_no_taskflow.py took 0.734 seconds
[2025-03-17T15:26:21.493+0600] {processor.py:186} INFO - Started process (PID=22454) to work on /home/shamim/airflow_venv/lib/python3.12/site-packages/airflow/example_dags/example_dataset_alias_with_no_taskflow.py
[2025-03-17T15:26:21.498+0600] {processor.py:914} INFO - Processing file /home/shamim/airflow_venv/lib/python3.12/site-packages/airflow/example_dags/example_dataset_alias_with_no_taskflow.py for tasks to queue
[2025-03-17T15:26:21.505+0600] {logging_mixin.py:190} INFO - [2025-03-17T15:26:21.504+0600] {dagbag.py:588} INFO - Filling up the DagBag from /home/shamim/airflow_venv/lib/python3.12/site-packages/airflow/example_dags/example_dataset_alias_with_no_taskflow.py
[2025-03-17T15:26:22.185+0600] {processor.py:925} INFO - DAG(s) 'dataset_s3_bucket_consumer_with_no_taskflow', 'dataset_alias_example_alias_producer_with_no_taskflow', 'dataset_alias_example_alias_consumer_with_no_taskflow', 'dataset_s3_bucket_producer_with_no_taskflow' retrieved from /home/shamim/airflow_venv/lib/python3.12/site-packages/airflow/example_dags/example_dataset_alias_with_no_taskflow.py
[2025-03-17T15:26:22.210+0600] {logging_mixin.py:190} INFO - [2025-03-17T15:26:22.210+0600] {dag.py:3239} INFO - Sync 4 DAGs
[2025-03-17T15:26:22.237+0600] {logging_mixin.py:190} INFO - [2025-03-17T15:26:22.237+0600] {dag.py:4180} INFO - Setting next_dagrun for dataset_alias_example_alias_consumer_with_no_taskflow to None, run_after=None
[2025-03-17T15:26:22.240+0600] {logging_mixin.py:190} INFO - [2025-03-17T15:26:22.239+0600] {dag.py:4180} INFO - Setting next_dagrun for dataset_alias_example_alias_producer_with_no_taskflow to None, run_after=None
[2025-03-17T15:26:22.241+0600] {logging_mixin.py:190} INFO - [2025-03-17T15:26:22.241+0600] {dag.py:4180} INFO - Setting next_dagrun for dataset_s3_bucket_consumer_with_no_taskflow to None, run_after=None
[2025-03-17T15:26:22.242+0600] {logging_mixin.py:190} INFO - [2025-03-17T15:26:22.242+0600] {dag.py:4180} INFO - Setting next_dagrun for dataset_s3_bucket_producer_with_no_taskflow to None, run_after=None
[2025-03-17T15:26:22.270+0600] {processor.py:208} INFO - Processing /home/shamim/airflow_venv/lib/python3.12/site-packages/airflow/example_dags/example_dataset_alias_with_no_taskflow.py took 0.790 seconds
[2025-03-17T15:30:42.387+0600] {processor.py:186} INFO - Started process (PID=23127) to work on /home/shamim/airflow_venv/lib/python3.12/site-packages/airflow/example_dags/example_dataset_alias_with_no_taskflow.py
[2025-03-17T15:30:42.388+0600] {processor.py:914} INFO - Processing file /home/shamim/airflow_venv/lib/python3.12/site-packages/airflow/example_dags/example_dataset_alias_with_no_taskflow.py for tasks to queue
[2025-03-17T15:30:42.391+0600] {logging_mixin.py:190} INFO - [2025-03-17T15:30:42.391+0600] {dagbag.py:588} INFO - Filling up the DagBag from /home/shamim/airflow_venv/lib/python3.12/site-packages/airflow/example_dags/example_dataset_alias_with_no_taskflow.py
[2025-03-17T15:30:42.994+0600] {processor.py:925} INFO - DAG(s) 'dataset_alias_example_alias_producer_with_no_taskflow', 'dataset_alias_example_alias_consumer_with_no_taskflow', 'dataset_s3_bucket_consumer_with_no_taskflow', 'dataset_s3_bucket_producer_with_no_taskflow' retrieved from /home/shamim/airflow_venv/lib/python3.12/site-packages/airflow/example_dags/example_dataset_alias_with_no_taskflow.py
[2025-03-17T15:30:43.015+0600] {logging_mixin.py:190} INFO - [2025-03-17T15:30:43.015+0600] {dag.py:3239} INFO - Sync 4 DAGs
[2025-03-17T15:30:43.037+0600] {logging_mixin.py:190} INFO - [2025-03-17T15:30:43.037+0600] {dag.py:4180} INFO - Setting next_dagrun for dataset_alias_example_alias_consumer_with_no_taskflow to None, run_after=None
[2025-03-17T15:30:43.040+0600] {logging_mixin.py:190} INFO - [2025-03-17T15:30:43.039+0600] {dag.py:4180} INFO - Setting next_dagrun for dataset_alias_example_alias_producer_with_no_taskflow to None, run_after=None
[2025-03-17T15:30:43.041+0600] {logging_mixin.py:190} INFO - [2025-03-17T15:30:43.041+0600] {dag.py:4180} INFO - Setting next_dagrun for dataset_s3_bucket_consumer_with_no_taskflow to None, run_after=None
[2025-03-17T15:30:43.042+0600] {logging_mixin.py:190} INFO - [2025-03-17T15:30:43.042+0600] {dag.py:4180} INFO - Setting next_dagrun for dataset_s3_bucket_producer_with_no_taskflow to None, run_after=None
[2025-03-17T15:30:43.072+0600] {processor.py:208} INFO - Processing /home/shamim/airflow_venv/lib/python3.12/site-packages/airflow/example_dags/example_dataset_alias_with_no_taskflow.py took 0.693 seconds
[2025-03-17T15:32:13.374+0600] {processor.py:186} INFO - Started process (PID=23304) to work on /home/shamim/airflow_venv/lib/python3.12/site-packages/airflow/example_dags/example_dataset_alias_with_no_taskflow.py
[2025-03-17T15:32:13.383+0600] {processor.py:914} INFO - Processing file /home/shamim/airflow_venv/lib/python3.12/site-packages/airflow/example_dags/example_dataset_alias_with_no_taskflow.py for tasks to queue
[2025-03-17T15:32:13.394+0600] {logging_mixin.py:190} INFO - [2025-03-17T15:32:13.394+0600] {dagbag.py:588} INFO - Filling up the DagBag from /home/shamim/airflow_venv/lib/python3.12/site-packages/airflow/example_dags/example_dataset_alias_with_no_taskflow.py
[2025-03-17T15:32:14.204+0600] {processor.py:925} INFO - DAG(s) 'dataset_alias_example_alias_producer_with_no_taskflow', 'dataset_s3_bucket_producer_with_no_taskflow', 'dataset_alias_example_alias_consumer_with_no_taskflow', 'dataset_s3_bucket_consumer_with_no_taskflow' retrieved from /home/shamim/airflow_venv/lib/python3.12/site-packages/airflow/example_dags/example_dataset_alias_with_no_taskflow.py
[2025-03-17T15:32:14.229+0600] {logging_mixin.py:190} INFO - [2025-03-17T15:32:14.228+0600] {dag.py:3239} INFO - Sync 4 DAGs
[2025-03-17T15:32:14.252+0600] {logging_mixin.py:190} INFO - [2025-03-17T15:32:14.252+0600] {dag.py:4180} INFO - Setting next_dagrun for dataset_alias_example_alias_consumer_with_no_taskflow to None, run_after=None
[2025-03-17T15:32:14.255+0600] {logging_mixin.py:190} INFO - [2025-03-17T15:32:14.255+0600] {dag.py:4180} INFO - Setting next_dagrun for dataset_alias_example_alias_producer_with_no_taskflow to None, run_after=None
[2025-03-17T15:32:14.256+0600] {logging_mixin.py:190} INFO - [2025-03-17T15:32:14.256+0600] {dag.py:4180} INFO - Setting next_dagrun for dataset_s3_bucket_consumer_with_no_taskflow to None, run_after=None
[2025-03-17T15:32:14.257+0600] {logging_mixin.py:190} INFO - [2025-03-17T15:32:14.257+0600] {dag.py:4180} INFO - Setting next_dagrun for dataset_s3_bucket_producer_with_no_taskflow to None, run_after=None
[2025-03-17T15:32:14.297+0600] {processor.py:208} INFO - Processing /home/shamim/airflow_venv/lib/python3.12/site-packages/airflow/example_dags/example_dataset_alias_with_no_taskflow.py took 0.938 seconds
[2025-03-17T15:33:41.089+0600] {processor.py:186} INFO - Started process (PID=23447) to work on /home/shamim/airflow_venv/lib/python3.12/site-packages/airflow/example_dags/example_dataset_alias_with_no_taskflow.py
[2025-03-17T15:33:41.095+0600] {processor.py:914} INFO - Processing file /home/shamim/airflow_venv/lib/python3.12/site-packages/airflow/example_dags/example_dataset_alias_with_no_taskflow.py for tasks to queue
[2025-03-17T15:33:41.098+0600] {logging_mixin.py:190} INFO - [2025-03-17T15:33:41.097+0600] {dagbag.py:588} INFO - Filling up the DagBag from /home/shamim/airflow_venv/lib/python3.12/site-packages/airflow/example_dags/example_dataset_alias_with_no_taskflow.py
[2025-03-17T15:33:41.696+0600] {processor.py:925} INFO - DAG(s) 'dataset_alias_example_alias_producer_with_no_taskflow', 'dataset_s3_bucket_consumer_with_no_taskflow', 'dataset_s3_bucket_producer_with_no_taskflow', 'dataset_alias_example_alias_consumer_with_no_taskflow' retrieved from /home/shamim/airflow_venv/lib/python3.12/site-packages/airflow/example_dags/example_dataset_alias_with_no_taskflow.py
[2025-03-17T15:33:41.720+0600] {logging_mixin.py:190} INFO - [2025-03-17T15:33:41.719+0600] {dag.py:3239} INFO - Sync 4 DAGs
[2025-03-17T15:33:41.741+0600] {logging_mixin.py:190} INFO - [2025-03-17T15:33:41.741+0600] {dag.py:4180} INFO - Setting next_dagrun for dataset_alias_example_alias_consumer_with_no_taskflow to None, run_after=None
[2025-03-17T15:33:41.744+0600] {logging_mixin.py:190} INFO - [2025-03-17T15:33:41.743+0600] {dag.py:4180} INFO - Setting next_dagrun for dataset_alias_example_alias_producer_with_no_taskflow to None, run_after=None
[2025-03-17T15:33:41.745+0600] {logging_mixin.py:190} INFO - [2025-03-17T15:33:41.745+0600] {dag.py:4180} INFO - Setting next_dagrun for dataset_s3_bucket_consumer_with_no_taskflow to None, run_after=None
[2025-03-17T15:33:41.746+0600] {logging_mixin.py:190} INFO - [2025-03-17T15:33:41.746+0600] {dag.py:4180} INFO - Setting next_dagrun for dataset_s3_bucket_producer_with_no_taskflow to None, run_after=None
[2025-03-17T15:33:41.778+0600] {processor.py:208} INFO - Processing /home/shamim/airflow_venv/lib/python3.12/site-packages/airflow/example_dags/example_dataset_alias_with_no_taskflow.py took 0.697 seconds
[2025-03-17T15:35:14.827+0600] {processor.py:186} INFO - Started process (PID=23627) to work on /home/shamim/airflow_venv/lib/python3.12/site-packages/airflow/example_dags/example_dataset_alias_with_no_taskflow.py
[2025-03-17T15:35:14.833+0600] {processor.py:914} INFO - Processing file /home/shamim/airflow_venv/lib/python3.12/site-packages/airflow/example_dags/example_dataset_alias_with_no_taskflow.py for tasks to queue
[2025-03-17T15:35:14.836+0600] {logging_mixin.py:190} INFO - [2025-03-17T15:35:14.836+0600] {dagbag.py:588} INFO - Filling up the DagBag from /home/shamim/airflow_venv/lib/python3.12/site-packages/airflow/example_dags/example_dataset_alias_with_no_taskflow.py
[2025-03-17T15:35:15.455+0600] {processor.py:925} INFO - DAG(s) 'dataset_s3_bucket_producer_with_no_taskflow', 'dataset_s3_bucket_consumer_with_no_taskflow', 'dataset_alias_example_alias_producer_with_no_taskflow', 'dataset_alias_example_alias_consumer_with_no_taskflow' retrieved from /home/shamim/airflow_venv/lib/python3.12/site-packages/airflow/example_dags/example_dataset_alias_with_no_taskflow.py
[2025-03-17T15:35:15.479+0600] {logging_mixin.py:190} INFO - [2025-03-17T15:35:15.478+0600] {dag.py:3239} INFO - Sync 4 DAGs
[2025-03-17T15:35:15.501+0600] {logging_mixin.py:190} INFO - [2025-03-17T15:35:15.501+0600] {dag.py:4180} INFO - Setting next_dagrun for dataset_alias_example_alias_consumer_with_no_taskflow to None, run_after=None
[2025-03-17T15:35:15.504+0600] {logging_mixin.py:190} INFO - [2025-03-17T15:35:15.504+0600] {dag.py:4180} INFO - Setting next_dagrun for dataset_alias_example_alias_producer_with_no_taskflow to None, run_after=None
[2025-03-17T15:35:15.505+0600] {logging_mixin.py:190} INFO - [2025-03-17T15:35:15.505+0600] {dag.py:4180} INFO - Setting next_dagrun for dataset_s3_bucket_consumer_with_no_taskflow to None, run_after=None
[2025-03-17T15:35:15.506+0600] {logging_mixin.py:190} INFO - [2025-03-17T15:35:15.506+0600] {dag.py:4180} INFO - Setting next_dagrun for dataset_s3_bucket_producer_with_no_taskflow to None, run_after=None
[2025-03-17T15:35:15.544+0600] {processor.py:208} INFO - Processing /home/shamim/airflow_venv/lib/python3.12/site-packages/airflow/example_dags/example_dataset_alias_with_no_taskflow.py took 0.725 seconds
[2025-03-17T15:36:40.901+0600] {processor.py:186} INFO - Started process (PID=23797) to work on /home/shamim/airflow_venv/lib/python3.12/site-packages/airflow/example_dags/example_dataset_alias_with_no_taskflow.py
[2025-03-17T15:36:40.907+0600] {processor.py:914} INFO - Processing file /home/shamim/airflow_venv/lib/python3.12/site-packages/airflow/example_dags/example_dataset_alias_with_no_taskflow.py for tasks to queue
[2025-03-17T15:36:40.911+0600] {logging_mixin.py:190} INFO - [2025-03-17T15:36:40.910+0600] {dagbag.py:588} INFO - Filling up the DagBag from /home/shamim/airflow_venv/lib/python3.12/site-packages/airflow/example_dags/example_dataset_alias_with_no_taskflow.py
[2025-03-17T15:36:41.589+0600] {processor.py:925} INFO - DAG(s) 'dataset_alias_example_alias_consumer_with_no_taskflow', 'dataset_alias_example_alias_producer_with_no_taskflow', 'dataset_s3_bucket_consumer_with_no_taskflow', 'dataset_s3_bucket_producer_with_no_taskflow' retrieved from /home/shamim/airflow_venv/lib/python3.12/site-packages/airflow/example_dags/example_dataset_alias_with_no_taskflow.py
[2025-03-17T15:36:41.618+0600] {logging_mixin.py:190} INFO - [2025-03-17T15:36:41.617+0600] {dag.py:3239} INFO - Sync 4 DAGs
[2025-03-17T15:36:41.642+0600] {logging_mixin.py:190} INFO - [2025-03-17T15:36:41.642+0600] {dag.py:4180} INFO - Setting next_dagrun for dataset_alias_example_alias_consumer_with_no_taskflow to None, run_after=None
[2025-03-17T15:36:41.645+0600] {logging_mixin.py:190} INFO - [2025-03-17T15:36:41.644+0600] {dag.py:4180} INFO - Setting next_dagrun for dataset_alias_example_alias_producer_with_no_taskflow to None, run_after=None
[2025-03-17T15:36:41.646+0600] {logging_mixin.py:190} INFO - [2025-03-17T15:36:41.646+0600] {dag.py:4180} INFO - Setting next_dagrun for dataset_s3_bucket_consumer_with_no_taskflow to None, run_after=None
[2025-03-17T15:36:41.647+0600] {logging_mixin.py:190} INFO - [2025-03-17T15:36:41.647+0600] {dag.py:4180} INFO - Setting next_dagrun for dataset_s3_bucket_producer_with_no_taskflow to None, run_after=None
[2025-03-17T15:36:41.680+0600] {processor.py:208} INFO - Processing /home/shamim/airflow_venv/lib/python3.12/site-packages/airflow/example_dags/example_dataset_alias_with_no_taskflow.py took 0.788 seconds
