[2025-03-17T15:00:54.169+0600] {processor.py:186} INFO - Started process (PID=19401) to work on /home/shamim/airflow_venv/lib/python3.12/site-packages/airflow/example_dags/example_bash_decorator.py
[2025-03-17T15:00:54.170+0600] {processor.py:914} INFO - Processing file /home/shamim/airflow_venv/lib/python3.12/site-packages/airflow/example_dags/example_bash_decorator.py for tasks to queue
[2025-03-17T15:00:54.173+0600] {logging_mixin.py:190} INFO - [2025-03-17T15:00:54.172+0600] {dagbag.py:588} INFO - Filling up the DagBag from /home/shamim/airflow_venv/lib/python3.12/site-packages/airflow/example_dags/example_bash_decorator.py
[2025-03-17T15:00:54.191+0600] {processor.py:925} INFO - DAG(s) 'example_bash_decorator' retrieved from /home/shamim/airflow_venv/lib/python3.12/site-packages/airflow/example_dags/example_bash_decorator.py
[2025-03-17T15:00:54.328+0600] {logging_mixin.py:190} INFO - [2025-03-17T15:00:54.327+0600] {override.py:1930} INFO - Created Permission View: can read on DAG:example_bash_decorator
[2025-03-17T15:00:54.340+0600] {logging_mixin.py:190} INFO - [2025-03-17T15:00:54.339+0600] {override.py:1930} INFO - Created Permission View: can delete on DAG:example_bash_decorator
[2025-03-17T15:00:54.348+0600] {logging_mixin.py:190} INFO - [2025-03-17T15:00:54.348+0600] {override.py:1930} INFO - Created Permission View: can edit on DAG:example_bash_decorator
[2025-03-17T15:00:54.360+0600] {logging_mixin.py:190} INFO - [2025-03-17T15:00:54.359+0600] {override.py:1930} INFO - Created Permission View: can create on DAG Run:example_bash_decorator
[2025-03-17T15:00:54.368+0600] {logging_mixin.py:190} INFO - [2025-03-17T15:00:54.367+0600] {override.py:1930} INFO - Created Permission View: can read on DAG Run:example_bash_decorator
[2025-03-17T15:00:54.375+0600] {logging_mixin.py:190} INFO - [2025-03-17T15:00:54.375+0600] {override.py:1930} INFO - Created Permission View: can delete on DAG Run:example_bash_decorator
[2025-03-17T15:00:54.383+0600] {logging_mixin.py:190} INFO - [2025-03-17T15:00:54.382+0600] {override.py:1930} INFO - Created Permission View: menu access on DAG Run:example_bash_decorator
[2025-03-17T15:00:54.383+0600] {logging_mixin.py:190} INFO - [2025-03-17T15:00:54.383+0600] {dag.py:3239} INFO - Sync 1 DAGs
[2025-03-17T15:00:54.399+0600] {logging_mixin.py:190} INFO - [2025-03-17T15:00:54.399+0600] {dag.py:3262} INFO - Creating ORM DAG for example_bash_decorator
[2025-03-17T15:00:54.399+0600] {logging_mixin.py:190} INFO - [2025-03-17T15:00:54.399+0600] {dag.py:4180} INFO - Setting next_dagrun for example_bash_decorator to None, run_after=None
[2025-03-17T15:00:54.417+0600] {processor.py:208} INFO - Processing /home/shamim/airflow_venv/lib/python3.12/site-packages/airflow/example_dags/example_bash_decorator.py took 0.255 seconds
[2025-03-17T15:02:14.424+0600] {processor.py:186} INFO - Started process (PID=19500) to work on /home/shamim/airflow_venv/lib/python3.12/site-packages/airflow/example_dags/example_bash_decorator.py
[2025-03-17T15:02:14.430+0600] {processor.py:914} INFO - Processing file /home/shamim/airflow_venv/lib/python3.12/site-packages/airflow/example_dags/example_bash_decorator.py for tasks to queue
[2025-03-17T15:02:14.433+0600] {logging_mixin.py:190} INFO - [2025-03-17T15:02:14.432+0600] {dagbag.py:588} INFO - Filling up the DagBag from /home/shamim/airflow_venv/lib/python3.12/site-packages/airflow/example_dags/example_bash_decorator.py
[2025-03-17T15:02:14.451+0600] {processor.py:925} INFO - DAG(s) 'example_bash_decorator' retrieved from /home/shamim/airflow_venv/lib/python3.12/site-packages/airflow/example_dags/example_bash_decorator.py
[2025-03-17T15:02:14.474+0600] {logging_mixin.py:190} INFO - [2025-03-17T15:02:14.474+0600] {dag.py:3239} INFO - Sync 1 DAGs
[2025-03-17T15:02:14.490+0600] {logging_mixin.py:190} INFO - [2025-03-17T15:02:14.489+0600] {dag.py:4180} INFO - Setting next_dagrun for example_bash_decorator to None, run_after=None
[2025-03-17T15:02:14.524+0600] {processor.py:208} INFO - Processing /home/shamim/airflow_venv/lib/python3.12/site-packages/airflow/example_dags/example_bash_decorator.py took 0.106 seconds
[2025-03-17T15:03:27.290+0600] {processor.py:186} INFO - Started process (PID=19626) to work on /home/shamim/airflow_venv/lib/python3.12/site-packages/airflow/example_dags/example_bash_decorator.py
[2025-03-17T15:03:27.297+0600] {processor.py:914} INFO - Processing file /home/shamim/airflow_venv/lib/python3.12/site-packages/airflow/example_dags/example_bash_decorator.py for tasks to queue
[2025-03-17T15:03:27.299+0600] {logging_mixin.py:190} INFO - [2025-03-17T15:03:27.299+0600] {dagbag.py:588} INFO - Filling up the DagBag from /home/shamim/airflow_venv/lib/python3.12/site-packages/airflow/example_dags/example_bash_decorator.py
[2025-03-17T15:03:27.320+0600] {processor.py:925} INFO - DAG(s) 'example_bash_decorator' retrieved from /home/shamim/airflow_venv/lib/python3.12/site-packages/airflow/example_dags/example_bash_decorator.py
[2025-03-17T15:03:27.342+0600] {logging_mixin.py:190} INFO - [2025-03-17T15:03:27.341+0600] {dag.py:3239} INFO - Sync 1 DAGs
[2025-03-17T15:03:27.356+0600] {logging_mixin.py:190} INFO - [2025-03-17T15:03:27.356+0600] {dag.py:4180} INFO - Setting next_dagrun for example_bash_decorator to None, run_after=None
[2025-03-17T15:03:27.390+0600] {processor.py:208} INFO - Processing /home/shamim/airflow_venv/lib/python3.12/site-packages/airflow/example_dags/example_bash_decorator.py took 0.107 seconds
[2025-03-17T15:06:35.020+0600] {processor.py:186} INFO - Started process (PID=19924) to work on /home/shamim/airflow_venv/lib/python3.12/site-packages/airflow/example_dags/example_bash_decorator.py
[2025-03-17T15:06:35.027+0600] {processor.py:914} INFO - Processing file /home/shamim/airflow_venv/lib/python3.12/site-packages/airflow/example_dags/example_bash_decorator.py for tasks to queue
[2025-03-17T15:06:35.032+0600] {logging_mixin.py:190} INFO - [2025-03-17T15:06:35.031+0600] {dagbag.py:588} INFO - Filling up the DagBag from /home/shamim/airflow_venv/lib/python3.12/site-packages/airflow/example_dags/example_bash_decorator.py
[2025-03-17T15:06:35.072+0600] {processor.py:925} INFO - DAG(s) 'example_bash_decorator' retrieved from /home/shamim/airflow_venv/lib/python3.12/site-packages/airflow/example_dags/example_bash_decorator.py
[2025-03-17T15:06:35.346+0600] {logging_mixin.py:190} INFO - [2025-03-17T15:06:35.345+0600] {dag.py:3239} INFO - Sync 1 DAGs
[2025-03-17T15:06:35.373+0600] {logging_mixin.py:190} INFO - [2025-03-17T15:06:35.373+0600] {dag.py:4180} INFO - Setting next_dagrun for example_bash_decorator to None, run_after=None
[2025-03-17T15:06:35.411+0600] {processor.py:208} INFO - Processing /home/shamim/airflow_venv/lib/python3.12/site-packages/airflow/example_dags/example_bash_decorator.py took 0.405 seconds
[2025-03-17T15:08:08.683+0600] {processor.py:186} INFO - Started process (PID=20163) to work on /home/shamim/airflow_venv/lib/python3.12/site-packages/airflow/example_dags/example_bash_decorator.py
[2025-03-17T15:08:09.854+0600] {processor.py:914} INFO - Processing file /home/shamim/airflow_venv/lib/python3.12/site-packages/airflow/example_dags/example_bash_decorator.py for tasks to queue
[2025-03-17T15:08:09.862+0600] {logging_mixin.py:190} INFO - [2025-03-17T15:08:09.860+0600] {dagbag.py:588} INFO - Filling up the DagBag from /home/shamim/airflow_venv/lib/python3.12/site-packages/airflow/example_dags/example_bash_decorator.py
[2025-03-17T15:08:09.901+0600] {processor.py:925} INFO - DAG(s) 'example_bash_decorator' retrieved from /home/shamim/airflow_venv/lib/python3.12/site-packages/airflow/example_dags/example_bash_decorator.py
[2025-03-17T15:08:09.925+0600] {logging_mixin.py:190} INFO - [2025-03-17T15:08:09.925+0600] {dag.py:3239} INFO - Sync 1 DAGs
[2025-03-17T15:08:09.940+0600] {logging_mixin.py:190} INFO - [2025-03-17T15:08:09.940+0600] {dag.py:4180} INFO - Setting next_dagrun for example_bash_decorator to None, run_after=None
[2025-03-17T15:08:09.967+0600] {processor.py:208} INFO - Processing /home/shamim/airflow_venv/lib/python3.12/site-packages/airflow/example_dags/example_bash_decorator.py took 1.291 seconds
[2025-03-17T15:09:26.245+0600] {processor.py:186} INFO - Started process (PID=20335) to work on /home/shamim/airflow_venv/lib/python3.12/site-packages/airflow/example_dags/example_bash_decorator.py
[2025-03-17T15:09:26.259+0600] {processor.py:914} INFO - Processing file /home/shamim/airflow_venv/lib/python3.12/site-packages/airflow/example_dags/example_bash_decorator.py for tasks to queue
[2025-03-17T15:09:26.262+0600] {logging_mixin.py:190} INFO - [2025-03-17T15:09:26.262+0600] {dagbag.py:588} INFO - Filling up the DagBag from /home/shamim/airflow_venv/lib/python3.12/site-packages/airflow/example_dags/example_bash_decorator.py
[2025-03-17T15:09:26.282+0600] {processor.py:925} INFO - DAG(s) 'example_bash_decorator' retrieved from /home/shamim/airflow_venv/lib/python3.12/site-packages/airflow/example_dags/example_bash_decorator.py
[2025-03-17T15:09:26.307+0600] {logging_mixin.py:190} INFO - [2025-03-17T15:09:26.306+0600] {dag.py:3239} INFO - Sync 1 DAGs
[2025-03-17T15:09:26.327+0600] {logging_mixin.py:190} INFO - [2025-03-17T15:09:26.326+0600] {dag.py:4180} INFO - Setting next_dagrun for example_bash_decorator to None, run_after=None
[2025-03-17T15:09:26.358+0600] {processor.py:208} INFO - Processing /home/shamim/airflow_venv/lib/python3.12/site-packages/airflow/example_dags/example_bash_decorator.py took 0.122 seconds
[2025-03-17T15:17:13.409+0600] {processor.py:186} INFO - Started process (PID=21223) to work on /home/shamim/airflow_venv/lib/python3.12/site-packages/airflow/example_dags/example_bash_decorator.py
[2025-03-17T15:17:13.410+0600] {processor.py:914} INFO - Processing file /home/shamim/airflow_venv/lib/python3.12/site-packages/airflow/example_dags/example_bash_decorator.py for tasks to queue
[2025-03-17T15:17:13.413+0600] {logging_mixin.py:190} INFO - [2025-03-17T15:17:13.412+0600] {dagbag.py:588} INFO - Filling up the DagBag from /home/shamim/airflow_venv/lib/python3.12/site-packages/airflow/example_dags/example_bash_decorator.py
[2025-03-17T15:17:13.434+0600] {processor.py:925} INFO - DAG(s) 'example_bash_decorator' retrieved from /home/shamim/airflow_venv/lib/python3.12/site-packages/airflow/example_dags/example_bash_decorator.py
[2025-03-17T15:17:13.458+0600] {logging_mixin.py:190} INFO - [2025-03-17T15:17:13.458+0600] {dag.py:3239} INFO - Sync 1 DAGs
[2025-03-17T15:17:13.475+0600] {logging_mixin.py:190} INFO - [2025-03-17T15:17:13.475+0600] {dag.py:4180} INFO - Setting next_dagrun for example_bash_decorator to None, run_after=None
[2025-03-17T15:17:13.513+0600] {processor.py:208} INFO - Processing /home/shamim/airflow_venv/lib/python3.12/site-packages/airflow/example_dags/example_bash_decorator.py took 0.111 seconds
[2025-03-17T15:26:57.378+0600] {processor.py:186} INFO - Started process (PID=22533) to work on /home/shamim/airflow_venv/lib/python3.12/site-packages/airflow/example_dags/example_bash_decorator.py
[2025-03-17T15:26:57.383+0600] {processor.py:914} INFO - Processing file /home/shamim/airflow_venv/lib/python3.12/site-packages/airflow/example_dags/example_bash_decorator.py for tasks to queue
[2025-03-17T15:26:57.390+0600] {logging_mixin.py:190} INFO - [2025-03-17T15:26:57.388+0600] {dagbag.py:588} INFO - Filling up the DagBag from /home/shamim/airflow_venv/lib/python3.12/site-packages/airflow/example_dags/example_bash_decorator.py
[2025-03-17T15:26:57.439+0600] {processor.py:925} INFO - DAG(s) 'example_bash_decorator' retrieved from /home/shamim/airflow_venv/lib/python3.12/site-packages/airflow/example_dags/example_bash_decorator.py
[2025-03-17T15:26:57.471+0600] {logging_mixin.py:190} INFO - [2025-03-17T15:26:57.471+0600] {dag.py:3239} INFO - Sync 1 DAGs
[2025-03-17T15:26:57.491+0600] {logging_mixin.py:190} INFO - [2025-03-17T15:26:57.491+0600] {dag.py:4180} INFO - Setting next_dagrun for example_bash_decorator to None, run_after=None
[2025-03-17T15:26:57.521+0600] {processor.py:208} INFO - Processing /home/shamim/airflow_venv/lib/python3.12/site-packages/airflow/example_dags/example_bash_decorator.py took 0.169 seconds
[2025-03-17T15:31:44.803+0600] {processor.py:186} INFO - Started process (PID=23250) to work on /home/shamim/airflow_venv/lib/python3.12/site-packages/airflow/example_dags/example_bash_decorator.py
[2025-03-17T15:31:44.809+0600] {processor.py:914} INFO - Processing file /home/shamim/airflow_venv/lib/python3.12/site-packages/airflow/example_dags/example_bash_decorator.py for tasks to queue
[2025-03-17T15:31:44.812+0600] {logging_mixin.py:190} INFO - [2025-03-17T15:31:44.811+0600] {dagbag.py:588} INFO - Filling up the DagBag from /home/shamim/airflow_venv/lib/python3.12/site-packages/airflow/example_dags/example_bash_decorator.py
[2025-03-17T15:31:44.833+0600] {processor.py:925} INFO - DAG(s) 'example_bash_decorator' retrieved from /home/shamim/airflow_venv/lib/python3.12/site-packages/airflow/example_dags/example_bash_decorator.py
[2025-03-17T15:31:44.867+0600] {logging_mixin.py:190} INFO - [2025-03-17T15:31:44.866+0600] {dag.py:3239} INFO - Sync 1 DAGs
[2025-03-17T15:31:44.892+0600] {logging_mixin.py:190} INFO - [2025-03-17T15:31:44.892+0600] {dag.py:4180} INFO - Setting next_dagrun for example_bash_decorator to None, run_after=None
[2025-03-17T15:31:44.923+0600] {processor.py:208} INFO - Processing /home/shamim/airflow_venv/lib/python3.12/site-packages/airflow/example_dags/example_bash_decorator.py took 0.128 seconds
[2025-03-17T15:33:13.428+0600] {processor.py:186} INFO - Started process (PID=23416) to work on /home/shamim/airflow_venv/lib/python3.12/site-packages/airflow/example_dags/example_bash_decorator.py
[2025-03-17T15:33:13.435+0600] {processor.py:914} INFO - Processing file /home/shamim/airflow_venv/lib/python3.12/site-packages/airflow/example_dags/example_bash_decorator.py for tasks to queue
[2025-03-17T15:33:13.438+0600] {logging_mixin.py:190} INFO - [2025-03-17T15:33:13.438+0600] {dagbag.py:588} INFO - Filling up the DagBag from /home/shamim/airflow_venv/lib/python3.12/site-packages/airflow/example_dags/example_bash_decorator.py
[2025-03-17T15:33:13.464+0600] {processor.py:925} INFO - DAG(s) 'example_bash_decorator' retrieved from /home/shamim/airflow_venv/lib/python3.12/site-packages/airflow/example_dags/example_bash_decorator.py
[2025-03-17T15:33:13.487+0600] {logging_mixin.py:190} INFO - [2025-03-17T15:33:13.487+0600] {dag.py:3239} INFO - Sync 1 DAGs
[2025-03-17T15:33:13.504+0600] {logging_mixin.py:190} INFO - [2025-03-17T15:33:13.504+0600] {dag.py:4180} INFO - Setting next_dagrun for example_bash_decorator to None, run_after=None
[2025-03-17T15:33:13.540+0600] {processor.py:208} INFO - Processing /home/shamim/airflow_venv/lib/python3.12/site-packages/airflow/example_dags/example_bash_decorator.py took 0.122 seconds
[2025-03-17T15:34:23.590+0600] {processor.py:186} INFO - Started process (PID=23523) to work on /home/shamim/airflow_venv/lib/python3.12/site-packages/airflow/example_dags/example_bash_decorator.py
[2025-03-17T15:34:23.597+0600] {processor.py:914} INFO - Processing file /home/shamim/airflow_venv/lib/python3.12/site-packages/airflow/example_dags/example_bash_decorator.py for tasks to queue
[2025-03-17T15:34:23.602+0600] {logging_mixin.py:190} INFO - [2025-03-17T15:34:23.600+0600] {dagbag.py:588} INFO - Filling up the DagBag from /home/shamim/airflow_venv/lib/python3.12/site-packages/airflow/example_dags/example_bash_decorator.py
[2025-03-17T15:34:23.640+0600] {processor.py:925} INFO - DAG(s) 'example_bash_decorator' retrieved from /home/shamim/airflow_venv/lib/python3.12/site-packages/airflow/example_dags/example_bash_decorator.py
[2025-03-17T15:34:23.679+0600] {logging_mixin.py:190} INFO - [2025-03-17T15:34:23.679+0600] {dag.py:3239} INFO - Sync 1 DAGs
[2025-03-17T15:34:23.697+0600] {logging_mixin.py:190} INFO - [2025-03-17T15:34:23.697+0600] {dag.py:4180} INFO - Setting next_dagrun for example_bash_decorator to None, run_after=None
[2025-03-17T15:34:23.736+0600] {processor.py:208} INFO - Processing /home/shamim/airflow_venv/lib/python3.12/site-packages/airflow/example_dags/example_bash_decorator.py took 0.160 seconds
[2025-03-17T15:36:06.797+0600] {processor.py:186} INFO - Started process (PID=23726) to work on /home/shamim/airflow_venv/lib/python3.12/site-packages/airflow/example_dags/example_bash_decorator.py
[2025-03-17T15:36:06.804+0600] {processor.py:914} INFO - Processing file /home/shamim/airflow_venv/lib/python3.12/site-packages/airflow/example_dags/example_bash_decorator.py for tasks to queue
[2025-03-17T15:36:06.807+0600] {logging_mixin.py:190} INFO - [2025-03-17T15:36:06.806+0600] {dagbag.py:588} INFO - Filling up the DagBag from /home/shamim/airflow_venv/lib/python3.12/site-packages/airflow/example_dags/example_bash_decorator.py
[2025-03-17T15:36:06.837+0600] {processor.py:925} INFO - DAG(s) 'example_bash_decorator' retrieved from /home/shamim/airflow_venv/lib/python3.12/site-packages/airflow/example_dags/example_bash_decorator.py
[2025-03-17T15:36:06.874+0600] {logging_mixin.py:190} INFO - [2025-03-17T15:36:06.874+0600] {dag.py:3239} INFO - Sync 1 DAGs
[2025-03-17T15:36:06.901+0600] {logging_mixin.py:190} INFO - [2025-03-17T15:36:06.901+0600] {dag.py:4180} INFO - Setting next_dagrun for example_bash_decorator to None, run_after=None
[2025-03-17T15:36:06.933+0600] {processor.py:208} INFO - Processing /home/shamim/airflow_venv/lib/python3.12/site-packages/airflow/example_dags/example_bash_decorator.py took 0.150 seconds
[2025-03-17T15:37:59.609+0600] {processor.py:186} INFO - Started process (PID=23955) to work on /home/shamim/airflow_venv/lib/python3.12/site-packages/airflow/example_dags/example_bash_decorator.py
[2025-03-17T15:37:59.615+0600] {processor.py:914} INFO - Processing file /home/shamim/airflow_venv/lib/python3.12/site-packages/airflow/example_dags/example_bash_decorator.py for tasks to queue
[2025-03-17T15:37:59.618+0600] {logging_mixin.py:190} INFO - [2025-03-17T15:37:59.617+0600] {dagbag.py:588} INFO - Filling up the DagBag from /home/shamim/airflow_venv/lib/python3.12/site-packages/airflow/example_dags/example_bash_decorator.py
[2025-03-17T15:37:59.639+0600] {processor.py:925} INFO - DAG(s) 'example_bash_decorator' retrieved from /home/shamim/airflow_venv/lib/python3.12/site-packages/airflow/example_dags/example_bash_decorator.py
[2025-03-17T15:37:59.664+0600] {logging_mixin.py:190} INFO - [2025-03-17T15:37:59.664+0600] {dag.py:3239} INFO - Sync 1 DAGs
[2025-03-17T15:37:59.681+0600] {logging_mixin.py:190} INFO - [2025-03-17T15:37:59.680+0600] {dag.py:4180} INFO - Setting next_dagrun for example_bash_decorator to None, run_after=None
[2025-03-17T15:37:59.728+0600] {processor.py:208} INFO - Processing /home/shamim/airflow_venv/lib/python3.12/site-packages/airflow/example_dags/example_bash_decorator.py took 0.126 seconds
