[2025-03-17T15:00:56.475+0600] {processor.py:186} INFO - Started process (PID=19403) to work on /home/shamim/airflow_venv/lib/python3.12/site-packages/airflow/example_dags/example_branch_day_of_week_operator.py
[2025-03-17T15:00:56.476+0600] {processor.py:914} INFO - Processing file /home/shamim/airflow_venv/lib/python3.12/site-packages/airflow/example_dags/example_branch_day_of_week_operator.py for tasks to queue
[2025-03-17T15:00:56.479+0600] {logging_mixin.py:190} INFO - [2025-03-17T15:00:56.478+0600] {dagbag.py:588} INFO - Filling up the DagBag from /home/shamim/airflow_venv/lib/python3.12/site-packages/airflow/example_dags/example_branch_day_of_week_operator.py
[2025-03-17T15:00:56.491+0600] {processor.py:925} INFO - DAG(s) 'example_weekday_branch_operator' retrieved from /home/shamim/airflow_venv/lib/python3.12/site-packages/airflow/example_dags/example_branch_day_of_week_operator.py
[2025-03-17T15:00:56.638+0600] {logging_mixin.py:190} INFO - [2025-03-17T15:00:56.637+0600] {override.py:1930} INFO - Created Permission View: can read on DAG:example_weekday_branch_operator
[2025-03-17T15:00:56.650+0600] {logging_mixin.py:190} INFO - [2025-03-17T15:00:56.649+0600] {override.py:1930} INFO - Created Permission View: can delete on DAG:example_weekday_branch_operator
[2025-03-17T15:00:56.658+0600] {logging_mixin.py:190} INFO - [2025-03-17T15:00:56.658+0600] {override.py:1930} INFO - Created Permission View: can edit on DAG:example_weekday_branch_operator
[2025-03-17T15:00:56.668+0600] {logging_mixin.py:190} INFO - [2025-03-17T15:00:56.668+0600] {override.py:1930} INFO - Created Permission View: can create on DAG Run:example_weekday_branch_operator
[2025-03-17T15:00:56.676+0600] {logging_mixin.py:190} INFO - [2025-03-17T15:00:56.676+0600] {override.py:1930} INFO - Created Permission View: can read on DAG Run:example_weekday_branch_operator
[2025-03-17T15:00:56.684+0600] {logging_mixin.py:190} INFO - [2025-03-17T15:00:56.683+0600] {override.py:1930} INFO - Created Permission View: can delete on DAG Run:example_weekday_branch_operator
[2025-03-17T15:00:56.692+0600] {logging_mixin.py:190} INFO - [2025-03-17T15:00:56.692+0600] {override.py:1930} INFO - Created Permission View: menu access on DAG Run:example_weekday_branch_operator
[2025-03-17T15:00:56.693+0600] {logging_mixin.py:190} INFO - [2025-03-17T15:00:56.693+0600] {dag.py:3239} INFO - Sync 1 DAGs
[2025-03-17T15:00:56.707+0600] {logging_mixin.py:190} INFO - [2025-03-17T15:00:56.706+0600] {dag.py:3262} INFO - Creating ORM DAG for example_weekday_branch_operator
[2025-03-17T15:00:56.718+0600] {logging_mixin.py:190} INFO - [2025-03-17T15:00:56.718+0600] {dag.py:4180} INFO - Setting next_dagrun for example_weekday_branch_operator to 2025-03-16 00:00:00+00:00, run_after=2025-03-17 00:00:00+00:00
[2025-03-17T15:00:56.740+0600] {processor.py:208} INFO - Processing /home/shamim/airflow_venv/lib/python3.12/site-packages/airflow/example_dags/example_branch_day_of_week_operator.py took 0.272 seconds
[2025-03-17T15:02:16.488+0600] {processor.py:186} INFO - Started process (PID=19502) to work on /home/shamim/airflow_venv/lib/python3.12/site-packages/airflow/example_dags/example_branch_day_of_week_operator.py
[2025-03-17T15:02:16.495+0600] {processor.py:914} INFO - Processing file /home/shamim/airflow_venv/lib/python3.12/site-packages/airflow/example_dags/example_branch_day_of_week_operator.py for tasks to queue
[2025-03-17T15:02:16.497+0600] {logging_mixin.py:190} INFO - [2025-03-17T15:02:16.497+0600] {dagbag.py:588} INFO - Filling up the DagBag from /home/shamim/airflow_venv/lib/python3.12/site-packages/airflow/example_dags/example_branch_day_of_week_operator.py
[2025-03-17T15:02:16.509+0600] {processor.py:925} INFO - DAG(s) 'example_weekday_branch_operator' retrieved from /home/shamim/airflow_venv/lib/python3.12/site-packages/airflow/example_dags/example_branch_day_of_week_operator.py
[2025-03-17T15:02:16.529+0600] {logging_mixin.py:190} INFO - [2025-03-17T15:02:16.528+0600] {dag.py:3239} INFO - Sync 1 DAGs
[2025-03-17T15:02:16.555+0600] {logging_mixin.py:190} INFO - [2025-03-17T15:02:16.555+0600] {dag.py:4180} INFO - Setting next_dagrun for example_weekday_branch_operator to 2025-03-16 00:00:00+00:00, run_after=2025-03-17 00:00:00+00:00
[2025-03-17T15:02:16.591+0600] {processor.py:208} INFO - Processing /home/shamim/airflow_venv/lib/python3.12/site-packages/airflow/example_dags/example_branch_day_of_week_operator.py took 0.109 seconds
[2025-03-17T15:03:29.835+0600] {processor.py:186} INFO - Started process (PID=19628) to work on /home/shamim/airflow_venv/lib/python3.12/site-packages/airflow/example_dags/example_branch_day_of_week_operator.py
[2025-03-17T15:03:29.841+0600] {processor.py:914} INFO - Processing file /home/shamim/airflow_venv/lib/python3.12/site-packages/airflow/example_dags/example_branch_day_of_week_operator.py for tasks to queue
[2025-03-17T15:03:29.844+0600] {logging_mixin.py:190} INFO - [2025-03-17T15:03:29.844+0600] {dagbag.py:588} INFO - Filling up the DagBag from /home/shamim/airflow_venv/lib/python3.12/site-packages/airflow/example_dags/example_branch_day_of_week_operator.py
[2025-03-17T15:03:29.856+0600] {processor.py:925} INFO - DAG(s) 'example_weekday_branch_operator' retrieved from /home/shamim/airflow_venv/lib/python3.12/site-packages/airflow/example_dags/example_branch_day_of_week_operator.py
[2025-03-17T15:03:29.875+0600] {logging_mixin.py:190} INFO - [2025-03-17T15:03:29.875+0600] {dag.py:3239} INFO - Sync 1 DAGs
[2025-03-17T15:03:29.902+0600] {logging_mixin.py:190} INFO - [2025-03-17T15:03:29.901+0600] {dag.py:4180} INFO - Setting next_dagrun for example_weekday_branch_operator to 2025-03-16 00:00:00+00:00, run_after=2025-03-17 00:00:00+00:00
[2025-03-17T15:03:29.937+0600] {processor.py:208} INFO - Processing /home/shamim/airflow_venv/lib/python3.12/site-packages/airflow/example_dags/example_branch_day_of_week_operator.py took 0.108 seconds
[2025-03-17T15:06:37.804+0600] {processor.py:186} INFO - Started process (PID=19926) to work on /home/shamim/airflow_venv/lib/python3.12/site-packages/airflow/example_dags/example_branch_day_of_week_operator.py
[2025-03-17T15:06:37.808+0600] {processor.py:914} INFO - Processing file /home/shamim/airflow_venv/lib/python3.12/site-packages/airflow/example_dags/example_branch_day_of_week_operator.py for tasks to queue
[2025-03-17T15:06:37.819+0600] {logging_mixin.py:190} INFO - [2025-03-17T15:06:37.818+0600] {dagbag.py:588} INFO - Filling up the DagBag from /home/shamim/airflow_venv/lib/python3.12/site-packages/airflow/example_dags/example_branch_day_of_week_operator.py
[2025-03-17T15:06:37.872+0600] {processor.py:925} INFO - DAG(s) 'example_weekday_branch_operator' retrieved from /home/shamim/airflow_venv/lib/python3.12/site-packages/airflow/example_dags/example_branch_day_of_week_operator.py
[2025-03-17T15:06:37.920+0600] {logging_mixin.py:190} INFO - [2025-03-17T15:06:37.919+0600] {dag.py:3239} INFO - Sync 1 DAGs
[2025-03-17T15:06:37.985+0600] {logging_mixin.py:190} INFO - [2025-03-17T15:06:37.984+0600] {dag.py:4180} INFO - Setting next_dagrun for example_weekday_branch_operator to 2025-03-16 00:00:00+00:00, run_after=2025-03-17 00:00:00+00:00
[2025-03-17T15:06:38.041+0600] {processor.py:208} INFO - Processing /home/shamim/airflow_venv/lib/python3.12/site-packages/airflow/example_dags/example_branch_day_of_week_operator.py took 0.252 seconds
[2025-03-17T15:08:12.327+0600] {processor.py:186} INFO - Started process (PID=20165) to work on /home/shamim/airflow_venv/lib/python3.12/site-packages/airflow/example_dags/example_branch_day_of_week_operator.py
[2025-03-17T15:08:12.334+0600] {processor.py:914} INFO - Processing file /home/shamim/airflow_venv/lib/python3.12/site-packages/airflow/example_dags/example_branch_day_of_week_operator.py for tasks to queue
[2025-03-17T15:08:12.338+0600] {logging_mixin.py:190} INFO - [2025-03-17T15:08:12.337+0600] {dagbag.py:588} INFO - Filling up the DagBag from /home/shamim/airflow_venv/lib/python3.12/site-packages/airflow/example_dags/example_branch_day_of_week_operator.py
[2025-03-17T15:08:12.357+0600] {processor.py:925} INFO - DAG(s) 'example_weekday_branch_operator' retrieved from /home/shamim/airflow_venv/lib/python3.12/site-packages/airflow/example_dags/example_branch_day_of_week_operator.py
[2025-03-17T15:08:12.381+0600] {logging_mixin.py:190} INFO - [2025-03-17T15:08:12.381+0600] {dag.py:3239} INFO - Sync 1 DAGs
[2025-03-17T15:08:12.407+0600] {logging_mixin.py:190} INFO - [2025-03-17T15:08:12.407+0600] {dag.py:4180} INFO - Setting next_dagrun for example_weekday_branch_operator to 2025-03-16 00:00:00+00:00, run_after=2025-03-17 00:00:00+00:00
[2025-03-17T15:08:12.443+0600] {processor.py:208} INFO - Processing /home/shamim/airflow_venv/lib/python3.12/site-packages/airflow/example_dags/example_branch_day_of_week_operator.py took 0.127 seconds
[2025-03-17T15:09:28.187+0600] {processor.py:186} INFO - Started process (PID=20341) to work on /home/shamim/airflow_venv/lib/python3.12/site-packages/airflow/example_dags/example_branch_day_of_week_operator.py
[2025-03-17T15:09:28.194+0600] {processor.py:914} INFO - Processing file /home/shamim/airflow_venv/lib/python3.12/site-packages/airflow/example_dags/example_branch_day_of_week_operator.py for tasks to queue
[2025-03-17T15:09:28.196+0600] {logging_mixin.py:190} INFO - [2025-03-17T15:09:28.196+0600] {dagbag.py:588} INFO - Filling up the DagBag from /home/shamim/airflow_venv/lib/python3.12/site-packages/airflow/example_dags/example_branch_day_of_week_operator.py
[2025-03-17T15:09:28.210+0600] {processor.py:925} INFO - DAG(s) 'example_weekday_branch_operator' retrieved from /home/shamim/airflow_venv/lib/python3.12/site-packages/airflow/example_dags/example_branch_day_of_week_operator.py
[2025-03-17T15:09:28.229+0600] {logging_mixin.py:190} INFO - [2025-03-17T15:09:28.228+0600] {dag.py:3239} INFO - Sync 1 DAGs
[2025-03-17T15:09:28.255+0600] {logging_mixin.py:190} INFO - [2025-03-17T15:09:28.254+0600] {dag.py:4180} INFO - Setting next_dagrun for example_weekday_branch_operator to 2025-03-16 00:00:00+00:00, run_after=2025-03-17 00:00:00+00:00
[2025-03-17T15:09:28.291+0600] {processor.py:208} INFO - Processing /home/shamim/airflow_venv/lib/python3.12/site-packages/airflow/example_dags/example_branch_day_of_week_operator.py took 0.112 seconds
[2025-03-17T15:17:45.647+0600] {processor.py:186} INFO - Started process (PID=21322) to work on /home/shamim/airflow_venv/lib/python3.12/site-packages/airflow/example_dags/example_branch_day_of_week_operator.py
[2025-03-17T15:17:45.648+0600] {processor.py:914} INFO - Processing file /home/shamim/airflow_venv/lib/python3.12/site-packages/airflow/example_dags/example_branch_day_of_week_operator.py for tasks to queue
[2025-03-17T15:17:45.651+0600] {logging_mixin.py:190} INFO - [2025-03-17T15:17:45.650+0600] {dagbag.py:588} INFO - Filling up the DagBag from /home/shamim/airflow_venv/lib/python3.12/site-packages/airflow/example_dags/example_branch_day_of_week_operator.py
[2025-03-17T15:17:45.663+0600] {processor.py:925} INFO - DAG(s) 'example_weekday_branch_operator' retrieved from /home/shamim/airflow_venv/lib/python3.12/site-packages/airflow/example_dags/example_branch_day_of_week_operator.py
[2025-03-17T15:17:45.683+0600] {logging_mixin.py:190} INFO - [2025-03-17T15:17:45.683+0600] {dag.py:3239} INFO - Sync 1 DAGs
[2025-03-17T15:17:45.714+0600] {logging_mixin.py:190} INFO - [2025-03-17T15:17:45.713+0600] {dag.py:4180} INFO - Setting next_dagrun for example_weekday_branch_operator to 2025-03-16 00:00:00+00:00, run_after=2025-03-17 00:00:00+00:00
[2025-03-17T15:17:45.740+0600] {processor.py:208} INFO - Processing /home/shamim/airflow_venv/lib/python3.12/site-packages/airflow/example_dags/example_branch_day_of_week_operator.py took 0.100 seconds
[2025-03-17T15:27:06.860+0600] {processor.py:186} INFO - Started process (PID=22561) to work on /home/shamim/airflow_venv/lib/python3.12/site-packages/airflow/example_dags/example_branch_day_of_week_operator.py
[2025-03-17T15:27:06.865+0600] {processor.py:914} INFO - Processing file /home/shamim/airflow_venv/lib/python3.12/site-packages/airflow/example_dags/example_branch_day_of_week_operator.py for tasks to queue
[2025-03-17T15:27:06.868+0600] {logging_mixin.py:190} INFO - [2025-03-17T15:27:06.867+0600] {dagbag.py:588} INFO - Filling up the DagBag from /home/shamim/airflow_venv/lib/python3.12/site-packages/airflow/example_dags/example_branch_day_of_week_operator.py
[2025-03-17T15:27:06.881+0600] {processor.py:925} INFO - DAG(s) 'example_weekday_branch_operator' retrieved from /home/shamim/airflow_venv/lib/python3.12/site-packages/airflow/example_dags/example_branch_day_of_week_operator.py
[2025-03-17T15:27:06.904+0600] {logging_mixin.py:190} INFO - [2025-03-17T15:27:06.904+0600] {dag.py:3239} INFO - Sync 1 DAGs
[2025-03-17T15:27:06.937+0600] {logging_mixin.py:190} INFO - [2025-03-17T15:27:06.937+0600] {dag.py:4180} INFO - Setting next_dagrun for example_weekday_branch_operator to 2025-03-16 00:00:00+00:00, run_after=2025-03-17 00:00:00+00:00
[2025-03-17T15:27:06.967+0600] {processor.py:208} INFO - Processing /home/shamim/airflow_venv/lib/python3.12/site-packages/airflow/example_dags/example_branch_day_of_week_operator.py took 0.114 seconds
[2025-03-17T15:31:46.464+0600] {processor.py:186} INFO - Started process (PID=23253) to work on /home/shamim/airflow_venv/lib/python3.12/site-packages/airflow/example_dags/example_branch_day_of_week_operator.py
[2025-03-17T15:31:46.472+0600] {processor.py:914} INFO - Processing file /home/shamim/airflow_venv/lib/python3.12/site-packages/airflow/example_dags/example_branch_day_of_week_operator.py for tasks to queue
[2025-03-17T15:31:46.480+0600] {logging_mixin.py:190} INFO - [2025-03-17T15:31:46.479+0600] {dagbag.py:588} INFO - Filling up the DagBag from /home/shamim/airflow_venv/lib/python3.12/site-packages/airflow/example_dags/example_branch_day_of_week_operator.py
[2025-03-17T15:31:46.520+0600] {processor.py:925} INFO - DAG(s) 'example_weekday_branch_operator' retrieved from /home/shamim/airflow_venv/lib/python3.12/site-packages/airflow/example_dags/example_branch_day_of_week_operator.py
[2025-03-17T15:31:46.547+0600] {logging_mixin.py:190} INFO - [2025-03-17T15:31:46.547+0600] {dag.py:3239} INFO - Sync 1 DAGs
[2025-03-17T15:31:46.578+0600] {logging_mixin.py:190} INFO - [2025-03-17T15:31:46.578+0600] {dag.py:4180} INFO - Setting next_dagrun for example_weekday_branch_operator to 2025-03-16 00:00:00+00:00, run_after=2025-03-17 00:00:00+00:00
[2025-03-17T15:31:46.606+0600] {processor.py:208} INFO - Processing /home/shamim/airflow_venv/lib/python3.12/site-packages/airflow/example_dags/example_branch_day_of_week_operator.py took 0.164 seconds
[2025-03-17T15:33:15.030+0600] {processor.py:186} INFO - Started process (PID=23418) to work on /home/shamim/airflow_venv/lib/python3.12/site-packages/airflow/example_dags/example_branch_day_of_week_operator.py
[2025-03-17T15:33:15.037+0600] {processor.py:914} INFO - Processing file /home/shamim/airflow_venv/lib/python3.12/site-packages/airflow/example_dags/example_branch_day_of_week_operator.py for tasks to queue
[2025-03-17T15:33:15.041+0600] {logging_mixin.py:190} INFO - [2025-03-17T15:33:15.040+0600] {dagbag.py:588} INFO - Filling up the DagBag from /home/shamim/airflow_venv/lib/python3.12/site-packages/airflow/example_dags/example_branch_day_of_week_operator.py
[2025-03-17T15:33:15.060+0600] {processor.py:925} INFO - DAG(s) 'example_weekday_branch_operator' retrieved from /home/shamim/airflow_venv/lib/python3.12/site-packages/airflow/example_dags/example_branch_day_of_week_operator.py
[2025-03-17T15:33:15.082+0600] {logging_mixin.py:190} INFO - [2025-03-17T15:33:15.082+0600] {dag.py:3239} INFO - Sync 1 DAGs
[2025-03-17T15:33:15.111+0600] {logging_mixin.py:190} INFO - [2025-03-17T15:33:15.111+0600] {dag.py:4180} INFO - Setting next_dagrun for example_weekday_branch_operator to 2025-03-16 00:00:00+00:00, run_after=2025-03-17 00:00:00+00:00
[2025-03-17T15:33:15.153+0600] {processor.py:208} INFO - Processing /home/shamim/airflow_venv/lib/python3.12/site-packages/airflow/example_dags/example_branch_day_of_week_operator.py took 0.133 seconds
[2025-03-17T15:34:26.345+0600] {processor.py:186} INFO - Started process (PID=23530) to work on /home/shamim/airflow_venv/lib/python3.12/site-packages/airflow/example_dags/example_branch_day_of_week_operator.py
[2025-03-17T15:34:26.353+0600] {processor.py:914} INFO - Processing file /home/shamim/airflow_venv/lib/python3.12/site-packages/airflow/example_dags/example_branch_day_of_week_operator.py for tasks to queue
[2025-03-17T15:34:26.361+0600] {logging_mixin.py:190} INFO - [2025-03-17T15:34:26.359+0600] {dagbag.py:588} INFO - Filling up the DagBag from /home/shamim/airflow_venv/lib/python3.12/site-packages/airflow/example_dags/example_branch_day_of_week_operator.py
[2025-03-17T15:34:26.398+0600] {processor.py:925} INFO - DAG(s) 'example_weekday_branch_operator' retrieved from /home/shamim/airflow_venv/lib/python3.12/site-packages/airflow/example_dags/example_branch_day_of_week_operator.py
[2025-03-17T15:34:26.423+0600] {logging_mixin.py:190} INFO - [2025-03-17T15:34:26.422+0600] {dag.py:3239} INFO - Sync 1 DAGs
[2025-03-17T15:34:26.451+0600] {logging_mixin.py:190} INFO - [2025-03-17T15:34:26.451+0600] {dag.py:4180} INFO - Setting next_dagrun for example_weekday_branch_operator to 2025-03-16 00:00:00+00:00, run_after=2025-03-17 00:00:00+00:00
[2025-03-17T15:34:26.501+0600] {processor.py:208} INFO - Processing /home/shamim/airflow_venv/lib/python3.12/site-packages/airflow/example_dags/example_branch_day_of_week_operator.py took 0.178 seconds
[2025-03-17T15:36:10.147+0600] {processor.py:186} INFO - Started process (PID=23733) to work on /home/shamim/airflow_venv/lib/python3.12/site-packages/airflow/example_dags/example_branch_day_of_week_operator.py
[2025-03-17T15:36:10.154+0600] {processor.py:914} INFO - Processing file /home/shamim/airflow_venv/lib/python3.12/site-packages/airflow/example_dags/example_branch_day_of_week_operator.py for tasks to queue
[2025-03-17T15:36:10.156+0600] {logging_mixin.py:190} INFO - [2025-03-17T15:36:10.156+0600] {dagbag.py:588} INFO - Filling up the DagBag from /home/shamim/airflow_venv/lib/python3.12/site-packages/airflow/example_dags/example_branch_day_of_week_operator.py
[2025-03-17T15:36:10.169+0600] {processor.py:925} INFO - DAG(s) 'example_weekday_branch_operator' retrieved from /home/shamim/airflow_venv/lib/python3.12/site-packages/airflow/example_dags/example_branch_day_of_week_operator.py
[2025-03-17T15:36:10.189+0600] {logging_mixin.py:190} INFO - [2025-03-17T15:36:10.188+0600] {dag.py:3239} INFO - Sync 1 DAGs
[2025-03-17T15:36:10.217+0600] {logging_mixin.py:190} INFO - [2025-03-17T15:36:10.216+0600] {dag.py:4180} INFO - Setting next_dagrun for example_weekday_branch_operator to 2025-03-16 00:00:00+00:00, run_after=2025-03-17 00:00:00+00:00
[2025-03-17T15:36:10.252+0600] {processor.py:208} INFO - Processing /home/shamim/airflow_venv/lib/python3.12/site-packages/airflow/example_dags/example_branch_day_of_week_operator.py took 0.112 seconds
[2025-03-17T15:38:01.320+0600] {processor.py:186} INFO - Started process (PID=23975) to work on /home/shamim/airflow_venv/lib/python3.12/site-packages/airflow/example_dags/example_branch_day_of_week_operator.py
[2025-03-17T15:38:01.322+0600] {processor.py:914} INFO - Processing file /home/shamim/airflow_venv/lib/python3.12/site-packages/airflow/example_dags/example_branch_day_of_week_operator.py for tasks to queue
[2025-03-17T15:38:01.327+0600] {logging_mixin.py:190} INFO - [2025-03-17T15:38:01.326+0600] {dagbag.py:588} INFO - Filling up the DagBag from /home/shamim/airflow_venv/lib/python3.12/site-packages/airflow/example_dags/example_branch_day_of_week_operator.py
[2025-03-17T15:38:01.348+0600] {processor.py:925} INFO - DAG(s) 'example_weekday_branch_operator' retrieved from /home/shamim/airflow_venv/lib/python3.12/site-packages/airflow/example_dags/example_branch_day_of_week_operator.py
[2025-03-17T15:38:01.372+0600] {logging_mixin.py:190} INFO - [2025-03-17T15:38:01.371+0600] {dag.py:3239} INFO - Sync 1 DAGs
[2025-03-17T15:38:01.404+0600] {logging_mixin.py:190} INFO - [2025-03-17T15:38:01.404+0600] {dag.py:4180} INFO - Setting next_dagrun for example_weekday_branch_operator to 2025-03-16 00:00:00+00:00, run_after=2025-03-17 00:00:00+00:00
[2025-03-17T15:38:01.427+0600] {processor.py:208} INFO - Processing /home/shamim/airflow_venv/lib/python3.12/site-packages/airflow/example_dags/example_branch_day_of_week_operator.py took 0.119 seconds
