[2025-03-17T15:00:51.510+0600] {processor.py:186} INFO - Started process (PID=19399) to work on /home/shamim/airflow_venv/lib/python3.12/site-packages/airflow/example_dags/example_branch_operator_decorator.py
[2025-03-17T15:00:51.513+0600] {processor.py:914} INFO - Processing file /home/shamim/airflow_venv/lib/python3.12/site-packages/airflow/example_dags/example_branch_operator_decorator.py for tasks to queue
[2025-03-17T15:00:51.520+0600] {logging_mixin.py:190} INFO - [2025-03-17T15:00:51.518+0600] {dagbag.py:588} INFO - Filling up the DagBag from /home/shamim/airflow_venv/lib/python3.12/site-packages/airflow/example_dags/example_branch_operator_decorator.py
[2025-03-17T15:00:51.530+0600] {processor.py:927} WARNING - No viable dags retrieved from /home/shamim/airflow_venv/lib/python3.12/site-packages/airflow/example_dags/example_branch_operator_decorator.py
[2025-03-17T15:00:51.552+0600] {processor.py:208} INFO - Processing /home/shamim/airflow_venv/lib/python3.12/site-packages/airflow/example_dags/example_branch_operator_decorator.py took 0.061 seconds
[2025-03-17T15:02:12.816+0600] {processor.py:186} INFO - Started process (PID=19497) to work on /home/shamim/airflow_venv/lib/python3.12/site-packages/airflow/example_dags/example_branch_operator_decorator.py
[2025-03-17T15:02:12.832+0600] {processor.py:914} INFO - Processing file /home/shamim/airflow_venv/lib/python3.12/site-packages/airflow/example_dags/example_branch_operator_decorator.py for tasks to queue
[2025-03-17T15:02:12.835+0600] {logging_mixin.py:190} INFO - [2025-03-17T15:02:12.835+0600] {dagbag.py:588} INFO - Filling up the DagBag from /home/shamim/airflow_venv/lib/python3.12/site-packages/airflow/example_dags/example_branch_operator_decorator.py
[2025-03-17T15:02:12.840+0600] {processor.py:927} WARNING - No viable dags retrieved from /home/shamim/airflow_venv/lib/python3.12/site-packages/airflow/example_dags/example_branch_operator_decorator.py
[2025-03-17T15:02:12.855+0600] {processor.py:208} INFO - Processing /home/shamim/airflow_venv/lib/python3.12/site-packages/airflow/example_dags/example_branch_operator_decorator.py took 0.048 seconds
[2025-03-17T15:03:25.765+0600] {processor.py:186} INFO - Started process (PID=19623) to work on /home/shamim/airflow_venv/lib/python3.12/site-packages/airflow/example_dags/example_branch_operator_decorator.py
[2025-03-17T15:03:25.772+0600] {processor.py:914} INFO - Processing file /home/shamim/airflow_venv/lib/python3.12/site-packages/airflow/example_dags/example_branch_operator_decorator.py for tasks to queue
[2025-03-17T15:03:25.776+0600] {logging_mixin.py:190} INFO - [2025-03-17T15:03:25.775+0600] {dagbag.py:588} INFO - Filling up the DagBag from /home/shamim/airflow_venv/lib/python3.12/site-packages/airflow/example_dags/example_branch_operator_decorator.py
[2025-03-17T15:03:25.780+0600] {processor.py:927} WARNING - No viable dags retrieved from /home/shamim/airflow_venv/lib/python3.12/site-packages/airflow/example_dags/example_branch_operator_decorator.py
[2025-03-17T15:03:25.796+0600] {processor.py:208} INFO - Processing /home/shamim/airflow_venv/lib/python3.12/site-packages/airflow/example_dags/example_branch_operator_decorator.py took 0.041 seconds
[2025-03-17T15:06:32.540+0600] {processor.py:186} INFO - Started process (PID=19922) to work on /home/shamim/airflow_venv/lib/python3.12/site-packages/airflow/example_dags/example_branch_operator_decorator.py
[2025-03-17T15:06:32.567+0600] {processor.py:914} INFO - Processing file /home/shamim/airflow_venv/lib/python3.12/site-packages/airflow/example_dags/example_branch_operator_decorator.py for tasks to queue
[2025-03-17T15:06:32.572+0600] {logging_mixin.py:190} INFO - [2025-03-17T15:06:32.571+0600] {dagbag.py:588} INFO - Filling up the DagBag from /home/shamim/airflow_venv/lib/python3.12/site-packages/airflow/example_dags/example_branch_operator_decorator.py
[2025-03-17T15:06:32.578+0600] {processor.py:927} WARNING - No viable dags retrieved from /home/shamim/airflow_venv/lib/python3.12/site-packages/airflow/example_dags/example_branch_operator_decorator.py
[2025-03-17T15:06:32.596+0600] {processor.py:208} INFO - Processing /home/shamim/airflow_venv/lib/python3.12/site-packages/airflow/example_dags/example_branch_operator_decorator.py took 0.068 seconds
[2025-03-17T15:08:06.231+0600] {processor.py:186} INFO - Started process (PID=20160) to work on /home/shamim/airflow_venv/lib/python3.12/site-packages/airflow/example_dags/example_branch_operator_decorator.py
[2025-03-17T15:08:06.237+0600] {processor.py:914} INFO - Processing file /home/shamim/airflow_venv/lib/python3.12/site-packages/airflow/example_dags/example_branch_operator_decorator.py for tasks to queue
[2025-03-17T15:08:06.241+0600] {logging_mixin.py:190} INFO - [2025-03-17T15:08:06.240+0600] {dagbag.py:588} INFO - Filling up the DagBag from /home/shamim/airflow_venv/lib/python3.12/site-packages/airflow/example_dags/example_branch_operator_decorator.py
[2025-03-17T15:08:06.246+0600] {processor.py:927} WARNING - No viable dags retrieved from /home/shamim/airflow_venv/lib/python3.12/site-packages/airflow/example_dags/example_branch_operator_decorator.py
[2025-03-17T15:08:06.260+0600] {processor.py:208} INFO - Processing /home/shamim/airflow_venv/lib/python3.12/site-packages/airflow/example_dags/example_branch_operator_decorator.py took 0.037 seconds
[2025-03-17T15:09:23.685+0600] {processor.py:186} INFO - Started process (PID=20329) to work on /home/shamim/airflow_venv/lib/python3.12/site-packages/airflow/example_dags/example_branch_operator_decorator.py
[2025-03-17T15:09:23.701+0600] {processor.py:914} INFO - Processing file /home/shamim/airflow_venv/lib/python3.12/site-packages/airflow/example_dags/example_branch_operator_decorator.py for tasks to queue
[2025-03-17T15:09:23.705+0600] {logging_mixin.py:190} INFO - [2025-03-17T15:09:23.704+0600] {dagbag.py:588} INFO - Filling up the DagBag from /home/shamim/airflow_venv/lib/python3.12/site-packages/airflow/example_dags/example_branch_operator_decorator.py
[2025-03-17T15:09:23.709+0600] {processor.py:927} WARNING - No viable dags retrieved from /home/shamim/airflow_venv/lib/python3.12/site-packages/airflow/example_dags/example_branch_operator_decorator.py
[2025-03-17T15:09:23.722+0600] {processor.py:208} INFO - Processing /home/shamim/airflow_venv/lib/python3.12/site-packages/airflow/example_dags/example_branch_operator_decorator.py took 0.045 seconds
[2025-03-17T15:17:06.459+0600] {processor.py:186} INFO - Started process (PID=21212) to work on /home/shamim/airflow_venv/lib/python3.12/site-packages/airflow/example_dags/example_branch_operator_decorator.py
[2025-03-17T15:17:06.461+0600] {processor.py:914} INFO - Processing file /home/shamim/airflow_venv/lib/python3.12/site-packages/airflow/example_dags/example_branch_operator_decorator.py for tasks to queue
[2025-03-17T15:17:06.464+0600] {logging_mixin.py:190} INFO - [2025-03-17T15:17:06.464+0600] {dagbag.py:588} INFO - Filling up the DagBag from /home/shamim/airflow_venv/lib/python3.12/site-packages/airflow/example_dags/example_branch_operator_decorator.py
[2025-03-17T15:17:06.469+0600] {processor.py:927} WARNING - No viable dags retrieved from /home/shamim/airflow_venv/lib/python3.12/site-packages/airflow/example_dags/example_branch_operator_decorator.py
[2025-03-17T15:17:06.486+0600] {processor.py:208} INFO - Processing /home/shamim/airflow_venv/lib/python3.12/site-packages/airflow/example_dags/example_branch_operator_decorator.py took 0.036 seconds
[2025-03-17T15:26:49.619+0600] {processor.py:186} INFO - Started process (PID=22517) to work on /home/shamim/airflow_venv/lib/python3.12/site-packages/airflow/example_dags/example_branch_operator_decorator.py
[2025-03-17T15:26:49.624+0600] {processor.py:914} INFO - Processing file /home/shamim/airflow_venv/lib/python3.12/site-packages/airflow/example_dags/example_branch_operator_decorator.py for tasks to queue
[2025-03-17T15:26:49.631+0600] {logging_mixin.py:190} INFO - [2025-03-17T15:26:49.630+0600] {dagbag.py:588} INFO - Filling up the DagBag from /home/shamim/airflow_venv/lib/python3.12/site-packages/airflow/example_dags/example_branch_operator_decorator.py
[2025-03-17T15:26:49.642+0600] {processor.py:927} WARNING - No viable dags retrieved from /home/shamim/airflow_venv/lib/python3.12/site-packages/airflow/example_dags/example_branch_operator_decorator.py
[2025-03-17T15:26:49.667+0600] {processor.py:208} INFO - Processing /home/shamim/airflow_venv/lib/python3.12/site-packages/airflow/example_dags/example_branch_operator_decorator.py took 0.069 seconds
[2025-03-17T15:31:42.398+0600] {processor.py:186} INFO - Started process (PID=23243) to work on /home/shamim/airflow_venv/lib/python3.12/site-packages/airflow/example_dags/example_branch_operator_decorator.py
[2025-03-17T15:31:42.404+0600] {processor.py:914} INFO - Processing file /home/shamim/airflow_venv/lib/python3.12/site-packages/airflow/example_dags/example_branch_operator_decorator.py for tasks to queue
[2025-03-17T15:31:42.407+0600] {logging_mixin.py:190} INFO - [2025-03-17T15:31:42.406+0600] {dagbag.py:588} INFO - Filling up the DagBag from /home/shamim/airflow_venv/lib/python3.12/site-packages/airflow/example_dags/example_branch_operator_decorator.py
[2025-03-17T15:31:42.412+0600] {processor.py:927} WARNING - No viable dags retrieved from /home/shamim/airflow_venv/lib/python3.12/site-packages/airflow/example_dags/example_branch_operator_decorator.py
[2025-03-17T15:31:42.427+0600] {processor.py:208} INFO - Processing /home/shamim/airflow_venv/lib/python3.12/site-packages/airflow/example_dags/example_branch_operator_decorator.py took 0.038 seconds
[2025-03-17T15:33:10.950+0600] {processor.py:186} INFO - Started process (PID=23413) to work on /home/shamim/airflow_venv/lib/python3.12/site-packages/airflow/example_dags/example_branch_operator_decorator.py
[2025-03-17T15:33:10.964+0600] {processor.py:914} INFO - Processing file /home/shamim/airflow_venv/lib/python3.12/site-packages/airflow/example_dags/example_branch_operator_decorator.py for tasks to queue
[2025-03-17T15:33:10.967+0600] {logging_mixin.py:190} INFO - [2025-03-17T15:33:10.966+0600] {dagbag.py:588} INFO - Filling up the DagBag from /home/shamim/airflow_venv/lib/python3.12/site-packages/airflow/example_dags/example_branch_operator_decorator.py
[2025-03-17T15:33:10.971+0600] {processor.py:927} WARNING - No viable dags retrieved from /home/shamim/airflow_venv/lib/python3.12/site-packages/airflow/example_dags/example_branch_operator_decorator.py
[2025-03-17T15:33:10.982+0600] {processor.py:208} INFO - Processing /home/shamim/airflow_venv/lib/python3.12/site-packages/airflow/example_dags/example_branch_operator_decorator.py took 0.040 seconds
[2025-03-17T15:34:21.121+0600] {processor.py:186} INFO - Started process (PID=23521) to work on /home/shamim/airflow_venv/lib/python3.12/site-packages/airflow/example_dags/example_branch_operator_decorator.py
[2025-03-17T15:34:21.128+0600] {processor.py:914} INFO - Processing file /home/shamim/airflow_venv/lib/python3.12/site-packages/airflow/example_dags/example_branch_operator_decorator.py for tasks to queue
[2025-03-17T15:34:21.131+0600] {logging_mixin.py:190} INFO - [2025-03-17T15:34:21.130+0600] {dagbag.py:588} INFO - Filling up the DagBag from /home/shamim/airflow_venv/lib/python3.12/site-packages/airflow/example_dags/example_branch_operator_decorator.py
[2025-03-17T15:34:21.135+0600] {processor.py:927} WARNING - No viable dags retrieved from /home/shamim/airflow_venv/lib/python3.12/site-packages/airflow/example_dags/example_branch_operator_decorator.py
[2025-03-17T15:34:21.148+0600] {processor.py:208} INFO - Processing /home/shamim/airflow_venv/lib/python3.12/site-packages/airflow/example_dags/example_branch_operator_decorator.py took 0.037 seconds
[2025-03-17T15:36:05.238+0600] {processor.py:186} INFO - Started process (PID=23724) to work on /home/shamim/airflow_venv/lib/python3.12/site-packages/airflow/example_dags/example_branch_operator_decorator.py
[2025-03-17T15:36:05.244+0600] {processor.py:914} INFO - Processing file /home/shamim/airflow_venv/lib/python3.12/site-packages/airflow/example_dags/example_branch_operator_decorator.py for tasks to queue
[2025-03-17T15:36:05.248+0600] {logging_mixin.py:190} INFO - [2025-03-17T15:36:05.247+0600] {dagbag.py:588} INFO - Filling up the DagBag from /home/shamim/airflow_venv/lib/python3.12/site-packages/airflow/example_dags/example_branch_operator_decorator.py
[2025-03-17T15:36:05.252+0600] {processor.py:927} WARNING - No viable dags retrieved from /home/shamim/airflow_venv/lib/python3.12/site-packages/airflow/example_dags/example_branch_operator_decorator.py
[2025-03-17T15:36:05.268+0600] {processor.py:208} INFO - Processing /home/shamim/airflow_venv/lib/python3.12/site-packages/airflow/example_dags/example_branch_operator_decorator.py took 0.038 seconds
[2025-03-17T15:37:57.309+0600] {processor.py:186} INFO - Started process (PID=23950) to work on /home/shamim/airflow_venv/lib/python3.12/site-packages/airflow/example_dags/example_branch_operator_decorator.py
[2025-03-17T15:37:57.315+0600] {processor.py:914} INFO - Processing file /home/shamim/airflow_venv/lib/python3.12/site-packages/airflow/example_dags/example_branch_operator_decorator.py for tasks to queue
[2025-03-17T15:37:57.318+0600] {logging_mixin.py:190} INFO - [2025-03-17T15:37:57.318+0600] {dagbag.py:588} INFO - Filling up the DagBag from /home/shamim/airflow_venv/lib/python3.12/site-packages/airflow/example_dags/example_branch_operator_decorator.py
[2025-03-17T15:37:57.322+0600] {processor.py:927} WARNING - No viable dags retrieved from /home/shamim/airflow_venv/lib/python3.12/site-packages/airflow/example_dags/example_branch_operator_decorator.py
[2025-03-17T15:37:57.335+0600] {processor.py:208} INFO - Processing /home/shamim/airflow_venv/lib/python3.12/site-packages/airflow/example_dags/example_branch_operator_decorator.py took 0.033 seconds
