[2025-03-17T15:00:03.201+0600] {processor.py:186} INFO - Started process (PID=19268) to work on /home/shamim/airflow_venv/lib/python3.12/site-packages/airflow/example_dags/example_trigger_controller_dag.py
[2025-03-17T15:00:03.202+0600] {processor.py:914} INFO - Processing file /home/shamim/airflow_venv/lib/python3.12/site-packages/airflow/example_dags/example_trigger_controller_dag.py for tasks to queue
[2025-03-17T15:00:03.205+0600] {logging_mixin.py:190} INFO - [2025-03-17T15:00:03.204+0600] {dagbag.py:588} INFO - Filling up the DagBag from /home/shamim/airflow_venv/lib/python3.12/site-packages/airflow/example_dags/example_trigger_controller_dag.py
[2025-03-17T15:00:03.215+0600] {processor.py:925} INFO - DAG(s) 'example_trigger_controller_dag' retrieved from /home/shamim/airflow_venv/lib/python3.12/site-packages/airflow/example_dags/example_trigger_controller_dag.py
[2025-03-17T15:00:03.380+0600] {logging_mixin.py:190} INFO - [2025-03-17T15:00:03.379+0600] {override.py:1930} INFO - Created Permission View: can read on DAG:example_trigger_controller_dag
[2025-03-17T15:00:03.393+0600] {logging_mixin.py:190} INFO - [2025-03-17T15:00:03.393+0600] {override.py:1930} INFO - Created Permission View: can delete on DAG:example_trigger_controller_dag
[2025-03-17T15:00:03.402+0600] {logging_mixin.py:190} INFO - [2025-03-17T15:00:03.401+0600] {override.py:1930} INFO - Created Permission View: can edit on DAG:example_trigger_controller_dag
[2025-03-17T15:00:03.418+0600] {logging_mixin.py:190} INFO - [2025-03-17T15:00:03.418+0600] {override.py:1930} INFO - Created Permission View: can create on DAG Run:example_trigger_controller_dag
[2025-03-17T15:00:03.426+0600] {logging_mixin.py:190} INFO - [2025-03-17T15:00:03.426+0600] {override.py:1930} INFO - Created Permission View: can read on DAG Run:example_trigger_controller_dag
[2025-03-17T15:00:03.436+0600] {logging_mixin.py:190} INFO - [2025-03-17T15:00:03.435+0600] {override.py:1930} INFO - Created Permission View: can delete on DAG Run:example_trigger_controller_dag
[2025-03-17T15:00:03.444+0600] {logging_mixin.py:190} INFO - [2025-03-17T15:00:03.443+0600] {override.py:1930} INFO - Created Permission View: menu access on DAG Run:example_trigger_controller_dag
[2025-03-17T15:00:03.444+0600] {logging_mixin.py:190} INFO - [2025-03-17T15:00:03.444+0600] {dag.py:3239} INFO - Sync 1 DAGs
[2025-03-17T15:00:03.461+0600] {logging_mixin.py:190} INFO - [2025-03-17T15:00:03.460+0600] {dag.py:3262} INFO - Creating ORM DAG for example_trigger_controller_dag
[2025-03-17T15:00:03.470+0600] {logging_mixin.py:190} INFO - [2025-03-17T15:00:03.470+0600] {dag.py:4180} INFO - Setting next_dagrun for example_trigger_controller_dag to 2021-01-01 00:00:00+00:00, run_after=2021-01-01 00:00:00+00:00
[2025-03-17T15:00:03.491+0600] {processor.py:208} INFO - Processing /home/shamim/airflow_venv/lib/python3.12/site-packages/airflow/example_dags/example_trigger_controller_dag.py took 0.297 seconds
[2025-03-17T15:01:18.181+0600] {processor.py:186} INFO - Started process (PID=19436) to work on /home/shamim/airflow_venv/lib/python3.12/site-packages/airflow/example_dags/example_trigger_controller_dag.py
[2025-03-17T15:01:18.188+0600] {processor.py:914} INFO - Processing file /home/shamim/airflow_venv/lib/python3.12/site-packages/airflow/example_dags/example_trigger_controller_dag.py for tasks to queue
[2025-03-17T15:01:18.190+0600] {logging_mixin.py:190} INFO - [2025-03-17T15:01:18.189+0600] {dagbag.py:588} INFO - Filling up the DagBag from /home/shamim/airflow_venv/lib/python3.12/site-packages/airflow/example_dags/example_trigger_controller_dag.py
[2025-03-17T15:01:18.198+0600] {processor.py:925} INFO - DAG(s) 'example_trigger_controller_dag' retrieved from /home/shamim/airflow_venv/lib/python3.12/site-packages/airflow/example_dags/example_trigger_controller_dag.py
[2025-03-17T15:01:18.215+0600] {logging_mixin.py:190} INFO - [2025-03-17T15:01:18.215+0600] {dag.py:3239} INFO - Sync 1 DAGs
[2025-03-17T15:01:18.244+0600] {logging_mixin.py:190} INFO - [2025-03-17T15:01:18.243+0600] {dag.py:4180} INFO - Setting next_dagrun for example_trigger_controller_dag to 2021-01-01 00:00:00+00:00, run_after=2021-01-01 00:00:00+00:00
[2025-03-17T15:01:18.280+0600] {processor.py:208} INFO - Processing /home/shamim/airflow_venv/lib/python3.12/site-packages/airflow/example_dags/example_trigger_controller_dag.py took 0.107 seconds
[2025-03-17T15:02:31.419+0600] {processor.py:186} INFO - Started process (PID=19531) to work on /home/shamim/airflow_venv/lib/python3.12/site-packages/airflow/example_dags/example_trigger_controller_dag.py
[2025-03-17T15:02:31.425+0600] {processor.py:914} INFO - Processing file /home/shamim/airflow_venv/lib/python3.12/site-packages/airflow/example_dags/example_trigger_controller_dag.py for tasks to queue
[2025-03-17T15:02:31.430+0600] {logging_mixin.py:190} INFO - [2025-03-17T15:02:31.429+0600] {dagbag.py:588} INFO - Filling up the DagBag from /home/shamim/airflow_venv/lib/python3.12/site-packages/airflow/example_dags/example_trigger_controller_dag.py
[2025-03-17T15:02:31.442+0600] {processor.py:925} INFO - DAG(s) 'example_trigger_controller_dag' retrieved from /home/shamim/airflow_venv/lib/python3.12/site-packages/airflow/example_dags/example_trigger_controller_dag.py
[2025-03-17T15:02:31.470+0600] {logging_mixin.py:190} INFO - [2025-03-17T15:02:31.470+0600] {dag.py:3239} INFO - Sync 1 DAGs
[2025-03-17T15:02:31.514+0600] {logging_mixin.py:190} INFO - [2025-03-17T15:02:31.514+0600] {dag.py:4180} INFO - Setting next_dagrun for example_trigger_controller_dag to 2021-01-01 00:00:00+00:00, run_after=2021-01-01 00:00:00+00:00
[2025-03-17T15:02:31.557+0600] {processor.py:208} INFO - Processing /home/shamim/airflow_venv/lib/python3.12/site-packages/airflow/example_dags/example_trigger_controller_dag.py took 0.147 seconds
[2025-03-17T15:03:48.027+0600] {processor.py:186} INFO - Started process (PID=19658) to work on /home/shamim/airflow_venv/lib/python3.12/site-packages/airflow/example_dags/example_trigger_controller_dag.py
[2025-03-17T15:03:48.033+0600] {processor.py:914} INFO - Processing file /home/shamim/airflow_venv/lib/python3.12/site-packages/airflow/example_dags/example_trigger_controller_dag.py for tasks to queue
[2025-03-17T15:03:48.037+0600] {logging_mixin.py:190} INFO - [2025-03-17T15:03:48.036+0600] {dagbag.py:588} INFO - Filling up the DagBag from /home/shamim/airflow_venv/lib/python3.12/site-packages/airflow/example_dags/example_trigger_controller_dag.py
[2025-03-17T15:03:48.046+0600] {processor.py:925} INFO - DAG(s) 'example_trigger_controller_dag' retrieved from /home/shamim/airflow_venv/lib/python3.12/site-packages/airflow/example_dags/example_trigger_controller_dag.py
[2025-03-17T15:03:48.063+0600] {logging_mixin.py:190} INFO - [2025-03-17T15:03:48.063+0600] {dag.py:3239} INFO - Sync 1 DAGs
[2025-03-17T15:03:48.087+0600] {logging_mixin.py:190} INFO - [2025-03-17T15:03:48.087+0600] {dag.py:4180} INFO - Setting next_dagrun for example_trigger_controller_dag to 2021-01-01 00:00:00+00:00, run_after=2021-01-01 00:00:00+00:00
[2025-03-17T15:03:48.122+0600] {processor.py:208} INFO - Processing /home/shamim/airflow_venv/lib/python3.12/site-packages/airflow/example_dags/example_trigger_controller_dag.py took 0.103 seconds
[2025-03-17T15:05:45.191+0600] {processor.py:186} INFO - Started process (PID=19783) to work on /home/shamim/airflow_venv/lib/python3.12/site-packages/airflow/example_dags/example_trigger_controller_dag.py
[2025-03-17T15:05:45.197+0600] {processor.py:914} INFO - Processing file /home/shamim/airflow_venv/lib/python3.12/site-packages/airflow/example_dags/example_trigger_controller_dag.py for tasks to queue
[2025-03-17T15:05:45.203+0600] {logging_mixin.py:190} INFO - [2025-03-17T15:05:45.202+0600] {dagbag.py:588} INFO - Filling up the DagBag from /home/shamim/airflow_venv/lib/python3.12/site-packages/airflow/example_dags/example_trigger_controller_dag.py
[2025-03-17T15:05:45.215+0600] {processor.py:925} INFO - DAG(s) 'example_trigger_controller_dag' retrieved from /home/shamim/airflow_venv/lib/python3.12/site-packages/airflow/example_dags/example_trigger_controller_dag.py
[2025-03-17T15:05:45.246+0600] {logging_mixin.py:190} INFO - [2025-03-17T15:05:45.246+0600] {dag.py:3239} INFO - Sync 1 DAGs
[2025-03-17T15:05:45.286+0600] {logging_mixin.py:190} INFO - [2025-03-17T15:05:45.286+0600] {dag.py:4180} INFO - Setting next_dagrun for example_trigger_controller_dag to 2021-01-01 00:00:00+00:00, run_after=2021-01-01 00:00:00+00:00
[2025-03-17T15:05:45.342+0600] {processor.py:208} INFO - Processing /home/shamim/airflow_venv/lib/python3.12/site-packages/airflow/example_dags/example_trigger_controller_dag.py took 0.167 seconds
[2025-03-17T15:06:59.758+0600] {processor.py:186} INFO - Started process (PID=19963) to work on /home/shamim/airflow_venv/lib/python3.12/site-packages/airflow/example_dags/example_trigger_controller_dag.py
[2025-03-17T15:06:59.761+0600] {processor.py:914} INFO - Processing file /home/shamim/airflow_venv/lib/python3.12/site-packages/airflow/example_dags/example_trigger_controller_dag.py for tasks to queue
[2025-03-17T15:06:59.764+0600] {logging_mixin.py:190} INFO - [2025-03-17T15:06:59.764+0600] {dagbag.py:588} INFO - Filling up the DagBag from /home/shamim/airflow_venv/lib/python3.12/site-packages/airflow/example_dags/example_trigger_controller_dag.py
[2025-03-17T15:06:59.778+0600] {processor.py:925} INFO - DAG(s) 'example_trigger_controller_dag' retrieved from /home/shamim/airflow_venv/lib/python3.12/site-packages/airflow/example_dags/example_trigger_controller_dag.py
[2025-03-17T15:06:59.802+0600] {logging_mixin.py:190} INFO - [2025-03-17T15:06:59.801+0600] {dag.py:3239} INFO - Sync 1 DAGs
[2025-03-17T15:06:59.837+0600] {logging_mixin.py:190} INFO - [2025-03-17T15:06:59.837+0600] {dag.py:4180} INFO - Setting next_dagrun for example_trigger_controller_dag to 2021-01-01 00:00:00+00:00, run_after=2021-01-01 00:00:00+00:00
[2025-03-17T15:06:59.881+0600] {processor.py:208} INFO - Processing /home/shamim/airflow_venv/lib/python3.12/site-packages/airflow/example_dags/example_trigger_controller_dag.py took 0.133 seconds
[2025-03-17T15:08:29.015+0600] {processor.py:186} INFO - Started process (PID=20197) to work on /home/shamim/airflow_venv/lib/python3.12/site-packages/airflow/example_dags/example_trigger_controller_dag.py
[2025-03-17T15:08:29.028+0600] {processor.py:914} INFO - Processing file /home/shamim/airflow_venv/lib/python3.12/site-packages/airflow/example_dags/example_trigger_controller_dag.py for tasks to queue
[2025-03-17T15:08:29.031+0600] {logging_mixin.py:190} INFO - [2025-03-17T15:08:29.031+0600] {dagbag.py:588} INFO - Filling up the DagBag from /home/shamim/airflow_venv/lib/python3.12/site-packages/airflow/example_dags/example_trigger_controller_dag.py
[2025-03-17T15:08:29.040+0600] {processor.py:925} INFO - DAG(s) 'example_trigger_controller_dag' retrieved from /home/shamim/airflow_venv/lib/python3.12/site-packages/airflow/example_dags/example_trigger_controller_dag.py
[2025-03-17T15:08:29.059+0600] {logging_mixin.py:190} INFO - [2025-03-17T15:08:29.058+0600] {dag.py:3239} INFO - Sync 1 DAGs
[2025-03-17T15:08:29.086+0600] {logging_mixin.py:190} INFO - [2025-03-17T15:08:29.086+0600] {dag.py:4180} INFO - Setting next_dagrun for example_trigger_controller_dag to 2021-01-01 00:00:00+00:00, run_after=2021-01-01 00:00:00+00:00
[2025-03-17T15:08:29.111+0600] {processor.py:208} INFO - Processing /home/shamim/airflow_venv/lib/python3.12/site-packages/airflow/example_dags/example_trigger_controller_dag.py took 0.106 seconds
[2025-03-17T15:09:43.131+0600] {processor.py:186} INFO - Started process (PID=20366) to work on /home/shamim/airflow_venv/lib/python3.12/site-packages/airflow/example_dags/example_trigger_controller_dag.py
[2025-03-17T15:09:43.137+0600] {processor.py:914} INFO - Processing file /home/shamim/airflow_venv/lib/python3.12/site-packages/airflow/example_dags/example_trigger_controller_dag.py for tasks to queue
[2025-03-17T15:09:43.141+0600] {logging_mixin.py:190} INFO - [2025-03-17T15:09:43.140+0600] {dagbag.py:588} INFO - Filling up the DagBag from /home/shamim/airflow_venv/lib/python3.12/site-packages/airflow/example_dags/example_trigger_controller_dag.py
[2025-03-17T15:09:43.149+0600] {processor.py:925} INFO - DAG(s) 'example_trigger_controller_dag' retrieved from /home/shamim/airflow_venv/lib/python3.12/site-packages/airflow/example_dags/example_trigger_controller_dag.py
[2025-03-17T15:09:43.168+0600] {logging_mixin.py:190} INFO - [2025-03-17T15:09:43.167+0600] {dag.py:3239} INFO - Sync 1 DAGs
[2025-03-17T15:09:43.199+0600] {logging_mixin.py:190} INFO - [2025-03-17T15:09:43.198+0600] {dag.py:4180} INFO - Setting next_dagrun for example_trigger_controller_dag to 2021-01-01 00:00:00+00:00, run_after=2021-01-01 00:00:00+00:00
[2025-03-17T15:09:43.245+0600] {processor.py:208} INFO - Processing /home/shamim/airflow_venv/lib/python3.12/site-packages/airflow/example_dags/example_trigger_controller_dag.py took 0.121 seconds
[2025-03-17T15:13:00.680+0600] {processor.py:186} INFO - Started process (PID=20730) to work on /home/shamim/airflow_venv/lib/python3.12/site-packages/airflow/example_dags/example_trigger_controller_dag.py
[2025-03-17T15:13:00.683+0600] {processor.py:914} INFO - Processing file /home/shamim/airflow_venv/lib/python3.12/site-packages/airflow/example_dags/example_trigger_controller_dag.py for tasks to queue
[2025-03-17T15:13:00.693+0600] {logging_mixin.py:190} INFO - [2025-03-17T15:13:00.692+0600] {dagbag.py:588} INFO - Filling up the DagBag from /home/shamim/airflow_venv/lib/python3.12/site-packages/airflow/example_dags/example_trigger_controller_dag.py
[2025-03-17T15:13:00.723+0600] {processor.py:925} INFO - DAG(s) 'example_trigger_controller_dag' retrieved from /home/shamim/airflow_venv/lib/python3.12/site-packages/airflow/example_dags/example_trigger_controller_dag.py
[2025-03-17T15:13:00.802+0600] {logging_mixin.py:190} INFO - [2025-03-17T15:13:00.801+0600] {dag.py:3239} INFO - Sync 1 DAGs
[2025-03-17T15:13:00.904+0600] {logging_mixin.py:190} INFO - [2025-03-17T15:13:00.902+0600] {dag.py:4180} INFO - Setting next_dagrun for example_trigger_controller_dag to 2021-01-01 00:00:00+00:00, run_after=2021-01-01 00:00:00+00:00
[2025-03-17T15:13:00.974+0600] {processor.py:208} INFO - Processing /home/shamim/airflow_venv/lib/python3.12/site-packages/airflow/example_dags/example_trigger_controller_dag.py took 0.328 seconds
[2025-03-17T15:21:29.309+0600] {processor.py:186} INFO - Started process (PID=21880) to work on /home/shamim/airflow_venv/lib/python3.12/site-packages/airflow/example_dags/example_trigger_controller_dag.py
[2025-03-17T15:21:29.316+0600] {processor.py:914} INFO - Processing file /home/shamim/airflow_venv/lib/python3.12/site-packages/airflow/example_dags/example_trigger_controller_dag.py for tasks to queue
[2025-03-17T15:21:29.323+0600] {logging_mixin.py:190} INFO - [2025-03-17T15:21:29.322+0600] {dagbag.py:588} INFO - Filling up the DagBag from /home/shamim/airflow_venv/lib/python3.12/site-packages/airflow/example_dags/example_trigger_controller_dag.py
[2025-03-17T15:21:29.345+0600] {processor.py:925} INFO - DAG(s) 'example_trigger_controller_dag' retrieved from /home/shamim/airflow_venv/lib/python3.12/site-packages/airflow/example_dags/example_trigger_controller_dag.py
[2025-03-17T15:21:29.368+0600] {logging_mixin.py:190} INFO - [2025-03-17T15:21:29.367+0600] {dag.py:3239} INFO - Sync 1 DAGs
[2025-03-17T15:21:29.412+0600] {logging_mixin.py:190} INFO - [2025-03-17T15:21:29.411+0600] {dag.py:4180} INFO - Setting next_dagrun for example_trigger_controller_dag to 2021-01-01 00:00:00+00:00, run_after=2021-01-01 00:00:00+00:00
[2025-03-17T15:21:29.434+0600] {processor.py:208} INFO - Processing /home/shamim/airflow_venv/lib/python3.12/site-packages/airflow/example_dags/example_trigger_controller_dag.py took 0.143 seconds
[2025-03-17T15:28:39.114+0600] {processor.py:186} INFO - Started process (PID=22823) to work on /home/shamim/airflow_venv/lib/python3.12/site-packages/airflow/example_dags/example_trigger_controller_dag.py
[2025-03-17T15:28:39.118+0600] {processor.py:914} INFO - Processing file /home/shamim/airflow_venv/lib/python3.12/site-packages/airflow/example_dags/example_trigger_controller_dag.py for tasks to queue
[2025-03-17T15:28:39.124+0600] {logging_mixin.py:190} INFO - [2025-03-17T15:28:39.123+0600] {dagbag.py:588} INFO - Filling up the DagBag from /home/shamim/airflow_venv/lib/python3.12/site-packages/airflow/example_dags/example_trigger_controller_dag.py
[2025-03-17T15:28:39.143+0600] {processor.py:925} INFO - DAG(s) 'example_trigger_controller_dag' retrieved from /home/shamim/airflow_venv/lib/python3.12/site-packages/airflow/example_dags/example_trigger_controller_dag.py
[2025-03-17T15:28:39.179+0600] {logging_mixin.py:190} INFO - [2025-03-17T15:28:39.179+0600] {dag.py:3239} INFO - Sync 1 DAGs
[2025-03-17T15:28:39.217+0600] {logging_mixin.py:190} INFO - [2025-03-17T15:28:39.216+0600] {dag.py:4180} INFO - Setting next_dagrun for example_trigger_controller_dag to 2021-01-01 00:00:00+00:00, run_after=2021-01-01 00:00:00+00:00
[2025-03-17T15:28:39.249+0600] {processor.py:208} INFO - Processing /home/shamim/airflow_venv/lib/python3.12/site-packages/airflow/example_dags/example_trigger_controller_dag.py took 0.148 seconds
[2025-03-17T15:31:20.417+0600] {processor.py:186} INFO - Started process (PID=23200) to work on /home/shamim/airflow_venv/lib/python3.12/site-packages/airflow/example_dags/example_trigger_controller_dag.py
[2025-03-17T15:31:20.423+0600] {processor.py:914} INFO - Processing file /home/shamim/airflow_venv/lib/python3.12/site-packages/airflow/example_dags/example_trigger_controller_dag.py for tasks to queue
[2025-03-17T15:31:20.427+0600] {logging_mixin.py:190} INFO - [2025-03-17T15:31:20.426+0600] {dagbag.py:588} INFO - Filling up the DagBag from /home/shamim/airflow_venv/lib/python3.12/site-packages/airflow/example_dags/example_trigger_controller_dag.py
[2025-03-17T15:31:20.437+0600] {processor.py:925} INFO - DAG(s) 'example_trigger_controller_dag' retrieved from /home/shamim/airflow_venv/lib/python3.12/site-packages/airflow/example_dags/example_trigger_controller_dag.py
[2025-03-17T15:31:20.455+0600] {logging_mixin.py:190} INFO - [2025-03-17T15:31:20.455+0600] {dag.py:3239} INFO - Sync 1 DAGs
[2025-03-17T15:31:20.479+0600] {logging_mixin.py:190} INFO - [2025-03-17T15:31:20.479+0600] {dag.py:4180} INFO - Setting next_dagrun for example_trigger_controller_dag to 2021-01-01 00:00:00+00:00, run_after=2021-01-01 00:00:00+00:00
[2025-03-17T15:31:20.501+0600] {processor.py:208} INFO - Processing /home/shamim/airflow_venv/lib/python3.12/site-packages/airflow/example_dags/example_trigger_controller_dag.py took 0.092 seconds
[2025-03-17T15:32:48.664+0600] {processor.py:186} INFO - Started process (PID=23384) to work on /home/shamim/airflow_venv/lib/python3.12/site-packages/airflow/example_dags/example_trigger_controller_dag.py
[2025-03-17T15:32:48.672+0600] {processor.py:914} INFO - Processing file /home/shamim/airflow_venv/lib/python3.12/site-packages/airflow/example_dags/example_trigger_controller_dag.py for tasks to queue
[2025-03-17T15:32:48.680+0600] {logging_mixin.py:190} INFO - [2025-03-17T15:32:48.678+0600] {dagbag.py:588} INFO - Filling up the DagBag from /home/shamim/airflow_venv/lib/python3.12/site-packages/airflow/example_dags/example_trigger_controller_dag.py
[2025-03-17T15:32:48.706+0600] {processor.py:925} INFO - DAG(s) 'example_trigger_controller_dag' retrieved from /home/shamim/airflow_venv/lib/python3.12/site-packages/airflow/example_dags/example_trigger_controller_dag.py
[2025-03-17T15:32:48.739+0600] {logging_mixin.py:190} INFO - [2025-03-17T15:32:48.739+0600] {dag.py:3239} INFO - Sync 1 DAGs
[2025-03-17T15:32:48.766+0600] {logging_mixin.py:190} INFO - [2025-03-17T15:32:48.766+0600] {dag.py:4180} INFO - Setting next_dagrun for example_trigger_controller_dag to 2021-01-01 00:00:00+00:00, run_after=2021-01-01 00:00:00+00:00
[2025-03-17T15:32:48.801+0600] {processor.py:208} INFO - Processing /home/shamim/airflow_venv/lib/python3.12/site-packages/airflow/example_dags/example_trigger_controller_dag.py took 0.160 seconds
[2025-03-17T15:33:56.758+0600] {processor.py:186} INFO - Started process (PID=23469) to work on /home/shamim/airflow_venv/lib/python3.12/site-packages/airflow/example_dags/example_trigger_controller_dag.py
[2025-03-17T15:33:56.764+0600] {processor.py:914} INFO - Processing file /home/shamim/airflow_venv/lib/python3.12/site-packages/airflow/example_dags/example_trigger_controller_dag.py for tasks to queue
[2025-03-17T15:33:56.768+0600] {logging_mixin.py:190} INFO - [2025-03-17T15:33:56.767+0600] {dagbag.py:588} INFO - Filling up the DagBag from /home/shamim/airflow_venv/lib/python3.12/site-packages/airflow/example_dags/example_trigger_controller_dag.py
[2025-03-17T15:33:56.783+0600] {processor.py:925} INFO - DAG(s) 'example_trigger_controller_dag' retrieved from /home/shamim/airflow_venv/lib/python3.12/site-packages/airflow/example_dags/example_trigger_controller_dag.py
[2025-03-17T15:33:56.803+0600] {logging_mixin.py:190} INFO - [2025-03-17T15:33:56.803+0600] {dag.py:3239} INFO - Sync 1 DAGs
[2025-03-17T15:33:56.832+0600] {logging_mixin.py:190} INFO - [2025-03-17T15:33:56.831+0600] {dag.py:4180} INFO - Setting next_dagrun for example_trigger_controller_dag to 2021-01-01 00:00:00+00:00, run_after=2021-01-01 00:00:00+00:00
[2025-03-17T15:33:56.871+0600] {processor.py:208} INFO - Processing /home/shamim/airflow_venv/lib/python3.12/site-packages/airflow/example_dags/example_trigger_controller_dag.py took 0.124 seconds
[2025-03-17T15:34:59.085+0600] {processor.py:186} INFO - Started process (PID=23599) to work on /home/shamim/airflow_venv/lib/python3.12/site-packages/airflow/example_dags/example_trigger_controller_dag.py
[2025-03-17T15:34:59.111+0600] {processor.py:914} INFO - Processing file /home/shamim/airflow_venv/lib/python3.12/site-packages/airflow/example_dags/example_trigger_controller_dag.py for tasks to queue
[2025-03-17T15:34:59.117+0600] {logging_mixin.py:190} INFO - [2025-03-17T15:34:59.116+0600] {dagbag.py:588} INFO - Filling up the DagBag from /home/shamim/airflow_venv/lib/python3.12/site-packages/airflow/example_dags/example_trigger_controller_dag.py
[2025-03-17T15:34:59.132+0600] {processor.py:925} INFO - DAG(s) 'example_trigger_controller_dag' retrieved from /home/shamim/airflow_venv/lib/python3.12/site-packages/airflow/example_dags/example_trigger_controller_dag.py
[2025-03-17T15:34:59.166+0600] {logging_mixin.py:190} INFO - [2025-03-17T15:34:59.166+0600] {dag.py:3239} INFO - Sync 1 DAGs
[2025-03-17T15:34:59.205+0600] {logging_mixin.py:190} INFO - [2025-03-17T15:34:59.205+0600] {dag.py:4180} INFO - Setting next_dagrun for example_trigger_controller_dag to 2021-01-01 00:00:00+00:00, run_after=2021-01-01 00:00:00+00:00
[2025-03-17T15:34:59.233+0600] {processor.py:208} INFO - Processing /home/shamim/airflow_venv/lib/python3.12/site-packages/airflow/example_dags/example_trigger_controller_dag.py took 0.160 seconds
[2025-03-17T15:36:28.513+0600] {processor.py:186} INFO - Started process (PID=23767) to work on /home/shamim/airflow_venv/lib/python3.12/site-packages/airflow/example_dags/example_trigger_controller_dag.py
[2025-03-17T15:36:28.519+0600] {processor.py:914} INFO - Processing file /home/shamim/airflow_venv/lib/python3.12/site-packages/airflow/example_dags/example_trigger_controller_dag.py for tasks to queue
[2025-03-17T15:36:28.523+0600] {logging_mixin.py:190} INFO - [2025-03-17T15:36:28.522+0600] {dagbag.py:588} INFO - Filling up the DagBag from /home/shamim/airflow_venv/lib/python3.12/site-packages/airflow/example_dags/example_trigger_controller_dag.py
[2025-03-17T15:36:28.533+0600] {processor.py:925} INFO - DAG(s) 'example_trigger_controller_dag' retrieved from /home/shamim/airflow_venv/lib/python3.12/site-packages/airflow/example_dags/example_trigger_controller_dag.py
[2025-03-17T15:36:28.557+0600] {logging_mixin.py:190} INFO - [2025-03-17T15:36:28.557+0600] {dag.py:3239} INFO - Sync 1 DAGs
[2025-03-17T15:36:28.599+0600] {logging_mixin.py:190} INFO - [2025-03-17T15:36:28.599+0600] {dag.py:4180} INFO - Setting next_dagrun for example_trigger_controller_dag to 2021-01-01 00:00:00+00:00, run_after=2021-01-01 00:00:00+00:00
[2025-03-17T15:36:28.627+0600] {processor.py:208} INFO - Processing /home/shamim/airflow_venv/lib/python3.12/site-packages/airflow/example_dags/example_trigger_controller_dag.py took 0.122 seconds
[2025-03-17T15:37:25.608+0600] {processor.py:186} INFO - Started process (PID=23865) to work on /home/shamim/airflow_venv/lib/python3.12/site-packages/airflow/example_dags/example_trigger_controller_dag.py
[2025-03-17T15:37:25.614+0600] {processor.py:914} INFO - Processing file /home/shamim/airflow_venv/lib/python3.12/site-packages/airflow/example_dags/example_trigger_controller_dag.py for tasks to queue
[2025-03-17T15:37:25.619+0600] {logging_mixin.py:190} INFO - [2025-03-17T15:37:25.618+0600] {dagbag.py:588} INFO - Filling up the DagBag from /home/shamim/airflow_venv/lib/python3.12/site-packages/airflow/example_dags/example_trigger_controller_dag.py
[2025-03-17T15:37:25.630+0600] {processor.py:925} INFO - DAG(s) 'example_trigger_controller_dag' retrieved from /home/shamim/airflow_venv/lib/python3.12/site-packages/airflow/example_dags/example_trigger_controller_dag.py
[2025-03-17T15:37:25.654+0600] {logging_mixin.py:190} INFO - [2025-03-17T15:37:25.653+0600] {dag.py:3239} INFO - Sync 1 DAGs
[2025-03-17T15:37:25.687+0600] {logging_mixin.py:190} INFO - [2025-03-17T15:37:25.687+0600] {dag.py:4180} INFO - Setting next_dagrun for example_trigger_controller_dag to 2021-01-01 00:00:00+00:00, run_after=2021-01-01 00:00:00+00:00
[2025-03-17T15:37:25.726+0600] {processor.py:208} INFO - Processing /home/shamim/airflow_venv/lib/python3.12/site-packages/airflow/example_dags/example_trigger_controller_dag.py took 0.128 seconds
