[2025-03-17T15:00:24.967+0600] {processor.py:186} INFO - Started process (PID=19362) to work on /home/shamim/airflow_venv/lib/python3.12/site-packages/airflow/example_dags/example_latest_only_with_trigger.py
[2025-03-17T15:00:24.968+0600] {processor.py:914} INFO - Processing file /home/shamim/airflow_venv/lib/python3.12/site-packages/airflow/example_dags/example_latest_only_with_trigger.py for tasks to queue
[2025-03-17T15:00:24.971+0600] {logging_mixin.py:190} INFO - [2025-03-17T15:00:24.970+0600] {dagbag.py:588} INFO - Filling up the DagBag from /home/shamim/airflow_venv/lib/python3.12/site-packages/airflow/example_dags/example_latest_only_with_trigger.py
[2025-03-17T15:00:24.980+0600] {processor.py:925} INFO - DAG(s) 'latest_only_with_trigger' retrieved from /home/shamim/airflow_venv/lib/python3.12/site-packages/airflow/example_dags/example_latest_only_with_trigger.py
[2025-03-17T15:00:25.130+0600] {logging_mixin.py:190} INFO - [2025-03-17T15:00:25.130+0600] {override.py:1930} INFO - Created Permission View: can read on DAG:latest_only_with_trigger
[2025-03-17T15:00:25.142+0600] {logging_mixin.py:190} INFO - [2025-03-17T15:00:25.142+0600] {override.py:1930} INFO - Created Permission View: can delete on DAG:latest_only_with_trigger
[2025-03-17T15:00:25.150+0600] {logging_mixin.py:190} INFO - [2025-03-17T15:00:25.150+0600] {override.py:1930} INFO - Created Permission View: can edit on DAG:latest_only_with_trigger
[2025-03-17T15:00:25.161+0600] {logging_mixin.py:190} INFO - [2025-03-17T15:00:25.161+0600] {override.py:1930} INFO - Created Permission View: can create on DAG Run:latest_only_with_trigger
[2025-03-17T15:00:25.170+0600] {logging_mixin.py:190} INFO - [2025-03-17T15:00:25.169+0600] {override.py:1930} INFO - Created Permission View: can read on DAG Run:latest_only_with_trigger
[2025-03-17T15:00:25.178+0600] {logging_mixin.py:190} INFO - [2025-03-17T15:00:25.177+0600] {override.py:1930} INFO - Created Permission View: can delete on DAG Run:latest_only_with_trigger
[2025-03-17T15:00:25.185+0600] {logging_mixin.py:190} INFO - [2025-03-17T15:00:25.185+0600] {override.py:1930} INFO - Created Permission View: menu access on DAG Run:latest_only_with_trigger
[2025-03-17T15:00:25.186+0600] {logging_mixin.py:190} INFO - [2025-03-17T15:00:25.186+0600] {dag.py:3239} INFO - Sync 1 DAGs
[2025-03-17T15:00:25.201+0600] {logging_mixin.py:190} INFO - [2025-03-17T15:00:25.201+0600] {dag.py:3262} INFO - Creating ORM DAG for latest_only_with_trigger
[2025-03-17T15:00:25.212+0600] {logging_mixin.py:190} INFO - [2025-03-17T15:00:25.212+0600] {dag.py:4180} INFO - Setting next_dagrun for latest_only_with_trigger to 2025-03-17 04:00:00+00:00, run_after=2025-03-17 08:00:00+00:00
[2025-03-17T15:00:25.232+0600] {processor.py:208} INFO - Processing /home/shamim/airflow_venv/lib/python3.12/site-packages/airflow/example_dags/example_latest_only_with_trigger.py took 0.274 seconds
[2025-03-17T15:01:37.495+0600] {processor.py:186} INFO - Started process (PID=19454) to work on /home/shamim/airflow_venv/lib/python3.12/site-packages/airflow/example_dags/example_latest_only_with_trigger.py
[2025-03-17T15:01:37.501+0600] {processor.py:914} INFO - Processing file /home/shamim/airflow_venv/lib/python3.12/site-packages/airflow/example_dags/example_latest_only_with_trigger.py for tasks to queue
[2025-03-17T15:01:37.504+0600] {logging_mixin.py:190} INFO - [2025-03-17T15:01:37.503+0600] {dagbag.py:588} INFO - Filling up the DagBag from /home/shamim/airflow_venv/lib/python3.12/site-packages/airflow/example_dags/example_latest_only_with_trigger.py
[2025-03-17T15:01:37.513+0600] {processor.py:925} INFO - DAG(s) 'latest_only_with_trigger' retrieved from /home/shamim/airflow_venv/lib/python3.12/site-packages/airflow/example_dags/example_latest_only_with_trigger.py
[2025-03-17T15:01:37.533+0600] {logging_mixin.py:190} INFO - [2025-03-17T15:01:37.532+0600] {dag.py:3239} INFO - Sync 1 DAGs
[2025-03-17T15:01:37.557+0600] {logging_mixin.py:190} INFO - [2025-03-17T15:01:37.557+0600] {dag.py:4180} INFO - Setting next_dagrun for latest_only_with_trigger to 2025-03-17 04:00:00+00:00, run_after=2025-03-17 08:00:00+00:00
[2025-03-17T15:01:37.592+0600] {processor.py:208} INFO - Processing /home/shamim/airflow_venv/lib/python3.12/site-packages/airflow/example_dags/example_latest_only_with_trigger.py took 0.104 seconds
[2025-03-17T15:02:49.620+0600] {processor.py:186} INFO - Started process (PID=19591) to work on /home/shamim/airflow_venv/lib/python3.12/site-packages/airflow/example_dags/example_latest_only_with_trigger.py
[2025-03-17T15:02:49.634+0600] {processor.py:914} INFO - Processing file /home/shamim/airflow_venv/lib/python3.12/site-packages/airflow/example_dags/example_latest_only_with_trigger.py for tasks to queue
[2025-03-17T15:02:49.637+0600] {logging_mixin.py:190} INFO - [2025-03-17T15:02:49.637+0600] {dagbag.py:588} INFO - Filling up the DagBag from /home/shamim/airflow_venv/lib/python3.12/site-packages/airflow/example_dags/example_latest_only_with_trigger.py
[2025-03-17T15:02:49.646+0600] {processor.py:925} INFO - DAG(s) 'latest_only_with_trigger' retrieved from /home/shamim/airflow_venv/lib/python3.12/site-packages/airflow/example_dags/example_latest_only_with_trigger.py
[2025-03-17T15:02:49.665+0600] {logging_mixin.py:190} INFO - [2025-03-17T15:02:49.665+0600] {dag.py:3239} INFO - Sync 1 DAGs
[2025-03-17T15:02:49.690+0600] {logging_mixin.py:190} INFO - [2025-03-17T15:02:49.690+0600] {dag.py:4180} INFO - Setting next_dagrun for latest_only_with_trigger to 2025-03-17 04:00:00+00:00, run_after=2025-03-17 08:00:00+00:00
[2025-03-17T15:02:49.712+0600] {processor.py:208} INFO - Processing /home/shamim/airflow_venv/lib/python3.12/site-packages/airflow/example_dags/example_latest_only_with_trigger.py took 0.099 seconds
[2025-03-17T15:04:06.366+0600] {processor.py:186} INFO - Started process (PID=19677) to work on /home/shamim/airflow_venv/lib/python3.12/site-packages/airflow/example_dags/example_latest_only_with_trigger.py
[2025-03-17T15:04:06.372+0600] {processor.py:914} INFO - Processing file /home/shamim/airflow_venv/lib/python3.12/site-packages/airflow/example_dags/example_latest_only_with_trigger.py for tasks to queue
[2025-03-17T15:04:06.374+0600] {logging_mixin.py:190} INFO - [2025-03-17T15:04:06.374+0600] {dagbag.py:588} INFO - Filling up the DagBag from /home/shamim/airflow_venv/lib/python3.12/site-packages/airflow/example_dags/example_latest_only_with_trigger.py
[2025-03-17T15:04:06.383+0600] {processor.py:925} INFO - DAG(s) 'latest_only_with_trigger' retrieved from /home/shamim/airflow_venv/lib/python3.12/site-packages/airflow/example_dags/example_latest_only_with_trigger.py
[2025-03-17T15:04:06.402+0600] {logging_mixin.py:190} INFO - [2025-03-17T15:04:06.401+0600] {dag.py:3239} INFO - Sync 1 DAGs
[2025-03-17T15:04:06.427+0600] {logging_mixin.py:190} INFO - [2025-03-17T15:04:06.427+0600] {dag.py:4180} INFO - Setting next_dagrun for latest_only_with_trigger to 2025-03-17 04:00:00+00:00, run_after=2025-03-17 08:00:00+00:00
[2025-03-17T15:04:06.461+0600] {processor.py:208} INFO - Processing /home/shamim/airflow_venv/lib/python3.12/site-packages/airflow/example_dags/example_latest_only_with_trigger.py took 0.102 seconds
[2025-03-17T15:06:04.963+0600] {processor.py:186} INFO - Started process (PID=19825) to work on /home/shamim/airflow_venv/lib/python3.12/site-packages/airflow/example_dags/example_latest_only_with_trigger.py
[2025-03-17T15:06:04.965+0600] {processor.py:914} INFO - Processing file /home/shamim/airflow_venv/lib/python3.12/site-packages/airflow/example_dags/example_latest_only_with_trigger.py for tasks to queue
[2025-03-17T15:06:04.968+0600] {logging_mixin.py:190} INFO - [2025-03-17T15:06:04.968+0600] {dagbag.py:588} INFO - Filling up the DagBag from /home/shamim/airflow_venv/lib/python3.12/site-packages/airflow/example_dags/example_latest_only_with_trigger.py
[2025-03-17T15:06:04.984+0600] {processor.py:925} INFO - DAG(s) 'latest_only_with_trigger' retrieved from /home/shamim/airflow_venv/lib/python3.12/site-packages/airflow/example_dags/example_latest_only_with_trigger.py
[2025-03-17T15:06:05.010+0600] {logging_mixin.py:190} INFO - [2025-03-17T15:06:05.010+0600] {dag.py:3239} INFO - Sync 1 DAGs
[2025-03-17T15:06:05.036+0600] {logging_mixin.py:190} INFO - [2025-03-17T15:06:05.036+0600] {dag.py:4180} INFO - Setting next_dagrun for latest_only_with_trigger to 2025-03-17 04:00:00+00:00, run_after=2025-03-17 08:00:00+00:00
[2025-03-17T15:06:05.061+0600] {processor.py:208} INFO - Processing /home/shamim/airflow_venv/lib/python3.12/site-packages/airflow/example_dags/example_latest_only_with_trigger.py took 0.108 seconds
[2025-03-17T15:07:22.157+0600] {processor.py:186} INFO - Started process (PID=20067) to work on /home/shamim/airflow_venv/lib/python3.12/site-packages/airflow/example_dags/example_latest_only_with_trigger.py
[2025-03-17T15:07:22.159+0600] {processor.py:914} INFO - Processing file /home/shamim/airflow_venv/lib/python3.12/site-packages/airflow/example_dags/example_latest_only_with_trigger.py for tasks to queue
[2025-03-17T15:07:22.163+0600] {logging_mixin.py:190} INFO - [2025-03-17T15:07:22.162+0600] {dagbag.py:588} INFO - Filling up the DagBag from /home/shamim/airflow_venv/lib/python3.12/site-packages/airflow/example_dags/example_latest_only_with_trigger.py
[2025-03-17T15:07:22.180+0600] {processor.py:925} INFO - DAG(s) 'latest_only_with_trigger' retrieved from /home/shamim/airflow_venv/lib/python3.12/site-packages/airflow/example_dags/example_latest_only_with_trigger.py
[2025-03-17T15:07:22.216+0600] {logging_mixin.py:190} INFO - [2025-03-17T15:07:22.215+0600] {dag.py:3239} INFO - Sync 1 DAGs
[2025-03-17T15:07:22.272+0600] {logging_mixin.py:190} INFO - [2025-03-17T15:07:22.271+0600] {dag.py:4180} INFO - Setting next_dagrun for latest_only_with_trigger to 2025-03-17 04:00:00+00:00, run_after=2025-03-17 08:00:00+00:00
[2025-03-17T15:07:22.332+0600] {processor.py:208} INFO - Processing /home/shamim/airflow_venv/lib/python3.12/site-packages/airflow/example_dags/example_latest_only_with_trigger.py took 0.192 seconds
[2025-03-17T15:08:46.326+0600] {processor.py:186} INFO - Started process (PID=20248) to work on /home/shamim/airflow_venv/lib/python3.12/site-packages/airflow/example_dags/example_latest_only_with_trigger.py
[2025-03-17T15:08:46.327+0600] {processor.py:914} INFO - Processing file /home/shamim/airflow_venv/lib/python3.12/site-packages/airflow/example_dags/example_latest_only_with_trigger.py for tasks to queue
[2025-03-17T15:08:46.329+0600] {logging_mixin.py:190} INFO - [2025-03-17T15:08:46.329+0600] {dagbag.py:588} INFO - Filling up the DagBag from /home/shamim/airflow_venv/lib/python3.12/site-packages/airflow/example_dags/example_latest_only_with_trigger.py
[2025-03-17T15:08:46.343+0600] {processor.py:925} INFO - DAG(s) 'latest_only_with_trigger' retrieved from /home/shamim/airflow_venv/lib/python3.12/site-packages/airflow/example_dags/example_latest_only_with_trigger.py
[2025-03-17T15:08:46.371+0600] {logging_mixin.py:190} INFO - [2025-03-17T15:08:46.371+0600] {dag.py:3239} INFO - Sync 1 DAGs
[2025-03-17T15:08:46.409+0600] {logging_mixin.py:190} INFO - [2025-03-17T15:08:46.409+0600] {dag.py:4180} INFO - Setting next_dagrun for latest_only_with_trigger to 2025-03-17 04:00:00+00:00, run_after=2025-03-17 08:00:00+00:00
[2025-03-17T15:08:46.441+0600] {processor.py:208} INFO - Processing /home/shamim/airflow_venv/lib/python3.12/site-packages/airflow/example_dags/example_latest_only_with_trigger.py took 0.123 seconds
[2025-03-17T15:10:01.671+0600] {processor.py:186} INFO - Started process (PID=20394) to work on /home/shamim/airflow_venv/lib/python3.12/site-packages/airflow/example_dags/example_latest_only_with_trigger.py
[2025-03-17T15:10:01.677+0600] {processor.py:914} INFO - Processing file /home/shamim/airflow_venv/lib/python3.12/site-packages/airflow/example_dags/example_latest_only_with_trigger.py for tasks to queue
[2025-03-17T15:10:01.680+0600] {logging_mixin.py:190} INFO - [2025-03-17T15:10:01.679+0600] {dagbag.py:588} INFO - Filling up the DagBag from /home/shamim/airflow_venv/lib/python3.12/site-packages/airflow/example_dags/example_latest_only_with_trigger.py
[2025-03-17T15:10:01.690+0600] {processor.py:925} INFO - DAG(s) 'latest_only_with_trigger' retrieved from /home/shamim/airflow_venv/lib/python3.12/site-packages/airflow/example_dags/example_latest_only_with_trigger.py
[2025-03-17T15:10:01.711+0600] {logging_mixin.py:190} INFO - [2025-03-17T15:10:01.710+0600] {dag.py:3239} INFO - Sync 1 DAGs
[2025-03-17T15:10:01.735+0600] {logging_mixin.py:190} INFO - [2025-03-17T15:10:01.735+0600] {dag.py:4180} INFO - Setting next_dagrun for latest_only_with_trigger to 2025-03-17 04:00:00+00:00, run_after=2025-03-17 08:00:00+00:00
[2025-03-17T15:10:01.756+0600] {processor.py:208} INFO - Processing /home/shamim/airflow_venv/lib/python3.12/site-packages/airflow/example_dags/example_latest_only_with_trigger.py took 0.093 seconds
[2025-03-17T15:24:53.916+0600] {processor.py:186} INFO - Started process (PID=22305) to work on /home/shamim/airflow_venv/lib/python3.12/site-packages/airflow/example_dags/example_latest_only_with_trigger.py
[2025-03-17T15:24:53.922+0600] {processor.py:914} INFO - Processing file /home/shamim/airflow_venv/lib/python3.12/site-packages/airflow/example_dags/example_latest_only_with_trigger.py for tasks to queue
[2025-03-17T15:24:53.927+0600] {logging_mixin.py:190} INFO - [2025-03-17T15:24:53.926+0600] {dagbag.py:588} INFO - Filling up the DagBag from /home/shamim/airflow_venv/lib/python3.12/site-packages/airflow/example_dags/example_latest_only_with_trigger.py
[2025-03-17T15:24:53.944+0600] {processor.py:925} INFO - DAG(s) 'latest_only_with_trigger' retrieved from /home/shamim/airflow_venv/lib/python3.12/site-packages/airflow/example_dags/example_latest_only_with_trigger.py
[2025-03-17T15:24:53.979+0600] {logging_mixin.py:190} INFO - [2025-03-17T15:24:53.978+0600] {dag.py:3239} INFO - Sync 1 DAGs
[2025-03-17T15:24:54.030+0600] {logging_mixin.py:190} INFO - [2025-03-17T15:24:54.029+0600] {dag.py:4180} INFO - Setting next_dagrun for latest_only_with_trigger to 2025-03-17 04:00:00+00:00, run_after=2025-03-17 08:00:00+00:00
[2025-03-17T15:24:54.069+0600] {processor.py:208} INFO - Processing /home/shamim/airflow_venv/lib/python3.12/site-packages/airflow/example_dags/example_latest_only_with_trigger.py took 0.167 seconds
[2025-03-17T15:30:04.138+0600] {processor.py:186} INFO - Started process (PID=23046) to work on /home/shamim/airflow_venv/lib/python3.12/site-packages/airflow/example_dags/example_latest_only_with_trigger.py
[2025-03-17T15:30:04.269+0600] {processor.py:914} INFO - Processing file /home/shamim/airflow_venv/lib/python3.12/site-packages/airflow/example_dags/example_latest_only_with_trigger.py for tasks to queue
[2025-03-17T15:30:04.276+0600] {logging_mixin.py:190} INFO - [2025-03-17T15:30:04.274+0600] {dagbag.py:588} INFO - Filling up the DagBag from /home/shamim/airflow_venv/lib/python3.12/site-packages/airflow/example_dags/example_latest_only_with_trigger.py
[2025-03-17T15:30:04.300+0600] {processor.py:925} INFO - DAG(s) 'latest_only_with_trigger' retrieved from /home/shamim/airflow_venv/lib/python3.12/site-packages/airflow/example_dags/example_latest_only_with_trigger.py
[2025-03-17T15:30:04.323+0600] {logging_mixin.py:190} INFO - [2025-03-17T15:30:04.323+0600] {dag.py:3239} INFO - Sync 1 DAGs
[2025-03-17T15:30:04.351+0600] {logging_mixin.py:190} INFO - [2025-03-17T15:30:04.351+0600] {dag.py:4180} INFO - Setting next_dagrun for latest_only_with_trigger to 2025-03-17 04:00:00+00:00, run_after=2025-03-17 08:00:00+00:00
[2025-03-17T15:30:04.375+0600] {processor.py:208} INFO - Processing /home/shamim/airflow_venv/lib/python3.12/site-packages/airflow/example_dags/example_latest_only_with_trigger.py took 0.246 seconds
[2025-03-17T15:31:38.525+0600] {processor.py:186} INFO - Started process (PID=23234) to work on /home/shamim/airflow_venv/lib/python3.12/site-packages/airflow/example_dags/example_latest_only_with_trigger.py
[2025-03-17T15:31:38.531+0600] {processor.py:914} INFO - Processing file /home/shamim/airflow_venv/lib/python3.12/site-packages/airflow/example_dags/example_latest_only_with_trigger.py for tasks to queue
[2025-03-17T15:31:38.534+0600] {logging_mixin.py:190} INFO - [2025-03-17T15:31:38.533+0600] {dagbag.py:588} INFO - Filling up the DagBag from /home/shamim/airflow_venv/lib/python3.12/site-packages/airflow/example_dags/example_latest_only_with_trigger.py
[2025-03-17T15:31:38.544+0600] {processor.py:925} INFO - DAG(s) 'latest_only_with_trigger' retrieved from /home/shamim/airflow_venv/lib/python3.12/site-packages/airflow/example_dags/example_latest_only_with_trigger.py
[2025-03-17T15:31:38.563+0600] {logging_mixin.py:190} INFO - [2025-03-17T15:31:38.563+0600] {dag.py:3239} INFO - Sync 1 DAGs
[2025-03-17T15:31:38.590+0600] {logging_mixin.py:190} INFO - [2025-03-17T15:31:38.590+0600] {dag.py:4180} INFO - Setting next_dagrun for latest_only_with_trigger to 2025-03-17 04:00:00+00:00, run_after=2025-03-17 08:00:00+00:00
[2025-03-17T15:31:38.614+0600] {processor.py:208} INFO - Processing /home/shamim/airflow_venv/lib/python3.12/site-packages/airflow/example_dags/example_latest_only_with_trigger.py took 0.097 seconds
[2025-03-17T15:33:06.948+0600] {processor.py:186} INFO - Started process (PID=23407) to work on /home/shamim/airflow_venv/lib/python3.12/site-packages/airflow/example_dags/example_latest_only_with_trigger.py
[2025-03-17T15:33:06.954+0600] {processor.py:914} INFO - Processing file /home/shamim/airflow_venv/lib/python3.12/site-packages/airflow/example_dags/example_latest_only_with_trigger.py for tasks to queue
[2025-03-17T15:33:06.957+0600] {logging_mixin.py:190} INFO - [2025-03-17T15:33:06.956+0600] {dagbag.py:588} INFO - Filling up the DagBag from /home/shamim/airflow_venv/lib/python3.12/site-packages/airflow/example_dags/example_latest_only_with_trigger.py
[2025-03-17T15:33:06.968+0600] {processor.py:925} INFO - DAG(s) 'latest_only_with_trigger' retrieved from /home/shamim/airflow_venv/lib/python3.12/site-packages/airflow/example_dags/example_latest_only_with_trigger.py
[2025-03-17T15:33:06.988+0600] {logging_mixin.py:190} INFO - [2025-03-17T15:33:06.988+0600] {dag.py:3239} INFO - Sync 1 DAGs
[2025-03-17T15:33:07.015+0600] {logging_mixin.py:190} INFO - [2025-03-17T15:33:07.015+0600] {dag.py:4180} INFO - Setting next_dagrun for latest_only_with_trigger to 2025-03-17 04:00:00+00:00, run_after=2025-03-17 08:00:00+00:00
[2025-03-17T15:33:07.052+0600] {processor.py:208} INFO - Processing /home/shamim/airflow_venv/lib/python3.12/site-packages/airflow/example_dags/example_latest_only_with_trigger.py took 0.112 seconds
[2025-03-17T15:34:16.192+0600] {processor.py:186} INFO - Started process (PID=23512) to work on /home/shamim/airflow_venv/lib/python3.12/site-packages/airflow/example_dags/example_latest_only_with_trigger.py
[2025-03-17T15:34:16.219+0600] {processor.py:914} INFO - Processing file /home/shamim/airflow_venv/lib/python3.12/site-packages/airflow/example_dags/example_latest_only_with_trigger.py for tasks to queue
[2025-03-17T15:34:16.222+0600] {logging_mixin.py:190} INFO - [2025-03-17T15:34:16.221+0600] {dagbag.py:588} INFO - Filling up the DagBag from /home/shamim/airflow_venv/lib/python3.12/site-packages/airflow/example_dags/example_latest_only_with_trigger.py
[2025-03-17T15:34:16.234+0600] {processor.py:925} INFO - DAG(s) 'latest_only_with_trigger' retrieved from /home/shamim/airflow_venv/lib/python3.12/site-packages/airflow/example_dags/example_latest_only_with_trigger.py
[2025-03-17T15:34:16.260+0600] {logging_mixin.py:190} INFO - [2025-03-17T15:34:16.260+0600] {dag.py:3239} INFO - Sync 1 DAGs
[2025-03-17T15:34:16.294+0600] {logging_mixin.py:190} INFO - [2025-03-17T15:34:16.293+0600] {dag.py:4180} INFO - Setting next_dagrun for latest_only_with_trigger to 2025-03-17 04:00:00+00:00, run_after=2025-03-17 08:00:00+00:00
[2025-03-17T15:34:16.318+0600] {processor.py:208} INFO - Processing /home/shamim/airflow_venv/lib/python3.12/site-packages/airflow/example_dags/example_latest_only_with_trigger.py took 0.137 seconds
[2025-03-17T15:36:00.195+0600] {processor.py:186} INFO - Started process (PID=23715) to work on /home/shamim/airflow_venv/lib/python3.12/site-packages/airflow/example_dags/example_latest_only_with_trigger.py
[2025-03-17T15:36:00.198+0600] {processor.py:914} INFO - Processing file /home/shamim/airflow_venv/lib/python3.12/site-packages/airflow/example_dags/example_latest_only_with_trigger.py for tasks to queue
[2025-03-17T15:36:00.202+0600] {logging_mixin.py:190} INFO - [2025-03-17T15:36:00.201+0600] {dagbag.py:588} INFO - Filling up the DagBag from /home/shamim/airflow_venv/lib/python3.12/site-packages/airflow/example_dags/example_latest_only_with_trigger.py
[2025-03-17T15:36:00.220+0600] {processor.py:925} INFO - DAG(s) 'latest_only_with_trigger' retrieved from /home/shamim/airflow_venv/lib/python3.12/site-packages/airflow/example_dags/example_latest_only_with_trigger.py
[2025-03-17T15:36:00.258+0600] {logging_mixin.py:190} INFO - [2025-03-17T15:36:00.258+0600] {dag.py:3239} INFO - Sync 1 DAGs
[2025-03-17T15:36:00.306+0600] {logging_mixin.py:190} INFO - [2025-03-17T15:36:00.306+0600] {dag.py:4180} INFO - Setting next_dagrun for latest_only_with_trigger to 2025-03-17 04:00:00+00:00, run_after=2025-03-17 08:00:00+00:00
[2025-03-17T15:36:00.347+0600] {processor.py:208} INFO - Processing /home/shamim/airflow_venv/lib/python3.12/site-packages/airflow/example_dags/example_latest_only_with_trigger.py took 0.174 seconds
[2025-03-17T15:37:45.170+0600] {processor.py:186} INFO - Started process (PID=23930) to work on /home/shamim/airflow_venv/lib/python3.12/site-packages/airflow/example_dags/example_latest_only_with_trigger.py
[2025-03-17T15:37:45.186+0600] {processor.py:914} INFO - Processing file /home/shamim/airflow_venv/lib/python3.12/site-packages/airflow/example_dags/example_latest_only_with_trigger.py for tasks to queue
[2025-03-17T15:37:45.190+0600] {logging_mixin.py:190} INFO - [2025-03-17T15:37:45.189+0600] {dagbag.py:588} INFO - Filling up the DagBag from /home/shamim/airflow_venv/lib/python3.12/site-packages/airflow/example_dags/example_latest_only_with_trigger.py
[2025-03-17T15:37:45.201+0600] {processor.py:925} INFO - DAG(s) 'latest_only_with_trigger' retrieved from /home/shamim/airflow_venv/lib/python3.12/site-packages/airflow/example_dags/example_latest_only_with_trigger.py
[2025-03-17T15:37:45.223+0600] {logging_mixin.py:190} INFO - [2025-03-17T15:37:45.223+0600] {dag.py:3239} INFO - Sync 1 DAGs
[2025-03-17T15:37:45.255+0600] {logging_mixin.py:190} INFO - [2025-03-17T15:37:45.255+0600] {dag.py:4180} INFO - Setting next_dagrun for latest_only_with_trigger to 2025-03-17 04:00:00+00:00, run_after=2025-03-17 08:00:00+00:00
[2025-03-17T15:37:45.285+0600] {processor.py:208} INFO - Processing /home/shamim/airflow_venv/lib/python3.12/site-packages/airflow/example_dags/example_latest_only_with_trigger.py took 0.126 seconds
