[2025-03-17T15:00:47.467+0600] {processor.py:186} INFO - Started process (PID=19393) to work on /home/shamim/airflow_venv/lib/python3.12/site-packages/airflow/example_dags/example_branch_python_dop_operator_3.py
[2025-03-17T15:00:47.468+0600] {processor.py:914} INFO - Processing file /home/shamim/airflow_venv/lib/python3.12/site-packages/airflow/example_dags/example_branch_python_dop_operator_3.py for tasks to queue
[2025-03-17T15:00:47.472+0600] {logging_mixin.py:190} INFO - [2025-03-17T15:00:47.471+0600] {dagbag.py:588} INFO - Filling up the DagBag from /home/shamim/airflow_venv/lib/python3.12/site-packages/airflow/example_dags/example_branch_python_dop_operator_3.py
[2025-03-17T15:00:47.490+0600] {processor.py:925} INFO - DAG(s) 'example_branch_dop_operator_v3' retrieved from /home/shamim/airflow_venv/lib/python3.12/site-packages/airflow/example_dags/example_branch_python_dop_operator_3.py
[2025-03-17T15:00:47.636+0600] {logging_mixin.py:190} INFO - [2025-03-17T15:00:47.635+0600] {override.py:1930} INFO - Created Permission View: can read on DAG:example_branch_dop_operator_v3
[2025-03-17T15:00:47.649+0600] {logging_mixin.py:190} INFO - [2025-03-17T15:00:47.648+0600] {override.py:1930} INFO - Created Permission View: can delete on DAG:example_branch_dop_operator_v3
[2025-03-17T15:00:47.657+0600] {logging_mixin.py:190} INFO - [2025-03-17T15:00:47.657+0600] {override.py:1930} INFO - Created Permission View: can edit on DAG:example_branch_dop_operator_v3
[2025-03-17T15:00:47.668+0600] {logging_mixin.py:190} INFO - [2025-03-17T15:00:47.668+0600] {override.py:1930} INFO - Created Permission View: can create on DAG Run:example_branch_dop_operator_v3
[2025-03-17T15:00:47.682+0600] {logging_mixin.py:190} INFO - [2025-03-17T15:00:47.682+0600] {override.py:1930} INFO - Created Permission View: can read on DAG Run:example_branch_dop_operator_v3
[2025-03-17T15:00:47.692+0600] {logging_mixin.py:190} INFO - [2025-03-17T15:00:47.691+0600] {override.py:1930} INFO - Created Permission View: can delete on DAG Run:example_branch_dop_operator_v3
[2025-03-17T15:00:47.700+0600] {logging_mixin.py:190} INFO - [2025-03-17T15:00:47.699+0600] {override.py:1930} INFO - Created Permission View: menu access on DAG Run:example_branch_dop_operator_v3
[2025-03-17T15:00:47.700+0600] {logging_mixin.py:190} INFO - [2025-03-17T15:00:47.700+0600] {dag.py:3239} INFO - Sync 1 DAGs
[2025-03-17T15:00:47.715+0600] {logging_mixin.py:190} INFO - [2025-03-17T15:00:47.715+0600] {dag.py:3262} INFO - Creating ORM DAG for example_branch_dop_operator_v3
[2025-03-17T15:00:47.732+0600] {logging_mixin.py:190} INFO - [2025-03-17T15:00:47.731+0600] {dag.py:4180} INFO - Setting next_dagrun for example_branch_dop_operator_v3 to 2025-03-17 08:59:00+00:00, run_after=2025-03-17 09:00:00+00:00
[2025-03-17T15:00:47.758+0600] {processor.py:208} INFO - Processing /home/shamim/airflow_venv/lib/python3.12/site-packages/airflow/example_dags/example_branch_python_dop_operator_3.py took 0.301 seconds
[2025-03-17T15:02:09.129+0600] {processor.py:186} INFO - Started process (PID=19493) to work on /home/shamim/airflow_venv/lib/python3.12/site-packages/airflow/example_dags/example_branch_python_dop_operator_3.py
[2025-03-17T15:02:09.135+0600] {processor.py:914} INFO - Processing file /home/shamim/airflow_venv/lib/python3.12/site-packages/airflow/example_dags/example_branch_python_dop_operator_3.py for tasks to queue
[2025-03-17T15:02:09.138+0600] {logging_mixin.py:190} INFO - [2025-03-17T15:02:09.137+0600] {dagbag.py:588} INFO - Filling up the DagBag from /home/shamim/airflow_venv/lib/python3.12/site-packages/airflow/example_dags/example_branch_python_dop_operator_3.py
[2025-03-17T15:02:09.151+0600] {processor.py:925} INFO - DAG(s) 'example_branch_dop_operator_v3' retrieved from /home/shamim/airflow_venv/lib/python3.12/site-packages/airflow/example_dags/example_branch_python_dop_operator_3.py
[2025-03-17T15:02:09.169+0600] {logging_mixin.py:190} INFO - [2025-03-17T15:02:09.169+0600] {dag.py:3239} INFO - Sync 1 DAGs
[2025-03-17T15:02:09.198+0600] {logging_mixin.py:190} INFO - [2025-03-17T15:02:09.198+0600] {dag.py:4180} INFO - Setting next_dagrun for example_branch_dop_operator_v3 to 2025-03-17 09:01:00+00:00, run_after=2025-03-17 09:02:00+00:00
[2025-03-17T15:02:09.234+0600] {processor.py:208} INFO - Processing /home/shamim/airflow_venv/lib/python3.12/site-packages/airflow/example_dags/example_branch_python_dop_operator_3.py took 0.111 seconds
[2025-03-17T15:03:21.992+0600] {processor.py:186} INFO - Started process (PID=19620) to work on /home/shamim/airflow_venv/lib/python3.12/site-packages/airflow/example_dags/example_branch_python_dop_operator_3.py
[2025-03-17T15:03:21.999+0600] {processor.py:914} INFO - Processing file /home/shamim/airflow_venv/lib/python3.12/site-packages/airflow/example_dags/example_branch_python_dop_operator_3.py for tasks to queue
[2025-03-17T15:03:22.001+0600] {logging_mixin.py:190} INFO - [2025-03-17T15:03:22.001+0600] {dagbag.py:588} INFO - Filling up the DagBag from /home/shamim/airflow_venv/lib/python3.12/site-packages/airflow/example_dags/example_branch_python_dop_operator_3.py
[2025-03-17T15:03:22.014+0600] {processor.py:925} INFO - DAG(s) 'example_branch_dop_operator_v3' retrieved from /home/shamim/airflow_venv/lib/python3.12/site-packages/airflow/example_dags/example_branch_python_dop_operator_3.py
[2025-03-17T15:03:22.031+0600] {logging_mixin.py:190} INFO - [2025-03-17T15:03:22.030+0600] {dag.py:3239} INFO - Sync 1 DAGs
[2025-03-17T15:03:22.058+0600] {logging_mixin.py:190} INFO - [2025-03-17T15:03:22.058+0600] {dag.py:4180} INFO - Setting next_dagrun for example_branch_dop_operator_v3 to 2025-03-17 09:02:00+00:00, run_after=2025-03-17 09:03:00+00:00
[2025-03-17T15:03:22.095+0600] {processor.py:208} INFO - Processing /home/shamim/airflow_venv/lib/python3.12/site-packages/airflow/example_dags/example_branch_python_dop_operator_3.py took 0.109 seconds
[2025-03-17T15:06:28.689+0600] {processor.py:186} INFO - Started process (PID=19918) to work on /home/shamim/airflow_venv/lib/python3.12/site-packages/airflow/example_dags/example_branch_python_dop_operator_3.py
[2025-03-17T15:06:28.691+0600] {processor.py:914} INFO - Processing file /home/shamim/airflow_venv/lib/python3.12/site-packages/airflow/example_dags/example_branch_python_dop_operator_3.py for tasks to queue
[2025-03-17T15:06:28.695+0600] {logging_mixin.py:190} INFO - [2025-03-17T15:06:28.694+0600] {dagbag.py:588} INFO - Filling up the DagBag from /home/shamim/airflow_venv/lib/python3.12/site-packages/airflow/example_dags/example_branch_python_dop_operator_3.py
[2025-03-17T15:06:28.710+0600] {processor.py:925} INFO - DAG(s) 'example_branch_dop_operator_v3' retrieved from /home/shamim/airflow_venv/lib/python3.12/site-packages/airflow/example_dags/example_branch_python_dop_operator_3.py
[2025-03-17T15:06:28.730+0600] {logging_mixin.py:190} INFO - [2025-03-17T15:06:28.729+0600] {dag.py:3239} INFO - Sync 1 DAGs
[2025-03-17T15:06:28.761+0600] {logging_mixin.py:190} INFO - [2025-03-17T15:06:28.761+0600] {dag.py:4180} INFO - Setting next_dagrun for example_branch_dop_operator_v3 to 2025-03-17 09:05:00+00:00, run_after=2025-03-17 09:06:00+00:00
[2025-03-17T15:06:28.805+0600] {processor.py:208} INFO - Processing /home/shamim/airflow_venv/lib/python3.12/site-packages/airflow/example_dags/example_branch_python_dop_operator_3.py took 0.125 seconds
[2025-03-17T15:08:02.694+0600] {processor.py:186} INFO - Started process (PID=20157) to work on /home/shamim/airflow_venv/lib/python3.12/site-packages/airflow/example_dags/example_branch_python_dop_operator_3.py
[2025-03-17T15:08:02.700+0600] {processor.py:914} INFO - Processing file /home/shamim/airflow_venv/lib/python3.12/site-packages/airflow/example_dags/example_branch_python_dop_operator_3.py for tasks to queue
[2025-03-17T15:08:02.704+0600] {logging_mixin.py:190} INFO - [2025-03-17T15:08:02.703+0600] {dagbag.py:588} INFO - Filling up the DagBag from /home/shamim/airflow_venv/lib/python3.12/site-packages/airflow/example_dags/example_branch_python_dop_operator_3.py
[2025-03-17T15:08:02.722+0600] {processor.py:925} INFO - DAG(s) 'example_branch_dop_operator_v3' retrieved from /home/shamim/airflow_venv/lib/python3.12/site-packages/airflow/example_dags/example_branch_python_dop_operator_3.py
[2025-03-17T15:08:02.745+0600] {logging_mixin.py:190} INFO - [2025-03-17T15:08:02.745+0600] {dag.py:3239} INFO - Sync 1 DAGs
[2025-03-17T15:08:02.790+0600] {logging_mixin.py:190} INFO - [2025-03-17T15:08:02.790+0600] {dag.py:4180} INFO - Setting next_dagrun for example_branch_dop_operator_v3 to 2025-03-17 09:07:00+00:00, run_after=2025-03-17 09:08:00+00:00
[2025-03-17T15:08:02.835+0600] {processor.py:208} INFO - Processing /home/shamim/airflow_venv/lib/python3.12/site-packages/airflow/example_dags/example_branch_python_dop_operator_3.py took 0.151 seconds
[2025-03-17T15:09:19.879+0600] {processor.py:186} INFO - Started process (PID=20326) to work on /home/shamim/airflow_venv/lib/python3.12/site-packages/airflow/example_dags/example_branch_python_dop_operator_3.py
[2025-03-17T15:09:19.887+0600] {processor.py:914} INFO - Processing file /home/shamim/airflow_venv/lib/python3.12/site-packages/airflow/example_dags/example_branch_python_dop_operator_3.py for tasks to queue
[2025-03-17T15:09:19.891+0600] {logging_mixin.py:190} INFO - [2025-03-17T15:09:19.890+0600] {dagbag.py:588} INFO - Filling up the DagBag from /home/shamim/airflow_venv/lib/python3.12/site-packages/airflow/example_dags/example_branch_python_dop_operator_3.py
[2025-03-17T15:09:19.909+0600] {processor.py:925} INFO - DAG(s) 'example_branch_dop_operator_v3' retrieved from /home/shamim/airflow_venv/lib/python3.12/site-packages/airflow/example_dags/example_branch_python_dop_operator_3.py
[2025-03-17T15:09:19.928+0600] {logging_mixin.py:190} INFO - [2025-03-17T15:09:19.927+0600] {dag.py:3239} INFO - Sync 1 DAGs
[2025-03-17T15:09:19.963+0600] {logging_mixin.py:190} INFO - [2025-03-17T15:09:19.962+0600] {dag.py:4180} INFO - Setting next_dagrun for example_branch_dop_operator_v3 to 2025-03-17 09:08:00+00:00, run_after=2025-03-17 09:09:00+00:00
[2025-03-17T15:09:20.005+0600] {processor.py:208} INFO - Processing /home/shamim/airflow_venv/lib/python3.12/site-packages/airflow/example_dags/example_branch_python_dop_operator_3.py took 0.134 seconds
[2025-03-17T15:16:20.167+0600] {processor.py:186} INFO - Started process (PID=21122) to work on /home/shamim/airflow_venv/lib/python3.12/site-packages/airflow/example_dags/example_branch_python_dop_operator_3.py
[2025-03-17T15:16:20.168+0600] {processor.py:914} INFO - Processing file /home/shamim/airflow_venv/lib/python3.12/site-packages/airflow/example_dags/example_branch_python_dop_operator_3.py for tasks to queue
[2025-03-17T15:16:20.171+0600] {logging_mixin.py:190} INFO - [2025-03-17T15:16:20.171+0600] {dagbag.py:588} INFO - Filling up the DagBag from /home/shamim/airflow_venv/lib/python3.12/site-packages/airflow/example_dags/example_branch_python_dop_operator_3.py
[2025-03-17T15:16:20.186+0600] {processor.py:925} INFO - DAG(s) 'example_branch_dop_operator_v3' retrieved from /home/shamim/airflow_venv/lib/python3.12/site-packages/airflow/example_dags/example_branch_python_dop_operator_3.py
[2025-03-17T15:16:20.205+0600] {logging_mixin.py:190} INFO - [2025-03-17T15:16:20.205+0600] {dag.py:3239} INFO - Sync 1 DAGs
[2025-03-17T15:16:20.235+0600] {logging_mixin.py:190} INFO - [2025-03-17T15:16:20.235+0600] {dag.py:4180} INFO - Setting next_dagrun for example_branch_dop_operator_v3 to 2025-03-17 09:15:00+00:00, run_after=2025-03-17 09:16:00+00:00
[2025-03-17T15:16:20.258+0600] {processor.py:208} INFO - Processing /home/shamim/airflow_venv/lib/python3.12/site-packages/airflow/example_dags/example_branch_python_dop_operator_3.py took 0.098 seconds
[2025-03-17T15:26:39.773+0600] {processor.py:186} INFO - Started process (PID=22494) to work on /home/shamim/airflow_venv/lib/python3.12/site-packages/airflow/example_dags/example_branch_python_dop_operator_3.py
[2025-03-17T15:26:39.775+0600] {processor.py:914} INFO - Processing file /home/shamim/airflow_venv/lib/python3.12/site-packages/airflow/example_dags/example_branch_python_dop_operator_3.py for tasks to queue
[2025-03-17T15:26:39.783+0600] {logging_mixin.py:190} INFO - [2025-03-17T15:26:39.782+0600] {dagbag.py:588} INFO - Filling up the DagBag from /home/shamim/airflow_venv/lib/python3.12/site-packages/airflow/example_dags/example_branch_python_dop_operator_3.py
[2025-03-17T15:26:39.815+0600] {processor.py:925} INFO - DAG(s) 'example_branch_dop_operator_v3' retrieved from /home/shamim/airflow_venv/lib/python3.12/site-packages/airflow/example_dags/example_branch_python_dop_operator_3.py
[2025-03-17T15:26:39.861+0600] {logging_mixin.py:190} INFO - [2025-03-17T15:26:39.860+0600] {dag.py:3239} INFO - Sync 1 DAGs
[2025-03-17T15:26:39.933+0600] {logging_mixin.py:190} INFO - [2025-03-17T15:26:39.932+0600] {dag.py:4180} INFO - Setting next_dagrun for example_branch_dop_operator_v3 to 2025-03-17 09:25:00+00:00, run_after=2025-03-17 09:26:00+00:00
[2025-03-17T15:26:39.976+0600] {processor.py:208} INFO - Processing /home/shamim/airflow_venv/lib/python3.12/site-packages/airflow/example_dags/example_branch_python_dop_operator_3.py took 0.216 seconds
[2025-03-17T15:30:48.416+0600] {processor.py:186} INFO - Started process (PID=23136) to work on /home/shamim/airflow_venv/lib/python3.12/site-packages/airflow/example_dags/example_branch_python_dop_operator_3.py
[2025-03-17T15:30:48.423+0600] {processor.py:914} INFO - Processing file /home/shamim/airflow_venv/lib/python3.12/site-packages/airflow/example_dags/example_branch_python_dop_operator_3.py for tasks to queue
[2025-03-17T15:30:48.427+0600] {logging_mixin.py:190} INFO - [2025-03-17T15:30:48.427+0600] {dagbag.py:588} INFO - Filling up the DagBag from /home/shamim/airflow_venv/lib/python3.12/site-packages/airflow/example_dags/example_branch_python_dop_operator_3.py
[2025-03-17T15:30:48.448+0600] {processor.py:925} INFO - DAG(s) 'example_branch_dop_operator_v3' retrieved from /home/shamim/airflow_venv/lib/python3.12/site-packages/airflow/example_dags/example_branch_python_dop_operator_3.py
[2025-03-17T15:30:48.469+0600] {logging_mixin.py:190} INFO - [2025-03-17T15:30:48.469+0600] {dag.py:3239} INFO - Sync 1 DAGs
[2025-03-17T15:30:48.503+0600] {logging_mixin.py:190} INFO - [2025-03-17T15:30:48.502+0600] {dag.py:4180} INFO - Setting next_dagrun for example_branch_dop_operator_v3 to 2025-03-17 09:29:00+00:00, run_after=2025-03-17 09:30:00+00:00
[2025-03-17T15:30:48.533+0600] {processor.py:208} INFO - Processing /home/shamim/airflow_venv/lib/python3.12/site-packages/airflow/example_dags/example_branch_python_dop_operator_3.py took 0.128 seconds
[2025-03-17T15:32:20.484+0600] {processor.py:186} INFO - Started process (PID=23312) to work on /home/shamim/airflow_venv/lib/python3.12/site-packages/airflow/example_dags/example_branch_python_dop_operator_3.py
[2025-03-17T15:32:20.511+0600] {processor.py:914} INFO - Processing file /home/shamim/airflow_venv/lib/python3.12/site-packages/airflow/example_dags/example_branch_python_dop_operator_3.py for tasks to queue
[2025-03-17T15:32:20.515+0600] {logging_mixin.py:190} INFO - [2025-03-17T15:32:20.515+0600] {dagbag.py:588} INFO - Filling up the DagBag from /home/shamim/airflow_venv/lib/python3.12/site-packages/airflow/example_dags/example_branch_python_dop_operator_3.py
[2025-03-17T15:32:20.534+0600] {processor.py:925} INFO - DAG(s) 'example_branch_dop_operator_v3' retrieved from /home/shamim/airflow_venv/lib/python3.12/site-packages/airflow/example_dags/example_branch_python_dop_operator_3.py
[2025-03-17T15:32:20.554+0600] {logging_mixin.py:190} INFO - [2025-03-17T15:32:20.553+0600] {dag.py:3239} INFO - Sync 1 DAGs
[2025-03-17T15:32:20.584+0600] {logging_mixin.py:190} INFO - [2025-03-17T15:32:20.584+0600] {dag.py:4180} INFO - Setting next_dagrun for example_branch_dop_operator_v3 to 2025-03-17 09:31:00+00:00, run_after=2025-03-17 09:32:00+00:00
[2025-03-17T15:32:20.608+0600] {processor.py:208} INFO - Processing /home/shamim/airflow_venv/lib/python3.12/site-packages/airflow/example_dags/example_branch_python_dop_operator_3.py took 0.139 seconds
[2025-03-17T15:33:46.456+0600] {processor.py:186} INFO - Started process (PID=23454) to work on /home/shamim/airflow_venv/lib/python3.12/site-packages/airflow/example_dags/example_branch_python_dop_operator_3.py
[2025-03-17T15:33:46.462+0600] {processor.py:914} INFO - Processing file /home/shamim/airflow_venv/lib/python3.12/site-packages/airflow/example_dags/example_branch_python_dop_operator_3.py for tasks to queue
[2025-03-17T15:33:46.465+0600] {logging_mixin.py:190} INFO - [2025-03-17T15:33:46.464+0600] {dagbag.py:588} INFO - Filling up the DagBag from /home/shamim/airflow_venv/lib/python3.12/site-packages/airflow/example_dags/example_branch_python_dop_operator_3.py
[2025-03-17T15:33:46.479+0600] {processor.py:925} INFO - DAG(s) 'example_branch_dop_operator_v3' retrieved from /home/shamim/airflow_venv/lib/python3.12/site-packages/airflow/example_dags/example_branch_python_dop_operator_3.py
[2025-03-17T15:33:46.498+0600] {logging_mixin.py:190} INFO - [2025-03-17T15:33:46.497+0600] {dag.py:3239} INFO - Sync 1 DAGs
[2025-03-17T15:33:46.527+0600] {logging_mixin.py:190} INFO - [2025-03-17T15:33:46.526+0600] {dag.py:4180} INFO - Setting next_dagrun for example_branch_dop_operator_v3 to 2025-03-17 09:32:00+00:00, run_after=2025-03-17 09:33:00+00:00
[2025-03-17T15:33:46.562+0600] {processor.py:208} INFO - Processing /home/shamim/airflow_venv/lib/python3.12/site-packages/airflow/example_dags/example_branch_python_dop_operator_3.py took 0.114 seconds
[2025-03-17T15:35:20.708+0600] {processor.py:186} INFO - Started process (PID=23631) to work on /home/shamim/airflow_venv/lib/python3.12/site-packages/airflow/example_dags/example_branch_python_dop_operator_3.py
[2025-03-17T15:35:20.715+0600] {processor.py:914} INFO - Processing file /home/shamim/airflow_venv/lib/python3.12/site-packages/airflow/example_dags/example_branch_python_dop_operator_3.py for tasks to queue
[2025-03-17T15:35:20.718+0600] {logging_mixin.py:190} INFO - [2025-03-17T15:35:20.717+0600] {dagbag.py:588} INFO - Filling up the DagBag from /home/shamim/airflow_venv/lib/python3.12/site-packages/airflow/example_dags/example_branch_python_dop_operator_3.py
[2025-03-17T15:35:20.735+0600] {processor.py:925} INFO - DAG(s) 'example_branch_dop_operator_v3' retrieved from /home/shamim/airflow_venv/lib/python3.12/site-packages/airflow/example_dags/example_branch_python_dop_operator_3.py
[2025-03-17T15:35:20.756+0600] {logging_mixin.py:190} INFO - [2025-03-17T15:35:20.755+0600] {dag.py:3239} INFO - Sync 1 DAGs
[2025-03-17T15:35:20.787+0600] {logging_mixin.py:190} INFO - [2025-03-17T15:35:20.787+0600] {dag.py:4180} INFO - Setting next_dagrun for example_branch_dop_operator_v3 to 2025-03-17 09:34:00+00:00, run_after=2025-03-17 09:35:00+00:00
[2025-03-17T15:35:20.810+0600] {processor.py:208} INFO - Processing /home/shamim/airflow_venv/lib/python3.12/site-packages/airflow/example_dags/example_branch_python_dop_operator_3.py took 0.110 seconds
[2025-03-17T15:37:02.959+0600] {processor.py:186} INFO - Started process (PID=23844) to work on /home/shamim/airflow_venv/lib/python3.12/site-packages/airflow/example_dags/example_branch_python_dop_operator_3.py
[2025-03-17T15:37:02.960+0600] {processor.py:914} INFO - Processing file /home/shamim/airflow_venv/lib/python3.12/site-packages/airflow/example_dags/example_branch_python_dop_operator_3.py for tasks to queue
[2025-03-17T15:37:02.963+0600] {logging_mixin.py:190} INFO - [2025-03-17T15:37:02.962+0600] {dagbag.py:588} INFO - Filling up the DagBag from /home/shamim/airflow_venv/lib/python3.12/site-packages/airflow/example_dags/example_branch_python_dop_operator_3.py
[2025-03-17T15:37:02.983+0600] {processor.py:925} INFO - DAG(s) 'example_branch_dop_operator_v3' retrieved from /home/shamim/airflow_venv/lib/python3.12/site-packages/airflow/example_dags/example_branch_python_dop_operator_3.py
[2025-03-17T15:37:03.012+0600] {logging_mixin.py:190} INFO - [2025-03-17T15:37:03.012+0600] {dag.py:3239} INFO - Sync 1 DAGs
[2025-03-17T15:37:03.045+0600] {logging_mixin.py:190} INFO - [2025-03-17T15:37:03.045+0600] {dag.py:4180} INFO - Setting next_dagrun for example_branch_dop_operator_v3 to 2025-03-17 09:36:00+00:00, run_after=2025-03-17 09:37:00+00:00
[2025-03-17T15:37:03.084+0600] {processor.py:208} INFO - Processing /home/shamim/airflow_venv/lib/python3.12/site-packages/airflow/example_dags/example_branch_python_dop_operator_3.py took 0.134 seconds
