[2025-03-17T15:00:57.848+0600] {processor.py:186} INFO - Started process (PID=19404) to work on /home/shamim/airflow_venv/lib/python3.12/site-packages/airflow/example_dags/example_branch_datetime_operator.py
[2025-03-17T15:00:57.849+0600] {processor.py:914} INFO - Processing file /home/shamim/airflow_venv/lib/python3.12/site-packages/airflow/example_dags/example_branch_datetime_operator.py for tasks to queue
[2025-03-17T15:00:57.852+0600] {logging_mixin.py:190} INFO - [2025-03-17T15:00:57.852+0600] {dagbag.py:588} INFO - Filling up the DagBag from /home/shamim/airflow_venv/lib/python3.12/site-packages/airflow/example_dags/example_branch_datetime_operator.py
[2025-03-17T15:00:57.867+0600] {processor.py:925} INFO - DAG(s) 'example_branch_datetime_operator_2', 'example_branch_datetime_operator', 'example_branch_datetime_operator_3' retrieved from /home/shamim/airflow_venv/lib/python3.12/site-packages/airflow/example_dags/example_branch_datetime_operator.py
[2025-03-17T15:00:58.006+0600] {logging_mixin.py:190} INFO - [2025-03-17T15:00:58.005+0600] {override.py:1930} INFO - Created Permission View: can read on DAG:example_branch_datetime_operator_2
[2025-03-17T15:00:58.017+0600] {logging_mixin.py:190} INFO - [2025-03-17T15:00:58.017+0600] {override.py:1930} INFO - Created Permission View: can delete on DAG:example_branch_datetime_operator_2
[2025-03-17T15:00:58.026+0600] {logging_mixin.py:190} INFO - [2025-03-17T15:00:58.026+0600] {override.py:1930} INFO - Created Permission View: can edit on DAG:example_branch_datetime_operator_2
[2025-03-17T15:00:58.037+0600] {logging_mixin.py:190} INFO - [2025-03-17T15:00:58.036+0600] {override.py:1930} INFO - Created Permission View: can create on DAG Run:example_branch_datetime_operator_2
[2025-03-17T15:00:58.044+0600] {logging_mixin.py:190} INFO - [2025-03-17T15:00:58.044+0600] {override.py:1930} INFO - Created Permission View: can read on DAG Run:example_branch_datetime_operator_2
[2025-03-17T15:00:58.052+0600] {logging_mixin.py:190} INFO - [2025-03-17T15:00:58.051+0600] {override.py:1930} INFO - Created Permission View: can delete on DAG Run:example_branch_datetime_operator_2
[2025-03-17T15:00:58.060+0600] {logging_mixin.py:190} INFO - [2025-03-17T15:00:58.059+0600] {override.py:1930} INFO - Created Permission View: menu access on DAG Run:example_branch_datetime_operator_2
[2025-03-17T15:00:58.076+0600] {logging_mixin.py:190} INFO - [2025-03-17T15:00:58.075+0600] {override.py:1930} INFO - Created Permission View: can read on DAG:example_branch_datetime_operator
[2025-03-17T15:00:58.083+0600] {logging_mixin.py:190} INFO - [2025-03-17T15:00:58.082+0600] {override.py:1930} INFO - Created Permission View: can delete on DAG:example_branch_datetime_operator
[2025-03-17T15:00:58.091+0600] {logging_mixin.py:190} INFO - [2025-03-17T15:00:58.090+0600] {override.py:1930} INFO - Created Permission View: can edit on DAG:example_branch_datetime_operator
[2025-03-17T15:00:58.104+0600] {logging_mixin.py:190} INFO - [2025-03-17T15:00:58.103+0600] {override.py:1930} INFO - Created Permission View: can create on DAG Run:example_branch_datetime_operator
[2025-03-17T15:00:58.111+0600] {logging_mixin.py:190} INFO - [2025-03-17T15:00:58.111+0600] {override.py:1930} INFO - Created Permission View: can read on DAG Run:example_branch_datetime_operator
[2025-03-17T15:00:58.119+0600] {logging_mixin.py:190} INFO - [2025-03-17T15:00:58.119+0600] {override.py:1930} INFO - Created Permission View: can delete on DAG Run:example_branch_datetime_operator
[2025-03-17T15:00:58.127+0600] {logging_mixin.py:190} INFO - [2025-03-17T15:00:58.126+0600] {override.py:1930} INFO - Created Permission View: menu access on DAG Run:example_branch_datetime_operator
[2025-03-17T15:00:58.143+0600] {logging_mixin.py:190} INFO - [2025-03-17T15:00:58.143+0600] {override.py:1930} INFO - Created Permission View: can read on DAG:example_branch_datetime_operator_3
[2025-03-17T15:00:58.151+0600] {logging_mixin.py:190} INFO - [2025-03-17T15:00:58.150+0600] {override.py:1930} INFO - Created Permission View: can delete on DAG:example_branch_datetime_operator_3
[2025-03-17T15:00:58.158+0600] {logging_mixin.py:190} INFO - [2025-03-17T15:00:58.158+0600] {override.py:1930} INFO - Created Permission View: can edit on DAG:example_branch_datetime_operator_3
[2025-03-17T15:00:58.171+0600] {logging_mixin.py:190} INFO - [2025-03-17T15:00:58.170+0600] {override.py:1930} INFO - Created Permission View: can create on DAG Run:example_branch_datetime_operator_3
[2025-03-17T15:00:58.178+0600] {logging_mixin.py:190} INFO - [2025-03-17T15:00:58.178+0600] {override.py:1930} INFO - Created Permission View: can read on DAG Run:example_branch_datetime_operator_3
[2025-03-17T15:00:58.187+0600] {logging_mixin.py:190} INFO - [2025-03-17T15:00:58.187+0600] {override.py:1930} INFO - Created Permission View: can delete on DAG Run:example_branch_datetime_operator_3
[2025-03-17T15:00:58.195+0600] {logging_mixin.py:190} INFO - [2025-03-17T15:00:58.194+0600] {override.py:1930} INFO - Created Permission View: menu access on DAG Run:example_branch_datetime_operator_3
[2025-03-17T15:00:58.195+0600] {logging_mixin.py:190} INFO - [2025-03-17T15:00:58.195+0600] {dag.py:3239} INFO - Sync 3 DAGs
[2025-03-17T15:00:58.211+0600] {logging_mixin.py:190} INFO - [2025-03-17T15:00:58.211+0600] {dag.py:3262} INFO - Creating ORM DAG for example_branch_datetime_operator
[2025-03-17T15:00:58.212+0600] {logging_mixin.py:190} INFO - [2025-03-17T15:00:58.212+0600] {dag.py:3262} INFO - Creating ORM DAG for example_branch_datetime_operator_3
[2025-03-17T15:00:58.212+0600] {logging_mixin.py:190} INFO - [2025-03-17T15:00:58.212+0600] {dag.py:3262} INFO - Creating ORM DAG for example_branch_datetime_operator_2
[2025-03-17T15:00:58.225+0600] {logging_mixin.py:190} INFO - [2025-03-17T15:00:58.224+0600] {dag.py:4180} INFO - Setting next_dagrun for example_branch_datetime_operator to 2025-03-16 00:00:00+00:00, run_after=2025-03-17 00:00:00+00:00
[2025-03-17T15:00:58.227+0600] {logging_mixin.py:190} INFO - [2025-03-17T15:00:58.227+0600] {dag.py:4180} INFO - Setting next_dagrun for example_branch_datetime_operator_2 to 2025-03-16 00:00:00+00:00, run_after=2025-03-17 00:00:00+00:00
[2025-03-17T15:00:58.229+0600] {logging_mixin.py:190} INFO - [2025-03-17T15:00:58.229+0600] {dag.py:4180} INFO - Setting next_dagrun for example_branch_datetime_operator_3 to 2025-03-16 00:00:00+00:00, run_after=2025-03-17 00:00:00+00:00
[2025-03-17T15:00:58.250+0600] {processor.py:208} INFO - Processing /home/shamim/airflow_venv/lib/python3.12/site-packages/airflow/example_dags/example_branch_datetime_operator.py took 0.408 seconds
[2025-03-17T15:02:17.672+0600] {processor.py:186} INFO - Started process (PID=19503) to work on /home/shamim/airflow_venv/lib/python3.12/site-packages/airflow/example_dags/example_branch_datetime_operator.py
[2025-03-17T15:02:17.678+0600] {processor.py:914} INFO - Processing file /home/shamim/airflow_venv/lib/python3.12/site-packages/airflow/example_dags/example_branch_datetime_operator.py for tasks to queue
[2025-03-17T15:02:17.680+0600] {logging_mixin.py:190} INFO - [2025-03-17T15:02:17.680+0600] {dagbag.py:588} INFO - Filling up the DagBag from /home/shamim/airflow_venv/lib/python3.12/site-packages/airflow/example_dags/example_branch_datetime_operator.py
[2025-03-17T15:02:17.696+0600] {processor.py:925} INFO - DAG(s) 'example_branch_datetime_operator_3', 'example_branch_datetime_operator_2', 'example_branch_datetime_operator' retrieved from /home/shamim/airflow_venv/lib/python3.12/site-packages/airflow/example_dags/example_branch_datetime_operator.py
[2025-03-17T15:02:17.720+0600] {logging_mixin.py:190} INFO - [2025-03-17T15:02:17.720+0600] {dag.py:3239} INFO - Sync 3 DAGs
[2025-03-17T15:02:17.747+0600] {logging_mixin.py:190} INFO - [2025-03-17T15:02:17.747+0600] {dag.py:4180} INFO - Setting next_dagrun for example_branch_datetime_operator to 2025-03-16 00:00:00+00:00, run_after=2025-03-17 00:00:00+00:00
[2025-03-17T15:02:17.753+0600] {logging_mixin.py:190} INFO - [2025-03-17T15:02:17.753+0600] {dag.py:4180} INFO - Setting next_dagrun for example_branch_datetime_operator_2 to 2025-03-16 00:00:00+00:00, run_after=2025-03-17 00:00:00+00:00
[2025-03-17T15:02:17.756+0600] {logging_mixin.py:190} INFO - [2025-03-17T15:02:17.755+0600] {dag.py:4180} INFO - Setting next_dagrun for example_branch_datetime_operator_3 to 2025-03-16 00:00:00+00:00, run_after=2025-03-17 00:00:00+00:00
[2025-03-17T15:02:17.789+0600] {processor.py:208} INFO - Processing /home/shamim/airflow_venv/lib/python3.12/site-packages/airflow/example_dags/example_branch_datetime_operator.py took 0.124 seconds
[2025-03-17T15:03:31.132+0600] {processor.py:186} INFO - Started process (PID=19629) to work on /home/shamim/airflow_venv/lib/python3.12/site-packages/airflow/example_dags/example_branch_datetime_operator.py
[2025-03-17T15:03:31.139+0600] {processor.py:914} INFO - Processing file /home/shamim/airflow_venv/lib/python3.12/site-packages/airflow/example_dags/example_branch_datetime_operator.py for tasks to queue
[2025-03-17T15:03:31.141+0600] {logging_mixin.py:190} INFO - [2025-03-17T15:03:31.141+0600] {dagbag.py:588} INFO - Filling up the DagBag from /home/shamim/airflow_venv/lib/python3.12/site-packages/airflow/example_dags/example_branch_datetime_operator.py
[2025-03-17T15:03:31.156+0600] {processor.py:925} INFO - DAG(s) 'example_branch_datetime_operator_3', 'example_branch_datetime_operator', 'example_branch_datetime_operator_2' retrieved from /home/shamim/airflow_venv/lib/python3.12/site-packages/airflow/example_dags/example_branch_datetime_operator.py
[2025-03-17T15:03:31.181+0600] {logging_mixin.py:190} INFO - [2025-03-17T15:03:31.181+0600] {dag.py:3239} INFO - Sync 3 DAGs
[2025-03-17T15:03:31.211+0600] {logging_mixin.py:190} INFO - [2025-03-17T15:03:31.210+0600] {dag.py:4180} INFO - Setting next_dagrun for example_branch_datetime_operator to 2025-03-16 00:00:00+00:00, run_after=2025-03-17 00:00:00+00:00
[2025-03-17T15:03:31.216+0600] {logging_mixin.py:190} INFO - [2025-03-17T15:03:31.216+0600] {dag.py:4180} INFO - Setting next_dagrun for example_branch_datetime_operator_2 to 2025-03-16 00:00:00+00:00, run_after=2025-03-17 00:00:00+00:00
[2025-03-17T15:03:31.219+0600] {logging_mixin.py:190} INFO - [2025-03-17T15:03:31.219+0600] {dag.py:4180} INFO - Setting next_dagrun for example_branch_datetime_operator_3 to 2025-03-16 00:00:00+00:00, run_after=2025-03-17 00:00:00+00:00
[2025-03-17T15:03:31.252+0600] {processor.py:208} INFO - Processing /home/shamim/airflow_venv/lib/python3.12/site-packages/airflow/example_dags/example_branch_datetime_operator.py took 0.126 seconds
[2025-03-17T15:06:39.353+0600] {processor.py:186} INFO - Started process (PID=19927) to work on /home/shamim/airflow_venv/lib/python3.12/site-packages/airflow/example_dags/example_branch_datetime_operator.py
[2025-03-17T15:06:39.361+0600] {processor.py:914} INFO - Processing file /home/shamim/airflow_venv/lib/python3.12/site-packages/airflow/example_dags/example_branch_datetime_operator.py for tasks to queue
[2025-03-17T15:06:39.365+0600] {logging_mixin.py:190} INFO - [2025-03-17T15:06:39.364+0600] {dagbag.py:588} INFO - Filling up the DagBag from /home/shamim/airflow_venv/lib/python3.12/site-packages/airflow/example_dags/example_branch_datetime_operator.py
[2025-03-17T15:06:39.386+0600] {processor.py:925} INFO - DAG(s) 'example_branch_datetime_operator_3', 'example_branch_datetime_operator', 'example_branch_datetime_operator_2' retrieved from /home/shamim/airflow_venv/lib/python3.12/site-packages/airflow/example_dags/example_branch_datetime_operator.py
[2025-03-17T15:06:39.420+0600] {logging_mixin.py:190} INFO - [2025-03-17T15:06:39.419+0600] {dag.py:3239} INFO - Sync 3 DAGs
[2025-03-17T15:06:39.455+0600] {logging_mixin.py:190} INFO - [2025-03-17T15:06:39.454+0600] {dag.py:4180} INFO - Setting next_dagrun for example_branch_datetime_operator to 2025-03-16 00:00:00+00:00, run_after=2025-03-17 00:00:00+00:00
[2025-03-17T15:06:39.464+0600] {logging_mixin.py:190} INFO - [2025-03-17T15:06:39.463+0600] {dag.py:4180} INFO - Setting next_dagrun for example_branch_datetime_operator_2 to 2025-03-16 00:00:00+00:00, run_after=2025-03-17 00:00:00+00:00
[2025-03-17T15:06:39.467+0600] {logging_mixin.py:190} INFO - [2025-03-17T15:06:39.467+0600] {dag.py:4180} INFO - Setting next_dagrun for example_branch_datetime_operator_3 to 2025-03-16 00:00:00+00:00, run_after=2025-03-17 00:00:00+00:00
[2025-03-17T15:06:39.499+0600] {processor.py:208} INFO - Processing /home/shamim/airflow_venv/lib/python3.12/site-packages/airflow/example_dags/example_branch_datetime_operator.py took 0.159 seconds
[2025-03-17T15:08:12.959+0600] {processor.py:186} INFO - Started process (PID=20166) to work on /home/shamim/airflow_venv/lib/python3.12/site-packages/airflow/example_dags/example_branch_datetime_operator.py
[2025-03-17T15:08:12.965+0600] {processor.py:914} INFO - Processing file /home/shamim/airflow_venv/lib/python3.12/site-packages/airflow/example_dags/example_branch_datetime_operator.py for tasks to queue
[2025-03-17T15:08:12.969+0600] {logging_mixin.py:190} INFO - [2025-03-17T15:08:12.968+0600] {dagbag.py:588} INFO - Filling up the DagBag from /home/shamim/airflow_venv/lib/python3.12/site-packages/airflow/example_dags/example_branch_datetime_operator.py
[2025-03-17T15:08:12.990+0600] {processor.py:925} INFO - DAG(s) 'example_branch_datetime_operator_3', 'example_branch_datetime_operator', 'example_branch_datetime_operator_2' retrieved from /home/shamim/airflow_venv/lib/python3.12/site-packages/airflow/example_dags/example_branch_datetime_operator.py
[2025-03-17T15:08:13.024+0600] {logging_mixin.py:190} INFO - [2025-03-17T15:08:13.023+0600] {dag.py:3239} INFO - Sync 3 DAGs
[2025-03-17T15:08:13.068+0600] {logging_mixin.py:190} INFO - [2025-03-17T15:08:13.068+0600] {dag.py:4180} INFO - Setting next_dagrun for example_branch_datetime_operator to 2025-03-16 00:00:00+00:00, run_after=2025-03-17 00:00:00+00:00
[2025-03-17T15:08:13.078+0600] {logging_mixin.py:190} INFO - [2025-03-17T15:08:13.077+0600] {dag.py:4180} INFO - Setting next_dagrun for example_branch_datetime_operator_2 to 2025-03-16 00:00:00+00:00, run_after=2025-03-17 00:00:00+00:00
[2025-03-17T15:08:13.082+0600] {logging_mixin.py:190} INFO - [2025-03-17T15:08:13.082+0600] {dag.py:4180} INFO - Setting next_dagrun for example_branch_datetime_operator_3 to 2025-03-16 00:00:00+00:00, run_after=2025-03-17 00:00:00+00:00
[2025-03-17T15:08:13.127+0600] {processor.py:208} INFO - Processing /home/shamim/airflow_venv/lib/python3.12/site-packages/airflow/example_dags/example_branch_datetime_operator.py took 0.178 seconds
[2025-03-17T15:09:29.455+0600] {processor.py:186} INFO - Started process (PID=20342) to work on /home/shamim/airflow_venv/lib/python3.12/site-packages/airflow/example_dags/example_branch_datetime_operator.py
[2025-03-17T15:09:29.457+0600] {processor.py:914} INFO - Processing file /home/shamim/airflow_venv/lib/python3.12/site-packages/airflow/example_dags/example_branch_datetime_operator.py for tasks to queue
[2025-03-17T15:09:29.459+0600] {logging_mixin.py:190} INFO - [2025-03-17T15:09:29.459+0600] {dagbag.py:588} INFO - Filling up the DagBag from /home/shamim/airflow_venv/lib/python3.12/site-packages/airflow/example_dags/example_branch_datetime_operator.py
[2025-03-17T15:09:29.476+0600] {processor.py:925} INFO - DAG(s) 'example_branch_datetime_operator_2', 'example_branch_datetime_operator', 'example_branch_datetime_operator_3' retrieved from /home/shamim/airflow_venv/lib/python3.12/site-packages/airflow/example_dags/example_branch_datetime_operator.py
[2025-03-17T15:09:29.504+0600] {logging_mixin.py:190} INFO - [2025-03-17T15:09:29.504+0600] {dag.py:3239} INFO - Sync 3 DAGs
[2025-03-17T15:09:29.535+0600] {logging_mixin.py:190} INFO - [2025-03-17T15:09:29.534+0600] {dag.py:4180} INFO - Setting next_dagrun for example_branch_datetime_operator to 2025-03-16 00:00:00+00:00, run_after=2025-03-17 00:00:00+00:00
[2025-03-17T15:09:29.540+0600] {logging_mixin.py:190} INFO - [2025-03-17T15:09:29.540+0600] {dag.py:4180} INFO - Setting next_dagrun for example_branch_datetime_operator_2 to 2025-03-16 00:00:00+00:00, run_after=2025-03-17 00:00:00+00:00
[2025-03-17T15:09:29.543+0600] {logging_mixin.py:190} INFO - [2025-03-17T15:09:29.543+0600] {dag.py:4180} INFO - Setting next_dagrun for example_branch_datetime_operator_3 to 2025-03-16 00:00:00+00:00, run_after=2025-03-17 00:00:00+00:00
[2025-03-17T15:09:29.583+0600] {processor.py:208} INFO - Processing /home/shamim/airflow_venv/lib/python3.12/site-packages/airflow/example_dags/example_branch_datetime_operator.py took 0.135 seconds
[2025-03-17T15:18:05.184+0600] {processor.py:186} INFO - Started process (PID=21369) to work on /home/shamim/airflow_venv/lib/python3.12/site-packages/airflow/example_dags/example_branch_datetime_operator.py
[2025-03-17T15:18:05.186+0600] {processor.py:914} INFO - Processing file /home/shamim/airflow_venv/lib/python3.12/site-packages/airflow/example_dags/example_branch_datetime_operator.py for tasks to queue
[2025-03-17T15:18:05.188+0600] {logging_mixin.py:190} INFO - [2025-03-17T15:18:05.188+0600] {dagbag.py:588} INFO - Filling up the DagBag from /home/shamim/airflow_venv/lib/python3.12/site-packages/airflow/example_dags/example_branch_datetime_operator.py
[2025-03-17T15:18:05.210+0600] {processor.py:925} INFO - DAG(s) 'example_branch_datetime_operator', 'example_branch_datetime_operator_2', 'example_branch_datetime_operator_3' retrieved from /home/shamim/airflow_venv/lib/python3.12/site-packages/airflow/example_dags/example_branch_datetime_operator.py
[2025-03-17T15:18:05.256+0600] {logging_mixin.py:190} INFO - [2025-03-17T15:18:05.256+0600] {dag.py:3239} INFO - Sync 3 DAGs
[2025-03-17T15:18:05.317+0600] {logging_mixin.py:190} INFO - [2025-03-17T15:18:05.316+0600] {dag.py:4180} INFO - Setting next_dagrun for example_branch_datetime_operator to 2025-03-16 00:00:00+00:00, run_after=2025-03-17 00:00:00+00:00
[2025-03-17T15:18:05.365+0600] {logging_mixin.py:190} INFO - [2025-03-17T15:18:05.364+0600] {dag.py:4180} INFO - Setting next_dagrun for example_branch_datetime_operator_2 to 2025-03-16 00:00:00+00:00, run_after=2025-03-17 00:00:00+00:00
[2025-03-17T15:18:05.372+0600] {logging_mixin.py:190} INFO - [2025-03-17T15:18:05.372+0600] {dag.py:4180} INFO - Setting next_dagrun for example_branch_datetime_operator_3 to 2025-03-16 00:00:00+00:00, run_after=2025-03-17 00:00:00+00:00
[2025-03-17T15:18:05.408+0600] {processor.py:208} INFO - Processing /home/shamim/airflow_venv/lib/python3.12/site-packages/airflow/example_dags/example_branch_datetime_operator.py took 0.232 seconds
[2025-03-17T15:30:52.158+0600] {processor.py:186} INFO - Started process (PID=23141) to work on /home/shamim/airflow_venv/lib/python3.12/site-packages/airflow/example_dags/example_branch_datetime_operator.py
[2025-03-17T15:30:52.163+0600] {processor.py:914} INFO - Processing file /home/shamim/airflow_venv/lib/python3.12/site-packages/airflow/example_dags/example_branch_datetime_operator.py for tasks to queue
[2025-03-17T15:30:52.167+0600] {logging_mixin.py:190} INFO - [2025-03-17T15:30:52.166+0600] {dagbag.py:588} INFO - Filling up the DagBag from /home/shamim/airflow_venv/lib/python3.12/site-packages/airflow/example_dags/example_branch_datetime_operator.py
[2025-03-17T15:30:52.197+0600] {processor.py:925} INFO - DAG(s) 'example_branch_datetime_operator_3', 'example_branch_datetime_operator_2', 'example_branch_datetime_operator' retrieved from /home/shamim/airflow_venv/lib/python3.12/site-packages/airflow/example_dags/example_branch_datetime_operator.py
[2025-03-17T15:30:52.249+0600] {logging_mixin.py:190} INFO - [2025-03-17T15:30:52.249+0600] {dag.py:3239} INFO - Sync 3 DAGs
[2025-03-17T15:30:52.295+0600] {logging_mixin.py:190} INFO - [2025-03-17T15:30:52.294+0600] {dag.py:4180} INFO - Setting next_dagrun for example_branch_datetime_operator to 2025-03-16 00:00:00+00:00, run_after=2025-03-17 00:00:00+00:00
[2025-03-17T15:30:52.306+0600] {logging_mixin.py:190} INFO - [2025-03-17T15:30:52.305+0600] {dag.py:4180} INFO - Setting next_dagrun for example_branch_datetime_operator_2 to 2025-03-16 00:00:00+00:00, run_after=2025-03-17 00:00:00+00:00
[2025-03-17T15:30:52.312+0600] {logging_mixin.py:190} INFO - [2025-03-17T15:30:52.311+0600] {dag.py:4180} INFO - Setting next_dagrun for example_branch_datetime_operator_3 to 2025-03-16 00:00:00+00:00, run_after=2025-03-17 00:00:00+00:00
[2025-03-17T15:30:52.347+0600] {processor.py:208} INFO - Processing /home/shamim/airflow_venv/lib/python3.12/site-packages/airflow/example_dags/example_branch_datetime_operator.py took 0.199 seconds
[2025-03-17T15:32:22.846+0600] {processor.py:186} INFO - Started process (PID=23314) to work on /home/shamim/airflow_venv/lib/python3.12/site-packages/airflow/example_dags/example_branch_datetime_operator.py
[2025-03-17T15:32:22.852+0600] {processor.py:914} INFO - Processing file /home/shamim/airflow_venv/lib/python3.12/site-packages/airflow/example_dags/example_branch_datetime_operator.py for tasks to queue
[2025-03-17T15:32:22.856+0600] {logging_mixin.py:190} INFO - [2025-03-17T15:32:22.855+0600] {dagbag.py:588} INFO - Filling up the DagBag from /home/shamim/airflow_venv/lib/python3.12/site-packages/airflow/example_dags/example_branch_datetime_operator.py
[2025-03-17T15:32:22.875+0600] {processor.py:925} INFO - DAG(s) 'example_branch_datetime_operator_3', 'example_branch_datetime_operator', 'example_branch_datetime_operator_2' retrieved from /home/shamim/airflow_venv/lib/python3.12/site-packages/airflow/example_dags/example_branch_datetime_operator.py
[2025-03-17T15:32:22.908+0600] {logging_mixin.py:190} INFO - [2025-03-17T15:32:22.908+0600] {dag.py:3239} INFO - Sync 3 DAGs
[2025-03-17T15:32:22.946+0600] {logging_mixin.py:190} INFO - [2025-03-17T15:32:22.946+0600] {dag.py:4180} INFO - Setting next_dagrun for example_branch_datetime_operator to 2025-03-16 00:00:00+00:00, run_after=2025-03-17 00:00:00+00:00
[2025-03-17T15:32:22.955+0600] {logging_mixin.py:190} INFO - [2025-03-17T15:32:22.954+0600] {dag.py:4180} INFO - Setting next_dagrun for example_branch_datetime_operator_2 to 2025-03-16 00:00:00+00:00, run_after=2025-03-17 00:00:00+00:00
[2025-03-17T15:32:22.959+0600] {logging_mixin.py:190} INFO - [2025-03-17T15:32:22.958+0600] {dag.py:4180} INFO - Setting next_dagrun for example_branch_datetime_operator_3 to 2025-03-16 00:00:00+00:00, run_after=2025-03-17 00:00:00+00:00
[2025-03-17T15:32:23.009+0600] {processor.py:208} INFO - Processing /home/shamim/airflow_venv/lib/python3.12/site-packages/airflow/example_dags/example_branch_datetime_operator.py took 0.179 seconds
[2025-03-17T15:33:48.349+0600] {processor.py:186} INFO - Started process (PID=23456) to work on /home/shamim/airflow_venv/lib/python3.12/site-packages/airflow/example_dags/example_branch_datetime_operator.py
[2025-03-17T15:33:48.355+0600] {processor.py:914} INFO - Processing file /home/shamim/airflow_venv/lib/python3.12/site-packages/airflow/example_dags/example_branch_datetime_operator.py for tasks to queue
[2025-03-17T15:33:48.359+0600] {logging_mixin.py:190} INFO - [2025-03-17T15:33:48.358+0600] {dagbag.py:588} INFO - Filling up the DagBag from /home/shamim/airflow_venv/lib/python3.12/site-packages/airflow/example_dags/example_branch_datetime_operator.py
[2025-03-17T15:33:48.377+0600] {processor.py:925} INFO - DAG(s) 'example_branch_datetime_operator', 'example_branch_datetime_operator_2', 'example_branch_datetime_operator_3' retrieved from /home/shamim/airflow_venv/lib/python3.12/site-packages/airflow/example_dags/example_branch_datetime_operator.py
[2025-03-17T15:33:48.408+0600] {logging_mixin.py:190} INFO - [2025-03-17T15:33:48.408+0600] {dag.py:3239} INFO - Sync 3 DAGs
[2025-03-17T15:33:48.443+0600] {logging_mixin.py:190} INFO - [2025-03-17T15:33:48.442+0600] {dag.py:4180} INFO - Setting next_dagrun for example_branch_datetime_operator to 2025-03-16 00:00:00+00:00, run_after=2025-03-17 00:00:00+00:00
[2025-03-17T15:33:48.449+0600] {logging_mixin.py:190} INFO - [2025-03-17T15:33:48.449+0600] {dag.py:4180} INFO - Setting next_dagrun for example_branch_datetime_operator_2 to 2025-03-16 00:00:00+00:00, run_after=2025-03-17 00:00:00+00:00
[2025-03-17T15:33:48.453+0600] {logging_mixin.py:190} INFO - [2025-03-17T15:33:48.452+0600] {dag.py:4180} INFO - Setting next_dagrun for example_branch_datetime_operator_3 to 2025-03-16 00:00:00+00:00, run_after=2025-03-17 00:00:00+00:00
[2025-03-17T15:33:48.487+0600] {processor.py:208} INFO - Processing /home/shamim/airflow_venv/lib/python3.12/site-packages/airflow/example_dags/example_branch_datetime_operator.py took 0.147 seconds
[2025-03-17T15:35:22.805+0600] {processor.py:186} INFO - Started process (PID=23638) to work on /home/shamim/airflow_venv/lib/python3.12/site-packages/airflow/example_dags/example_branch_datetime_operator.py
[2025-03-17T15:35:22.812+0600] {processor.py:914} INFO - Processing file /home/shamim/airflow_venv/lib/python3.12/site-packages/airflow/example_dags/example_branch_datetime_operator.py for tasks to queue
[2025-03-17T15:35:22.816+0600] {logging_mixin.py:190} INFO - [2025-03-17T15:35:22.815+0600] {dagbag.py:588} INFO - Filling up the DagBag from /home/shamim/airflow_venv/lib/python3.12/site-packages/airflow/example_dags/example_branch_datetime_operator.py
[2025-03-17T15:35:22.837+0600] {processor.py:925} INFO - DAG(s) 'example_branch_datetime_operator', 'example_branch_datetime_operator_3', 'example_branch_datetime_operator_2' retrieved from /home/shamim/airflow_venv/lib/python3.12/site-packages/airflow/example_dags/example_branch_datetime_operator.py
[2025-03-17T15:35:22.866+0600] {logging_mixin.py:190} INFO - [2025-03-17T15:35:22.866+0600] {dag.py:3239} INFO - Sync 3 DAGs
[2025-03-17T15:35:22.897+0600] {logging_mixin.py:190} INFO - [2025-03-17T15:35:22.897+0600] {dag.py:4180} INFO - Setting next_dagrun for example_branch_datetime_operator to 2025-03-16 00:00:00+00:00, run_after=2025-03-17 00:00:00+00:00
[2025-03-17T15:35:22.904+0600] {logging_mixin.py:190} INFO - [2025-03-17T15:35:22.904+0600] {dag.py:4180} INFO - Setting next_dagrun for example_branch_datetime_operator_2 to 2025-03-16 00:00:00+00:00, run_after=2025-03-17 00:00:00+00:00
[2025-03-17T15:35:22.907+0600] {logging_mixin.py:190} INFO - [2025-03-17T15:35:22.906+0600] {dag.py:4180} INFO - Setting next_dagrun for example_branch_datetime_operator_3 to 2025-03-16 00:00:00+00:00, run_after=2025-03-17 00:00:00+00:00
[2025-03-17T15:35:22.939+0600] {processor.py:208} INFO - Processing /home/shamim/airflow_venv/lib/python3.12/site-packages/airflow/example_dags/example_branch_datetime_operator.py took 0.147 seconds
[2025-03-17T15:37:05.458+0600] {processor.py:186} INFO - Started process (PID=23846) to work on /home/shamim/airflow_venv/lib/python3.12/site-packages/airflow/example_dags/example_branch_datetime_operator.py
[2025-03-17T15:37:05.466+0600] {processor.py:914} INFO - Processing file /home/shamim/airflow_venv/lib/python3.12/site-packages/airflow/example_dags/example_branch_datetime_operator.py for tasks to queue
[2025-03-17T15:37:05.473+0600] {logging_mixin.py:190} INFO - [2025-03-17T15:37:05.471+0600] {dagbag.py:588} INFO - Filling up the DagBag from /home/shamim/airflow_venv/lib/python3.12/site-packages/airflow/example_dags/example_branch_datetime_operator.py
[2025-03-17T15:37:05.511+0600] {processor.py:925} INFO - DAG(s) 'example_branch_datetime_operator', 'example_branch_datetime_operator_2', 'example_branch_datetime_operator_3' retrieved from /home/shamim/airflow_venv/lib/python3.12/site-packages/airflow/example_dags/example_branch_datetime_operator.py
[2025-03-17T15:37:05.541+0600] {logging_mixin.py:190} INFO - [2025-03-17T15:37:05.541+0600] {dag.py:3239} INFO - Sync 3 DAGs
[2025-03-17T15:37:05.576+0600] {logging_mixin.py:190} INFO - [2025-03-17T15:37:05.575+0600] {dag.py:4180} INFO - Setting next_dagrun for example_branch_datetime_operator to 2025-03-16 00:00:00+00:00, run_after=2025-03-17 00:00:00+00:00
[2025-03-17T15:37:05.585+0600] {logging_mixin.py:190} INFO - [2025-03-17T15:37:05.585+0600] {dag.py:4180} INFO - Setting next_dagrun for example_branch_datetime_operator_2 to 2025-03-16 00:00:00+00:00, run_after=2025-03-17 00:00:00+00:00
[2025-03-17T15:37:05.589+0600] {logging_mixin.py:190} INFO - [2025-03-17T15:37:05.588+0600] {dag.py:4180} INFO - Setting next_dagrun for example_branch_datetime_operator_3 to 2025-03-16 00:00:00+00:00, run_after=2025-03-17 00:00:00+00:00
[2025-03-17T15:37:05.634+0600] {processor.py:208} INFO - Processing /home/shamim/airflow_venv/lib/python3.12/site-packages/airflow/example_dags/example_branch_datetime_operator.py took 0.198 seconds
