[2025-03-17T15:00:35.933+0600] {processor.py:186} INFO - Started process (PID=19371) to work on /home/shamim/airflow_venv/lib/python3.12/site-packages/airflow/example_dags/example_dynamic_task_mapping.py
[2025-03-17T15:00:35.934+0600] {processor.py:914} INFO - Processing file /home/shamim/airflow_venv/lib/python3.12/site-packages/airflow/example_dags/example_dynamic_task_mapping.py for tasks to queue
[2025-03-17T15:00:35.937+0600] {logging_mixin.py:190} INFO - [2025-03-17T15:00:35.936+0600] {dagbag.py:588} INFO - Filling up the DagBag from /home/shamim/airflow_venv/lib/python3.12/site-packages/airflow/example_dags/example_dynamic_task_mapping.py
[2025-03-17T15:00:35.947+0600] {processor.py:925} INFO - DAG(s) 'example_dynamic_task_mapping' retrieved from /home/shamim/airflow_venv/lib/python3.12/site-packages/airflow/example_dags/example_dynamic_task_mapping.py
[2025-03-17T15:00:36.091+0600] {logging_mixin.py:190} INFO - [2025-03-17T15:00:36.090+0600] {override.py:1930} INFO - Created Permission View: can read on DAG:example_dynamic_task_mapping
[2025-03-17T15:00:36.102+0600] {logging_mixin.py:190} INFO - [2025-03-17T15:00:36.102+0600] {override.py:1930} INFO - Created Permission View: can delete on DAG:example_dynamic_task_mapping
[2025-03-17T15:00:36.111+0600] {logging_mixin.py:190} INFO - [2025-03-17T15:00:36.111+0600] {override.py:1930} INFO - Created Permission View: can edit on DAG:example_dynamic_task_mapping
[2025-03-17T15:00:36.122+0600] {logging_mixin.py:190} INFO - [2025-03-17T15:00:36.121+0600] {override.py:1930} INFO - Created Permission View: can create on DAG Run:example_dynamic_task_mapping
[2025-03-17T15:00:36.130+0600] {logging_mixin.py:190} INFO - [2025-03-17T15:00:36.129+0600] {override.py:1930} INFO - Created Permission View: can read on DAG Run:example_dynamic_task_mapping
[2025-03-17T15:00:36.137+0600] {logging_mixin.py:190} INFO - [2025-03-17T15:00:36.137+0600] {override.py:1930} INFO - Created Permission View: can delete on DAG Run:example_dynamic_task_mapping
[2025-03-17T15:00:36.145+0600] {logging_mixin.py:190} INFO - [2025-03-17T15:00:36.145+0600] {override.py:1930} INFO - Created Permission View: menu access on DAG Run:example_dynamic_task_mapping
[2025-03-17T15:00:36.146+0600] {logging_mixin.py:190} INFO - [2025-03-17T15:00:36.146+0600] {dag.py:3239} INFO - Sync 1 DAGs
[2025-03-17T15:00:36.159+0600] {logging_mixin.py:190} INFO - [2025-03-17T15:00:36.159+0600] {dag.py:3262} INFO - Creating ORM DAG for example_dynamic_task_mapping
[2025-03-17T15:00:36.160+0600] {logging_mixin.py:190} INFO - [2025-03-17T15:00:36.160+0600] {dag.py:4180} INFO - Setting next_dagrun for example_dynamic_task_mapping to None, run_after=None
[2025-03-17T15:00:36.178+0600] {processor.py:208} INFO - Processing /home/shamim/airflow_venv/lib/python3.12/site-packages/airflow/example_dags/example_dynamic_task_mapping.py took 0.252 seconds
[2025-03-17T15:02:00.875+0600] {processor.py:186} INFO - Started process (PID=19486) to work on /home/shamim/airflow_venv/lib/python3.12/site-packages/airflow/example_dags/example_dynamic_task_mapping.py
[2025-03-17T15:02:00.881+0600] {processor.py:914} INFO - Processing file /home/shamim/airflow_venv/lib/python3.12/site-packages/airflow/example_dags/example_dynamic_task_mapping.py for tasks to queue
[2025-03-17T15:02:00.883+0600] {logging_mixin.py:190} INFO - [2025-03-17T15:02:00.883+0600] {dagbag.py:588} INFO - Filling up the DagBag from /home/shamim/airflow_venv/lib/python3.12/site-packages/airflow/example_dags/example_dynamic_task_mapping.py
[2025-03-17T15:02:00.893+0600] {processor.py:925} INFO - DAG(s) 'example_dynamic_task_mapping' retrieved from /home/shamim/airflow_venv/lib/python3.12/site-packages/airflow/example_dags/example_dynamic_task_mapping.py
[2025-03-17T15:02:00.911+0600] {logging_mixin.py:190} INFO - [2025-03-17T15:02:00.910+0600] {dag.py:3239} INFO - Sync 1 DAGs
[2025-03-17T15:02:00.926+0600] {logging_mixin.py:190} INFO - [2025-03-17T15:02:00.926+0600] {dag.py:4180} INFO - Setting next_dagrun for example_dynamic_task_mapping to None, run_after=None
[2025-03-17T15:02:00.961+0600] {processor.py:208} INFO - Processing /home/shamim/airflow_venv/lib/python3.12/site-packages/airflow/example_dags/example_dynamic_task_mapping.py took 0.093 seconds
[2025-03-17T15:03:11.779+0600] {processor.py:186} INFO - Started process (PID=19612) to work on /home/shamim/airflow_venv/lib/python3.12/site-packages/airflow/example_dags/example_dynamic_task_mapping.py
[2025-03-17T15:03:11.785+0600] {processor.py:914} INFO - Processing file /home/shamim/airflow_venv/lib/python3.12/site-packages/airflow/example_dags/example_dynamic_task_mapping.py for tasks to queue
[2025-03-17T15:03:11.788+0600] {logging_mixin.py:190} INFO - [2025-03-17T15:03:11.788+0600] {dagbag.py:588} INFO - Filling up the DagBag from /home/shamim/airflow_venv/lib/python3.12/site-packages/airflow/example_dags/example_dynamic_task_mapping.py
[2025-03-17T15:03:11.799+0600] {processor.py:925} INFO - DAG(s) 'example_dynamic_task_mapping' retrieved from /home/shamim/airflow_venv/lib/python3.12/site-packages/airflow/example_dags/example_dynamic_task_mapping.py
[2025-03-17T15:03:11.816+0600] {logging_mixin.py:190} INFO - [2025-03-17T15:03:11.816+0600] {dag.py:3239} INFO - Sync 1 DAGs
[2025-03-17T15:03:11.831+0600] {logging_mixin.py:190} INFO - [2025-03-17T15:03:11.831+0600] {dag.py:4180} INFO - Setting next_dagrun for example_dynamic_task_mapping to None, run_after=None
[2025-03-17T15:03:11.865+0600] {processor.py:208} INFO - Processing /home/shamim/airflow_venv/lib/python3.12/site-packages/airflow/example_dags/example_dynamic_task_mapping.py took 0.094 seconds
[2025-03-17T15:06:16.414+0600] {processor.py:186} INFO - Started process (PID=19853) to work on /home/shamim/airflow_venv/lib/python3.12/site-packages/airflow/example_dags/example_dynamic_task_mapping.py
[2025-03-17T15:06:16.433+0600] {processor.py:914} INFO - Processing file /home/shamim/airflow_venv/lib/python3.12/site-packages/airflow/example_dags/example_dynamic_task_mapping.py for tasks to queue
[2025-03-17T15:06:16.443+0600] {logging_mixin.py:190} INFO - [2025-03-17T15:06:16.442+0600] {dagbag.py:588} INFO - Filling up the DagBag from /home/shamim/airflow_venv/lib/python3.12/site-packages/airflow/example_dags/example_dynamic_task_mapping.py
[2025-03-17T15:06:16.496+0600] {processor.py:925} INFO - DAG(s) 'example_dynamic_task_mapping' retrieved from /home/shamim/airflow_venv/lib/python3.12/site-packages/airflow/example_dags/example_dynamic_task_mapping.py
[2025-03-17T15:06:16.571+0600] {logging_mixin.py:190} INFO - [2025-03-17T15:06:16.568+0600] {dag.py:3239} INFO - Sync 1 DAGs
[2025-03-17T15:06:16.628+0600] {logging_mixin.py:190} INFO - [2025-03-17T15:06:16.628+0600] {dag.py:4180} INFO - Setting next_dagrun for example_dynamic_task_mapping to None, run_after=None
[2025-03-17T15:06:16.694+0600] {processor.py:208} INFO - Processing /home/shamim/airflow_venv/lib/python3.12/site-packages/airflow/example_dags/example_dynamic_task_mapping.py took 0.292 seconds
[2025-03-17T15:07:53.109+0600] {processor.py:186} INFO - Started process (PID=20145) to work on /home/shamim/airflow_venv/lib/python3.12/site-packages/airflow/example_dags/example_dynamic_task_mapping.py
[2025-03-17T15:07:53.116+0600] {processor.py:914} INFO - Processing file /home/shamim/airflow_venv/lib/python3.12/site-packages/airflow/example_dags/example_dynamic_task_mapping.py for tasks to queue
[2025-03-17T15:07:53.118+0600] {logging_mixin.py:190} INFO - [2025-03-17T15:07:53.118+0600] {dagbag.py:588} INFO - Filling up the DagBag from /home/shamim/airflow_venv/lib/python3.12/site-packages/airflow/example_dags/example_dynamic_task_mapping.py
[2025-03-17T15:07:53.130+0600] {processor.py:925} INFO - DAG(s) 'example_dynamic_task_mapping' retrieved from /home/shamim/airflow_venv/lib/python3.12/site-packages/airflow/example_dags/example_dynamic_task_mapping.py
[2025-03-17T15:07:53.149+0600] {logging_mixin.py:190} INFO - [2025-03-17T15:07:53.148+0600] {dag.py:3239} INFO - Sync 1 DAGs
[2025-03-17T15:07:53.165+0600] {logging_mixin.py:190} INFO - [2025-03-17T15:07:53.165+0600] {dag.py:4180} INFO - Setting next_dagrun for example_dynamic_task_mapping to None, run_after=None
[2025-03-17T15:07:53.195+0600] {processor.py:208} INFO - Processing /home/shamim/airflow_venv/lib/python3.12/site-packages/airflow/example_dags/example_dynamic_task_mapping.py took 0.093 seconds
[2025-03-17T15:09:10.015+0600] {processor.py:186} INFO - Started process (PID=20302) to work on /home/shamim/airflow_venv/lib/python3.12/site-packages/airflow/example_dags/example_dynamic_task_mapping.py
[2025-03-17T15:09:10.022+0600] {processor.py:914} INFO - Processing file /home/shamim/airflow_venv/lib/python3.12/site-packages/airflow/example_dags/example_dynamic_task_mapping.py for tasks to queue
[2025-03-17T15:09:10.025+0600] {logging_mixin.py:190} INFO - [2025-03-17T15:09:10.024+0600] {dagbag.py:588} INFO - Filling up the DagBag from /home/shamim/airflow_venv/lib/python3.12/site-packages/airflow/example_dags/example_dynamic_task_mapping.py
[2025-03-17T15:09:10.037+0600] {processor.py:925} INFO - DAG(s) 'example_dynamic_task_mapping' retrieved from /home/shamim/airflow_venv/lib/python3.12/site-packages/airflow/example_dags/example_dynamic_task_mapping.py
[2025-03-17T15:09:10.065+0600] {logging_mixin.py:190} INFO - [2025-03-17T15:09:10.065+0600] {dag.py:3239} INFO - Sync 1 DAGs
[2025-03-17T15:09:10.090+0600] {logging_mixin.py:190} INFO - [2025-03-17T15:09:10.089+0600] {dag.py:4180} INFO - Setting next_dagrun for example_dynamic_task_mapping to None, run_after=None
[2025-03-17T15:09:10.136+0600] {processor.py:208} INFO - Processing /home/shamim/airflow_venv/lib/python3.12/site-packages/airflow/example_dags/example_dynamic_task_mapping.py took 0.129 seconds
[2025-03-17T15:14:34.908+0600] {processor.py:186} INFO - Started process (PID=20903) to work on /home/shamim/airflow_venv/lib/python3.12/site-packages/airflow/example_dags/example_dynamic_task_mapping.py
[2025-03-17T15:14:34.924+0600] {processor.py:914} INFO - Processing file /home/shamim/airflow_venv/lib/python3.12/site-packages/airflow/example_dags/example_dynamic_task_mapping.py for tasks to queue
[2025-03-17T15:14:34.931+0600] {logging_mixin.py:190} INFO - [2025-03-17T15:14:34.930+0600] {dagbag.py:588} INFO - Filling up the DagBag from /home/shamim/airflow_venv/lib/python3.12/site-packages/airflow/example_dags/example_dynamic_task_mapping.py
[2025-03-17T15:14:34.948+0600] {processor.py:925} INFO - DAG(s) 'example_dynamic_task_mapping' retrieved from /home/shamim/airflow_venv/lib/python3.12/site-packages/airflow/example_dags/example_dynamic_task_mapping.py
[2025-03-17T15:14:34.970+0600] {logging_mixin.py:190} INFO - [2025-03-17T15:14:34.970+0600] {dag.py:3239} INFO - Sync 1 DAGs
[2025-03-17T15:14:34.986+0600] {logging_mixin.py:190} INFO - [2025-03-17T15:14:34.985+0600] {dag.py:4180} INFO - Setting next_dagrun for example_dynamic_task_mapping to None, run_after=None
[2025-03-17T15:14:35.007+0600] {processor.py:208} INFO - Processing /home/shamim/airflow_venv/lib/python3.12/site-packages/airflow/example_dags/example_dynamic_task_mapping.py took 0.110 seconds
[2025-03-17T15:26:06.798+0600] {processor.py:186} INFO - Started process (PID=22432) to work on /home/shamim/airflow_venv/lib/python3.12/site-packages/airflow/example_dags/example_dynamic_task_mapping.py
[2025-03-17T15:26:06.805+0600] {processor.py:914} INFO - Processing file /home/shamim/airflow_venv/lib/python3.12/site-packages/airflow/example_dags/example_dynamic_task_mapping.py for tasks to queue
[2025-03-17T15:26:06.811+0600] {logging_mixin.py:190} INFO - [2025-03-17T15:26:06.810+0600] {dagbag.py:588} INFO - Filling up the DagBag from /home/shamim/airflow_venv/lib/python3.12/site-packages/airflow/example_dags/example_dynamic_task_mapping.py
[2025-03-17T15:26:06.847+0600] {processor.py:925} INFO - DAG(s) 'example_dynamic_task_mapping' retrieved from /home/shamim/airflow_venv/lib/python3.12/site-packages/airflow/example_dags/example_dynamic_task_mapping.py
[2025-03-17T15:26:06.877+0600] {logging_mixin.py:190} INFO - [2025-03-17T15:26:06.876+0600] {dag.py:3239} INFO - Sync 1 DAGs
[2025-03-17T15:26:06.898+0600] {logging_mixin.py:190} INFO - [2025-03-17T15:26:06.897+0600] {dag.py:4180} INFO - Setting next_dagrun for example_dynamic_task_mapping to None, run_after=None
[2025-03-17T15:26:06.929+0600] {processor.py:208} INFO - Processing /home/shamim/airflow_venv/lib/python3.12/site-packages/airflow/example_dags/example_dynamic_task_mapping.py took 0.152 seconds
[2025-03-17T15:30:38.977+0600] {processor.py:186} INFO - Started process (PID=23119) to work on /home/shamim/airflow_venv/lib/python3.12/site-packages/airflow/example_dags/example_dynamic_task_mapping.py
[2025-03-17T15:30:38.984+0600] {processor.py:914} INFO - Processing file /home/shamim/airflow_venv/lib/python3.12/site-packages/airflow/example_dags/example_dynamic_task_mapping.py for tasks to queue
[2025-03-17T15:30:38.987+0600] {logging_mixin.py:190} INFO - [2025-03-17T15:30:38.986+0600] {dagbag.py:588} INFO - Filling up the DagBag from /home/shamim/airflow_venv/lib/python3.12/site-packages/airflow/example_dags/example_dynamic_task_mapping.py
[2025-03-17T15:30:39.000+0600] {processor.py:925} INFO - DAG(s) 'example_dynamic_task_mapping' retrieved from /home/shamim/airflow_venv/lib/python3.12/site-packages/airflow/example_dags/example_dynamic_task_mapping.py
[2025-03-17T15:30:39.021+0600] {logging_mixin.py:190} INFO - [2025-03-17T15:30:39.020+0600] {dag.py:3239} INFO - Sync 1 DAGs
[2025-03-17T15:30:39.037+0600] {logging_mixin.py:190} INFO - [2025-03-17T15:30:39.037+0600] {dag.py:4180} INFO - Setting next_dagrun for example_dynamic_task_mapping to None, run_after=None
[2025-03-17T15:30:39.066+0600] {processor.py:208} INFO - Processing /home/shamim/airflow_venv/lib/python3.12/site-packages/airflow/example_dags/example_dynamic_task_mapping.py took 0.099 seconds
[2025-03-17T15:32:09.894+0600] {processor.py:186} INFO - Started process (PID=23301) to work on /home/shamim/airflow_venv/lib/python3.12/site-packages/airflow/example_dags/example_dynamic_task_mapping.py
[2025-03-17T15:32:09.901+0600] {processor.py:914} INFO - Processing file /home/shamim/airflow_venv/lib/python3.12/site-packages/airflow/example_dags/example_dynamic_task_mapping.py for tasks to queue
[2025-03-17T15:32:09.904+0600] {logging_mixin.py:190} INFO - [2025-03-17T15:32:09.903+0600] {dagbag.py:588} INFO - Filling up the DagBag from /home/shamim/airflow_venv/lib/python3.12/site-packages/airflow/example_dags/example_dynamic_task_mapping.py
[2025-03-17T15:32:09.916+0600] {processor.py:925} INFO - DAG(s) 'example_dynamic_task_mapping' retrieved from /home/shamim/airflow_venv/lib/python3.12/site-packages/airflow/example_dags/example_dynamic_task_mapping.py
[2025-03-17T15:32:09.936+0600] {logging_mixin.py:190} INFO - [2025-03-17T15:32:09.936+0600] {dag.py:3239} INFO - Sync 1 DAGs
[2025-03-17T15:32:09.956+0600] {logging_mixin.py:190} INFO - [2025-03-17T15:32:09.956+0600] {dag.py:4180} INFO - Setting next_dagrun for example_dynamic_task_mapping to None, run_after=None
[2025-03-17T15:32:09.984+0600] {processor.py:208} INFO - Processing /home/shamim/airflow_venv/lib/python3.12/site-packages/airflow/example_dags/example_dynamic_task_mapping.py took 0.098 seconds
[2025-03-17T15:33:37.438+0600] {processor.py:186} INFO - Started process (PID=23442) to work on /home/shamim/airflow_venv/lib/python3.12/site-packages/airflow/example_dags/example_dynamic_task_mapping.py
[2025-03-17T15:33:37.444+0600] {processor.py:914} INFO - Processing file /home/shamim/airflow_venv/lib/python3.12/site-packages/airflow/example_dags/example_dynamic_task_mapping.py for tasks to queue
[2025-03-17T15:33:37.447+0600] {logging_mixin.py:190} INFO - [2025-03-17T15:33:37.447+0600] {dagbag.py:588} INFO - Filling up the DagBag from /home/shamim/airflow_venv/lib/python3.12/site-packages/airflow/example_dags/example_dynamic_task_mapping.py
[2025-03-17T15:33:37.459+0600] {processor.py:925} INFO - DAG(s) 'example_dynamic_task_mapping' retrieved from /home/shamim/airflow_venv/lib/python3.12/site-packages/airflow/example_dags/example_dynamic_task_mapping.py
[2025-03-17T15:33:37.477+0600] {logging_mixin.py:190} INFO - [2025-03-17T15:33:37.477+0600] {dag.py:3239} INFO - Sync 1 DAGs
[2025-03-17T15:33:37.494+0600] {logging_mixin.py:190} INFO - [2025-03-17T15:33:37.493+0600] {dag.py:4180} INFO - Setting next_dagrun for example_dynamic_task_mapping to None, run_after=None
[2025-03-17T15:33:37.529+0600] {processor.py:208} INFO - Processing /home/shamim/airflow_venv/lib/python3.12/site-packages/airflow/example_dags/example_dynamic_task_mapping.py took 0.099 seconds
[2025-03-17T15:35:11.237+0600] {processor.py:186} INFO - Started process (PID=23624) to work on /home/shamim/airflow_venv/lib/python3.12/site-packages/airflow/example_dags/example_dynamic_task_mapping.py
[2025-03-17T15:35:11.238+0600] {processor.py:914} INFO - Processing file /home/shamim/airflow_venv/lib/python3.12/site-packages/airflow/example_dags/example_dynamic_task_mapping.py for tasks to queue
[2025-03-17T15:35:11.242+0600] {logging_mixin.py:190} INFO - [2025-03-17T15:35:11.241+0600] {dagbag.py:588} INFO - Filling up the DagBag from /home/shamim/airflow_venv/lib/python3.12/site-packages/airflow/example_dags/example_dynamic_task_mapping.py
[2025-03-17T15:35:11.257+0600] {processor.py:925} INFO - DAG(s) 'example_dynamic_task_mapping' retrieved from /home/shamim/airflow_venv/lib/python3.12/site-packages/airflow/example_dags/example_dynamic_task_mapping.py
[2025-03-17T15:35:11.282+0600] {logging_mixin.py:190} INFO - [2025-03-17T15:35:11.282+0600] {dag.py:3239} INFO - Sync 1 DAGs
[2025-03-17T15:35:11.304+0600] {logging_mixin.py:190} INFO - [2025-03-17T15:35:11.304+0600] {dag.py:4180} INFO - Setting next_dagrun for example_dynamic_task_mapping to None, run_after=None
[2025-03-17T15:35:11.343+0600] {processor.py:208} INFO - Processing /home/shamim/airflow_venv/lib/python3.12/site-packages/airflow/example_dags/example_dynamic_task_mapping.py took 0.116 seconds
[2025-03-17T15:36:37.518+0600] {processor.py:186} INFO - Started process (PID=23794) to work on /home/shamim/airflow_venv/lib/python3.12/site-packages/airflow/example_dags/example_dynamic_task_mapping.py
[2025-03-17T15:36:37.521+0600] {processor.py:914} INFO - Processing file /home/shamim/airflow_venv/lib/python3.12/site-packages/airflow/example_dags/example_dynamic_task_mapping.py for tasks to queue
[2025-03-17T15:36:37.525+0600] {logging_mixin.py:190} INFO - [2025-03-17T15:36:37.524+0600] {dagbag.py:588} INFO - Filling up the DagBag from /home/shamim/airflow_venv/lib/python3.12/site-packages/airflow/example_dags/example_dynamic_task_mapping.py
[2025-03-17T15:36:37.542+0600] {processor.py:925} INFO - DAG(s) 'example_dynamic_task_mapping' retrieved from /home/shamim/airflow_venv/lib/python3.12/site-packages/airflow/example_dags/example_dynamic_task_mapping.py
[2025-03-17T15:36:37.570+0600] {logging_mixin.py:190} INFO - [2025-03-17T15:36:37.570+0600] {dag.py:3239} INFO - Sync 1 DAGs
[2025-03-17T15:36:37.599+0600] {logging_mixin.py:190} INFO - [2025-03-17T15:36:37.598+0600] {dag.py:4180} INFO - Setting next_dagrun for example_dynamic_task_mapping to None, run_after=None
[2025-03-17T15:36:37.650+0600] {processor.py:208} INFO - Processing /home/shamim/airflow_venv/lib/python3.12/site-packages/airflow/example_dags/example_dynamic_task_mapping.py took 0.145 seconds
