[2025-03-17T15:00:11.878+0600] {processor.py:186} INFO - Started process (PID=19288) to work on /home/shamim/airflow_venv/lib/python3.12/site-packages/airflow/example_dags/example_sla_dag.py
[2025-03-17T15:00:11.879+0600] {processor.py:914} INFO - Processing file /home/shamim/airflow_venv/lib/python3.12/site-packages/airflow/example_dags/example_sla_dag.py for tasks to queue
[2025-03-17T15:00:11.881+0600] {logging_mixin.py:190} INFO - [2025-03-17T15:00:11.880+0600] {dagbag.py:588} INFO - Filling up the DagBag from /home/shamim/airflow_venv/lib/python3.12/site-packages/airflow/example_dags/example_sla_dag.py
[2025-03-17T15:00:11.894+0600] {processor.py:925} INFO - DAG(s) 'example_sla_dag' retrieved from /home/shamim/airflow_venv/lib/python3.12/site-packages/airflow/example_dags/example_sla_dag.py
[2025-03-17T15:00:12.031+0600] {logging_mixin.py:190} INFO - [2025-03-17T15:00:12.030+0600] {override.py:1930} INFO - Created Permission View: can read on DAG:example_sla_dag
[2025-03-17T15:00:12.044+0600] {logging_mixin.py:190} INFO - [2025-03-17T15:00:12.044+0600] {override.py:1930} INFO - Created Permission View: can delete on DAG:example_sla_dag
[2025-03-17T15:00:12.053+0600] {logging_mixin.py:190} INFO - [2025-03-17T15:00:12.052+0600] {override.py:1930} INFO - Created Permission View: can edit on DAG:example_sla_dag
[2025-03-17T15:00:12.064+0600] {logging_mixin.py:190} INFO - [2025-03-17T15:00:12.063+0600] {override.py:1930} INFO - Created Permission View: can create on DAG Run:example_sla_dag
[2025-03-17T15:00:12.071+0600] {logging_mixin.py:190} INFO - [2025-03-17T15:00:12.071+0600] {override.py:1930} INFO - Created Permission View: can read on DAG Run:example_sla_dag
[2025-03-17T15:00:12.080+0600] {logging_mixin.py:190} INFO - [2025-03-17T15:00:12.079+0600] {override.py:1930} INFO - Created Permission View: can delete on DAG Run:example_sla_dag
[2025-03-17T15:00:12.087+0600] {logging_mixin.py:190} INFO - [2025-03-17T15:00:12.086+0600] {override.py:1930} INFO - Created Permission View: menu access on DAG Run:example_sla_dag
[2025-03-17T15:00:12.087+0600] {logging_mixin.py:190} INFO - [2025-03-17T15:00:12.087+0600] {dag.py:3239} INFO - Sync 1 DAGs
[2025-03-17T15:00:12.104+0600] {logging_mixin.py:190} INFO - [2025-03-17T15:00:12.103+0600] {dag.py:3262} INFO - Creating ORM DAG for example_sla_dag
[2025-03-17T15:00:12.118+0600] {logging_mixin.py:190} INFO - [2025-03-17T15:00:12.118+0600] {dag.py:4180} INFO - Setting next_dagrun for example_sla_dag to 2025-03-17 08:58:00+00:00, run_after=2025-03-17 09:00:00+00:00
[2025-03-17T15:00:12.137+0600] {processor.py:208} INFO - Processing /home/shamim/airflow_venv/lib/python3.12/site-packages/airflow/example_dags/example_sla_dag.py took 0.267 seconds
[2025-03-17T15:01:25.927+0600] {processor.py:186} INFO - Started process (PID=19443) to work on /home/shamim/airflow_venv/lib/python3.12/site-packages/airflow/example_dags/example_sla_dag.py
[2025-03-17T15:01:25.933+0600] {processor.py:914} INFO - Processing file /home/shamim/airflow_venv/lib/python3.12/site-packages/airflow/example_dags/example_sla_dag.py for tasks to queue
[2025-03-17T15:01:25.936+0600] {logging_mixin.py:190} INFO - [2025-03-17T15:01:25.936+0600] {dagbag.py:588} INFO - Filling up the DagBag from /home/shamim/airflow_venv/lib/python3.12/site-packages/airflow/example_dags/example_sla_dag.py
[2025-03-17T15:01:25.949+0600] {processor.py:925} INFO - DAG(s) 'example_sla_dag' retrieved from /home/shamim/airflow_venv/lib/python3.12/site-packages/airflow/example_dags/example_sla_dag.py
[2025-03-17T15:01:25.967+0600] {logging_mixin.py:190} INFO - [2025-03-17T15:01:25.966+0600] {dag.py:3239} INFO - Sync 1 DAGs
[2025-03-17T15:01:25.997+0600] {logging_mixin.py:190} INFO - [2025-03-17T15:01:25.997+0600] {dag.py:4180} INFO - Setting next_dagrun for example_sla_dag to 2025-03-17 08:58:00+00:00, run_after=2025-03-17 09:00:00+00:00
[2025-03-17T15:01:26.038+0600] {processor.py:208} INFO - Processing /home/shamim/airflow_venv/lib/python3.12/site-packages/airflow/example_dags/example_sla_dag.py took 0.118 seconds
[2025-03-17T15:02:38.217+0600] {processor.py:186} INFO - Started process (PID=19549) to work on /home/shamim/airflow_venv/lib/python3.12/site-packages/airflow/example_dags/example_sla_dag.py
[2025-03-17T15:02:38.219+0600] {processor.py:914} INFO - Processing file /home/shamim/airflow_venv/lib/python3.12/site-packages/airflow/example_dags/example_sla_dag.py for tasks to queue
[2025-03-17T15:02:38.221+0600] {logging_mixin.py:190} INFO - [2025-03-17T15:02:38.220+0600] {dagbag.py:588} INFO - Filling up the DagBag from /home/shamim/airflow_venv/lib/python3.12/site-packages/airflow/example_dags/example_sla_dag.py
[2025-03-17T15:02:38.235+0600] {processor.py:925} INFO - DAG(s) 'example_sla_dag' retrieved from /home/shamim/airflow_venv/lib/python3.12/site-packages/airflow/example_dags/example_sla_dag.py
[2025-03-17T15:02:38.269+0600] {logging_mixin.py:190} INFO - [2025-03-17T15:02:38.269+0600] {dag.py:3239} INFO - Sync 1 DAGs
[2025-03-17T15:02:38.321+0600] {logging_mixin.py:190} INFO - [2025-03-17T15:02:38.321+0600] {dag.py:4180} INFO - Setting next_dagrun for example_sla_dag to 2025-03-17 09:00:00+00:00, run_after=2025-03-17 09:02:00+00:00
[2025-03-17T15:02:38.364+0600] {processor.py:208} INFO - Processing /home/shamim/airflow_venv/lib/python3.12/site-packages/airflow/example_dags/example_sla_dag.py took 0.155 seconds
[2025-03-17T15:03:55.904+0600] {processor.py:186} INFO - Started process (PID=19665) to work on /home/shamim/airflow_venv/lib/python3.12/site-packages/airflow/example_dags/example_sla_dag.py
[2025-03-17T15:03:55.906+0600] {processor.py:914} INFO - Processing file /home/shamim/airflow_venv/lib/python3.12/site-packages/airflow/example_dags/example_sla_dag.py for tasks to queue
[2025-03-17T15:03:55.908+0600] {logging_mixin.py:190} INFO - [2025-03-17T15:03:55.908+0600] {dagbag.py:588} INFO - Filling up the DagBag from /home/shamim/airflow_venv/lib/python3.12/site-packages/airflow/example_dags/example_sla_dag.py
[2025-03-17T15:03:55.922+0600] {processor.py:925} INFO - DAG(s) 'example_sla_dag' retrieved from /home/shamim/airflow_venv/lib/python3.12/site-packages/airflow/example_dags/example_sla_dag.py
[2025-03-17T15:03:55.939+0600] {logging_mixin.py:190} INFO - [2025-03-17T15:03:55.939+0600] {dag.py:3239} INFO - Sync 1 DAGs
[2025-03-17T15:03:55.969+0600] {logging_mixin.py:190} INFO - [2025-03-17T15:03:55.968+0600] {dag.py:4180} INFO - Setting next_dagrun for example_sla_dag to 2025-03-17 09:00:00+00:00, run_after=2025-03-17 09:02:00+00:00
[2025-03-17T15:03:56.003+0600] {processor.py:208} INFO - Processing /home/shamim/airflow_venv/lib/python3.12/site-packages/airflow/example_dags/example_sla_dag.py took 0.107 seconds
[2025-03-17T15:05:54.381+0600] {processor.py:186} INFO - Started process (PID=19811) to work on /home/shamim/airflow_venv/lib/python3.12/site-packages/airflow/example_dags/example_sla_dag.py
[2025-03-17T15:05:54.390+0600] {processor.py:914} INFO - Processing file /home/shamim/airflow_venv/lib/python3.12/site-packages/airflow/example_dags/example_sla_dag.py for tasks to queue
[2025-03-17T15:05:54.392+0600] {logging_mixin.py:190} INFO - [2025-03-17T15:05:54.392+0600] {dagbag.py:588} INFO - Filling up the DagBag from /home/shamim/airflow_venv/lib/python3.12/site-packages/airflow/example_dags/example_sla_dag.py
[2025-03-17T15:05:54.407+0600] {processor.py:925} INFO - DAG(s) 'example_sla_dag' retrieved from /home/shamim/airflow_venv/lib/python3.12/site-packages/airflow/example_dags/example_sla_dag.py
[2025-03-17T15:05:54.428+0600] {logging_mixin.py:190} INFO - [2025-03-17T15:05:54.428+0600] {dag.py:3239} INFO - Sync 1 DAGs
[2025-03-17T15:05:54.459+0600] {logging_mixin.py:190} INFO - [2025-03-17T15:05:54.459+0600] {dag.py:4180} INFO - Setting next_dagrun for example_sla_dag to 2025-03-17 09:02:00+00:00, run_after=2025-03-17 09:04:00+00:00
[2025-03-17T15:05:54.496+0600] {processor.py:208} INFO - Processing /home/shamim/airflow_venv/lib/python3.12/site-packages/airflow/example_dags/example_sla_dag.py took 0.122 seconds
[2025-03-17T15:07:08.893+0600] {processor.py:186} INFO - Started process (PID=20037) to work on /home/shamim/airflow_venv/lib/python3.12/site-packages/airflow/example_dags/example_sla_dag.py
[2025-03-17T15:07:08.907+0600] {processor.py:914} INFO - Processing file /home/shamim/airflow_venv/lib/python3.12/site-packages/airflow/example_dags/example_sla_dag.py for tasks to queue
[2025-03-17T15:07:08.923+0600] {logging_mixin.py:190} INFO - [2025-03-17T15:07:08.922+0600] {dagbag.py:588} INFO - Filling up the DagBag from /home/shamim/airflow_venv/lib/python3.12/site-packages/airflow/example_dags/example_sla_dag.py
[2025-03-17T15:07:09.019+0600] {processor.py:925} INFO - DAG(s) 'example_sla_dag' retrieved from /home/shamim/airflow_venv/lib/python3.12/site-packages/airflow/example_dags/example_sla_dag.py
[2025-03-17T15:07:09.049+0600] {logging_mixin.py:190} INFO - [2025-03-17T15:07:09.049+0600] {dag.py:3239} INFO - Sync 1 DAGs
[2025-03-17T15:07:09.102+0600] {logging_mixin.py:190} INFO - [2025-03-17T15:07:09.101+0600] {dag.py:4180} INFO - Setting next_dagrun for example_sla_dag to 2025-03-17 09:04:00+00:00, run_after=2025-03-17 09:06:00+00:00
[2025-03-17T15:07:09.151+0600] {processor.py:208} INFO - Processing /home/shamim/airflow_venv/lib/python3.12/site-packages/airflow/example_dags/example_sla_dag.py took 0.337 seconds
[2025-03-17T15:08:34.795+0600] {processor.py:186} INFO - Started process (PID=20209) to work on /home/shamim/airflow_venv/lib/python3.12/site-packages/airflow/example_dags/example_sla_dag.py
[2025-03-17T15:08:34.801+0600] {processor.py:914} INFO - Processing file /home/shamim/airflow_venv/lib/python3.12/site-packages/airflow/example_dags/example_sla_dag.py for tasks to queue
[2025-03-17T15:08:34.804+0600] {logging_mixin.py:190} INFO - [2025-03-17T15:08:34.803+0600] {dagbag.py:588} INFO - Filling up the DagBag from /home/shamim/airflow_venv/lib/python3.12/site-packages/airflow/example_dags/example_sla_dag.py
[2025-03-17T15:08:34.818+0600] {processor.py:925} INFO - DAG(s) 'example_sla_dag' retrieved from /home/shamim/airflow_venv/lib/python3.12/site-packages/airflow/example_dags/example_sla_dag.py
[2025-03-17T15:08:34.836+0600] {logging_mixin.py:190} INFO - [2025-03-17T15:08:34.836+0600] {dag.py:3239} INFO - Sync 1 DAGs
[2025-03-17T15:08:34.865+0600] {logging_mixin.py:190} INFO - [2025-03-17T15:08:34.865+0600] {dag.py:4180} INFO - Setting next_dagrun for example_sla_dag to 2025-03-17 09:06:00+00:00, run_after=2025-03-17 09:08:00+00:00
[2025-03-17T15:08:34.900+0600] {processor.py:208} INFO - Processing /home/shamim/airflow_venv/lib/python3.12/site-packages/airflow/example_dags/example_sla_dag.py took 0.113 seconds
[2025-03-17T15:09:50.751+0600] {processor.py:186} INFO - Started process (PID=20383) to work on /home/shamim/airflow_venv/lib/python3.12/site-packages/airflow/example_dags/example_sla_dag.py
[2025-03-17T15:09:50.767+0600] {processor.py:914} INFO - Processing file /home/shamim/airflow_venv/lib/python3.12/site-packages/airflow/example_dags/example_sla_dag.py for tasks to queue
[2025-03-17T15:09:50.770+0600] {logging_mixin.py:190} INFO - [2025-03-17T15:09:50.769+0600] {dagbag.py:588} INFO - Filling up the DagBag from /home/shamim/airflow_venv/lib/python3.12/site-packages/airflow/example_dags/example_sla_dag.py
[2025-03-17T15:09:50.784+0600] {processor.py:925} INFO - DAG(s) 'example_sla_dag' retrieved from /home/shamim/airflow_venv/lib/python3.12/site-packages/airflow/example_dags/example_sla_dag.py
[2025-03-17T15:09:50.806+0600] {logging_mixin.py:190} INFO - [2025-03-17T15:09:50.806+0600] {dag.py:3239} INFO - Sync 1 DAGs
[2025-03-17T15:09:50.836+0600] {logging_mixin.py:190} INFO - [2025-03-17T15:09:50.836+0600] {dag.py:4180} INFO - Setting next_dagrun for example_sla_dag to 2025-03-17 09:06:00+00:00, run_after=2025-03-17 09:08:00+00:00
[2025-03-17T15:09:50.858+0600] {processor.py:208} INFO - Processing /home/shamim/airflow_venv/lib/python3.12/site-packages/airflow/example_dags/example_sla_dag.py took 0.117 seconds
[2025-03-17T15:22:50.447+0600] {processor.py:186} INFO - Started process (PID=22074) to work on /home/shamim/airflow_venv/lib/python3.12/site-packages/airflow/example_dags/example_sla_dag.py
[2025-03-17T15:22:50.454+0600] {processor.py:914} INFO - Processing file /home/shamim/airflow_venv/lib/python3.12/site-packages/airflow/example_dags/example_sla_dag.py for tasks to queue
[2025-03-17T15:22:50.462+0600] {logging_mixin.py:190} INFO - [2025-03-17T15:22:50.459+0600] {dagbag.py:588} INFO - Filling up the DagBag from /home/shamim/airflow_venv/lib/python3.12/site-packages/airflow/example_dags/example_sla_dag.py
[2025-03-17T15:22:50.483+0600] {processor.py:925} INFO - DAG(s) 'example_sla_dag' retrieved from /home/shamim/airflow_venv/lib/python3.12/site-packages/airflow/example_dags/example_sla_dag.py
[2025-03-17T15:22:50.501+0600] {logging_mixin.py:190} INFO - [2025-03-17T15:22:50.501+0600] {dag.py:3239} INFO - Sync 1 DAGs
[2025-03-17T15:22:50.539+0600] {logging_mixin.py:190} INFO - [2025-03-17T15:22:50.538+0600] {dag.py:4180} INFO - Setting next_dagrun for example_sla_dag to 2025-03-17 09:20:00+00:00, run_after=2025-03-17 09:22:00+00:00
[2025-03-17T15:22:50.560+0600] {processor.py:208} INFO - Processing /home/shamim/airflow_venv/lib/python3.12/site-packages/airflow/example_dags/example_sla_dag.py took 0.131 seconds
[2025-03-17T15:29:05.520+0600] {processor.py:186} INFO - Started process (PID=22889) to work on /home/shamim/airflow_venv/lib/python3.12/site-packages/airflow/example_dags/example_sla_dag.py
[2025-03-17T15:29:05.526+0600] {processor.py:914} INFO - Processing file /home/shamim/airflow_venv/lib/python3.12/site-packages/airflow/example_dags/example_sla_dag.py for tasks to queue
[2025-03-17T15:29:05.528+0600] {logging_mixin.py:190} INFO - [2025-03-17T15:29:05.528+0600] {dagbag.py:588} INFO - Filling up the DagBag from /home/shamim/airflow_venv/lib/python3.12/site-packages/airflow/example_dags/example_sla_dag.py
[2025-03-17T15:29:05.544+0600] {processor.py:925} INFO - DAG(s) 'example_sla_dag' retrieved from /home/shamim/airflow_venv/lib/python3.12/site-packages/airflow/example_dags/example_sla_dag.py
[2025-03-17T15:29:05.562+0600] {logging_mixin.py:190} INFO - [2025-03-17T15:29:05.562+0600] {dag.py:3239} INFO - Sync 1 DAGs
[2025-03-17T15:29:05.596+0600] {logging_mixin.py:190} INFO - [2025-03-17T15:29:05.596+0600] {dag.py:4180} INFO - Setting next_dagrun for example_sla_dag to 2025-03-17 09:26:00+00:00, run_after=2025-03-17 09:28:00+00:00
[2025-03-17T15:29:05.764+0600] {processor.py:208} INFO - Processing /home/shamim/airflow_venv/lib/python3.12/site-packages/airflow/example_dags/example_sla_dag.py took 0.252 seconds
[2025-03-17T15:31:26.990+0600] {processor.py:186} INFO - Started process (PID=23212) to work on /home/shamim/airflow_venv/lib/python3.12/site-packages/airflow/example_dags/example_sla_dag.py
[2025-03-17T15:31:26.995+0600] {processor.py:914} INFO - Processing file /home/shamim/airflow_venv/lib/python3.12/site-packages/airflow/example_dags/example_sla_dag.py for tasks to queue
[2025-03-17T15:31:27.001+0600] {logging_mixin.py:190} INFO - [2025-03-17T15:31:27.000+0600] {dagbag.py:588} INFO - Filling up the DagBag from /home/shamim/airflow_venv/lib/python3.12/site-packages/airflow/example_dags/example_sla_dag.py
[2025-03-17T15:31:27.022+0600] {processor.py:925} INFO - DAG(s) 'example_sla_dag' retrieved from /home/shamim/airflow_venv/lib/python3.12/site-packages/airflow/example_dags/example_sla_dag.py
[2025-03-17T15:31:27.043+0600] {logging_mixin.py:190} INFO - [2025-03-17T15:31:27.042+0600] {dag.py:3239} INFO - Sync 1 DAGs
[2025-03-17T15:31:27.081+0600] {logging_mixin.py:190} INFO - [2025-03-17T15:31:27.081+0600] {dag.py:4180} INFO - Setting next_dagrun for example_sla_dag to 2025-03-17 09:28:00+00:00, run_after=2025-03-17 09:30:00+00:00
[2025-03-17T15:31:27.116+0600] {processor.py:208} INFO - Processing /home/shamim/airflow_venv/lib/python3.12/site-packages/airflow/example_dags/example_sla_dag.py took 0.149 seconds
[2025-03-17T15:32:56.351+0600] {processor.py:186} INFO - Started process (PID=23391) to work on /home/shamim/airflow_venv/lib/python3.12/site-packages/airflow/example_dags/example_sla_dag.py
[2025-03-17T15:32:56.358+0600] {processor.py:914} INFO - Processing file /home/shamim/airflow_venv/lib/python3.12/site-packages/airflow/example_dags/example_sla_dag.py for tasks to queue
[2025-03-17T15:32:56.361+0600] {logging_mixin.py:190} INFO - [2025-03-17T15:32:56.361+0600] {dagbag.py:588} INFO - Filling up the DagBag from /home/shamim/airflow_venv/lib/python3.12/site-packages/airflow/example_dags/example_sla_dag.py
[2025-03-17T15:32:56.377+0600] {processor.py:925} INFO - DAG(s) 'example_sla_dag' retrieved from /home/shamim/airflow_venv/lib/python3.12/site-packages/airflow/example_dags/example_sla_dag.py
[2025-03-17T15:32:56.395+0600] {logging_mixin.py:190} INFO - [2025-03-17T15:32:56.395+0600] {dag.py:3239} INFO - Sync 1 DAGs
[2025-03-17T15:32:56.424+0600] {logging_mixin.py:190} INFO - [2025-03-17T15:32:56.424+0600] {dag.py:4180} INFO - Setting next_dagrun for example_sla_dag to 2025-03-17 09:30:00+00:00, run_after=2025-03-17 09:32:00+00:00
[2025-03-17T15:32:56.465+0600] {processor.py:208} INFO - Processing /home/shamim/airflow_venv/lib/python3.12/site-packages/airflow/example_dags/example_sla_dag.py took 0.123 seconds
[2025-03-17T15:34:04.217+0600] {processor.py:186} INFO - Started process (PID=23487) to work on /home/shamim/airflow_venv/lib/python3.12/site-packages/airflow/example_dags/example_sla_dag.py
[2025-03-17T15:34:04.225+0600] {processor.py:914} INFO - Processing file /home/shamim/airflow_venv/lib/python3.12/site-packages/airflow/example_dags/example_sla_dag.py for tasks to queue
[2025-03-17T15:34:04.233+0600] {logging_mixin.py:190} INFO - [2025-03-17T15:34:04.231+0600] {dagbag.py:588} INFO - Filling up the DagBag from /home/shamim/airflow_venv/lib/python3.12/site-packages/airflow/example_dags/example_sla_dag.py
[2025-03-17T15:34:04.268+0600] {processor.py:925} INFO - DAG(s) 'example_sla_dag' retrieved from /home/shamim/airflow_venv/lib/python3.12/site-packages/airflow/example_dags/example_sla_dag.py
[2025-03-17T15:34:04.291+0600] {logging_mixin.py:190} INFO - [2025-03-17T15:34:04.290+0600] {dag.py:3239} INFO - Sync 1 DAGs
[2025-03-17T15:34:04.330+0600] {logging_mixin.py:190} INFO - [2025-03-17T15:34:04.329+0600] {dag.py:4180} INFO - Setting next_dagrun for example_sla_dag to 2025-03-17 09:32:00+00:00, run_after=2025-03-17 09:34:00+00:00
[2025-03-17T15:34:05.232+0600] {processor.py:208} INFO - Processing /home/shamim/airflow_venv/lib/python3.12/site-packages/airflow/example_dags/example_sla_dag.py took 1.038 seconds
[2025-03-17T15:35:49.574+0600] {processor.py:186} INFO - Started process (PID=23689) to work on /home/shamim/airflow_venv/lib/python3.12/site-packages/airflow/example_dags/example_sla_dag.py
[2025-03-17T15:35:49.580+0600] {processor.py:914} INFO - Processing file /home/shamim/airflow_venv/lib/python3.12/site-packages/airflow/example_dags/example_sla_dag.py for tasks to queue
[2025-03-17T15:35:49.585+0600] {logging_mixin.py:190} INFO - [2025-03-17T15:35:49.584+0600] {dagbag.py:588} INFO - Filling up the DagBag from /home/shamim/airflow_venv/lib/python3.12/site-packages/airflow/example_dags/example_sla_dag.py
[2025-03-17T15:35:49.609+0600] {processor.py:925} INFO - DAG(s) 'example_sla_dag' retrieved from /home/shamim/airflow_venv/lib/python3.12/site-packages/airflow/example_dags/example_sla_dag.py
[2025-03-17T15:35:49.637+0600] {logging_mixin.py:190} INFO - [2025-03-17T15:35:49.637+0600] {dag.py:3239} INFO - Sync 1 DAGs
[2025-03-17T15:35:49.674+0600] {logging_mixin.py:190} INFO - [2025-03-17T15:35:49.674+0600] {dag.py:4180} INFO - Setting next_dagrun for example_sla_dag to 2025-03-17 09:32:00+00:00, run_after=2025-03-17 09:34:00+00:00
[2025-03-17T15:35:49.720+0600] {processor.py:208} INFO - Processing /home/shamim/airflow_venv/lib/python3.12/site-packages/airflow/example_dags/example_sla_dag.py took 0.157 seconds
[2025-03-17T15:37:33.530+0600] {processor.py:186} INFO - Started process (PID=23879) to work on /home/shamim/airflow_venv/lib/python3.12/site-packages/airflow/example_dags/example_sla_dag.py
[2025-03-17T15:37:33.556+0600] {processor.py:914} INFO - Processing file /home/shamim/airflow_venv/lib/python3.12/site-packages/airflow/example_dags/example_sla_dag.py for tasks to queue
[2025-03-17T15:37:33.559+0600] {logging_mixin.py:190} INFO - [2025-03-17T15:37:33.559+0600] {dagbag.py:588} INFO - Filling up the DagBag from /home/shamim/airflow_venv/lib/python3.12/site-packages/airflow/example_dags/example_sla_dag.py
[2025-03-17T15:37:33.574+0600] {processor.py:925} INFO - DAG(s) 'example_sla_dag' retrieved from /home/shamim/airflow_venv/lib/python3.12/site-packages/airflow/example_dags/example_sla_dag.py
[2025-03-17T15:37:33.593+0600] {logging_mixin.py:190} INFO - [2025-03-17T15:37:33.592+0600] {dag.py:3239} INFO - Sync 1 DAGs
[2025-03-17T15:37:33.624+0600] {logging_mixin.py:190} INFO - [2025-03-17T15:37:33.624+0600] {dag.py:4180} INFO - Setting next_dagrun for example_sla_dag to 2025-03-17 09:34:00+00:00, run_after=2025-03-17 09:36:00+00:00
[2025-03-17T15:37:33.648+0600] {processor.py:208} INFO - Processing /home/shamim/airflow_venv/lib/python3.12/site-packages/airflow/example_dags/example_sla_dag.py took 0.126 seconds
