[2025-03-17T15:00:37.293+0600] {processor.py:186} INFO - Started process (PID=19384) to work on /home/shamim/airflow_venv/lib/python3.12/site-packages/airflow/example_dags/example_dynamic_task_mapping_with_no_taskflow_operators.py
[2025-03-17T15:00:37.294+0600] {processor.py:914} INFO - Processing file /home/shamim/airflow_venv/lib/python3.12/site-packages/airflow/example_dags/example_dynamic_task_mapping_with_no_taskflow_operators.py for tasks to queue
[2025-03-17T15:00:37.296+0600] {logging_mixin.py:190} INFO - [2025-03-17T15:00:37.296+0600] {dagbag.py:588} INFO - Filling up the DagBag from /home/shamim/airflow_venv/lib/python3.12/site-packages/airflow/example_dags/example_dynamic_task_mapping_with_no_taskflow_operators.py
[2025-03-17T15:00:37.308+0600] {processor.py:925} INFO - DAG(s) 'example_dynamic_task_mapping_with_no_taskflow_operators' retrieved from /home/shamim/airflow_venv/lib/python3.12/site-packages/airflow/example_dags/example_dynamic_task_mapping_with_no_taskflow_operators.py
[2025-03-17T15:00:37.460+0600] {logging_mixin.py:190} INFO - [2025-03-17T15:00:37.459+0600] {override.py:1930} INFO - Created Permission View: can read on DAG:example_dynamic_task_mapping_with_no_taskflow_operators
[2025-03-17T15:00:37.472+0600] {logging_mixin.py:190} INFO - [2025-03-17T15:00:37.472+0600] {override.py:1930} INFO - Created Permission View: can delete on DAG:example_dynamic_task_mapping_with_no_taskflow_operators
[2025-03-17T15:00:37.481+0600] {logging_mixin.py:190} INFO - [2025-03-17T15:00:37.480+0600] {override.py:1930} INFO - Created Permission View: can edit on DAG:example_dynamic_task_mapping_with_no_taskflow_operators
[2025-03-17T15:00:37.493+0600] {logging_mixin.py:190} INFO - [2025-03-17T15:00:37.492+0600] {override.py:1930} INFO - Created Permission View: can create on DAG Run:example_dynamic_task_mapping_with_no_taskflow_operators
[2025-03-17T15:00:37.501+0600] {logging_mixin.py:190} INFO - [2025-03-17T15:00:37.501+0600] {override.py:1930} INFO - Created Permission View: can read on DAG Run:example_dynamic_task_mapping_with_no_taskflow_operators
[2025-03-17T15:00:37.510+0600] {logging_mixin.py:190} INFO - [2025-03-17T15:00:37.510+0600] {override.py:1930} INFO - Created Permission View: can delete on DAG Run:example_dynamic_task_mapping_with_no_taskflow_operators
[2025-03-17T15:00:37.523+0600] {logging_mixin.py:190} INFO - [2025-03-17T15:00:37.523+0600] {override.py:1930} INFO - Created Permission View: menu access on DAG Run:example_dynamic_task_mapping_with_no_taskflow_operators
[2025-03-17T15:00:37.524+0600] {logging_mixin.py:190} INFO - [2025-03-17T15:00:37.523+0600] {dag.py:3239} INFO - Sync 1 DAGs
[2025-03-17T15:00:37.539+0600] {logging_mixin.py:190} INFO - [2025-03-17T15:00:37.539+0600] {dag.py:3262} INFO - Creating ORM DAG for example_dynamic_task_mapping_with_no_taskflow_operators
[2025-03-17T15:00:37.540+0600] {logging_mixin.py:190} INFO - [2025-03-17T15:00:37.540+0600] {dag.py:4180} INFO - Setting next_dagrun for example_dynamic_task_mapping_with_no_taskflow_operators to None, run_after=None
[2025-03-17T15:00:37.562+0600] {processor.py:208} INFO - Processing /home/shamim/airflow_venv/lib/python3.12/site-packages/airflow/example_dags/example_dynamic_task_mapping_with_no_taskflow_operators.py took 0.277 seconds
[2025-03-17T15:02:01.312+0600] {processor.py:186} INFO - Started process (PID=19487) to work on /home/shamim/airflow_venv/lib/python3.12/site-packages/airflow/example_dags/example_dynamic_task_mapping_with_no_taskflow_operators.py
[2025-03-17T15:02:01.318+0600] {processor.py:914} INFO - Processing file /home/shamim/airflow_venv/lib/python3.12/site-packages/airflow/example_dags/example_dynamic_task_mapping_with_no_taskflow_operators.py for tasks to queue
[2025-03-17T15:02:01.321+0600] {logging_mixin.py:190} INFO - [2025-03-17T15:02:01.320+0600] {dagbag.py:588} INFO - Filling up the DagBag from /home/shamim/airflow_venv/lib/python3.12/site-packages/airflow/example_dags/example_dynamic_task_mapping_with_no_taskflow_operators.py
[2025-03-17T15:02:01.331+0600] {processor.py:925} INFO - DAG(s) 'example_dynamic_task_mapping_with_no_taskflow_operators' retrieved from /home/shamim/airflow_venv/lib/python3.12/site-packages/airflow/example_dags/example_dynamic_task_mapping_with_no_taskflow_operators.py
[2025-03-17T15:02:01.349+0600] {logging_mixin.py:190} INFO - [2025-03-17T15:02:01.348+0600] {dag.py:3239} INFO - Sync 1 DAGs
[2025-03-17T15:02:01.365+0600] {logging_mixin.py:190} INFO - [2025-03-17T15:02:01.364+0600] {dag.py:4180} INFO - Setting next_dagrun for example_dynamic_task_mapping_with_no_taskflow_operators to None, run_after=None
[2025-03-17T15:02:01.399+0600] {processor.py:208} INFO - Processing /home/shamim/airflow_venv/lib/python3.12/site-packages/airflow/example_dags/example_dynamic_task_mapping_with_no_taskflow_operators.py took 0.096 seconds
[2025-03-17T15:03:12.963+0600] {processor.py:186} INFO - Started process (PID=19613) to work on /home/shamim/airflow_venv/lib/python3.12/site-packages/airflow/example_dags/example_dynamic_task_mapping_with_no_taskflow_operators.py
[2025-03-17T15:03:12.964+0600] {processor.py:914} INFO - Processing file /home/shamim/airflow_venv/lib/python3.12/site-packages/airflow/example_dags/example_dynamic_task_mapping_with_no_taskflow_operators.py for tasks to queue
[2025-03-17T15:03:12.967+0600] {logging_mixin.py:190} INFO - [2025-03-17T15:03:12.966+0600] {dagbag.py:588} INFO - Filling up the DagBag from /home/shamim/airflow_venv/lib/python3.12/site-packages/airflow/example_dags/example_dynamic_task_mapping_with_no_taskflow_operators.py
[2025-03-17T15:03:12.976+0600] {processor.py:925} INFO - DAG(s) 'example_dynamic_task_mapping_with_no_taskflow_operators' retrieved from /home/shamim/airflow_venv/lib/python3.12/site-packages/airflow/example_dags/example_dynamic_task_mapping_with_no_taskflow_operators.py
[2025-03-17T15:03:12.994+0600] {logging_mixin.py:190} INFO - [2025-03-17T15:03:12.994+0600] {dag.py:3239} INFO - Sync 1 DAGs
[2025-03-17T15:03:13.010+0600] {logging_mixin.py:190} INFO - [2025-03-17T15:03:13.010+0600] {dag.py:4180} INFO - Setting next_dagrun for example_dynamic_task_mapping_with_no_taskflow_operators to None, run_after=None
[2025-03-17T15:03:13.031+0600] {processor.py:208} INFO - Processing /home/shamim/airflow_venv/lib/python3.12/site-packages/airflow/example_dags/example_dynamic_task_mapping_with_no_taskflow_operators.py took 0.076 seconds
[2025-03-17T15:06:17.173+0600] {processor.py:186} INFO - Started process (PID=19854) to work on /home/shamim/airflow_venv/lib/python3.12/site-packages/airflow/example_dags/example_dynamic_task_mapping_with_no_taskflow_operators.py
[2025-03-17T15:06:17.193+0600] {processor.py:914} INFO - Processing file /home/shamim/airflow_venv/lib/python3.12/site-packages/airflow/example_dags/example_dynamic_task_mapping_with_no_taskflow_operators.py for tasks to queue
[2025-03-17T15:06:17.197+0600] {logging_mixin.py:190} INFO - [2025-03-17T15:06:17.196+0600] {dagbag.py:588} INFO - Filling up the DagBag from /home/shamim/airflow_venv/lib/python3.12/site-packages/airflow/example_dags/example_dynamic_task_mapping_with_no_taskflow_operators.py
[2025-03-17T15:06:17.217+0600] {processor.py:925} INFO - DAG(s) 'example_dynamic_task_mapping_with_no_taskflow_operators' retrieved from /home/shamim/airflow_venv/lib/python3.12/site-packages/airflow/example_dags/example_dynamic_task_mapping_with_no_taskflow_operators.py
[2025-03-17T15:06:17.254+0600] {logging_mixin.py:190} INFO - [2025-03-17T15:06:17.254+0600] {dag.py:3239} INFO - Sync 1 DAGs
[2025-03-17T15:06:17.285+0600] {logging_mixin.py:190} INFO - [2025-03-17T15:06:17.285+0600] {dag.py:4180} INFO - Setting next_dagrun for example_dynamic_task_mapping_with_no_taskflow_operators to None, run_after=None
[2025-03-17T15:06:17.328+0600] {processor.py:208} INFO - Processing /home/shamim/airflow_venv/lib/python3.12/site-packages/airflow/example_dags/example_dynamic_task_mapping_with_no_taskflow_operators.py took 0.165 seconds
[2025-03-17T15:07:54.309+0600] {processor.py:186} INFO - Started process (PID=20147) to work on /home/shamim/airflow_venv/lib/python3.12/site-packages/airflow/example_dags/example_dynamic_task_mapping_with_no_taskflow_operators.py
[2025-03-17T15:07:54.325+0600] {processor.py:914} INFO - Processing file /home/shamim/airflow_venv/lib/python3.12/site-packages/airflow/example_dags/example_dynamic_task_mapping_with_no_taskflow_operators.py for tasks to queue
[2025-03-17T15:07:54.331+0600] {logging_mixin.py:190} INFO - [2025-03-17T15:07:54.330+0600] {dagbag.py:588} INFO - Filling up the DagBag from /home/shamim/airflow_venv/lib/python3.12/site-packages/airflow/example_dags/example_dynamic_task_mapping_with_no_taskflow_operators.py
[2025-03-17T15:07:54.362+0600] {processor.py:925} INFO - DAG(s) 'example_dynamic_task_mapping_with_no_taskflow_operators' retrieved from /home/shamim/airflow_venv/lib/python3.12/site-packages/airflow/example_dags/example_dynamic_task_mapping_with_no_taskflow_operators.py
[2025-03-17T15:07:54.401+0600] {logging_mixin.py:190} INFO - [2025-03-17T15:07:54.401+0600] {dag.py:3239} INFO - Sync 1 DAGs
[2025-03-17T15:07:54.426+0600] {logging_mixin.py:190} INFO - [2025-03-17T15:07:54.425+0600] {dag.py:4180} INFO - Setting next_dagrun for example_dynamic_task_mapping_with_no_taskflow_operators to None, run_after=None
[2025-03-17T15:07:54.465+0600] {processor.py:208} INFO - Processing /home/shamim/airflow_venv/lib/python3.12/site-packages/airflow/example_dags/example_dynamic_task_mapping_with_no_taskflow_operators.py took 0.168 seconds
[2025-03-17T15:09:11.264+0600] {processor.py:186} INFO - Started process (PID=20308) to work on /home/shamim/airflow_venv/lib/python3.12/site-packages/airflow/example_dags/example_dynamic_task_mapping_with_no_taskflow_operators.py
[2025-03-17T15:09:11.270+0600] {processor.py:914} INFO - Processing file /home/shamim/airflow_venv/lib/python3.12/site-packages/airflow/example_dags/example_dynamic_task_mapping_with_no_taskflow_operators.py for tasks to queue
[2025-03-17T15:09:11.272+0600] {logging_mixin.py:190} INFO - [2025-03-17T15:09:11.272+0600] {dagbag.py:588} INFO - Filling up the DagBag from /home/shamim/airflow_venv/lib/python3.12/site-packages/airflow/example_dags/example_dynamic_task_mapping_with_no_taskflow_operators.py
[2025-03-17T15:09:11.283+0600] {processor.py:925} INFO - DAG(s) 'example_dynamic_task_mapping_with_no_taskflow_operators' retrieved from /home/shamim/airflow_venv/lib/python3.12/site-packages/airflow/example_dags/example_dynamic_task_mapping_with_no_taskflow_operators.py
[2025-03-17T15:09:11.304+0600] {logging_mixin.py:190} INFO - [2025-03-17T15:09:11.303+0600] {dag.py:3239} INFO - Sync 1 DAGs
[2025-03-17T15:09:11.321+0600] {logging_mixin.py:190} INFO - [2025-03-17T15:09:11.321+0600] {dag.py:4180} INFO - Setting next_dagrun for example_dynamic_task_mapping_with_no_taskflow_operators to None, run_after=None
[2025-03-17T15:09:11.358+0600] {processor.py:208} INFO - Processing /home/shamim/airflow_venv/lib/python3.12/site-packages/airflow/example_dags/example_dynamic_task_mapping_with_no_taskflow_operators.py took 0.101 seconds
[2025-03-17T15:14:50.174+0600] {processor.py:186} INFO - Started process (PID=20942) to work on /home/shamim/airflow_venv/lib/python3.12/site-packages/airflow/example_dags/example_dynamic_task_mapping_with_no_taskflow_operators.py
[2025-03-17T15:14:50.175+0600] {processor.py:914} INFO - Processing file /home/shamim/airflow_venv/lib/python3.12/site-packages/airflow/example_dags/example_dynamic_task_mapping_with_no_taskflow_operators.py for tasks to queue
[2025-03-17T15:14:50.178+0600] {logging_mixin.py:190} INFO - [2025-03-17T15:14:50.177+0600] {dagbag.py:588} INFO - Filling up the DagBag from /home/shamim/airflow_venv/lib/python3.12/site-packages/airflow/example_dags/example_dynamic_task_mapping_with_no_taskflow_operators.py
[2025-03-17T15:14:50.188+0600] {processor.py:925} INFO - DAG(s) 'example_dynamic_task_mapping_with_no_taskflow_operators' retrieved from /home/shamim/airflow_venv/lib/python3.12/site-packages/airflow/example_dags/example_dynamic_task_mapping_with_no_taskflow_operators.py
[2025-03-17T15:14:50.206+0600] {logging_mixin.py:190} INFO - [2025-03-17T15:14:50.205+0600] {dag.py:3239} INFO - Sync 1 DAGs
[2025-03-17T15:14:50.221+0600] {logging_mixin.py:190} INFO - [2025-03-17T15:14:50.221+0600] {dag.py:4180} INFO - Setting next_dagrun for example_dynamic_task_mapping_with_no_taskflow_operators to None, run_after=None
[2025-03-17T15:14:50.256+0600] {processor.py:208} INFO - Processing /home/shamim/airflow_venv/lib/python3.12/site-packages/airflow/example_dags/example_dynamic_task_mapping_with_no_taskflow_operators.py took 0.089 seconds
[2025-03-17T15:26:13.197+0600] {processor.py:186} INFO - Started process (PID=22442) to work on /home/shamim/airflow_venv/lib/python3.12/site-packages/airflow/example_dags/example_dynamic_task_mapping_with_no_taskflow_operators.py
[2025-03-17T15:26:13.200+0600] {processor.py:914} INFO - Processing file /home/shamim/airflow_venv/lib/python3.12/site-packages/airflow/example_dags/example_dynamic_task_mapping_with_no_taskflow_operators.py for tasks to queue
[2025-03-17T15:26:13.203+0600] {logging_mixin.py:190} INFO - [2025-03-17T15:26:13.202+0600] {dagbag.py:588} INFO - Filling up the DagBag from /home/shamim/airflow_venv/lib/python3.12/site-packages/airflow/example_dags/example_dynamic_task_mapping_with_no_taskflow_operators.py
[2025-03-17T15:26:13.214+0600] {processor.py:925} INFO - DAG(s) 'example_dynamic_task_mapping_with_no_taskflow_operators' retrieved from /home/shamim/airflow_venv/lib/python3.12/site-packages/airflow/example_dags/example_dynamic_task_mapping_with_no_taskflow_operators.py
[2025-03-17T15:26:13.233+0600] {logging_mixin.py:190} INFO - [2025-03-17T15:26:13.233+0600] {dag.py:3239} INFO - Sync 1 DAGs
[2025-03-17T15:26:13.251+0600] {logging_mixin.py:190} INFO - [2025-03-17T15:26:13.250+0600] {dag.py:4180} INFO - Setting next_dagrun for example_dynamic_task_mapping_with_no_taskflow_operators to None, run_after=None
[2025-03-17T15:26:13.275+0600] {processor.py:208} INFO - Processing /home/shamim/airflow_venv/lib/python3.12/site-packages/airflow/example_dags/example_dynamic_task_mapping_with_no_taskflow_operators.py took 0.085 seconds
[2025-03-17T15:30:40.263+0600] {processor.py:186} INFO - Started process (PID=23120) to work on /home/shamim/airflow_venv/lib/python3.12/site-packages/airflow/example_dags/example_dynamic_task_mapping_with_no_taskflow_operators.py
[2025-03-17T15:30:40.269+0600] {processor.py:914} INFO - Processing file /home/shamim/airflow_venv/lib/python3.12/site-packages/airflow/example_dags/example_dynamic_task_mapping_with_no_taskflow_operators.py for tasks to queue
[2025-03-17T15:30:40.272+0600] {logging_mixin.py:190} INFO - [2025-03-17T15:30:40.272+0600] {dagbag.py:588} INFO - Filling up the DagBag from /home/shamim/airflow_venv/lib/python3.12/site-packages/airflow/example_dags/example_dynamic_task_mapping_with_no_taskflow_operators.py
[2025-03-17T15:30:40.285+0600] {processor.py:925} INFO - DAG(s) 'example_dynamic_task_mapping_with_no_taskflow_operators' retrieved from /home/shamim/airflow_venv/lib/python3.12/site-packages/airflow/example_dags/example_dynamic_task_mapping_with_no_taskflow_operators.py
[2025-03-17T15:30:40.307+0600] {logging_mixin.py:190} INFO - [2025-03-17T15:30:40.307+0600] {dag.py:3239} INFO - Sync 1 DAGs
[2025-03-17T15:30:40.324+0600] {logging_mixin.py:190} INFO - [2025-03-17T15:30:40.324+0600] {dag.py:4180} INFO - Setting next_dagrun for example_dynamic_task_mapping_with_no_taskflow_operators to None, run_after=None
[2025-03-17T15:30:40.351+0600] {processor.py:208} INFO - Processing /home/shamim/airflow_venv/lib/python3.12/site-packages/airflow/example_dags/example_dynamic_task_mapping_with_no_taskflow_operators.py took 0.097 seconds
[2025-03-17T15:32:10.209+0600] {processor.py:186} INFO - Started process (PID=23302) to work on /home/shamim/airflow_venv/lib/python3.12/site-packages/airflow/example_dags/example_dynamic_task_mapping_with_no_taskflow_operators.py
[2025-03-17T15:32:10.210+0600] {processor.py:914} INFO - Processing file /home/shamim/airflow_venv/lib/python3.12/site-packages/airflow/example_dags/example_dynamic_task_mapping_with_no_taskflow_operators.py for tasks to queue
[2025-03-17T15:32:10.214+0600] {logging_mixin.py:190} INFO - [2025-03-17T15:32:10.213+0600] {dagbag.py:588} INFO - Filling up the DagBag from /home/shamim/airflow_venv/lib/python3.12/site-packages/airflow/example_dags/example_dynamic_task_mapping_with_no_taskflow_operators.py
[2025-03-17T15:32:10.229+0600] {processor.py:925} INFO - DAG(s) 'example_dynamic_task_mapping_with_no_taskflow_operators' retrieved from /home/shamim/airflow_venv/lib/python3.12/site-packages/airflow/example_dags/example_dynamic_task_mapping_with_no_taskflow_operators.py
[2025-03-17T15:32:10.253+0600] {logging_mixin.py:190} INFO - [2025-03-17T15:32:10.253+0600] {dag.py:3239} INFO - Sync 1 DAGs
[2025-03-17T15:32:10.274+0600] {logging_mixin.py:190} INFO - [2025-03-17T15:32:10.274+0600] {dag.py:4180} INFO - Setting next_dagrun for example_dynamic_task_mapping_with_no_taskflow_operators to None, run_after=None
[2025-03-17T15:32:10.303+0600] {processor.py:208} INFO - Processing /home/shamim/airflow_venv/lib/python3.12/site-packages/airflow/example_dags/example_dynamic_task_mapping_with_no_taskflow_operators.py took 0.107 seconds
[2025-03-17T15:33:37.929+0600] {processor.py:186} INFO - Started process (PID=23443) to work on /home/shamim/airflow_venv/lib/python3.12/site-packages/airflow/example_dags/example_dynamic_task_mapping_with_no_taskflow_operators.py
[2025-03-17T15:33:37.935+0600] {processor.py:914} INFO - Processing file /home/shamim/airflow_venv/lib/python3.12/site-packages/airflow/example_dags/example_dynamic_task_mapping_with_no_taskflow_operators.py for tasks to queue
[2025-03-17T15:33:37.937+0600] {logging_mixin.py:190} INFO - [2025-03-17T15:33:37.937+0600] {dagbag.py:588} INFO - Filling up the DagBag from /home/shamim/airflow_venv/lib/python3.12/site-packages/airflow/example_dags/example_dynamic_task_mapping_with_no_taskflow_operators.py
[2025-03-17T15:33:37.949+0600] {processor.py:925} INFO - DAG(s) 'example_dynamic_task_mapping_with_no_taskflow_operators' retrieved from /home/shamim/airflow_venv/lib/python3.12/site-packages/airflow/example_dags/example_dynamic_task_mapping_with_no_taskflow_operators.py
[2025-03-17T15:33:37.967+0600] {logging_mixin.py:190} INFO - [2025-03-17T15:33:37.967+0600] {dag.py:3239} INFO - Sync 1 DAGs
[2025-03-17T15:33:37.984+0600] {logging_mixin.py:190} INFO - [2025-03-17T15:33:37.983+0600] {dag.py:4180} INFO - Setting next_dagrun for example_dynamic_task_mapping_with_no_taskflow_operators to None, run_after=None
[2025-03-17T15:33:38.019+0600] {processor.py:208} INFO - Processing /home/shamim/airflow_venv/lib/python3.12/site-packages/airflow/example_dags/example_dynamic_task_mapping_with_no_taskflow_operators.py took 0.098 seconds
[2025-03-17T15:35:12.483+0600] {processor.py:186} INFO - Started process (PID=23625) to work on /home/shamim/airflow_venv/lib/python3.12/site-packages/airflow/example_dags/example_dynamic_task_mapping_with_no_taskflow_operators.py
[2025-03-17T15:35:12.498+0600] {processor.py:914} INFO - Processing file /home/shamim/airflow_venv/lib/python3.12/site-packages/airflow/example_dags/example_dynamic_task_mapping_with_no_taskflow_operators.py for tasks to queue
[2025-03-17T15:35:12.506+0600] {logging_mixin.py:190} INFO - [2025-03-17T15:35:12.503+0600] {dagbag.py:588} INFO - Filling up the DagBag from /home/shamim/airflow_venv/lib/python3.12/site-packages/airflow/example_dags/example_dynamic_task_mapping_with_no_taskflow_operators.py
[2025-03-17T15:35:12.528+0600] {processor.py:925} INFO - DAG(s) 'example_dynamic_task_mapping_with_no_taskflow_operators' retrieved from /home/shamim/airflow_venv/lib/python3.12/site-packages/airflow/example_dags/example_dynamic_task_mapping_with_no_taskflow_operators.py
[2025-03-17T15:35:12.549+0600] {logging_mixin.py:190} INFO - [2025-03-17T15:35:12.548+0600] {dag.py:3239} INFO - Sync 1 DAGs
[2025-03-17T15:35:12.568+0600] {logging_mixin.py:190} INFO - [2025-03-17T15:35:12.568+0600] {dag.py:4180} INFO - Setting next_dagrun for example_dynamic_task_mapping_with_no_taskflow_operators to None, run_after=None
[2025-03-17T15:35:12.593+0600] {processor.py:208} INFO - Processing /home/shamim/airflow_venv/lib/python3.12/site-packages/airflow/example_dags/example_dynamic_task_mapping_with_no_taskflow_operators.py took 0.119 seconds
[2025-03-17T15:36:38.868+0600] {processor.py:186} INFO - Started process (PID=23795) to work on /home/shamim/airflow_venv/lib/python3.12/site-packages/airflow/example_dags/example_dynamic_task_mapping_with_no_taskflow_operators.py
[2025-03-17T15:36:38.876+0600] {processor.py:914} INFO - Processing file /home/shamim/airflow_venv/lib/python3.12/site-packages/airflow/example_dags/example_dynamic_task_mapping_with_no_taskflow_operators.py for tasks to queue
[2025-03-17T15:36:38.883+0600] {logging_mixin.py:190} INFO - [2025-03-17T15:36:38.882+0600] {dagbag.py:588} INFO - Filling up the DagBag from /home/shamim/airflow_venv/lib/python3.12/site-packages/airflow/example_dags/example_dynamic_task_mapping_with_no_taskflow_operators.py
[2025-03-17T15:36:38.912+0600] {processor.py:925} INFO - DAG(s) 'example_dynamic_task_mapping_with_no_taskflow_operators' retrieved from /home/shamim/airflow_venv/lib/python3.12/site-packages/airflow/example_dags/example_dynamic_task_mapping_with_no_taskflow_operators.py
[2025-03-17T15:36:38.935+0600] {logging_mixin.py:190} INFO - [2025-03-17T15:36:38.935+0600] {dag.py:3239} INFO - Sync 1 DAGs
[2025-03-17T15:36:38.956+0600] {logging_mixin.py:190} INFO - [2025-03-17T15:36:38.956+0600] {dag.py:4180} INFO - Setting next_dagrun for example_dynamic_task_mapping_with_no_taskflow_operators to None, run_after=None
[2025-03-17T15:36:38.994+0600] {processor.py:208} INFO - Processing /home/shamim/airflow_venv/lib/python3.12/site-packages/airflow/example_dags/example_dynamic_task_mapping_with_no_taskflow_operators.py took 0.148 seconds
