[2025-03-17T15:00:32.251+0600] {processor.py:186} INFO - Started process (PID=19368) to work on /home/shamim/airflow_venv/lib/python3.12/site-packages/airflow/example_dags/example_external_task_marker_dag.py
[2025-03-17T15:00:32.252+0600] {processor.py:914} INFO - Processing file /home/shamim/airflow_venv/lib/python3.12/site-packages/airflow/example_dags/example_external_task_marker_dag.py for tasks to queue
[2025-03-17T15:00:32.255+0600] {logging_mixin.py:190} INFO - [2025-03-17T15:00:32.254+0600] {dagbag.py:588} INFO - Filling up the DagBag from /home/shamim/airflow_venv/lib/python3.12/site-packages/airflow/example_dags/example_external_task_marker_dag.py
[2025-03-17T15:00:32.266+0600] {processor.py:925} INFO - DAG(s) 'example_external_task_marker_parent', 'example_external_task_marker_child' retrieved from /home/shamim/airflow_venv/lib/python3.12/site-packages/airflow/example_dags/example_external_task_marker_dag.py
[2025-03-17T15:00:32.401+0600] {logging_mixin.py:190} INFO - [2025-03-17T15:00:32.401+0600] {override.py:1930} INFO - Created Permission View: can read on DAG:example_external_task_marker_parent
[2025-03-17T15:00:32.413+0600] {logging_mixin.py:190} INFO - [2025-03-17T15:00:32.413+0600] {override.py:1930} INFO - Created Permission View: can delete on DAG:example_external_task_marker_parent
[2025-03-17T15:00:32.421+0600] {logging_mixin.py:190} INFO - [2025-03-17T15:00:32.420+0600] {override.py:1930} INFO - Created Permission View: can edit on DAG:example_external_task_marker_parent
[2025-03-17T15:00:32.432+0600] {logging_mixin.py:190} INFO - [2025-03-17T15:00:32.431+0600] {override.py:1930} INFO - Created Permission View: can create on DAG Run:example_external_task_marker_parent
[2025-03-17T15:00:32.440+0600] {logging_mixin.py:190} INFO - [2025-03-17T15:00:32.439+0600] {override.py:1930} INFO - Created Permission View: can read on DAG Run:example_external_task_marker_parent
[2025-03-17T15:00:32.448+0600] {logging_mixin.py:190} INFO - [2025-03-17T15:00:32.447+0600] {override.py:1930} INFO - Created Permission View: can delete on DAG Run:example_external_task_marker_parent
[2025-03-17T15:00:32.456+0600] {logging_mixin.py:190} INFO - [2025-03-17T15:00:32.456+0600] {override.py:1930} INFO - Created Permission View: menu access on DAG Run:example_external_task_marker_parent
[2025-03-17T15:00:32.475+0600] {logging_mixin.py:190} INFO - [2025-03-17T15:00:32.475+0600] {override.py:1930} INFO - Created Permission View: can read on DAG:example_external_task_marker_child
[2025-03-17T15:00:32.483+0600] {logging_mixin.py:190} INFO - [2025-03-17T15:00:32.482+0600] {override.py:1930} INFO - Created Permission View: can delete on DAG:example_external_task_marker_child
[2025-03-17T15:00:32.491+0600] {logging_mixin.py:190} INFO - [2025-03-17T15:00:32.490+0600] {override.py:1930} INFO - Created Permission View: can edit on DAG:example_external_task_marker_child
[2025-03-17T15:00:32.501+0600] {logging_mixin.py:190} INFO - [2025-03-17T15:00:32.501+0600] {override.py:1930} INFO - Created Permission View: can create on DAG Run:example_external_task_marker_child
[2025-03-17T15:00:32.510+0600] {logging_mixin.py:190} INFO - [2025-03-17T15:00:32.509+0600] {override.py:1930} INFO - Created Permission View: can read on DAG Run:example_external_task_marker_child
[2025-03-17T15:00:32.517+0600] {logging_mixin.py:190} INFO - [2025-03-17T15:00:32.517+0600] {override.py:1930} INFO - Created Permission View: can delete on DAG Run:example_external_task_marker_child
[2025-03-17T15:00:32.528+0600] {logging_mixin.py:190} INFO - [2025-03-17T15:00:32.527+0600] {override.py:1930} INFO - Created Permission View: menu access on DAG Run:example_external_task_marker_child
[2025-03-17T15:00:32.528+0600] {logging_mixin.py:190} INFO - [2025-03-17T15:00:32.528+0600] {dag.py:3239} INFO - Sync 2 DAGs
[2025-03-17T15:00:32.542+0600] {logging_mixin.py:190} INFO - [2025-03-17T15:00:32.542+0600] {dag.py:3262} INFO - Creating ORM DAG for example_external_task_marker_child
[2025-03-17T15:00:32.543+0600] {logging_mixin.py:190} INFO - [2025-03-17T15:00:32.543+0600] {dag.py:3262} INFO - Creating ORM DAG for example_external_task_marker_parent
[2025-03-17T15:00:32.544+0600] {logging_mixin.py:190} INFO - [2025-03-17T15:00:32.544+0600] {dag.py:4180} INFO - Setting next_dagrun for example_external_task_marker_child to None, run_after=None
[2025-03-17T15:00:32.544+0600] {logging_mixin.py:190} INFO - [2025-03-17T15:00:32.544+0600] {dag.py:4180} INFO - Setting next_dagrun for example_external_task_marker_parent to None, run_after=None
[2025-03-17T15:00:32.566+0600] {processor.py:208} INFO - Processing /home/shamim/airflow_venv/lib/python3.12/site-packages/airflow/example_dags/example_external_task_marker_dag.py took 0.321 seconds
[2025-03-17T15:01:56.602+0600] {processor.py:186} INFO - Started process (PID=19483) to work on /home/shamim/airflow_venv/lib/python3.12/site-packages/airflow/example_dags/example_external_task_marker_dag.py
[2025-03-17T15:01:56.608+0600] {processor.py:914} INFO - Processing file /home/shamim/airflow_venv/lib/python3.12/site-packages/airflow/example_dags/example_external_task_marker_dag.py for tasks to queue
[2025-03-17T15:01:56.611+0600] {logging_mixin.py:190} INFO - [2025-03-17T15:01:56.611+0600] {dagbag.py:588} INFO - Filling up the DagBag from /home/shamim/airflow_venv/lib/python3.12/site-packages/airflow/example_dags/example_external_task_marker_dag.py
[2025-03-17T15:01:56.621+0600] {processor.py:925} INFO - DAG(s) 'example_external_task_marker_parent', 'example_external_task_marker_child' retrieved from /home/shamim/airflow_venv/lib/python3.12/site-packages/airflow/example_dags/example_external_task_marker_dag.py
[2025-03-17T15:01:56.646+0600] {logging_mixin.py:190} INFO - [2025-03-17T15:01:56.646+0600] {dag.py:3239} INFO - Sync 2 DAGs
[2025-03-17T15:01:56.664+0600] {logging_mixin.py:190} INFO - [2025-03-17T15:01:56.664+0600] {dag.py:4180} INFO - Setting next_dagrun for example_external_task_marker_child to None, run_after=None
[2025-03-17T15:01:56.669+0600] {logging_mixin.py:190} INFO - [2025-03-17T15:01:56.669+0600] {dag.py:4180} INFO - Setting next_dagrun for example_external_task_marker_parent to None, run_after=None
[2025-03-17T15:01:56.704+0600] {processor.py:208} INFO - Processing /home/shamim/airflow_venv/lib/python3.12/site-packages/airflow/example_dags/example_external_task_marker_dag.py took 0.110 seconds
[2025-03-17T15:03:07.795+0600] {processor.py:186} INFO - Started process (PID=19609) to work on /home/shamim/airflow_venv/lib/python3.12/site-packages/airflow/example_dags/example_external_task_marker_dag.py
[2025-03-17T15:03:07.802+0600] {processor.py:914} INFO - Processing file /home/shamim/airflow_venv/lib/python3.12/site-packages/airflow/example_dags/example_external_task_marker_dag.py for tasks to queue
[2025-03-17T15:03:07.805+0600] {logging_mixin.py:190} INFO - [2025-03-17T15:03:07.805+0600] {dagbag.py:588} INFO - Filling up the DagBag from /home/shamim/airflow_venv/lib/python3.12/site-packages/airflow/example_dags/example_external_task_marker_dag.py
[2025-03-17T15:03:07.816+0600] {processor.py:925} INFO - DAG(s) 'example_external_task_marker_parent', 'example_external_task_marker_child' retrieved from /home/shamim/airflow_venv/lib/python3.12/site-packages/airflow/example_dags/example_external_task_marker_dag.py
[2025-03-17T15:03:07.839+0600] {logging_mixin.py:190} INFO - [2025-03-17T15:03:07.839+0600] {dag.py:3239} INFO - Sync 2 DAGs
[2025-03-17T15:03:07.854+0600] {logging_mixin.py:190} INFO - [2025-03-17T15:03:07.854+0600] {dag.py:4180} INFO - Setting next_dagrun for example_external_task_marker_child to None, run_after=None
[2025-03-17T15:03:07.858+0600] {logging_mixin.py:190} INFO - [2025-03-17T15:03:07.858+0600] {dag.py:4180} INFO - Setting next_dagrun for example_external_task_marker_parent to None, run_after=None
[2025-03-17T15:03:07.880+0600] {processor.py:208} INFO - Processing /home/shamim/airflow_venv/lib/python3.12/site-packages/airflow/example_dags/example_external_task_marker_dag.py took 0.092 seconds
[2025-03-17T15:04:22.700+0600] {processor.py:186} INFO - Started process (PID=19701) to work on /home/shamim/airflow_venv/lib/python3.12/site-packages/airflow/example_dags/example_external_task_marker_dag.py
[2025-03-17T15:04:22.706+0600] {processor.py:914} INFO - Processing file /home/shamim/airflow_venv/lib/python3.12/site-packages/airflow/example_dags/example_external_task_marker_dag.py for tasks to queue
[2025-03-17T15:04:22.709+0600] {logging_mixin.py:190} INFO - [2025-03-17T15:04:22.708+0600] {dagbag.py:588} INFO - Filling up the DagBag from /home/shamim/airflow_venv/lib/python3.12/site-packages/airflow/example_dags/example_external_task_marker_dag.py
[2025-03-17T15:04:22.720+0600] {processor.py:925} INFO - DAG(s) 'example_external_task_marker_child', 'example_external_task_marker_parent' retrieved from /home/shamim/airflow_venv/lib/python3.12/site-packages/airflow/example_dags/example_external_task_marker_dag.py
[2025-03-17T15:04:22.741+0600] {logging_mixin.py:190} INFO - [2025-03-17T15:04:22.741+0600] {dag.py:3239} INFO - Sync 2 DAGs
[2025-03-17T15:04:22.758+0600] {logging_mixin.py:190} INFO - [2025-03-17T15:04:22.757+0600] {dag.py:4180} INFO - Setting next_dagrun for example_external_task_marker_child to None, run_after=None
[2025-03-17T15:04:22.763+0600] {logging_mixin.py:190} INFO - [2025-03-17T15:04:22.763+0600] {dag.py:4180} INFO - Setting next_dagrun for example_external_task_marker_parent to None, run_after=None
[2025-03-17T15:04:22.796+0600] {processor.py:208} INFO - Processing /home/shamim/airflow_venv/lib/python3.12/site-packages/airflow/example_dags/example_external_task_marker_dag.py took 0.103 seconds
[2025-03-17T15:06:11.204+0600] {processor.py:186} INFO - Started process (PID=19846) to work on /home/shamim/airflow_venv/lib/python3.12/site-packages/airflow/example_dags/example_external_task_marker_dag.py
[2025-03-17T15:06:11.205+0600] {processor.py:914} INFO - Processing file /home/shamim/airflow_venv/lib/python3.12/site-packages/airflow/example_dags/example_external_task_marker_dag.py for tasks to queue
[2025-03-17T15:06:11.209+0600] {logging_mixin.py:190} INFO - [2025-03-17T15:06:11.209+0600] {dagbag.py:588} INFO - Filling up the DagBag from /home/shamim/airflow_venv/lib/python3.12/site-packages/airflow/example_dags/example_external_task_marker_dag.py
[2025-03-17T15:06:11.234+0600] {processor.py:925} INFO - DAG(s) 'example_external_task_marker_parent', 'example_external_task_marker_child' retrieved from /home/shamim/airflow_venv/lib/python3.12/site-packages/airflow/example_dags/example_external_task_marker_dag.py
[2025-03-17T15:06:11.277+0600] {logging_mixin.py:190} INFO - [2025-03-17T15:06:11.276+0600] {dag.py:3239} INFO - Sync 2 DAGs
[2025-03-17T15:06:11.357+0600] {logging_mixin.py:190} INFO - [2025-03-17T15:06:11.357+0600] {dag.py:4180} INFO - Setting next_dagrun for example_external_task_marker_child to None, run_after=None
[2025-03-17T15:06:11.378+0600] {logging_mixin.py:190} INFO - [2025-03-17T15:06:11.378+0600] {dag.py:4180} INFO - Setting next_dagrun for example_external_task_marker_parent to None, run_after=None
[2025-03-17T15:06:11.436+0600] {processor.py:208} INFO - Processing /home/shamim/airflow_venv/lib/python3.12/site-packages/airflow/example_dags/example_external_task_marker_dag.py took 0.244 seconds
[2025-03-17T15:07:49.106+0600] {processor.py:186} INFO - Started process (PID=20141) to work on /home/shamim/airflow_venv/lib/python3.12/site-packages/airflow/example_dags/example_external_task_marker_dag.py
[2025-03-17T15:07:49.108+0600] {processor.py:914} INFO - Processing file /home/shamim/airflow_venv/lib/python3.12/site-packages/airflow/example_dags/example_external_task_marker_dag.py for tasks to queue
[2025-03-17T15:07:49.111+0600] {logging_mixin.py:190} INFO - [2025-03-17T15:07:49.110+0600] {dagbag.py:588} INFO - Filling up the DagBag from /home/shamim/airflow_venv/lib/python3.12/site-packages/airflow/example_dags/example_external_task_marker_dag.py
[2025-03-17T15:07:49.121+0600] {processor.py:925} INFO - DAG(s) 'example_external_task_marker_child', 'example_external_task_marker_parent' retrieved from /home/shamim/airflow_venv/lib/python3.12/site-packages/airflow/example_dags/example_external_task_marker_dag.py
[2025-03-17T15:07:49.143+0600] {logging_mixin.py:190} INFO - [2025-03-17T15:07:49.142+0600] {dag.py:3239} INFO - Sync 2 DAGs
[2025-03-17T15:07:49.159+0600] {logging_mixin.py:190} INFO - [2025-03-17T15:07:49.159+0600] {dag.py:4180} INFO - Setting next_dagrun for example_external_task_marker_child to None, run_after=None
[2025-03-17T15:07:49.163+0600] {logging_mixin.py:190} INFO - [2025-03-17T15:07:49.163+0600] {dag.py:4180} INFO - Setting next_dagrun for example_external_task_marker_parent to None, run_after=None
[2025-03-17T15:07:49.196+0600] {processor.py:208} INFO - Processing /home/shamim/airflow_venv/lib/python3.12/site-packages/airflow/example_dags/example_external_task_marker_dag.py took 0.098 seconds
[2025-03-17T15:09:05.401+0600] {processor.py:186} INFO - Started process (PID=20294) to work on /home/shamim/airflow_venv/lib/python3.12/site-packages/airflow/example_dags/example_external_task_marker_dag.py
[2025-03-17T15:09:05.422+0600] {processor.py:914} INFO - Processing file /home/shamim/airflow_venv/lib/python3.12/site-packages/airflow/example_dags/example_external_task_marker_dag.py for tasks to queue
[2025-03-17T15:09:05.425+0600] {logging_mixin.py:190} INFO - [2025-03-17T15:09:05.424+0600] {dagbag.py:588} INFO - Filling up the DagBag from /home/shamim/airflow_venv/lib/python3.12/site-packages/airflow/example_dags/example_external_task_marker_dag.py
[2025-03-17T15:09:05.435+0600] {processor.py:925} INFO - DAG(s) 'example_external_task_marker_child', 'example_external_task_marker_parent' retrieved from /home/shamim/airflow_venv/lib/python3.12/site-packages/airflow/example_dags/example_external_task_marker_dag.py
[2025-03-17T15:09:05.461+0600] {logging_mixin.py:190} INFO - [2025-03-17T15:09:05.461+0600] {dag.py:3239} INFO - Sync 2 DAGs
[2025-03-17T15:09:05.479+0600] {logging_mixin.py:190} INFO - [2025-03-17T15:09:05.479+0600] {dag.py:4180} INFO - Setting next_dagrun for example_external_task_marker_child to None, run_after=None
[2025-03-17T15:09:05.484+0600] {logging_mixin.py:190} INFO - [2025-03-17T15:09:05.484+0600] {dag.py:4180} INFO - Setting next_dagrun for example_external_task_marker_parent to None, run_after=None
[2025-03-17T15:09:05.505+0600] {processor.py:208} INFO - Processing /home/shamim/airflow_venv/lib/python3.12/site-packages/airflow/example_dags/example_external_task_marker_dag.py took 0.111 seconds
[2025-03-17T15:14:15.835+0600] {processor.py:186} INFO - Started process (PID=20859) to work on /home/shamim/airflow_venv/lib/python3.12/site-packages/airflow/example_dags/example_external_task_marker_dag.py
[2025-03-17T15:14:15.836+0600] {processor.py:914} INFO - Processing file /home/shamim/airflow_venv/lib/python3.12/site-packages/airflow/example_dags/example_external_task_marker_dag.py for tasks to queue
[2025-03-17T15:14:15.839+0600] {logging_mixin.py:190} INFO - [2025-03-17T15:14:15.839+0600] {dagbag.py:588} INFO - Filling up the DagBag from /home/shamim/airflow_venv/lib/python3.12/site-packages/airflow/example_dags/example_external_task_marker_dag.py
[2025-03-17T15:14:15.850+0600] {processor.py:925} INFO - DAG(s) 'example_external_task_marker_child', 'example_external_task_marker_parent' retrieved from /home/shamim/airflow_venv/lib/python3.12/site-packages/airflow/example_dags/example_external_task_marker_dag.py
[2025-03-17T15:14:15.887+0600] {logging_mixin.py:190} INFO - [2025-03-17T15:14:15.886+0600] {dag.py:3239} INFO - Sync 2 DAGs
[2025-03-17T15:14:15.907+0600] {logging_mixin.py:190} INFO - [2025-03-17T15:14:15.907+0600] {dag.py:4180} INFO - Setting next_dagrun for example_external_task_marker_child to None, run_after=None
[2025-03-17T15:14:15.912+0600] {logging_mixin.py:190} INFO - [2025-03-17T15:14:15.912+0600] {dag.py:4180} INFO - Setting next_dagrun for example_external_task_marker_parent to None, run_after=None
[2025-03-17T15:14:15.934+0600] {processor.py:208} INFO - Processing /home/shamim/airflow_venv/lib/python3.12/site-packages/airflow/example_dags/example_external_task_marker_dag.py took 0.106 seconds
[2025-03-17T15:25:56.833+0600] {processor.py:186} INFO - Started process (PID=22412) to work on /home/shamim/airflow_venv/lib/python3.12/site-packages/airflow/example_dags/example_external_task_marker_dag.py
[2025-03-17T15:25:56.835+0600] {processor.py:914} INFO - Processing file /home/shamim/airflow_venv/lib/python3.12/site-packages/airflow/example_dags/example_external_task_marker_dag.py for tasks to queue
[2025-03-17T15:25:56.838+0600] {logging_mixin.py:190} INFO - [2025-03-17T15:25:56.838+0600] {dagbag.py:588} INFO - Filling up the DagBag from /home/shamim/airflow_venv/lib/python3.12/site-packages/airflow/example_dags/example_external_task_marker_dag.py
[2025-03-17T15:25:56.852+0600] {processor.py:925} INFO - DAG(s) 'example_external_task_marker_child', 'example_external_task_marker_parent' retrieved from /home/shamim/airflow_venv/lib/python3.12/site-packages/airflow/example_dags/example_external_task_marker_dag.py
[2025-03-17T15:25:56.881+0600] {logging_mixin.py:190} INFO - [2025-03-17T15:25:56.881+0600] {dag.py:3239} INFO - Sync 2 DAGs
[2025-03-17T15:25:56.904+0600] {logging_mixin.py:190} INFO - [2025-03-17T15:25:56.904+0600] {dag.py:4180} INFO - Setting next_dagrun for example_external_task_marker_child to None, run_after=None
[2025-03-17T15:25:56.911+0600] {logging_mixin.py:190} INFO - [2025-03-17T15:25:56.911+0600] {dag.py:4180} INFO - Setting next_dagrun for example_external_task_marker_parent to None, run_after=None
[2025-03-17T15:25:56.940+0600] {processor.py:208} INFO - Processing /home/shamim/airflow_venv/lib/python3.12/site-packages/airflow/example_dags/example_external_task_marker_dag.py took 0.115 seconds
[2025-03-17T15:30:35.615+0600] {processor.py:186} INFO - Started process (PID=23116) to work on /home/shamim/airflow_venv/lib/python3.12/site-packages/airflow/example_dags/example_external_task_marker_dag.py
[2025-03-17T15:30:35.621+0600] {processor.py:914} INFO - Processing file /home/shamim/airflow_venv/lib/python3.12/site-packages/airflow/example_dags/example_external_task_marker_dag.py for tasks to queue
[2025-03-17T15:30:35.625+0600] {logging_mixin.py:190} INFO - [2025-03-17T15:30:35.624+0600] {dagbag.py:588} INFO - Filling up the DagBag from /home/shamim/airflow_venv/lib/python3.12/site-packages/airflow/example_dags/example_external_task_marker_dag.py
[2025-03-17T15:30:35.635+0600] {processor.py:925} INFO - DAG(s) 'example_external_task_marker_parent', 'example_external_task_marker_child' retrieved from /home/shamim/airflow_venv/lib/python3.12/site-packages/airflow/example_dags/example_external_task_marker_dag.py
[2025-03-17T15:30:35.658+0600] {logging_mixin.py:190} INFO - [2025-03-17T15:30:35.658+0600] {dag.py:3239} INFO - Sync 2 DAGs
[2025-03-17T15:30:35.675+0600] {logging_mixin.py:190} INFO - [2025-03-17T15:30:35.674+0600] {dag.py:4180} INFO - Setting next_dagrun for example_external_task_marker_child to None, run_after=None
[2025-03-17T15:30:35.679+0600] {logging_mixin.py:190} INFO - [2025-03-17T15:30:35.679+0600] {dag.py:4180} INFO - Setting next_dagrun for example_external_task_marker_parent to None, run_after=None
[2025-03-17T15:30:35.702+0600] {processor.py:208} INFO - Processing /home/shamim/airflow_venv/lib/python3.12/site-packages/airflow/example_dags/example_external_task_marker_dag.py took 0.101 seconds
[2025-03-17T15:32:06.089+0600] {processor.py:186} INFO - Started process (PID=23298) to work on /home/shamim/airflow_venv/lib/python3.12/site-packages/airflow/example_dags/example_external_task_marker_dag.py
[2025-03-17T15:32:06.095+0600] {processor.py:914} INFO - Processing file /home/shamim/airflow_venv/lib/python3.12/site-packages/airflow/example_dags/example_external_task_marker_dag.py for tasks to queue
[2025-03-17T15:32:06.098+0600] {logging_mixin.py:190} INFO - [2025-03-17T15:32:06.098+0600] {dagbag.py:588} INFO - Filling up the DagBag from /home/shamim/airflow_venv/lib/python3.12/site-packages/airflow/example_dags/example_external_task_marker_dag.py
[2025-03-17T15:32:06.109+0600] {processor.py:925} INFO - DAG(s) 'example_external_task_marker_parent', 'example_external_task_marker_child' retrieved from /home/shamim/airflow_venv/lib/python3.12/site-packages/airflow/example_dags/example_external_task_marker_dag.py
[2025-03-17T15:32:06.133+0600] {logging_mixin.py:190} INFO - [2025-03-17T15:32:06.133+0600] {dag.py:3239} INFO - Sync 2 DAGs
[2025-03-17T15:32:06.151+0600] {logging_mixin.py:190} INFO - [2025-03-17T15:32:06.151+0600] {dag.py:4180} INFO - Setting next_dagrun for example_external_task_marker_child to None, run_after=None
[2025-03-17T15:32:06.155+0600] {logging_mixin.py:190} INFO - [2025-03-17T15:32:06.155+0600] {dag.py:4180} INFO - Setting next_dagrun for example_external_task_marker_parent to None, run_after=None
[2025-03-17T15:32:06.178+0600] {processor.py:208} INFO - Processing /home/shamim/airflow_venv/lib/python3.12/site-packages/airflow/example_dags/example_external_task_marker_dag.py took 0.096 seconds
[2025-03-17T15:33:33.188+0600] {processor.py:186} INFO - Started process (PID=23439) to work on /home/shamim/airflow_venv/lib/python3.12/site-packages/airflow/example_dags/example_external_task_marker_dag.py
[2025-03-17T15:33:33.194+0600] {processor.py:914} INFO - Processing file /home/shamim/airflow_venv/lib/python3.12/site-packages/airflow/example_dags/example_external_task_marker_dag.py for tasks to queue
[2025-03-17T15:33:33.197+0600] {logging_mixin.py:190} INFO - [2025-03-17T15:33:33.197+0600] {dagbag.py:588} INFO - Filling up the DagBag from /home/shamim/airflow_venv/lib/python3.12/site-packages/airflow/example_dags/example_external_task_marker_dag.py
[2025-03-17T15:33:33.208+0600] {processor.py:925} INFO - DAG(s) 'example_external_task_marker_child', 'example_external_task_marker_parent' retrieved from /home/shamim/airflow_venv/lib/python3.12/site-packages/airflow/example_dags/example_external_task_marker_dag.py
[2025-03-17T15:33:33.230+0600] {logging_mixin.py:190} INFO - [2025-03-17T15:33:33.229+0600] {dag.py:3239} INFO - Sync 2 DAGs
[2025-03-17T15:33:33.247+0600] {logging_mixin.py:190} INFO - [2025-03-17T15:33:33.247+0600] {dag.py:4180} INFO - Setting next_dagrun for example_external_task_marker_child to None, run_after=None
[2025-03-17T15:33:33.251+0600] {logging_mixin.py:190} INFO - [2025-03-17T15:33:33.251+0600] {dag.py:4180} INFO - Setting next_dagrun for example_external_task_marker_parent to None, run_after=None
[2025-03-17T15:33:33.284+0600] {processor.py:208} INFO - Processing /home/shamim/airflow_venv/lib/python3.12/site-packages/airflow/example_dags/example_external_task_marker_dag.py took 0.103 seconds
[2025-03-17T15:35:07.490+0600] {processor.py:186} INFO - Started process (PID=23621) to work on /home/shamim/airflow_venv/lib/python3.12/site-packages/airflow/example_dags/example_external_task_marker_dag.py
[2025-03-17T15:35:07.491+0600] {processor.py:914} INFO - Processing file /home/shamim/airflow_venv/lib/python3.12/site-packages/airflow/example_dags/example_external_task_marker_dag.py for tasks to queue
[2025-03-17T15:35:07.494+0600] {logging_mixin.py:190} INFO - [2025-03-17T15:35:07.494+0600] {dagbag.py:588} INFO - Filling up the DagBag from /home/shamim/airflow_venv/lib/python3.12/site-packages/airflow/example_dags/example_external_task_marker_dag.py
[2025-03-17T15:35:07.506+0600] {processor.py:925} INFO - DAG(s) 'example_external_task_marker_child', 'example_external_task_marker_parent' retrieved from /home/shamim/airflow_venv/lib/python3.12/site-packages/airflow/example_dags/example_external_task_marker_dag.py
[2025-03-17T15:35:07.530+0600] {logging_mixin.py:190} INFO - [2025-03-17T15:35:07.530+0600] {dag.py:3239} INFO - Sync 2 DAGs
[2025-03-17T15:35:07.549+0600] {logging_mixin.py:190} INFO - [2025-03-17T15:35:07.549+0600] {dag.py:4180} INFO - Setting next_dagrun for example_external_task_marker_child to None, run_after=None
[2025-03-17T15:35:07.553+0600] {logging_mixin.py:190} INFO - [2025-03-17T15:35:07.553+0600] {dag.py:4180} INFO - Setting next_dagrun for example_external_task_marker_parent to None, run_after=None
[2025-03-17T15:35:07.587+0600] {processor.py:208} INFO - Processing /home/shamim/airflow_venv/lib/python3.12/site-packages/airflow/example_dags/example_external_task_marker_dag.py took 0.107 seconds
[2025-03-17T15:36:33.036+0600] {processor.py:186} INFO - Started process (PID=23776) to work on /home/shamim/airflow_venv/lib/python3.12/site-packages/airflow/example_dags/example_external_task_marker_dag.py
[2025-03-17T15:36:33.050+0600] {processor.py:914} INFO - Processing file /home/shamim/airflow_venv/lib/python3.12/site-packages/airflow/example_dags/example_external_task_marker_dag.py for tasks to queue
[2025-03-17T15:36:33.063+0600] {logging_mixin.py:190} INFO - [2025-03-17T15:36:33.061+0600] {dagbag.py:588} INFO - Filling up the DagBag from /home/shamim/airflow_venv/lib/python3.12/site-packages/airflow/example_dags/example_external_task_marker_dag.py
[2025-03-17T15:36:33.099+0600] {processor.py:925} INFO - DAG(s) 'example_external_task_marker_child', 'example_external_task_marker_parent' retrieved from /home/shamim/airflow_venv/lib/python3.12/site-packages/airflow/example_dags/example_external_task_marker_dag.py
[2025-03-17T15:36:33.134+0600] {logging_mixin.py:190} INFO - [2025-03-17T15:36:33.133+0600] {dag.py:3239} INFO - Sync 2 DAGs
[2025-03-17T15:36:33.158+0600] {logging_mixin.py:190} INFO - [2025-03-17T15:36:33.158+0600] {dag.py:4180} INFO - Setting next_dagrun for example_external_task_marker_child to None, run_after=None
[2025-03-17T15:36:33.163+0600] {logging_mixin.py:190} INFO - [2025-03-17T15:36:33.163+0600] {dag.py:4180} INFO - Setting next_dagrun for example_external_task_marker_parent to None, run_after=None
[2025-03-17T15:36:33.190+0600] {processor.py:208} INFO - Processing /home/shamim/airflow_venv/lib/python3.12/site-packages/airflow/example_dags/example_external_task_marker_dag.py took 0.164 seconds
[2025-03-17T15:37:52.131+0600] {processor.py:186} INFO - Started process (PID=23946) to work on /home/shamim/airflow_venv/lib/python3.12/site-packages/airflow/example_dags/example_external_task_marker_dag.py
[2025-03-17T15:37:52.137+0600] {processor.py:914} INFO - Processing file /home/shamim/airflow_venv/lib/python3.12/site-packages/airflow/example_dags/example_external_task_marker_dag.py for tasks to queue
[2025-03-17T15:37:52.140+0600] {logging_mixin.py:190} INFO - [2025-03-17T15:37:52.140+0600] {dagbag.py:588} INFO - Filling up the DagBag from /home/shamim/airflow_venv/lib/python3.12/site-packages/airflow/example_dags/example_external_task_marker_dag.py
[2025-03-17T15:37:52.157+0600] {processor.py:925} INFO - DAG(s) 'example_external_task_marker_child', 'example_external_task_marker_parent' retrieved from /home/shamim/airflow_venv/lib/python3.12/site-packages/airflow/example_dags/example_external_task_marker_dag.py
[2025-03-17T15:37:52.187+0600] {logging_mixin.py:190} INFO - [2025-03-17T15:37:52.187+0600] {dag.py:3239} INFO - Sync 2 DAGs
[2025-03-17T15:37:52.209+0600] {logging_mixin.py:190} INFO - [2025-03-17T15:37:52.209+0600] {dag.py:4180} INFO - Setting next_dagrun for example_external_task_marker_child to None, run_after=None
[2025-03-17T15:37:52.215+0600] {logging_mixin.py:190} INFO - [2025-03-17T15:37:52.214+0600] {dag.py:4180} INFO - Setting next_dagrun for example_external_task_marker_parent to None, run_after=None
[2025-03-17T15:37:52.253+0600] {processor.py:208} INFO - Processing /home/shamim/airflow_venv/lib/python3.12/site-packages/airflow/example_dags/example_external_task_marker_dag.py took 0.131 seconds
