[2025-03-17T15:00:29.964+0600] {processor.py:186} INFO - Started process (PID=19367) to work on /home/shamim/airflow_venv/lib/python3.12/site-packages/airflow/example_dags/example_outlet_event_extra.py
[2025-03-17T15:00:29.965+0600] {processor.py:914} INFO - Processing file /home/shamim/airflow_venv/lib/python3.12/site-packages/airflow/example_dags/example_outlet_event_extra.py for tasks to queue
[2025-03-17T15:00:29.968+0600] {logging_mixin.py:190} INFO - [2025-03-17T15:00:29.968+0600] {dagbag.py:588} INFO - Filling up the DagBag from /home/shamim/airflow_venv/lib/python3.12/site-packages/airflow/example_dags/example_outlet_event_extra.py
[2025-03-17T15:00:30.785+0600] {processor.py:925} INFO - DAG(s) 'dataset_with_extra_by_yield', 'dataset_with_extra_by_context', 'dataset_with_extra_from_classic_operator' retrieved from /home/shamim/airflow_venv/lib/python3.12/site-packages/airflow/example_dags/example_outlet_event_extra.py
[2025-03-17T15:00:30.904+0600] {logging_mixin.py:190} INFO - [2025-03-17T15:00:30.903+0600] {override.py:1930} INFO - Created Permission View: can read on DAG:dataset_with_extra_by_yield
[2025-03-17T15:00:30.915+0600] {logging_mixin.py:190} INFO - [2025-03-17T15:00:30.914+0600] {override.py:1930} INFO - Created Permission View: can delete on DAG:dataset_with_extra_by_yield
[2025-03-17T15:00:30.923+0600] {logging_mixin.py:190} INFO - [2025-03-17T15:00:30.922+0600] {override.py:1930} INFO - Created Permission View: can edit on DAG:dataset_with_extra_by_yield
[2025-03-17T15:00:30.933+0600] {logging_mixin.py:190} INFO - [2025-03-17T15:00:30.933+0600] {override.py:1930} INFO - Created Permission View: can create on DAG Run:dataset_with_extra_by_yield
[2025-03-17T15:00:30.941+0600] {logging_mixin.py:190} INFO - [2025-03-17T15:00:30.941+0600] {override.py:1930} INFO - Created Permission View: can read on DAG Run:dataset_with_extra_by_yield
[2025-03-17T15:00:30.949+0600] {logging_mixin.py:190} INFO - [2025-03-17T15:00:30.948+0600] {override.py:1930} INFO - Created Permission View: can delete on DAG Run:dataset_with_extra_by_yield
[2025-03-17T15:00:30.957+0600] {logging_mixin.py:190} INFO - [2025-03-17T15:00:30.957+0600] {override.py:1930} INFO - Created Permission View: menu access on DAG Run:dataset_with_extra_by_yield
[2025-03-17T15:00:30.974+0600] {logging_mixin.py:190} INFO - [2025-03-17T15:00:30.973+0600] {override.py:1930} INFO - Created Permission View: can read on DAG:dataset_with_extra_by_context
[2025-03-17T15:00:30.982+0600] {logging_mixin.py:190} INFO - [2025-03-17T15:00:30.981+0600] {override.py:1930} INFO - Created Permission View: can delete on DAG:dataset_with_extra_by_context
[2025-03-17T15:00:30.989+0600] {logging_mixin.py:190} INFO - [2025-03-17T15:00:30.989+0600] {override.py:1930} INFO - Created Permission View: can edit on DAG:dataset_with_extra_by_context
[2025-03-17T15:00:31.001+0600] {logging_mixin.py:190} INFO - [2025-03-17T15:00:31.001+0600] {override.py:1930} INFO - Created Permission View: can create on DAG Run:dataset_with_extra_by_context
[2025-03-17T15:00:31.011+0600] {logging_mixin.py:190} INFO - [2025-03-17T15:00:31.010+0600] {override.py:1930} INFO - Created Permission View: can read on DAG Run:dataset_with_extra_by_context
[2025-03-17T15:00:31.018+0600] {logging_mixin.py:190} INFO - [2025-03-17T15:00:31.018+0600] {override.py:1930} INFO - Created Permission View: can delete on DAG Run:dataset_with_extra_by_context
[2025-03-17T15:00:31.027+0600] {logging_mixin.py:190} INFO - [2025-03-17T15:00:31.027+0600] {override.py:1930} INFO - Created Permission View: menu access on DAG Run:dataset_with_extra_by_context
[2025-03-17T15:00:31.043+0600] {logging_mixin.py:190} INFO - [2025-03-17T15:00:31.043+0600] {override.py:1930} INFO - Created Permission View: can read on DAG:dataset_with_extra_from_classic_operator
[2025-03-17T15:00:31.051+0600] {logging_mixin.py:190} INFO - [2025-03-17T15:00:31.050+0600] {override.py:1930} INFO - Created Permission View: can delete on DAG:dataset_with_extra_from_classic_operator
[2025-03-17T15:00:31.059+0600] {logging_mixin.py:190} INFO - [2025-03-17T15:00:31.059+0600] {override.py:1930} INFO - Created Permission View: can edit on DAG:dataset_with_extra_from_classic_operator
[2025-03-17T15:00:31.070+0600] {logging_mixin.py:190} INFO - [2025-03-17T15:00:31.069+0600] {override.py:1930} INFO - Created Permission View: can create on DAG Run:dataset_with_extra_from_classic_operator
[2025-03-17T15:00:31.078+0600] {logging_mixin.py:190} INFO - [2025-03-17T15:00:31.078+0600] {override.py:1930} INFO - Created Permission View: can read on DAG Run:dataset_with_extra_from_classic_operator
[2025-03-17T15:00:31.085+0600] {logging_mixin.py:190} INFO - [2025-03-17T15:00:31.085+0600] {override.py:1930} INFO - Created Permission View: can delete on DAG Run:dataset_with_extra_from_classic_operator
[2025-03-17T15:00:31.094+0600] {logging_mixin.py:190} INFO - [2025-03-17T15:00:31.093+0600] {override.py:1930} INFO - Created Permission View: menu access on DAG Run:dataset_with_extra_from_classic_operator
[2025-03-17T15:00:31.094+0600] {logging_mixin.py:190} INFO - [2025-03-17T15:00:31.094+0600] {dag.py:3239} INFO - Sync 3 DAGs
[2025-03-17T15:00:31.108+0600] {logging_mixin.py:190} INFO - [2025-03-17T15:00:31.108+0600] {dag.py:3262} INFO - Creating ORM DAG for dataset_with_extra_from_classic_operator
[2025-03-17T15:00:31.109+0600] {logging_mixin.py:190} INFO - [2025-03-17T15:00:31.109+0600] {dag.py:3262} INFO - Creating ORM DAG for dataset_with_extra_by_yield
[2025-03-17T15:00:31.109+0600] {logging_mixin.py:190} INFO - [2025-03-17T15:00:31.109+0600] {dag.py:3262} INFO - Creating ORM DAG for dataset_with_extra_by_context
[2025-03-17T15:00:31.122+0600] {logging_mixin.py:190} INFO - [2025-03-17T15:00:31.121+0600] {dag.py:4180} INFO - Setting next_dagrun for dataset_with_extra_by_context to 2025-03-16 00:00:00+00:00, run_after=2025-03-17 00:00:00+00:00
[2025-03-17T15:00:31.124+0600] {logging_mixin.py:190} INFO - [2025-03-17T15:00:31.124+0600] {dag.py:4180} INFO - Setting next_dagrun for dataset_with_extra_by_yield to 2025-03-16 00:00:00+00:00, run_after=2025-03-17 00:00:00+00:00
[2025-03-17T15:00:31.126+0600] {logging_mixin.py:190} INFO - [2025-03-17T15:00:31.126+0600] {dag.py:4180} INFO - Setting next_dagrun for dataset_with_extra_from_classic_operator to 2025-03-16 00:00:00+00:00, run_after=2025-03-17 00:00:00+00:00
[2025-03-17T15:00:31.153+0600] {processor.py:208} INFO - Processing /home/shamim/airflow_venv/lib/python3.12/site-packages/airflow/example_dags/example_outlet_event_extra.py took 1.195 seconds
[2025-03-17T15:01:55.185+0600] {processor.py:186} INFO - Started process (PID=19482) to work on /home/shamim/airflow_venv/lib/python3.12/site-packages/airflow/example_dags/example_outlet_event_extra.py
[2025-03-17T15:01:55.192+0600] {processor.py:914} INFO - Processing file /home/shamim/airflow_venv/lib/python3.12/site-packages/airflow/example_dags/example_outlet_event_extra.py for tasks to queue
[2025-03-17T15:01:55.197+0600] {logging_mixin.py:190} INFO - [2025-03-17T15:01:55.196+0600] {dagbag.py:588} INFO - Filling up the DagBag from /home/shamim/airflow_venv/lib/python3.12/site-packages/airflow/example_dags/example_outlet_event_extra.py
[2025-03-17T15:01:55.870+0600] {processor.py:925} INFO - DAG(s) 'dataset_with_extra_by_yield', 'dataset_with_extra_by_context', 'dataset_with_extra_from_classic_operator' retrieved from /home/shamim/airflow_venv/lib/python3.12/site-packages/airflow/example_dags/example_outlet_event_extra.py
[2025-03-17T15:01:55.892+0600] {logging_mixin.py:190} INFO - [2025-03-17T15:01:55.891+0600] {dag.py:3239} INFO - Sync 3 DAGs
[2025-03-17T15:01:55.915+0600] {logging_mixin.py:190} INFO - [2025-03-17T15:01:55.915+0600] {dag.py:4180} INFO - Setting next_dagrun for dataset_with_extra_by_context to 2025-03-16 00:00:00+00:00, run_after=2025-03-17 00:00:00+00:00
[2025-03-17T15:01:55.920+0600] {logging_mixin.py:190} INFO - [2025-03-17T15:01:55.920+0600] {dag.py:4180} INFO - Setting next_dagrun for dataset_with_extra_by_yield to 2025-03-16 00:00:00+00:00, run_after=2025-03-17 00:00:00+00:00
[2025-03-17T15:01:55.923+0600] {logging_mixin.py:190} INFO - [2025-03-17T15:01:55.923+0600] {dag.py:4180} INFO - Setting next_dagrun for dataset_with_extra_from_classic_operator to 2025-03-16 00:00:00+00:00, run_after=2025-03-17 00:00:00+00:00
[2025-03-17T15:01:55.952+0600] {processor.py:208} INFO - Processing /home/shamim/airflow_venv/lib/python3.12/site-packages/airflow/example_dags/example_outlet_event_extra.py took 0.777 seconds
[2025-03-17T15:03:05.761+0600] {processor.py:186} INFO - Started process (PID=19608) to work on /home/shamim/airflow_venv/lib/python3.12/site-packages/airflow/example_dags/example_outlet_event_extra.py
[2025-03-17T15:03:05.777+0600] {processor.py:914} INFO - Processing file /home/shamim/airflow_venv/lib/python3.12/site-packages/airflow/example_dags/example_outlet_event_extra.py for tasks to queue
[2025-03-17T15:03:05.779+0600] {logging_mixin.py:190} INFO - [2025-03-17T15:03:05.779+0600] {dagbag.py:588} INFO - Filling up the DagBag from /home/shamim/airflow_venv/lib/python3.12/site-packages/airflow/example_dags/example_outlet_event_extra.py
[2025-03-17T15:03:06.546+0600] {processor.py:925} INFO - DAG(s) 'dataset_with_extra_by_yield', 'dataset_with_extra_from_classic_operator', 'dataset_with_extra_by_context' retrieved from /home/shamim/airflow_venv/lib/python3.12/site-packages/airflow/example_dags/example_outlet_event_extra.py
[2025-03-17T15:03:06.570+0600] {logging_mixin.py:190} INFO - [2025-03-17T15:03:06.570+0600] {dag.py:3239} INFO - Sync 3 DAGs
[2025-03-17T15:03:06.598+0600] {logging_mixin.py:190} INFO - [2025-03-17T15:03:06.598+0600] {dag.py:4180} INFO - Setting next_dagrun for dataset_with_extra_by_context to 2025-03-16 00:00:00+00:00, run_after=2025-03-17 00:00:00+00:00
[2025-03-17T15:03:06.605+0600] {logging_mixin.py:190} INFO - [2025-03-17T15:03:06.605+0600] {dag.py:4180} INFO - Setting next_dagrun for dataset_with_extra_by_yield to 2025-03-16 00:00:00+00:00, run_after=2025-03-17 00:00:00+00:00
[2025-03-17T15:03:06.608+0600] {logging_mixin.py:190} INFO - [2025-03-17T15:03:06.608+0600] {dag.py:4180} INFO - Setting next_dagrun for dataset_with_extra_from_classic_operator to 2025-03-16 00:00:00+00:00, run_after=2025-03-17 00:00:00+00:00
[2025-03-17T15:03:06.644+0600] {processor.py:208} INFO - Processing /home/shamim/airflow_venv/lib/python3.12/site-packages/airflow/example_dags/example_outlet_event_extra.py took 0.891 seconds
[2025-03-17T15:04:20.919+0600] {processor.py:186} INFO - Started process (PID=19700) to work on /home/shamim/airflow_venv/lib/python3.12/site-packages/airflow/example_dags/example_outlet_event_extra.py
[2025-03-17T15:04:20.925+0600] {processor.py:914} INFO - Processing file /home/shamim/airflow_venv/lib/python3.12/site-packages/airflow/example_dags/example_outlet_event_extra.py for tasks to queue
[2025-03-17T15:04:20.928+0600] {logging_mixin.py:190} INFO - [2025-03-17T15:04:20.927+0600] {dagbag.py:588} INFO - Filling up the DagBag from /home/shamim/airflow_venv/lib/python3.12/site-packages/airflow/example_dags/example_outlet_event_extra.py
[2025-03-17T15:04:21.478+0600] {processor.py:925} INFO - DAG(s) 'dataset_with_extra_from_classic_operator', 'dataset_with_extra_by_yield', 'dataset_with_extra_by_context' retrieved from /home/shamim/airflow_venv/lib/python3.12/site-packages/airflow/example_dags/example_outlet_event_extra.py
[2025-03-17T15:04:21.498+0600] {logging_mixin.py:190} INFO - [2025-03-17T15:04:21.498+0600] {dag.py:3239} INFO - Sync 3 DAGs
[2025-03-17T15:04:21.523+0600] {logging_mixin.py:190} INFO - [2025-03-17T15:04:21.522+0600] {dag.py:4180} INFO - Setting next_dagrun for dataset_with_extra_by_context to 2025-03-16 00:00:00+00:00, run_after=2025-03-17 00:00:00+00:00
[2025-03-17T15:04:21.529+0600] {logging_mixin.py:190} INFO - [2025-03-17T15:04:21.528+0600] {dag.py:4180} INFO - Setting next_dagrun for dataset_with_extra_by_yield to 2025-03-16 00:00:00+00:00, run_after=2025-03-17 00:00:00+00:00
[2025-03-17T15:04:21.532+0600] {logging_mixin.py:190} INFO - [2025-03-17T15:04:21.532+0600] {dag.py:4180} INFO - Setting next_dagrun for dataset_with_extra_from_classic_operator to 2025-03-16 00:00:00+00:00, run_after=2025-03-17 00:00:00+00:00
[2025-03-17T15:04:21.562+0600] {processor.py:208} INFO - Processing /home/shamim/airflow_venv/lib/python3.12/site-packages/airflow/example_dags/example_outlet_event_extra.py took 0.650 seconds
[2025-03-17T15:06:09.111+0600] {processor.py:186} INFO - Started process (PID=19844) to work on /home/shamim/airflow_venv/lib/python3.12/site-packages/airflow/example_dags/example_outlet_event_extra.py
[2025-03-17T15:06:09.117+0600] {processor.py:914} INFO - Processing file /home/shamim/airflow_venv/lib/python3.12/site-packages/airflow/example_dags/example_outlet_event_extra.py for tasks to queue
[2025-03-17T15:06:09.122+0600] {logging_mixin.py:190} INFO - [2025-03-17T15:06:09.122+0600] {dagbag.py:588} INFO - Filling up the DagBag from /home/shamim/airflow_venv/lib/python3.12/site-packages/airflow/example_dags/example_outlet_event_extra.py
[2025-03-17T15:06:09.880+0600] {processor.py:925} INFO - DAG(s) 'dataset_with_extra_by_yield', 'dataset_with_extra_by_context', 'dataset_with_extra_from_classic_operator' retrieved from /home/shamim/airflow_venv/lib/python3.12/site-packages/airflow/example_dags/example_outlet_event_extra.py
[2025-03-17T15:06:09.918+0600] {logging_mixin.py:190} INFO - [2025-03-17T15:06:09.917+0600] {dag.py:3239} INFO - Sync 3 DAGs
[2025-03-17T15:06:09.961+0600] {logging_mixin.py:190} INFO - [2025-03-17T15:06:09.961+0600] {dag.py:4180} INFO - Setting next_dagrun for dataset_with_extra_by_context to 2025-03-16 00:00:00+00:00, run_after=2025-03-17 00:00:00+00:00
[2025-03-17T15:06:09.972+0600] {logging_mixin.py:190} INFO - [2025-03-17T15:06:09.971+0600] {dag.py:4180} INFO - Setting next_dagrun for dataset_with_extra_by_yield to 2025-03-16 00:00:00+00:00, run_after=2025-03-17 00:00:00+00:00
[2025-03-17T15:06:09.977+0600] {logging_mixin.py:190} INFO - [2025-03-17T15:06:09.977+0600] {dag.py:4180} INFO - Setting next_dagrun for dataset_with_extra_from_classic_operator to 2025-03-16 00:00:00+00:00, run_after=2025-03-17 00:00:00+00:00
[2025-03-17T15:06:10.022+0600] {processor.py:208} INFO - Processing /home/shamim/airflow_venv/lib/python3.12/site-packages/airflow/example_dags/example_outlet_event_extra.py took 0.917 seconds
[2025-03-17T15:07:27.071+0600] {processor.py:186} INFO - Started process (PID=20076) to work on /home/shamim/airflow_venv/lib/python3.12/site-packages/airflow/example_dags/example_outlet_event_extra.py
[2025-03-17T15:07:27.075+0600] {processor.py:914} INFO - Processing file /home/shamim/airflow_venv/lib/python3.12/site-packages/airflow/example_dags/example_outlet_event_extra.py for tasks to queue
[2025-03-17T15:07:27.081+0600] {logging_mixin.py:190} INFO - [2025-03-17T15:07:27.080+0600] {dagbag.py:588} INFO - Filling up the DagBag from /home/shamim/airflow_venv/lib/python3.12/site-packages/airflow/example_dags/example_outlet_event_extra.py
[2025-03-17T15:07:29.027+0600] {processor.py:925} INFO - DAG(s) 'dataset_with_extra_by_yield', 'dataset_with_extra_from_classic_operator', 'dataset_with_extra_by_context' retrieved from /home/shamim/airflow_venv/lib/python3.12/site-packages/airflow/example_dags/example_outlet_event_extra.py
[2025-03-17T15:07:29.069+0600] {logging_mixin.py:190} INFO - [2025-03-17T15:07:29.068+0600] {dag.py:3239} INFO - Sync 3 DAGs
[2025-03-17T15:07:29.126+0600] {logging_mixin.py:190} INFO - [2025-03-17T15:07:29.125+0600] {dag.py:4180} INFO - Setting next_dagrun for dataset_with_extra_by_context to 2025-03-16 00:00:00+00:00, run_after=2025-03-17 00:00:00+00:00
[2025-03-17T15:07:29.139+0600] {logging_mixin.py:190} INFO - [2025-03-17T15:07:29.138+0600] {dag.py:4180} INFO - Setting next_dagrun for dataset_with_extra_by_yield to 2025-03-16 00:00:00+00:00, run_after=2025-03-17 00:00:00+00:00
[2025-03-17T15:07:29.145+0600] {logging_mixin.py:190} INFO - [2025-03-17T15:07:29.145+0600] {dag.py:4180} INFO - Setting next_dagrun for dataset_with_extra_from_classic_operator to 2025-03-16 00:00:00+00:00, run_after=2025-03-17 00:00:00+00:00
[2025-03-17T15:07:29.194+0600] {processor.py:208} INFO - Processing /home/shamim/airflow_venv/lib/python3.12/site-packages/airflow/example_dags/example_outlet_event_extra.py took 2.145 seconds
[2025-03-17T15:08:50.992+0600] {processor.py:186} INFO - Started process (PID=20257) to work on /home/shamim/airflow_venv/lib/python3.12/site-packages/airflow/example_dags/example_outlet_event_extra.py
[2025-03-17T15:08:50.998+0600] {processor.py:914} INFO - Processing file /home/shamim/airflow_venv/lib/python3.12/site-packages/airflow/example_dags/example_outlet_event_extra.py for tasks to queue
[2025-03-17T15:08:51.001+0600] {logging_mixin.py:190} INFO - [2025-03-17T15:08:51.000+0600] {dagbag.py:588} INFO - Filling up the DagBag from /home/shamim/airflow_venv/lib/python3.12/site-packages/airflow/example_dags/example_outlet_event_extra.py
[2025-03-17T15:08:51.645+0600] {processor.py:925} INFO - DAG(s) 'dataset_with_extra_from_classic_operator', 'dataset_with_extra_by_yield', 'dataset_with_extra_by_context' retrieved from /home/shamim/airflow_venv/lib/python3.12/site-packages/airflow/example_dags/example_outlet_event_extra.py
[2025-03-17T15:08:51.673+0600] {logging_mixin.py:190} INFO - [2025-03-17T15:08:51.673+0600] {dag.py:3239} INFO - Sync 3 DAGs
[2025-03-17T15:08:51.706+0600] {logging_mixin.py:190} INFO - [2025-03-17T15:08:51.706+0600] {dag.py:4180} INFO - Setting next_dagrun for dataset_with_extra_by_context to 2025-03-16 00:00:00+00:00, run_after=2025-03-17 00:00:00+00:00
[2025-03-17T15:08:51.714+0600] {logging_mixin.py:190} INFO - [2025-03-17T15:08:51.714+0600] {dag.py:4180} INFO - Setting next_dagrun for dataset_with_extra_by_yield to 2025-03-16 00:00:00+00:00, run_after=2025-03-17 00:00:00+00:00
[2025-03-17T15:08:51.718+0600] {logging_mixin.py:190} INFO - [2025-03-17T15:08:51.718+0600] {dag.py:4180} INFO - Setting next_dagrun for dataset_with_extra_from_classic_operator to 2025-03-16 00:00:00+00:00, run_after=2025-03-17 00:00:00+00:00
[2025-03-17T15:08:51.752+0600] {processor.py:208} INFO - Processing /home/shamim/airflow_venv/lib/python3.12/site-packages/airflow/example_dags/example_outlet_event_extra.py took 0.769 seconds
[2025-03-17T15:10:10.707+0600] {processor.py:186} INFO - Started process (PID=20407) to work on /home/shamim/airflow_venv/lib/python3.12/site-packages/airflow/example_dags/example_outlet_event_extra.py
[2025-03-17T15:10:10.708+0600] {processor.py:914} INFO - Processing file /home/shamim/airflow_venv/lib/python3.12/site-packages/airflow/example_dags/example_outlet_event_extra.py for tasks to queue
[2025-03-17T15:10:10.711+0600] {logging_mixin.py:190} INFO - [2025-03-17T15:10:10.711+0600] {dagbag.py:588} INFO - Filling up the DagBag from /home/shamim/airflow_venv/lib/python3.12/site-packages/airflow/example_dags/example_outlet_event_extra.py
[2025-03-17T15:10:11.288+0600] {processor.py:925} INFO - DAG(s) 'dataset_with_extra_by_yield', 'dataset_with_extra_from_classic_operator', 'dataset_with_extra_by_context' retrieved from /home/shamim/airflow_venv/lib/python3.12/site-packages/airflow/example_dags/example_outlet_event_extra.py
[2025-03-17T15:10:11.310+0600] {logging_mixin.py:190} INFO - [2025-03-17T15:10:11.309+0600] {dag.py:3239} INFO - Sync 3 DAGs
[2025-03-17T15:10:11.335+0600] {logging_mixin.py:190} INFO - [2025-03-17T15:10:11.335+0600] {dag.py:4180} INFO - Setting next_dagrun for dataset_with_extra_by_context to 2025-03-16 00:00:00+00:00, run_after=2025-03-17 00:00:00+00:00
[2025-03-17T15:10:11.340+0600] {logging_mixin.py:190} INFO - [2025-03-17T15:10:11.340+0600] {dag.py:4180} INFO - Setting next_dagrun for dataset_with_extra_by_yield to 2025-03-16 00:00:00+00:00, run_after=2025-03-17 00:00:00+00:00
[2025-03-17T15:10:11.343+0600] {logging_mixin.py:190} INFO - [2025-03-17T15:10:11.343+0600] {dag.py:4180} INFO - Setting next_dagrun for dataset_with_extra_from_classic_operator to 2025-03-16 00:00:00+00:00, run_after=2025-03-17 00:00:00+00:00
[2025-03-17T15:10:11.374+0600] {processor.py:208} INFO - Processing /home/shamim/airflow_venv/lib/python3.12/site-packages/airflow/example_dags/example_outlet_event_extra.py took 0.673 seconds
[2025-03-17T15:25:46.931+0600] {processor.py:186} INFO - Started process (PID=22402) to work on /home/shamim/airflow_venv/lib/python3.12/site-packages/airflow/example_dags/example_outlet_event_extra.py
[2025-03-17T15:25:46.935+0600] {processor.py:914} INFO - Processing file /home/shamim/airflow_venv/lib/python3.12/site-packages/airflow/example_dags/example_outlet_event_extra.py for tasks to queue
[2025-03-17T15:25:46.942+0600] {logging_mixin.py:190} INFO - [2025-03-17T15:25:46.941+0600] {dagbag.py:588} INFO - Filling up the DagBag from /home/shamim/airflow_venv/lib/python3.12/site-packages/airflow/example_dags/example_outlet_event_extra.py
[2025-03-17T15:25:48.527+0600] {processor.py:925} INFO - DAG(s) 'dataset_with_extra_by_context', 'dataset_with_extra_by_yield', 'dataset_with_extra_from_classic_operator' retrieved from /home/shamim/airflow_venv/lib/python3.12/site-packages/airflow/example_dags/example_outlet_event_extra.py
[2025-03-17T15:25:48.555+0600] {logging_mixin.py:190} INFO - [2025-03-17T15:25:48.554+0600] {dag.py:3239} INFO - Sync 3 DAGs
[2025-03-17T15:25:48.588+0600] {logging_mixin.py:190} INFO - [2025-03-17T15:25:48.587+0600] {dag.py:4180} INFO - Setting next_dagrun for dataset_with_extra_by_context to 2025-03-16 00:00:00+00:00, run_after=2025-03-17 00:00:00+00:00
[2025-03-17T15:25:48.595+0600] {logging_mixin.py:190} INFO - [2025-03-17T15:25:48.594+0600] {dag.py:4180} INFO - Setting next_dagrun for dataset_with_extra_by_yield to 2025-03-16 00:00:00+00:00, run_after=2025-03-17 00:00:00+00:00
[2025-03-17T15:25:48.599+0600] {logging_mixin.py:190} INFO - [2025-03-17T15:25:48.599+0600] {dag.py:4180} INFO - Setting next_dagrun for dataset_with_extra_from_classic_operator to 2025-03-16 00:00:00+00:00, run_after=2025-03-17 00:00:00+00:00
[2025-03-17T15:25:48.633+0600] {processor.py:208} INFO - Processing /home/shamim/airflow_venv/lib/python3.12/site-packages/airflow/example_dags/example_outlet_event_extra.py took 1.722 seconds
[2025-03-17T15:30:33.446+0600] {processor.py:186} INFO - Started process (PID=23115) to work on /home/shamim/airflow_venv/lib/python3.12/site-packages/airflow/example_dags/example_outlet_event_extra.py
[2025-03-17T15:30:33.453+0600] {processor.py:914} INFO - Processing file /home/shamim/airflow_venv/lib/python3.12/site-packages/airflow/example_dags/example_outlet_event_extra.py for tasks to queue
[2025-03-17T15:30:33.457+0600] {logging_mixin.py:190} INFO - [2025-03-17T15:30:33.456+0600] {dagbag.py:588} INFO - Filling up the DagBag from /home/shamim/airflow_venv/lib/python3.12/site-packages/airflow/example_dags/example_outlet_event_extra.py
[2025-03-17T15:30:34.333+0600] {processor.py:925} INFO - DAG(s) 'dataset_with_extra_from_classic_operator', 'dataset_with_extra_by_context', 'dataset_with_extra_by_yield' retrieved from /home/shamim/airflow_venv/lib/python3.12/site-packages/airflow/example_dags/example_outlet_event_extra.py
[2025-03-17T15:30:34.367+0600] {logging_mixin.py:190} INFO - [2025-03-17T15:30:34.367+0600] {dag.py:3239} INFO - Sync 3 DAGs
[2025-03-17T15:30:34.403+0600] {logging_mixin.py:190} INFO - [2025-03-17T15:30:34.403+0600] {dag.py:4180} INFO - Setting next_dagrun for dataset_with_extra_by_context to 2025-03-16 00:00:00+00:00, run_after=2025-03-17 00:00:00+00:00
[2025-03-17T15:30:34.412+0600] {logging_mixin.py:190} INFO - [2025-03-17T15:30:34.412+0600] {dag.py:4180} INFO - Setting next_dagrun for dataset_with_extra_by_yield to 2025-03-16 00:00:00+00:00, run_after=2025-03-17 00:00:00+00:00
[2025-03-17T15:30:34.416+0600] {logging_mixin.py:190} INFO - [2025-03-17T15:30:34.415+0600] {dag.py:4180} INFO - Setting next_dagrun for dataset_with_extra_from_classic_operator to 2025-03-16 00:00:00+00:00, run_after=2025-03-17 00:00:00+00:00
[2025-03-17T15:30:34.451+0600] {processor.py:208} INFO - Processing /home/shamim/airflow_venv/lib/python3.12/site-packages/airflow/example_dags/example_outlet_event_extra.py took 1.029 seconds
[2025-03-17T15:32:04.685+0600] {processor.py:186} INFO - Started process (PID=23297) to work on /home/shamim/airflow_venv/lib/python3.12/site-packages/airflow/example_dags/example_outlet_event_extra.py
[2025-03-17T15:32:04.693+0600] {processor.py:914} INFO - Processing file /home/shamim/airflow_venv/lib/python3.12/site-packages/airflow/example_dags/example_outlet_event_extra.py for tasks to queue
[2025-03-17T15:32:04.702+0600] {logging_mixin.py:190} INFO - [2025-03-17T15:32:04.701+0600] {dagbag.py:588} INFO - Filling up the DagBag from /home/shamim/airflow_venv/lib/python3.12/site-packages/airflow/example_dags/example_outlet_event_extra.py
[2025-03-17T15:32:05.397+0600] {processor.py:925} INFO - DAG(s) 'dataset_with_extra_by_yield', 'dataset_with_extra_by_context', 'dataset_with_extra_from_classic_operator' retrieved from /home/shamim/airflow_venv/lib/python3.12/site-packages/airflow/example_dags/example_outlet_event_extra.py
[2025-03-17T15:32:05.419+0600] {logging_mixin.py:190} INFO - [2025-03-17T15:32:05.418+0600] {dag.py:3239} INFO - Sync 3 DAGs
[2025-03-17T15:32:05.446+0600] {logging_mixin.py:190} INFO - [2025-03-17T15:32:05.445+0600] {dag.py:4180} INFO - Setting next_dagrun for dataset_with_extra_by_context to 2025-03-16 00:00:00+00:00, run_after=2025-03-17 00:00:00+00:00
[2025-03-17T15:32:05.452+0600] {logging_mixin.py:190} INFO - [2025-03-17T15:32:05.452+0600] {dag.py:4180} INFO - Setting next_dagrun for dataset_with_extra_by_yield to 2025-03-16 00:00:00+00:00, run_after=2025-03-17 00:00:00+00:00
[2025-03-17T15:32:05.455+0600] {logging_mixin.py:190} INFO - [2025-03-17T15:32:05.455+0600] {dag.py:4180} INFO - Setting next_dagrun for dataset_with_extra_from_classic_operator to 2025-03-16 00:00:00+00:00, run_after=2025-03-17 00:00:00+00:00
[2025-03-17T15:32:05.485+0600] {processor.py:208} INFO - Processing /home/shamim/airflow_venv/lib/python3.12/site-packages/airflow/example_dags/example_outlet_event_extra.py took 0.821 seconds
[2025-03-17T15:33:32.017+0600] {processor.py:186} INFO - Started process (PID=23438) to work on /home/shamim/airflow_venv/lib/python3.12/site-packages/airflow/example_dags/example_outlet_event_extra.py
[2025-03-17T15:33:32.023+0600] {processor.py:914} INFO - Processing file /home/shamim/airflow_venv/lib/python3.12/site-packages/airflow/example_dags/example_outlet_event_extra.py for tasks to queue
[2025-03-17T15:33:32.027+0600] {logging_mixin.py:190} INFO - [2025-03-17T15:33:32.026+0600] {dagbag.py:588} INFO - Filling up the DagBag from /home/shamim/airflow_venv/lib/python3.12/site-packages/airflow/example_dags/example_outlet_event_extra.py
[2025-03-17T15:33:32.635+0600] {processor.py:925} INFO - DAG(s) 'dataset_with_extra_by_context', 'dataset_with_extra_from_classic_operator', 'dataset_with_extra_by_yield' retrieved from /home/shamim/airflow_venv/lib/python3.12/site-packages/airflow/example_dags/example_outlet_event_extra.py
[2025-03-17T15:33:32.655+0600] {logging_mixin.py:190} INFO - [2025-03-17T15:33:32.655+0600] {dag.py:3239} INFO - Sync 3 DAGs
[2025-03-17T15:33:32.680+0600] {logging_mixin.py:190} INFO - [2025-03-17T15:33:32.680+0600] {dag.py:4180} INFO - Setting next_dagrun for dataset_with_extra_by_context to 2025-03-16 00:00:00+00:00, run_after=2025-03-17 00:00:00+00:00
[2025-03-17T15:33:32.686+0600] {logging_mixin.py:190} INFO - [2025-03-17T15:33:32.685+0600] {dag.py:4180} INFO - Setting next_dagrun for dataset_with_extra_by_yield to 2025-03-16 00:00:00+00:00, run_after=2025-03-17 00:00:00+00:00
[2025-03-17T15:33:32.688+0600] {logging_mixin.py:190} INFO - [2025-03-17T15:33:32.688+0600] {dag.py:4180} INFO - Setting next_dagrun for dataset_with_extra_from_classic_operator to 2025-03-16 00:00:00+00:00, run_after=2025-03-17 00:00:00+00:00
[2025-03-17T15:33:32.716+0600] {processor.py:208} INFO - Processing /home/shamim/airflow_venv/lib/python3.12/site-packages/airflow/example_dags/example_outlet_event_extra.py took 0.706 seconds
[2025-03-17T15:35:06.120+0600] {processor.py:186} INFO - Started process (PID=23620) to work on /home/shamim/airflow_venv/lib/python3.12/site-packages/airflow/example_dags/example_outlet_event_extra.py
[2025-03-17T15:35:06.128+0600] {processor.py:914} INFO - Processing file /home/shamim/airflow_venv/lib/python3.12/site-packages/airflow/example_dags/example_outlet_event_extra.py for tasks to queue
[2025-03-17T15:35:06.133+0600] {logging_mixin.py:190} INFO - [2025-03-17T15:35:06.132+0600] {dagbag.py:588} INFO - Filling up the DagBag from /home/shamim/airflow_venv/lib/python3.12/site-packages/airflow/example_dags/example_outlet_event_extra.py
[2025-03-17T15:35:06.752+0600] {processor.py:925} INFO - DAG(s) 'dataset_with_extra_by_context', 'dataset_with_extra_from_classic_operator', 'dataset_with_extra_by_yield' retrieved from /home/shamim/airflow_venv/lib/python3.12/site-packages/airflow/example_dags/example_outlet_event_extra.py
[2025-03-17T15:35:06.773+0600] {logging_mixin.py:190} INFO - [2025-03-17T15:35:06.772+0600] {dag.py:3239} INFO - Sync 3 DAGs
[2025-03-17T15:35:06.801+0600] {logging_mixin.py:190} INFO - [2025-03-17T15:35:06.801+0600] {dag.py:4180} INFO - Setting next_dagrun for dataset_with_extra_by_context to 2025-03-16 00:00:00+00:00, run_after=2025-03-17 00:00:00+00:00
[2025-03-17T15:35:06.807+0600] {logging_mixin.py:190} INFO - [2025-03-17T15:35:06.806+0600] {dag.py:4180} INFO - Setting next_dagrun for dataset_with_extra_by_yield to 2025-03-16 00:00:00+00:00, run_after=2025-03-17 00:00:00+00:00
[2025-03-17T15:35:06.809+0600] {logging_mixin.py:190} INFO - [2025-03-17T15:35:06.809+0600] {dag.py:4180} INFO - Setting next_dagrun for dataset_with_extra_from_classic_operator to 2025-03-16 00:00:00+00:00, run_after=2025-03-17 00:00:00+00:00
[2025-03-17T15:35:06.841+0600] {processor.py:208} INFO - Processing /home/shamim/airflow_venv/lib/python3.12/site-packages/airflow/example_dags/example_outlet_event_extra.py took 0.733 seconds
[2025-03-17T15:36:31.051+0600] {processor.py:186} INFO - Started process (PID=23770) to work on /home/shamim/airflow_venv/lib/python3.12/site-packages/airflow/example_dags/example_outlet_event_extra.py
[2025-03-17T15:36:31.067+0600] {processor.py:914} INFO - Processing file /home/shamim/airflow_venv/lib/python3.12/site-packages/airflow/example_dags/example_outlet_event_extra.py for tasks to queue
[2025-03-17T15:36:31.071+0600] {logging_mixin.py:190} INFO - [2025-03-17T15:36:31.070+0600] {dagbag.py:588} INFO - Filling up the DagBag from /home/shamim/airflow_venv/lib/python3.12/site-packages/airflow/example_dags/example_outlet_event_extra.py
[2025-03-17T15:36:31.826+0600] {processor.py:925} INFO - DAG(s) 'dataset_with_extra_from_classic_operator', 'dataset_with_extra_by_context', 'dataset_with_extra_by_yield' retrieved from /home/shamim/airflow_venv/lib/python3.12/site-packages/airflow/example_dags/example_outlet_event_extra.py
[2025-03-17T15:36:31.846+0600] {logging_mixin.py:190} INFO - [2025-03-17T15:36:31.845+0600] {dag.py:3239} INFO - Sync 3 DAGs
[2025-03-17T15:36:31.886+0600] {logging_mixin.py:190} INFO - [2025-03-17T15:36:31.886+0600] {dag.py:4180} INFO - Setting next_dagrun for dataset_with_extra_by_context to 2025-03-16 00:00:00+00:00, run_after=2025-03-17 00:00:00+00:00
[2025-03-17T15:36:31.894+0600] {logging_mixin.py:190} INFO - [2025-03-17T15:36:31.894+0600] {dag.py:4180} INFO - Setting next_dagrun for dataset_with_extra_by_yield to 2025-03-16 00:00:00+00:00, run_after=2025-03-17 00:00:00+00:00
[2025-03-17T15:36:31.899+0600] {logging_mixin.py:190} INFO - [2025-03-17T15:36:31.899+0600] {dag.py:4180} INFO - Setting next_dagrun for dataset_with_extra_from_classic_operator to 2025-03-16 00:00:00+00:00, run_after=2025-03-17 00:00:00+00:00
[2025-03-17T15:36:31.941+0600] {processor.py:208} INFO - Processing /home/shamim/airflow_venv/lib/python3.12/site-packages/airflow/example_dags/example_outlet_event_extra.py took 0.900 seconds
[2025-03-17T15:37:50.155+0600] {processor.py:186} INFO - Started process (PID=23940) to work on /home/shamim/airflow_venv/lib/python3.12/site-packages/airflow/example_dags/example_outlet_event_extra.py
[2025-03-17T15:37:50.161+0600] {processor.py:914} INFO - Processing file /home/shamim/airflow_venv/lib/python3.12/site-packages/airflow/example_dags/example_outlet_event_extra.py for tasks to queue
[2025-03-17T15:37:50.165+0600] {logging_mixin.py:190} INFO - [2025-03-17T15:37:50.164+0600] {dagbag.py:588} INFO - Filling up the DagBag from /home/shamim/airflow_venv/lib/python3.12/site-packages/airflow/example_dags/example_outlet_event_extra.py
[2025-03-17T15:37:50.887+0600] {processor.py:925} INFO - DAG(s) 'dataset_with_extra_from_classic_operator', 'dataset_with_extra_by_yield', 'dataset_with_extra_by_context' retrieved from /home/shamim/airflow_venv/lib/python3.12/site-packages/airflow/example_dags/example_outlet_event_extra.py
[2025-03-17T15:37:50.907+0600] {logging_mixin.py:190} INFO - [2025-03-17T15:37:50.907+0600] {dag.py:3239} INFO - Sync 3 DAGs
[2025-03-17T15:37:50.933+0600] {logging_mixin.py:190} INFO - [2025-03-17T15:37:50.933+0600] {dag.py:4180} INFO - Setting next_dagrun for dataset_with_extra_by_context to 2025-03-16 00:00:00+00:00, run_after=2025-03-17 00:00:00+00:00
[2025-03-17T15:37:50.938+0600] {logging_mixin.py:190} INFO - [2025-03-17T15:37:50.938+0600] {dag.py:4180} INFO - Setting next_dagrun for dataset_with_extra_by_yield to 2025-03-16 00:00:00+00:00, run_after=2025-03-17 00:00:00+00:00
[2025-03-17T15:37:50.941+0600] {logging_mixin.py:190} INFO - [2025-03-17T15:37:50.941+0600] {dag.py:4180} INFO - Setting next_dagrun for dataset_with_extra_from_classic_operator to 2025-03-16 00:00:00+00:00, run_after=2025-03-17 00:00:00+00:00
[2025-03-17T15:37:50.977+0600] {processor.py:208} INFO - Processing /home/shamim/airflow_venv/lib/python3.12/site-packages/airflow/example_dags/example_outlet_event_extra.py took 0.835 seconds
