[2025-03-17T15:00:18.709+0600] {processor.py:186} INFO - Started process (PID=19357) to work on /home/shamim/airflow_venv/lib/python3.12/site-packages/airflow/example_dags/example_setup_teardown.py
[2025-03-17T15:00:18.710+0600] {processor.py:914} INFO - Processing file /home/shamim/airflow_venv/lib/python3.12/site-packages/airflow/example_dags/example_setup_teardown.py for tasks to queue
[2025-03-17T15:00:18.712+0600] {logging_mixin.py:190} INFO - [2025-03-17T15:00:18.712+0600] {dagbag.py:588} INFO - Filling up the DagBag from /home/shamim/airflow_venv/lib/python3.12/site-packages/airflow/example_dags/example_setup_teardown.py
[2025-03-17T15:00:18.723+0600] {processor.py:925} INFO - DAG(s) 'example_setup_teardown' retrieved from /home/shamim/airflow_venv/lib/python3.12/site-packages/airflow/example_dags/example_setup_teardown.py
[2025-03-17T15:00:18.862+0600] {logging_mixin.py:190} INFO - [2025-03-17T15:00:18.862+0600] {override.py:1930} INFO - Created Permission View: can read on DAG:example_setup_teardown
[2025-03-17T15:00:18.874+0600] {logging_mixin.py:190} INFO - [2025-03-17T15:00:18.873+0600] {override.py:1930} INFO - Created Permission View: can delete on DAG:example_setup_teardown
[2025-03-17T15:00:18.881+0600] {logging_mixin.py:190} INFO - [2025-03-17T15:00:18.881+0600] {override.py:1930} INFO - Created Permission View: can edit on DAG:example_setup_teardown
[2025-03-17T15:00:18.893+0600] {logging_mixin.py:190} INFO - [2025-03-17T15:00:18.893+0600] {override.py:1930} INFO - Created Permission View: can create on DAG Run:example_setup_teardown
[2025-03-17T15:00:18.901+0600] {logging_mixin.py:190} INFO - [2025-03-17T15:00:18.901+0600] {override.py:1930} INFO - Created Permission View: can read on DAG Run:example_setup_teardown
[2025-03-17T15:00:18.909+0600] {logging_mixin.py:190} INFO - [2025-03-17T15:00:18.909+0600] {override.py:1930} INFO - Created Permission View: can delete on DAG Run:example_setup_teardown
[2025-03-17T15:00:18.917+0600] {logging_mixin.py:190} INFO - [2025-03-17T15:00:18.917+0600] {override.py:1930} INFO - Created Permission View: menu access on DAG Run:example_setup_teardown
[2025-03-17T15:00:18.918+0600] {logging_mixin.py:190} INFO - [2025-03-17T15:00:18.917+0600] {dag.py:3239} INFO - Sync 1 DAGs
[2025-03-17T15:00:18.932+0600] {logging_mixin.py:190} INFO - [2025-03-17T15:00:18.932+0600] {dag.py:3262} INFO - Creating ORM DAG for example_setup_teardown
[2025-03-17T15:00:18.933+0600] {logging_mixin.py:190} INFO - [2025-03-17T15:00:18.933+0600] {dag.py:4180} INFO - Setting next_dagrun for example_setup_teardown to None, run_after=None
[2025-03-17T15:00:18.953+0600] {processor.py:208} INFO - Processing /home/shamim/airflow_venv/lib/python3.12/site-packages/airflow/example_dags/example_setup_teardown.py took 0.252 seconds
[2025-03-17T15:01:31.639+0600] {processor.py:186} INFO - Started process (PID=19449) to work on /home/shamim/airflow_venv/lib/python3.12/site-packages/airflow/example_dags/example_setup_teardown.py
[2025-03-17T15:01:31.646+0600] {processor.py:914} INFO - Processing file /home/shamim/airflow_venv/lib/python3.12/site-packages/airflow/example_dags/example_setup_teardown.py for tasks to queue
[2025-03-17T15:01:31.651+0600] {logging_mixin.py:190} INFO - [2025-03-17T15:01:31.650+0600] {dagbag.py:588} INFO - Filling up the DagBag from /home/shamim/airflow_venv/lib/python3.12/site-packages/airflow/example_dags/example_setup_teardown.py
[2025-03-17T15:01:31.671+0600] {processor.py:925} INFO - DAG(s) 'example_setup_teardown' retrieved from /home/shamim/airflow_venv/lib/python3.12/site-packages/airflow/example_dags/example_setup_teardown.py
[2025-03-17T15:01:31.700+0600] {logging_mixin.py:190} INFO - [2025-03-17T15:01:31.699+0600] {dag.py:3239} INFO - Sync 1 DAGs
[2025-03-17T15:01:31.717+0600] {logging_mixin.py:190} INFO - [2025-03-17T15:01:31.717+0600] {dag.py:4180} INFO - Setting next_dagrun for example_setup_teardown to None, run_after=None
[2025-03-17T15:01:31.755+0600] {processor.py:208} INFO - Processing /home/shamim/airflow_venv/lib/python3.12/site-packages/airflow/example_dags/example_setup_teardown.py took 0.129 seconds
[2025-03-17T15:02:44.557+0600] {processor.py:186} INFO - Started process (PID=19575) to work on /home/shamim/airflow_venv/lib/python3.12/site-packages/airflow/example_dags/example_setup_teardown.py
[2025-03-17T15:02:44.560+0600] {processor.py:914} INFO - Processing file /home/shamim/airflow_venv/lib/python3.12/site-packages/airflow/example_dags/example_setup_teardown.py for tasks to queue
[2025-03-17T15:02:44.562+0600] {logging_mixin.py:190} INFO - [2025-03-17T15:02:44.562+0600] {dagbag.py:588} INFO - Filling up the DagBag from /home/shamim/airflow_venv/lib/python3.12/site-packages/airflow/example_dags/example_setup_teardown.py
[2025-03-17T15:02:44.573+0600] {processor.py:925} INFO - DAG(s) 'example_setup_teardown' retrieved from /home/shamim/airflow_venv/lib/python3.12/site-packages/airflow/example_dags/example_setup_teardown.py
[2025-03-17T15:02:44.593+0600] {logging_mixin.py:190} INFO - [2025-03-17T15:02:44.592+0600] {dag.py:3239} INFO - Sync 1 DAGs
[2025-03-17T15:02:44.609+0600] {logging_mixin.py:190} INFO - [2025-03-17T15:02:44.608+0600] {dag.py:4180} INFO - Setting next_dagrun for example_setup_teardown to None, run_after=None
[2025-03-17T15:02:44.632+0600] {processor.py:208} INFO - Processing /home/shamim/airflow_venv/lib/python3.12/site-packages/airflow/example_dags/example_setup_teardown.py took 0.082 seconds
[2025-03-17T15:04:01.753+0600] {processor.py:186} INFO - Started process (PID=19671) to work on /home/shamim/airflow_venv/lib/python3.12/site-packages/airflow/example_dags/example_setup_teardown.py
[2025-03-17T15:04:01.760+0600] {processor.py:914} INFO - Processing file /home/shamim/airflow_venv/lib/python3.12/site-packages/airflow/example_dags/example_setup_teardown.py for tasks to queue
[2025-03-17T15:04:01.763+0600] {logging_mixin.py:190} INFO - [2025-03-17T15:04:01.763+0600] {dagbag.py:588} INFO - Filling up the DagBag from /home/shamim/airflow_venv/lib/python3.12/site-packages/airflow/example_dags/example_setup_teardown.py
[2025-03-17T15:04:01.777+0600] {processor.py:925} INFO - DAG(s) 'example_setup_teardown' retrieved from /home/shamim/airflow_venv/lib/python3.12/site-packages/airflow/example_dags/example_setup_teardown.py
[2025-03-17T15:04:01.796+0600] {logging_mixin.py:190} INFO - [2025-03-17T15:04:01.796+0600] {dag.py:3239} INFO - Sync 1 DAGs
[2025-03-17T15:04:01.812+0600] {logging_mixin.py:190} INFO - [2025-03-17T15:04:01.812+0600] {dag.py:4180} INFO - Setting next_dagrun for example_setup_teardown to None, run_after=None
[2025-03-17T15:04:01.847+0600] {processor.py:208} INFO - Processing /home/shamim/airflow_venv/lib/python3.12/site-packages/airflow/example_dags/example_setup_teardown.py took 0.103 seconds
[2025-03-17T15:05:58.291+0600] {processor.py:186} INFO - Started process (PID=19817) to work on /home/shamim/airflow_venv/lib/python3.12/site-packages/airflow/example_dags/example_setup_teardown.py
[2025-03-17T15:05:58.292+0600] {processor.py:914} INFO - Processing file /home/shamim/airflow_venv/lib/python3.12/site-packages/airflow/example_dags/example_setup_teardown.py for tasks to queue
[2025-03-17T15:05:58.295+0600] {logging_mixin.py:190} INFO - [2025-03-17T15:05:58.295+0600] {dagbag.py:588} INFO - Filling up the DagBag from /home/shamim/airflow_venv/lib/python3.12/site-packages/airflow/example_dags/example_setup_teardown.py
[2025-03-17T15:05:58.310+0600] {processor.py:925} INFO - DAG(s) 'example_setup_teardown' retrieved from /home/shamim/airflow_venv/lib/python3.12/site-packages/airflow/example_dags/example_setup_teardown.py
[2025-03-17T15:05:58.346+0600] {logging_mixin.py:190} INFO - [2025-03-17T15:05:58.345+0600] {dag.py:3239} INFO - Sync 1 DAGs
[2025-03-17T15:05:58.370+0600] {logging_mixin.py:190} INFO - [2025-03-17T15:05:58.370+0600] {dag.py:4180} INFO - Setting next_dagrun for example_setup_teardown to None, run_after=None
[2025-03-17T15:05:58.409+0600] {processor.py:208} INFO - Processing /home/shamim/airflow_venv/lib/python3.12/site-packages/airflow/example_dags/example_setup_teardown.py took 0.127 seconds
[2025-03-17T15:07:15.679+0600] {processor.py:186} INFO - Started process (PID=20054) to work on /home/shamim/airflow_venv/lib/python3.12/site-packages/airflow/example_dags/example_setup_teardown.py
[2025-03-17T15:07:15.684+0600] {processor.py:914} INFO - Processing file /home/shamim/airflow_venv/lib/python3.12/site-packages/airflow/example_dags/example_setup_teardown.py for tasks to queue
[2025-03-17T15:07:15.691+0600] {logging_mixin.py:190} INFO - [2025-03-17T15:07:15.690+0600] {dagbag.py:588} INFO - Filling up the DagBag from /home/shamim/airflow_venv/lib/python3.12/site-packages/airflow/example_dags/example_setup_teardown.py
[2025-03-17T15:07:15.716+0600] {processor.py:925} INFO - DAG(s) 'example_setup_teardown' retrieved from /home/shamim/airflow_venv/lib/python3.12/site-packages/airflow/example_dags/example_setup_teardown.py
[2025-03-17T15:07:15.749+0600] {logging_mixin.py:190} INFO - [2025-03-17T15:07:15.749+0600] {dag.py:3239} INFO - Sync 1 DAGs
[2025-03-17T15:07:15.779+0600] {logging_mixin.py:190} INFO - [2025-03-17T15:07:15.779+0600] {dag.py:4180} INFO - Setting next_dagrun for example_setup_teardown to None, run_after=None
[2025-03-17T15:07:15.844+0600] {processor.py:208} INFO - Processing /home/shamim/airflow_venv/lib/python3.12/site-packages/airflow/example_dags/example_setup_teardown.py took 0.211 seconds
[2025-03-17T15:08:40.765+0600] {processor.py:186} INFO - Started process (PID=20236) to work on /home/shamim/airflow_venv/lib/python3.12/site-packages/airflow/example_dags/example_setup_teardown.py
[2025-03-17T15:08:40.766+0600] {processor.py:914} INFO - Processing file /home/shamim/airflow_venv/lib/python3.12/site-packages/airflow/example_dags/example_setup_teardown.py for tasks to queue
[2025-03-17T15:08:40.769+0600] {logging_mixin.py:190} INFO - [2025-03-17T15:08:40.768+0600] {dagbag.py:588} INFO - Filling up the DagBag from /home/shamim/airflow_venv/lib/python3.12/site-packages/airflow/example_dags/example_setup_teardown.py
[2025-03-17T15:08:40.780+0600] {processor.py:925} INFO - DAG(s) 'example_setup_teardown' retrieved from /home/shamim/airflow_venv/lib/python3.12/site-packages/airflow/example_dags/example_setup_teardown.py
[2025-03-17T15:08:40.800+0600] {logging_mixin.py:190} INFO - [2025-03-17T15:08:40.800+0600] {dag.py:3239} INFO - Sync 1 DAGs
[2025-03-17T15:08:40.817+0600] {logging_mixin.py:190} INFO - [2025-03-17T15:08:40.816+0600] {dag.py:4180} INFO - Setting next_dagrun for example_setup_teardown to None, run_after=None
[2025-03-17T15:08:40.839+0600] {processor.py:208} INFO - Processing /home/shamim/airflow_venv/lib/python3.12/site-packages/airflow/example_dags/example_setup_teardown.py took 0.081 seconds
[2025-03-17T15:09:55.690+0600] {processor.py:186} INFO - Started process (PID=20388) to work on /home/shamim/airflow_venv/lib/python3.12/site-packages/airflow/example_dags/example_setup_teardown.py
[2025-03-17T15:09:55.708+0600] {processor.py:914} INFO - Processing file /home/shamim/airflow_venv/lib/python3.12/site-packages/airflow/example_dags/example_setup_teardown.py for tasks to queue
[2025-03-17T15:09:55.716+0600] {logging_mixin.py:190} INFO - [2025-03-17T15:09:55.715+0600] {dagbag.py:588} INFO - Filling up the DagBag from /home/shamim/airflow_venv/lib/python3.12/site-packages/airflow/example_dags/example_setup_teardown.py
[2025-03-17T15:09:55.770+0600] {processor.py:925} INFO - DAG(s) 'example_setup_teardown' retrieved from /home/shamim/airflow_venv/lib/python3.12/site-packages/airflow/example_dags/example_setup_teardown.py
[2025-03-17T15:09:55.807+0600] {logging_mixin.py:190} INFO - [2025-03-17T15:09:55.807+0600] {dag.py:3239} INFO - Sync 1 DAGs
[2025-03-17T15:09:55.841+0600] {logging_mixin.py:190} INFO - [2025-03-17T15:09:55.840+0600] {dag.py:4180} INFO - Setting next_dagrun for example_setup_teardown to None, run_after=None
[2025-03-17T15:09:55.876+0600] {processor.py:208} INFO - Processing /home/shamim/airflow_venv/lib/python3.12/site-packages/airflow/example_dags/example_setup_teardown.py took 0.197 seconds
[2025-03-17T15:24:03.648+0600] {processor.py:186} INFO - Started process (PID=22210) to work on /home/shamim/airflow_venv/lib/python3.12/site-packages/airflow/example_dags/example_setup_teardown.py
[2025-03-17T15:24:03.649+0600] {processor.py:914} INFO - Processing file /home/shamim/airflow_venv/lib/python3.12/site-packages/airflow/example_dags/example_setup_teardown.py for tasks to queue
[2025-03-17T15:24:03.651+0600] {logging_mixin.py:190} INFO - [2025-03-17T15:24:03.651+0600] {dagbag.py:588} INFO - Filling up the DagBag from /home/shamim/airflow_venv/lib/python3.12/site-packages/airflow/example_dags/example_setup_teardown.py
[2025-03-17T15:24:03.663+0600] {processor.py:925} INFO - DAG(s) 'example_setup_teardown' retrieved from /home/shamim/airflow_venv/lib/python3.12/site-packages/airflow/example_dags/example_setup_teardown.py
[2025-03-17T15:24:03.684+0600] {logging_mixin.py:190} INFO - [2025-03-17T15:24:03.684+0600] {dag.py:3239} INFO - Sync 1 DAGs
[2025-03-17T15:24:03.702+0600] {logging_mixin.py:190} INFO - [2025-03-17T15:24:03.702+0600] {dag.py:4180} INFO - Setting next_dagrun for example_setup_teardown to None, run_after=None
[2025-03-17T15:24:03.729+0600] {processor.py:208} INFO - Processing /home/shamim/airflow_venv/lib/python3.12/site-packages/airflow/example_dags/example_setup_teardown.py took 0.088 seconds
[2025-03-17T15:29:28.058+0600] {processor.py:186} INFO - Started process (PID=22949) to work on /home/shamim/airflow_venv/lib/python3.12/site-packages/airflow/example_dags/example_setup_teardown.py
[2025-03-17T15:29:28.190+0600] {processor.py:914} INFO - Processing file /home/shamim/airflow_venv/lib/python3.12/site-packages/airflow/example_dags/example_setup_teardown.py for tasks to queue
[2025-03-17T15:29:28.196+0600] {logging_mixin.py:190} INFO - [2025-03-17T15:29:28.195+0600] {dagbag.py:588} INFO - Filling up the DagBag from /home/shamim/airflow_venv/lib/python3.12/site-packages/airflow/example_dags/example_setup_teardown.py
[2025-03-17T15:29:28.228+0600] {processor.py:925} INFO - DAG(s) 'example_setup_teardown' retrieved from /home/shamim/airflow_venv/lib/python3.12/site-packages/airflow/example_dags/example_setup_teardown.py
[2025-03-17T15:29:28.277+0600] {logging_mixin.py:190} INFO - [2025-03-17T15:29:28.276+0600] {dag.py:3239} INFO - Sync 1 DAGs
[2025-03-17T15:29:28.296+0600] {logging_mixin.py:190} INFO - [2025-03-17T15:29:28.296+0600] {dag.py:4180} INFO - Setting next_dagrun for example_setup_teardown to None, run_after=None
[2025-03-17T15:29:28.321+0600] {processor.py:208} INFO - Processing /home/shamim/airflow_venv/lib/python3.12/site-packages/airflow/example_dags/example_setup_teardown.py took 0.283 seconds
[2025-03-17T15:31:32.197+0600] {processor.py:186} INFO - Started process (PID=23223) to work on /home/shamim/airflow_venv/lib/python3.12/site-packages/airflow/example_dags/example_setup_teardown.py
[2025-03-17T15:31:32.204+0600] {processor.py:914} INFO - Processing file /home/shamim/airflow_venv/lib/python3.12/site-packages/airflow/example_dags/example_setup_teardown.py for tasks to queue
[2025-03-17T15:31:32.208+0600] {logging_mixin.py:190} INFO - [2025-03-17T15:31:32.208+0600] {dagbag.py:588} INFO - Filling up the DagBag from /home/shamim/airflow_venv/lib/python3.12/site-packages/airflow/example_dags/example_setup_teardown.py
[2025-03-17T15:31:32.232+0600] {processor.py:925} INFO - DAG(s) 'example_setup_teardown' retrieved from /home/shamim/airflow_venv/lib/python3.12/site-packages/airflow/example_dags/example_setup_teardown.py
[2025-03-17T15:31:32.262+0600] {logging_mixin.py:190} INFO - [2025-03-17T15:31:32.261+0600] {dag.py:3239} INFO - Sync 1 DAGs
[2025-03-17T15:31:32.280+0600] {logging_mixin.py:190} INFO - [2025-03-17T15:31:32.279+0600] {dag.py:4180} INFO - Setting next_dagrun for example_setup_teardown to None, run_after=None
[2025-03-17T15:31:32.306+0600] {processor.py:208} INFO - Processing /home/shamim/airflow_venv/lib/python3.12/site-packages/airflow/example_dags/example_setup_teardown.py took 0.121 seconds
[2025-03-17T15:33:01.649+0600] {processor.py:186} INFO - Started process (PID=23402) to work on /home/shamim/airflow_venv/lib/python3.12/site-packages/airflow/example_dags/example_setup_teardown.py
[2025-03-17T15:33:01.655+0600] {processor.py:914} INFO - Processing file /home/shamim/airflow_venv/lib/python3.12/site-packages/airflow/example_dags/example_setup_teardown.py for tasks to queue
[2025-03-17T15:33:01.657+0600] {logging_mixin.py:190} INFO - [2025-03-17T15:33:01.657+0600] {dagbag.py:588} INFO - Filling up the DagBag from /home/shamim/airflow_venv/lib/python3.12/site-packages/airflow/example_dags/example_setup_teardown.py
[2025-03-17T15:33:01.669+0600] {processor.py:925} INFO - DAG(s) 'example_setup_teardown' retrieved from /home/shamim/airflow_venv/lib/python3.12/site-packages/airflow/example_dags/example_setup_teardown.py
[2025-03-17T15:33:01.688+0600] {logging_mixin.py:190} INFO - [2025-03-17T15:33:01.688+0600] {dag.py:3239} INFO - Sync 1 DAGs
[2025-03-17T15:33:01.704+0600] {logging_mixin.py:190} INFO - [2025-03-17T15:33:01.703+0600] {dag.py:4180} INFO - Setting next_dagrun for example_setup_teardown to None, run_after=None
[2025-03-17T15:33:01.739+0600] {processor.py:208} INFO - Processing /home/shamim/airflow_venv/lib/python3.12/site-packages/airflow/example_dags/example_setup_teardown.py took 0.098 seconds
[2025-03-17T15:34:10.413+0600] {processor.py:186} INFO - Started process (PID=23497) to work on /home/shamim/airflow_venv/lib/python3.12/site-packages/airflow/example_dags/example_setup_teardown.py
[2025-03-17T15:34:10.420+0600] {processor.py:914} INFO - Processing file /home/shamim/airflow_venv/lib/python3.12/site-packages/airflow/example_dags/example_setup_teardown.py for tasks to queue
[2025-03-17T15:34:10.423+0600] {logging_mixin.py:190} INFO - [2025-03-17T15:34:10.422+0600] {dagbag.py:588} INFO - Filling up the DagBag from /home/shamim/airflow_venv/lib/python3.12/site-packages/airflow/example_dags/example_setup_teardown.py
[2025-03-17T15:34:10.438+0600] {processor.py:925} INFO - DAG(s) 'example_setup_teardown' retrieved from /home/shamim/airflow_venv/lib/python3.12/site-packages/airflow/example_dags/example_setup_teardown.py
[2025-03-17T15:34:10.461+0600] {logging_mixin.py:190} INFO - [2025-03-17T15:34:10.461+0600] {dag.py:3239} INFO - Sync 1 DAGs
[2025-03-17T15:34:10.486+0600] {logging_mixin.py:190} INFO - [2025-03-17T15:34:10.485+0600] {dag.py:4180} INFO - Setting next_dagrun for example_setup_teardown to None, run_after=None
[2025-03-17T15:34:10.524+0600] {processor.py:208} INFO - Processing /home/shamim/airflow_venv/lib/python3.12/site-packages/airflow/example_dags/example_setup_teardown.py took 0.125 seconds
[2025-03-17T15:35:55.552+0600] {processor.py:186} INFO - Started process (PID=23699) to work on /home/shamim/airflow_venv/lib/python3.12/site-packages/airflow/example_dags/example_setup_teardown.py
[2025-03-17T15:35:55.558+0600] {processor.py:914} INFO - Processing file /home/shamim/airflow_venv/lib/python3.12/site-packages/airflow/example_dags/example_setup_teardown.py for tasks to queue
[2025-03-17T15:35:55.562+0600] {logging_mixin.py:190} INFO - [2025-03-17T15:35:55.561+0600] {dagbag.py:588} INFO - Filling up the DagBag from /home/shamim/airflow_venv/lib/python3.12/site-packages/airflow/example_dags/example_setup_teardown.py
[2025-03-17T15:35:55.574+0600] {processor.py:925} INFO - DAG(s) 'example_setup_teardown' retrieved from /home/shamim/airflow_venv/lib/python3.12/site-packages/airflow/example_dags/example_setup_teardown.py
[2025-03-17T15:35:55.594+0600] {logging_mixin.py:190} INFO - [2025-03-17T15:35:55.593+0600] {dag.py:3239} INFO - Sync 1 DAGs
[2025-03-17T15:35:55.610+0600] {logging_mixin.py:190} INFO - [2025-03-17T15:35:55.610+0600] {dag.py:4180} INFO - Setting next_dagrun for example_setup_teardown to None, run_after=None
[2025-03-17T15:35:55.645+0600] {processor.py:208} INFO - Processing /home/shamim/airflow_venv/lib/python3.12/site-packages/airflow/example_dags/example_setup_teardown.py took 0.102 seconds
[2025-03-17T15:37:38.629+0600] {processor.py:186} INFO - Started process (PID=23889) to work on /home/shamim/airflow_venv/lib/python3.12/site-packages/airflow/example_dags/example_setup_teardown.py
[2025-03-17T15:37:38.635+0600] {processor.py:914} INFO - Processing file /home/shamim/airflow_venv/lib/python3.12/site-packages/airflow/example_dags/example_setup_teardown.py for tasks to queue
[2025-03-17T15:37:38.640+0600] {logging_mixin.py:190} INFO - [2025-03-17T15:37:38.639+0600] {dagbag.py:588} INFO - Filling up the DagBag from /home/shamim/airflow_venv/lib/python3.12/site-packages/airflow/example_dags/example_setup_teardown.py
[2025-03-17T15:37:38.655+0600] {processor.py:925} INFO - DAG(s) 'example_setup_teardown' retrieved from /home/shamim/airflow_venv/lib/python3.12/site-packages/airflow/example_dags/example_setup_teardown.py
[2025-03-17T15:37:38.676+0600] {logging_mixin.py:190} INFO - [2025-03-17T15:37:38.676+0600] {dag.py:3239} INFO - Sync 1 DAGs
[2025-03-17T15:37:38.695+0600] {logging_mixin.py:190} INFO - [2025-03-17T15:37:38.694+0600] {dag.py:4180} INFO - Setting next_dagrun for example_setup_teardown to None, run_after=None
[2025-03-17T15:37:38.731+0600] {processor.py:208} INFO - Processing /home/shamim/airflow_venv/lib/python3.12/site-packages/airflow/example_dags/example_setup_teardown.py took 0.113 seconds
