[2025-03-17T15:00:42.815+0600] {processor.py:186} INFO - Started process (PID=19387) to work on /home/shamim/airflow_venv/lib/python3.12/site-packages/airflow/example_dags/example_dag_decorator.py
[2025-03-17T15:00:42.816+0600] {processor.py:914} INFO - Processing file /home/shamim/airflow_venv/lib/python3.12/site-packages/airflow/example_dags/example_dag_decorator.py for tasks to queue
[2025-03-17T15:00:42.818+0600] {logging_mixin.py:190} INFO - [2025-03-17T15:00:42.818+0600] {dagbag.py:588} INFO - Filling up the DagBag from /home/shamim/airflow_venv/lib/python3.12/site-packages/airflow/example_dags/example_dag_decorator.py
[2025-03-17T15:00:42.886+0600] {processor.py:925} INFO - DAG(s) 'example_dag_decorator' retrieved from /home/shamim/airflow_venv/lib/python3.12/site-packages/airflow/example_dags/example_dag_decorator.py
[2025-03-17T15:00:43.033+0600] {logging_mixin.py:190} INFO - [2025-03-17T15:00:43.032+0600] {override.py:1930} INFO - Created Permission View: can read on DAG:example_dag_decorator
[2025-03-17T15:00:43.048+0600] {logging_mixin.py:190} INFO - [2025-03-17T15:00:43.048+0600] {override.py:1930} INFO - Created Permission View: can delete on DAG:example_dag_decorator
[2025-03-17T15:00:43.057+0600] {logging_mixin.py:190} INFO - [2025-03-17T15:00:43.056+0600] {override.py:1930} INFO - Created Permission View: can edit on DAG:example_dag_decorator
[2025-03-17T15:00:43.069+0600] {logging_mixin.py:190} INFO - [2025-03-17T15:00:43.068+0600] {override.py:1930} INFO - Created Permission View: can create on DAG Run:example_dag_decorator
[2025-03-17T15:00:43.077+0600] {logging_mixin.py:190} INFO - [2025-03-17T15:00:43.076+0600] {override.py:1930} INFO - Created Permission View: can read on DAG Run:example_dag_decorator
[2025-03-17T15:00:43.086+0600] {logging_mixin.py:190} INFO - [2025-03-17T15:00:43.085+0600] {override.py:1930} INFO - Created Permission View: can delete on DAG Run:example_dag_decorator
[2025-03-17T15:00:43.094+0600] {logging_mixin.py:190} INFO - [2025-03-17T15:00:43.093+0600] {override.py:1930} INFO - Created Permission View: menu access on DAG Run:example_dag_decorator
[2025-03-17T15:00:43.094+0600] {logging_mixin.py:190} INFO - [2025-03-17T15:00:43.094+0600] {dag.py:3239} INFO - Sync 1 DAGs
[2025-03-17T15:00:43.108+0600] {logging_mixin.py:190} INFO - [2025-03-17T15:00:43.107+0600] {dag.py:3262} INFO - Creating ORM DAG for example_dag_decorator
[2025-03-17T15:00:43.109+0600] {logging_mixin.py:190} INFO - [2025-03-17T15:00:43.108+0600] {dag.py:4180} INFO - Setting next_dagrun for example_dag_decorator to None, run_after=None
[2025-03-17T15:00:43.128+0600] {processor.py:208} INFO - Processing /home/shamim/airflow_venv/lib/python3.12/site-packages/airflow/example_dags/example_dag_decorator.py took 0.320 seconds
[2025-03-17T15:02:05.591+0600] {processor.py:186} INFO - Started process (PID=19490) to work on /home/shamim/airflow_venv/lib/python3.12/site-packages/airflow/example_dags/example_dag_decorator.py
[2025-03-17T15:02:05.597+0600] {processor.py:914} INFO - Processing file /home/shamim/airflow_venv/lib/python3.12/site-packages/airflow/example_dags/example_dag_decorator.py for tasks to queue
[2025-03-17T15:02:05.600+0600] {logging_mixin.py:190} INFO - [2025-03-17T15:02:05.599+0600] {dagbag.py:588} INFO - Filling up the DagBag from /home/shamim/airflow_venv/lib/python3.12/site-packages/airflow/example_dags/example_dag_decorator.py
[2025-03-17T15:02:05.650+0600] {processor.py:925} INFO - DAG(s) 'example_dag_decorator' retrieved from /home/shamim/airflow_venv/lib/python3.12/site-packages/airflow/example_dags/example_dag_decorator.py
[2025-03-17T15:02:05.791+0600] {logging_mixin.py:190} INFO - [2025-03-17T15:02:05.791+0600] {dag.py:3239} INFO - Sync 1 DAGs
[2025-03-17T15:02:05.804+0600] {logging_mixin.py:190} INFO - [2025-03-17T15:02:05.804+0600] {dag.py:4180} INFO - Setting next_dagrun for example_dag_decorator to None, run_after=None
[2025-03-17T15:02:05.835+0600] {processor.py:208} INFO - Processing /home/shamim/airflow_venv/lib/python3.12/site-packages/airflow/example_dags/example_dag_decorator.py took 0.250 seconds
[2025-03-17T15:03:17.598+0600] {processor.py:186} INFO - Started process (PID=19617) to work on /home/shamim/airflow_venv/lib/python3.12/site-packages/airflow/example_dags/example_dag_decorator.py
[2025-03-17T15:03:17.605+0600] {processor.py:914} INFO - Processing file /home/shamim/airflow_venv/lib/python3.12/site-packages/airflow/example_dags/example_dag_decorator.py for tasks to queue
[2025-03-17T15:03:17.609+0600] {logging_mixin.py:190} INFO - [2025-03-17T15:03:17.608+0600] {dagbag.py:588} INFO - Filling up the DagBag from /home/shamim/airflow_venv/lib/python3.12/site-packages/airflow/example_dags/example_dag_decorator.py
[2025-03-17T15:03:17.662+0600] {processor.py:925} INFO - DAG(s) 'example_dag_decorator' retrieved from /home/shamim/airflow_venv/lib/python3.12/site-packages/airflow/example_dags/example_dag_decorator.py
[2025-03-17T15:03:17.812+0600] {logging_mixin.py:190} INFO - [2025-03-17T15:03:17.812+0600] {dag.py:3239} INFO - Sync 1 DAGs
[2025-03-17T15:03:17.829+0600] {logging_mixin.py:190} INFO - [2025-03-17T15:03:17.829+0600] {dag.py:4180} INFO - Setting next_dagrun for example_dag_decorator to None, run_after=None
[2025-03-17T15:03:17.859+0600] {processor.py:208} INFO - Processing /home/shamim/airflow_venv/lib/python3.12/site-packages/airflow/example_dags/example_dag_decorator.py took 0.271 seconds
[2025-03-17T15:06:23.260+0600] {processor.py:186} INFO - Started process (PID=19901) to work on /home/shamim/airflow_venv/lib/python3.12/site-packages/airflow/example_dags/example_dag_decorator.py
[2025-03-17T15:06:23.263+0600] {processor.py:914} INFO - Processing file /home/shamim/airflow_venv/lib/python3.12/site-packages/airflow/example_dags/example_dag_decorator.py for tasks to queue
[2025-03-17T15:06:23.272+0600] {logging_mixin.py:190} INFO - [2025-03-17T15:06:23.268+0600] {dagbag.py:588} INFO - Filling up the DagBag from /home/shamim/airflow_venv/lib/python3.12/site-packages/airflow/example_dags/example_dag_decorator.py
[2025-03-17T15:06:23.461+0600] {processor.py:925} INFO - DAG(s) 'example_dag_decorator' retrieved from /home/shamim/airflow_venv/lib/python3.12/site-packages/airflow/example_dags/example_dag_decorator.py
[2025-03-17T15:06:23.873+0600] {logging_mixin.py:190} INFO - [2025-03-17T15:06:23.872+0600] {dag.py:3239} INFO - Sync 1 DAGs
[2025-03-17T15:06:23.928+0600] {logging_mixin.py:190} INFO - [2025-03-17T15:06:23.927+0600] {dag.py:4180} INFO - Setting next_dagrun for example_dag_decorator to None, run_after=None
[2025-03-17T15:06:24.126+0600] {processor.py:208} INFO - Processing /home/shamim/airflow_venv/lib/python3.12/site-packages/airflow/example_dags/example_dag_decorator.py took 0.926 seconds
[2025-03-17T15:07:58.283+0600] {processor.py:186} INFO - Started process (PID=20153) to work on /home/shamim/airflow_venv/lib/python3.12/site-packages/airflow/example_dags/example_dag_decorator.py
[2025-03-17T15:07:58.285+0600] {processor.py:914} INFO - Processing file /home/shamim/airflow_venv/lib/python3.12/site-packages/airflow/example_dags/example_dag_decorator.py for tasks to queue
[2025-03-17T15:07:58.289+0600] {logging_mixin.py:190} INFO - [2025-03-17T15:07:58.288+0600] {dagbag.py:588} INFO - Filling up the DagBag from /home/shamim/airflow_venv/lib/python3.12/site-packages/airflow/example_dags/example_dag_decorator.py
[2025-03-17T15:07:58.350+0600] {processor.py:925} INFO - DAG(s) 'example_dag_decorator' retrieved from /home/shamim/airflow_venv/lib/python3.12/site-packages/airflow/example_dags/example_dag_decorator.py
[2025-03-17T15:07:58.527+0600] {logging_mixin.py:190} INFO - [2025-03-17T15:07:58.527+0600] {dag.py:3239} INFO - Sync 1 DAGs
[2025-03-17T15:07:58.543+0600] {logging_mixin.py:190} INFO - [2025-03-17T15:07:58.542+0600] {dag.py:4180} INFO - Setting next_dagrun for example_dag_decorator to None, run_after=None
[2025-03-17T15:07:58.573+0600] {processor.py:208} INFO - Processing /home/shamim/airflow_venv/lib/python3.12/site-packages/airflow/example_dags/example_dag_decorator.py took 0.298 seconds
[2025-03-17T15:09:15.886+0600] {processor.py:186} INFO - Started process (PID=20322) to work on /home/shamim/airflow_venv/lib/python3.12/site-packages/airflow/example_dags/example_dag_decorator.py
[2025-03-17T15:09:15.902+0600] {processor.py:914} INFO - Processing file /home/shamim/airflow_venv/lib/python3.12/site-packages/airflow/example_dags/example_dag_decorator.py for tasks to queue
[2025-03-17T15:09:15.906+0600] {logging_mixin.py:190} INFO - [2025-03-17T15:09:15.905+0600] {dagbag.py:588} INFO - Filling up the DagBag from /home/shamim/airflow_venv/lib/python3.12/site-packages/airflow/example_dags/example_dag_decorator.py
[2025-03-17T15:09:15.976+0600] {processor.py:925} INFO - DAG(s) 'example_dag_decorator' retrieved from /home/shamim/airflow_venv/lib/python3.12/site-packages/airflow/example_dags/example_dag_decorator.py
[2025-03-17T15:09:16.207+0600] {logging_mixin.py:190} INFO - [2025-03-17T15:09:16.207+0600] {dag.py:3239} INFO - Sync 1 DAGs
[2025-03-17T15:09:16.230+0600] {logging_mixin.py:190} INFO - [2025-03-17T15:09:16.230+0600] {dag.py:4180} INFO - Setting next_dagrun for example_dag_decorator to None, run_after=None
[2025-03-17T15:09:16.272+0600] {processor.py:208} INFO - Processing /home/shamim/airflow_venv/lib/python3.12/site-packages/airflow/example_dags/example_dag_decorator.py took 0.396 seconds
[2025-03-17T15:15:32.056+0600] {processor.py:186} INFO - Started process (PID=21046) to work on /home/shamim/airflow_venv/lib/python3.12/site-packages/airflow/example_dags/example_dag_decorator.py
[2025-03-17T15:15:32.058+0600] {processor.py:914} INFO - Processing file /home/shamim/airflow_venv/lib/python3.12/site-packages/airflow/example_dags/example_dag_decorator.py for tasks to queue
[2025-03-17T15:15:32.061+0600] {logging_mixin.py:190} INFO - [2025-03-17T15:15:32.060+0600] {dagbag.py:588} INFO - Filling up the DagBag from /home/shamim/airflow_venv/lib/python3.12/site-packages/airflow/example_dags/example_dag_decorator.py
[2025-03-17T15:15:32.115+0600] {processor.py:925} INFO - DAG(s) 'example_dag_decorator' retrieved from /home/shamim/airflow_venv/lib/python3.12/site-packages/airflow/example_dags/example_dag_decorator.py
[2025-03-17T15:15:32.263+0600] {logging_mixin.py:190} INFO - [2025-03-17T15:15:32.263+0600] {dag.py:3239} INFO - Sync 1 DAGs
[2025-03-17T15:15:32.280+0600] {logging_mixin.py:190} INFO - [2025-03-17T15:15:32.279+0600] {dag.py:4180} INFO - Setting next_dagrun for example_dag_decorator to None, run_after=None
[2025-03-17T15:15:32.318+0600] {processor.py:208} INFO - Processing /home/shamim/airflow_venv/lib/python3.12/site-packages/airflow/example_dags/example_dag_decorator.py took 0.269 seconds
[2025-03-17T15:26:23.233+0600] {processor.py:186} INFO - Started process (PID=22455) to work on /home/shamim/airflow_venv/lib/python3.12/site-packages/airflow/example_dags/example_dag_decorator.py
[2025-03-17T15:26:23.240+0600] {processor.py:914} INFO - Processing file /home/shamim/airflow_venv/lib/python3.12/site-packages/airflow/example_dags/example_dag_decorator.py for tasks to queue
[2025-03-17T15:26:23.246+0600] {logging_mixin.py:190} INFO - [2025-03-17T15:26:23.245+0600] {dagbag.py:588} INFO - Filling up the DagBag from /home/shamim/airflow_venv/lib/python3.12/site-packages/airflow/example_dags/example_dag_decorator.py
[2025-03-17T15:26:23.325+0600] {processor.py:925} INFO - DAG(s) 'example_dag_decorator' retrieved from /home/shamim/airflow_venv/lib/python3.12/site-packages/airflow/example_dags/example_dag_decorator.py
[2025-03-17T15:26:23.475+0600] {logging_mixin.py:190} INFO - [2025-03-17T15:26:23.475+0600] {dag.py:3239} INFO - Sync 1 DAGs
[2025-03-17T15:26:23.490+0600] {logging_mixin.py:190} INFO - [2025-03-17T15:26:23.489+0600] {dag.py:4180} INFO - Setting next_dagrun for example_dag_decorator to None, run_after=None
[2025-03-17T15:26:23.517+0600] {processor.py:208} INFO - Processing /home/shamim/airflow_venv/lib/python3.12/site-packages/airflow/example_dags/example_dag_decorator.py took 0.303 seconds
[2025-03-17T15:30:44.168+0600] {processor.py:186} INFO - Started process (PID=23128) to work on /home/shamim/airflow_venv/lib/python3.12/site-packages/airflow/example_dags/example_dag_decorator.py
[2025-03-17T15:30:44.175+0600] {processor.py:914} INFO - Processing file /home/shamim/airflow_venv/lib/python3.12/site-packages/airflow/example_dags/example_dag_decorator.py for tasks to queue
[2025-03-17T15:30:44.182+0600] {logging_mixin.py:190} INFO - [2025-03-17T15:30:44.180+0600] {dagbag.py:588} INFO - Filling up the DagBag from /home/shamim/airflow_venv/lib/python3.12/site-packages/airflow/example_dags/example_dag_decorator.py
[2025-03-17T15:30:44.243+0600] {processor.py:925} INFO - DAG(s) 'example_dag_decorator' retrieved from /home/shamim/airflow_venv/lib/python3.12/site-packages/airflow/example_dags/example_dag_decorator.py
[2025-03-17T15:30:44.385+0600] {logging_mixin.py:190} INFO - [2025-03-17T15:30:44.385+0600] {dag.py:3239} INFO - Sync 1 DAGs
[2025-03-17T15:30:44.401+0600] {logging_mixin.py:190} INFO - [2025-03-17T15:30:44.401+0600] {dag.py:4180} INFO - Setting next_dagrun for example_dag_decorator to None, run_after=None
[2025-03-17T15:30:44.429+0600] {processor.py:208} INFO - Processing /home/shamim/airflow_venv/lib/python3.12/site-packages/airflow/example_dags/example_dag_decorator.py took 0.269 seconds
[2025-03-17T15:32:15.413+0600] {processor.py:186} INFO - Started process (PID=23305) to work on /home/shamim/airflow_venv/lib/python3.12/site-packages/airflow/example_dags/example_dag_decorator.py
[2025-03-17T15:32:15.430+0600] {processor.py:914} INFO - Processing file /home/shamim/airflow_venv/lib/python3.12/site-packages/airflow/example_dags/example_dag_decorator.py for tasks to queue
[2025-03-17T15:32:15.438+0600] {logging_mixin.py:190} INFO - [2025-03-17T15:32:15.436+0600] {dagbag.py:588} INFO - Filling up the DagBag from /home/shamim/airflow_venv/lib/python3.12/site-packages/airflow/example_dags/example_dag_decorator.py
[2025-03-17T15:32:15.542+0600] {processor.py:925} INFO - DAG(s) 'example_dag_decorator' retrieved from /home/shamim/airflow_venv/lib/python3.12/site-packages/airflow/example_dags/example_dag_decorator.py
[2025-03-17T15:32:15.571+0600] {logging_mixin.py:190} INFO - [2025-03-17T15:32:15.571+0600] {dag.py:3239} INFO - Sync 1 DAGs
[2025-03-17T15:32:15.592+0600] {logging_mixin.py:190} INFO - [2025-03-17T15:32:15.592+0600] {dag.py:4180} INFO - Setting next_dagrun for example_dag_decorator to None, run_after=None
[2025-03-17T15:32:15.647+0600] {processor.py:208} INFO - Processing /home/shamim/airflow_venv/lib/python3.12/site-packages/airflow/example_dags/example_dag_decorator.py took 0.242 seconds
[2025-03-17T15:33:42.978+0600] {processor.py:186} INFO - Started process (PID=23448) to work on /home/shamim/airflow_venv/lib/python3.12/site-packages/airflow/example_dags/example_dag_decorator.py
[2025-03-17T15:33:42.984+0600] {processor.py:914} INFO - Processing file /home/shamim/airflow_venv/lib/python3.12/site-packages/airflow/example_dags/example_dag_decorator.py for tasks to queue
[2025-03-17T15:33:42.987+0600] {logging_mixin.py:190} INFO - [2025-03-17T15:33:42.986+0600] {dagbag.py:588} INFO - Filling up the DagBag from /home/shamim/airflow_venv/lib/python3.12/site-packages/airflow/example_dags/example_dag_decorator.py
[2025-03-17T15:33:43.042+0600] {processor.py:925} INFO - DAG(s) 'example_dag_decorator' retrieved from /home/shamim/airflow_venv/lib/python3.12/site-packages/airflow/example_dags/example_dag_decorator.py
[2025-03-17T15:33:43.194+0600] {logging_mixin.py:190} INFO - [2025-03-17T15:33:43.194+0600] {dag.py:3239} INFO - Sync 1 DAGs
[2025-03-17T15:33:43.208+0600] {logging_mixin.py:190} INFO - [2025-03-17T15:33:43.208+0600] {dag.py:4180} INFO - Setting next_dagrun for example_dag_decorator to None, run_after=None
[2025-03-17T15:33:43.231+0600] {processor.py:208} INFO - Processing /home/shamim/airflow_venv/lib/python3.12/site-packages/airflow/example_dags/example_dag_decorator.py took 0.260 seconds
[2025-03-17T15:35:16.698+0600] {processor.py:186} INFO - Started process (PID=23628) to work on /home/shamim/airflow_venv/lib/python3.12/site-packages/airflow/example_dags/example_dag_decorator.py
[2025-03-17T15:35:16.704+0600] {processor.py:914} INFO - Processing file /home/shamim/airflow_venv/lib/python3.12/site-packages/airflow/example_dags/example_dag_decorator.py for tasks to queue
[2025-03-17T15:35:16.707+0600] {logging_mixin.py:190} INFO - [2025-03-17T15:35:16.707+0600] {dagbag.py:588} INFO - Filling up the DagBag from /home/shamim/airflow_venv/lib/python3.12/site-packages/airflow/example_dags/example_dag_decorator.py
[2025-03-17T15:35:16.764+0600] {processor.py:925} INFO - DAG(s) 'example_dag_decorator' retrieved from /home/shamim/airflow_venv/lib/python3.12/site-packages/airflow/example_dags/example_dag_decorator.py
[2025-03-17T15:35:16.910+0600] {logging_mixin.py:190} INFO - [2025-03-17T15:35:16.910+0600] {dag.py:3239} INFO - Sync 1 DAGs
[2025-03-17T15:35:16.923+0600] {logging_mixin.py:190} INFO - [2025-03-17T15:35:16.923+0600] {dag.py:4180} INFO - Setting next_dagrun for example_dag_decorator to None, run_after=None
[2025-03-17T15:35:16.951+0600] {processor.py:208} INFO - Processing /home/shamim/airflow_venv/lib/python3.12/site-packages/airflow/example_dags/example_dag_decorator.py took 0.261 seconds
[2025-03-17T15:36:42.789+0600] {processor.py:186} INFO - Started process (PID=23798) to work on /home/shamim/airflow_venv/lib/python3.12/site-packages/airflow/example_dags/example_dag_decorator.py
[2025-03-17T15:36:42.790+0600] {processor.py:914} INFO - Processing file /home/shamim/airflow_venv/lib/python3.12/site-packages/airflow/example_dags/example_dag_decorator.py for tasks to queue
[2025-03-17T15:36:42.793+0600] {logging_mixin.py:190} INFO - [2025-03-17T15:36:42.792+0600] {dagbag.py:588} INFO - Filling up the DagBag from /home/shamim/airflow_venv/lib/python3.12/site-packages/airflow/example_dags/example_dag_decorator.py
[2025-03-17T15:36:42.879+0600] {processor.py:925} INFO - DAG(s) 'example_dag_decorator' retrieved from /home/shamim/airflow_venv/lib/python3.12/site-packages/airflow/example_dags/example_dag_decorator.py
[2025-03-17T15:36:43.143+0600] {logging_mixin.py:190} INFO - [2025-03-17T15:36:43.143+0600] {dag.py:3239} INFO - Sync 1 DAGs
[2025-03-17T15:36:43.171+0600] {logging_mixin.py:190} INFO - [2025-03-17T15:36:43.170+0600] {dag.py:4180} INFO - Setting next_dagrun for example_dag_decorator to None, run_after=None
[2025-03-17T15:36:43.220+0600] {processor.py:208} INFO - Processing /home/shamim/airflow_venv/lib/python3.12/site-packages/airflow/example_dags/example_dag_decorator.py took 0.439 seconds
