[2025-03-17T15:00:33.967+0600] {processor.py:186} INFO - Started process (PID=19370) to work on /home/shamim/airflow_venv/lib/python3.12/site-packages/airflow/example_dags/example_inlet_event_extra.py
[2025-03-17T15:00:33.968+0600] {processor.py:914} INFO - Processing file /home/shamim/airflow_venv/lib/python3.12/site-packages/airflow/example_dags/example_inlet_event_extra.py for tasks to queue
[2025-03-17T15:00:33.970+0600] {logging_mixin.py:190} INFO - [2025-03-17T15:00:33.969+0600] {dagbag.py:588} INFO - Filling up the DagBag from /home/shamim/airflow_venv/lib/python3.12/site-packages/airflow/example_dags/example_inlet_event_extra.py
[2025-03-17T15:00:34.557+0600] {processor.py:925} INFO - DAG(s) 'read_dataset_event', 'read_dataset_event_from_classic' retrieved from /home/shamim/airflow_venv/lib/python3.12/site-packages/airflow/example_dags/example_inlet_event_extra.py
[2025-03-17T15:00:34.670+0600] {logging_mixin.py:190} INFO - [2025-03-17T15:00:34.670+0600] {override.py:1930} INFO - Created Permission View: can read on DAG:read_dataset_event
[2025-03-17T15:00:34.681+0600] {logging_mixin.py:190} INFO - [2025-03-17T15:00:34.681+0600] {override.py:1930} INFO - Created Permission View: can delete on DAG:read_dataset_event
[2025-03-17T15:00:34.689+0600] {logging_mixin.py:190} INFO - [2025-03-17T15:00:34.689+0600] {override.py:1930} INFO - Created Permission View: can edit on DAG:read_dataset_event
[2025-03-17T15:00:34.700+0600] {logging_mixin.py:190} INFO - [2025-03-17T15:00:34.699+0600] {override.py:1930} INFO - Created Permission View: can create on DAG Run:read_dataset_event
[2025-03-17T15:00:34.708+0600] {logging_mixin.py:190} INFO - [2025-03-17T15:00:34.707+0600] {override.py:1930} INFO - Created Permission View: can read on DAG Run:read_dataset_event
[2025-03-17T15:00:34.715+0600] {logging_mixin.py:190} INFO - [2025-03-17T15:00:34.715+0600] {override.py:1930} INFO - Created Permission View: can delete on DAG Run:read_dataset_event
[2025-03-17T15:00:34.724+0600] {logging_mixin.py:190} INFO - [2025-03-17T15:00:34.723+0600] {override.py:1930} INFO - Created Permission View: menu access on DAG Run:read_dataset_event
[2025-03-17T15:00:34.739+0600] {logging_mixin.py:190} INFO - [2025-03-17T15:00:34.739+0600] {override.py:1930} INFO - Created Permission View: can read on DAG:read_dataset_event_from_classic
[2025-03-17T15:00:34.747+0600] {logging_mixin.py:190} INFO - [2025-03-17T15:00:34.746+0600] {override.py:1930} INFO - Created Permission View: can delete on DAG:read_dataset_event_from_classic
[2025-03-17T15:00:34.755+0600] {logging_mixin.py:190} INFO - [2025-03-17T15:00:34.754+0600] {override.py:1930} INFO - Created Permission View: can edit on DAG:read_dataset_event_from_classic
[2025-03-17T15:00:34.766+0600] {logging_mixin.py:190} INFO - [2025-03-17T15:00:34.765+0600] {override.py:1930} INFO - Created Permission View: can create on DAG Run:read_dataset_event_from_classic
[2025-03-17T15:00:34.774+0600] {logging_mixin.py:190} INFO - [2025-03-17T15:00:34.774+0600] {override.py:1930} INFO - Created Permission View: can read on DAG Run:read_dataset_event_from_classic
[2025-03-17T15:00:34.782+0600] {logging_mixin.py:190} INFO - [2025-03-17T15:00:34.782+0600] {override.py:1930} INFO - Created Permission View: can delete on DAG Run:read_dataset_event_from_classic
[2025-03-17T15:00:34.791+0600] {logging_mixin.py:190} INFO - [2025-03-17T15:00:34.790+0600] {override.py:1930} INFO - Created Permission View: menu access on DAG Run:read_dataset_event_from_classic
[2025-03-17T15:00:34.791+0600] {logging_mixin.py:190} INFO - [2025-03-17T15:00:34.791+0600] {dag.py:3239} INFO - Sync 2 DAGs
[2025-03-17T15:00:34.804+0600] {logging_mixin.py:190} INFO - [2025-03-17T15:00:34.804+0600] {dag.py:3262} INFO - Creating ORM DAG for read_dataset_event_from_classic
[2025-03-17T15:00:34.805+0600] {logging_mixin.py:190} INFO - [2025-03-17T15:00:34.805+0600] {dag.py:3262} INFO - Creating ORM DAG for read_dataset_event
[2025-03-17T15:00:34.818+0600] {logging_mixin.py:190} INFO - [2025-03-17T15:00:34.817+0600] {dag.py:4180} INFO - Setting next_dagrun for read_dataset_event to 2025-03-16 00:00:00+00:00, run_after=2025-03-17 00:00:00+00:00
[2025-03-17T15:00:34.820+0600] {logging_mixin.py:190} INFO - [2025-03-17T15:00:34.820+0600] {dag.py:4180} INFO - Setting next_dagrun for read_dataset_event_from_classic to 2025-03-16 00:00:00+00:00, run_after=2025-03-17 00:00:00+00:00
[2025-03-17T15:00:34.841+0600] {processor.py:208} INFO - Processing /home/shamim/airflow_venv/lib/python3.12/site-packages/airflow/example_dags/example_inlet_event_extra.py took 0.881 seconds
[2025-03-17T15:01:59.088+0600] {processor.py:186} INFO - Started process (PID=19485) to work on /home/shamim/airflow_venv/lib/python3.12/site-packages/airflow/example_dags/example_inlet_event_extra.py
[2025-03-17T15:01:59.094+0600] {processor.py:914} INFO - Processing file /home/shamim/airflow_venv/lib/python3.12/site-packages/airflow/example_dags/example_inlet_event_extra.py for tasks to queue
[2025-03-17T15:01:59.097+0600] {logging_mixin.py:190} INFO - [2025-03-17T15:01:59.097+0600] {dagbag.py:588} INFO - Filling up the DagBag from /home/shamim/airflow_venv/lib/python3.12/site-packages/airflow/example_dags/example_inlet_event_extra.py
[2025-03-17T15:01:59.677+0600] {processor.py:925} INFO - DAG(s) 'read_dataset_event_from_classic', 'read_dataset_event' retrieved from /home/shamim/airflow_venv/lib/python3.12/site-packages/airflow/example_dags/example_inlet_event_extra.py
[2025-03-17T15:01:59.693+0600] {logging_mixin.py:190} INFO - [2025-03-17T15:01:59.693+0600] {dag.py:3239} INFO - Sync 2 DAGs
[2025-03-17T15:01:59.719+0600] {logging_mixin.py:190} INFO - [2025-03-17T15:01:59.718+0600] {dag.py:4180} INFO - Setting next_dagrun for read_dataset_event to 2025-03-16 00:00:00+00:00, run_after=2025-03-17 00:00:00+00:00
[2025-03-17T15:01:59.724+0600] {logging_mixin.py:190} INFO - [2025-03-17T15:01:59.724+0600] {dag.py:4180} INFO - Setting next_dagrun for read_dataset_event_from_classic to 2025-03-16 00:00:00+00:00, run_after=2025-03-17 00:00:00+00:00
[2025-03-17T15:01:59.753+0600] {processor.py:208} INFO - Processing /home/shamim/airflow_venv/lib/python3.12/site-packages/airflow/example_dags/example_inlet_event_extra.py took 0.671 seconds
[2025-03-17T15:03:09.996+0600] {processor.py:186} INFO - Started process (PID=19611) to work on /home/shamim/airflow_venv/lib/python3.12/site-packages/airflow/example_dags/example_inlet_event_extra.py
[2025-03-17T15:03:10.003+0600] {processor.py:914} INFO - Processing file /home/shamim/airflow_venv/lib/python3.12/site-packages/airflow/example_dags/example_inlet_event_extra.py for tasks to queue
[2025-03-17T15:03:10.006+0600] {logging_mixin.py:190} INFO - [2025-03-17T15:03:10.005+0600] {dagbag.py:588} INFO - Filling up the DagBag from /home/shamim/airflow_venv/lib/python3.12/site-packages/airflow/example_dags/example_inlet_event_extra.py
[2025-03-17T15:03:10.550+0600] {processor.py:925} INFO - DAG(s) 'read_dataset_event_from_classic', 'read_dataset_event' retrieved from /home/shamim/airflow_venv/lib/python3.12/site-packages/airflow/example_dags/example_inlet_event_extra.py
[2025-03-17T15:03:10.565+0600] {logging_mixin.py:190} INFO - [2025-03-17T15:03:10.565+0600] {dag.py:3239} INFO - Sync 2 DAGs
[2025-03-17T15:03:10.588+0600] {logging_mixin.py:190} INFO - [2025-03-17T15:03:10.588+0600] {dag.py:4180} INFO - Setting next_dagrun for read_dataset_event to 2025-03-16 00:00:00+00:00, run_after=2025-03-17 00:00:00+00:00
[2025-03-17T15:03:10.593+0600] {logging_mixin.py:190} INFO - [2025-03-17T15:03:10.593+0600] {dag.py:4180} INFO - Setting next_dagrun for read_dataset_event_from_classic to 2025-03-16 00:00:00+00:00, run_after=2025-03-17 00:00:00+00:00
[2025-03-17T15:03:10.617+0600] {processor.py:208} INFO - Processing /home/shamim/airflow_venv/lib/python3.12/site-packages/airflow/example_dags/example_inlet_event_extra.py took 0.629 seconds
[2025-03-17T15:06:13.139+0600] {processor.py:186} INFO - Started process (PID=19852) to work on /home/shamim/airflow_venv/lib/python3.12/site-packages/airflow/example_dags/example_inlet_event_extra.py
[2025-03-17T15:06:13.146+0600] {processor.py:914} INFO - Processing file /home/shamim/airflow_venv/lib/python3.12/site-packages/airflow/example_dags/example_inlet_event_extra.py for tasks to queue
[2025-03-17T15:06:13.150+0600] {logging_mixin.py:190} INFO - [2025-03-17T15:06:13.150+0600] {dagbag.py:588} INFO - Filling up the DagBag from /home/shamim/airflow_venv/lib/python3.12/site-packages/airflow/example_dags/example_inlet_event_extra.py
[2025-03-17T15:06:14.955+0600] {processor.py:925} INFO - DAG(s) 'read_dataset_event', 'read_dataset_event_from_classic' retrieved from /home/shamim/airflow_venv/lib/python3.12/site-packages/airflow/example_dags/example_inlet_event_extra.py
[2025-03-17T15:06:15.007+0600] {logging_mixin.py:190} INFO - [2025-03-17T15:06:15.007+0600] {dag.py:3239} INFO - Sync 2 DAGs
[2025-03-17T15:06:15.096+0600] {logging_mixin.py:190} INFO - [2025-03-17T15:06:15.095+0600] {dag.py:4180} INFO - Setting next_dagrun for read_dataset_event to 2025-03-16 00:00:00+00:00, run_after=2025-03-17 00:00:00+00:00
[2025-03-17T15:06:15.116+0600] {logging_mixin.py:190} INFO - [2025-03-17T15:06:15.116+0600] {dag.py:4180} INFO - Setting next_dagrun for read_dataset_event_from_classic to 2025-03-16 00:00:00+00:00, run_after=2025-03-17 00:00:00+00:00
[2025-03-17T15:06:15.160+0600] {processor.py:208} INFO - Processing /home/shamim/airflow_venv/lib/python3.12/site-packages/airflow/example_dags/example_inlet_event_extra.py took 2.033 seconds
[2025-03-17T15:07:51.013+0600] {processor.py:186} INFO - Started process (PID=20144) to work on /home/shamim/airflow_venv/lib/python3.12/site-packages/airflow/example_dags/example_inlet_event_extra.py
[2025-03-17T15:07:51.865+0600] {processor.py:914} INFO - Processing file /home/shamim/airflow_venv/lib/python3.12/site-packages/airflow/example_dags/example_inlet_event_extra.py for tasks to queue
[2025-03-17T15:07:51.869+0600] {logging_mixin.py:190} INFO - [2025-03-17T15:07:51.868+0600] {dagbag.py:588} INFO - Filling up the DagBag from /home/shamim/airflow_venv/lib/python3.12/site-packages/airflow/example_dags/example_inlet_event_extra.py
[2025-03-17T15:07:52.445+0600] {processor.py:925} INFO - DAG(s) 'read_dataset_event', 'read_dataset_event_from_classic' retrieved from /home/shamim/airflow_venv/lib/python3.12/site-packages/airflow/example_dags/example_inlet_event_extra.py
[2025-03-17T15:07:52.462+0600] {logging_mixin.py:190} INFO - [2025-03-17T15:07:52.461+0600] {dag.py:3239} INFO - Sync 2 DAGs
[2025-03-17T15:07:52.486+0600] {logging_mixin.py:190} INFO - [2025-03-17T15:07:52.485+0600] {dag.py:4180} INFO - Setting next_dagrun for read_dataset_event to 2025-03-16 00:00:00+00:00, run_after=2025-03-17 00:00:00+00:00
[2025-03-17T15:07:52.492+0600] {logging_mixin.py:190} INFO - [2025-03-17T15:07:52.492+0600] {dag.py:4180} INFO - Setting next_dagrun for read_dataset_event_from_classic to 2025-03-16 00:00:00+00:00, run_after=2025-03-17 00:00:00+00:00
[2025-03-17T15:07:52.516+0600] {processor.py:208} INFO - Processing /home/shamim/airflow_venv/lib/python3.12/site-packages/airflow/example_dags/example_inlet_event_extra.py took 1.509 seconds
[2025-03-17T15:09:07.901+0600] {processor.py:186} INFO - Started process (PID=20301) to work on /home/shamim/airflow_venv/lib/python3.12/site-packages/airflow/example_dags/example_inlet_event_extra.py
[2025-03-17T15:09:07.908+0600] {processor.py:914} INFO - Processing file /home/shamim/airflow_venv/lib/python3.12/site-packages/airflow/example_dags/example_inlet_event_extra.py for tasks to queue
[2025-03-17T15:09:07.912+0600] {logging_mixin.py:190} INFO - [2025-03-17T15:09:07.911+0600] {dagbag.py:588} INFO - Filling up the DagBag from /home/shamim/airflow_venv/lib/python3.12/site-packages/airflow/example_dags/example_inlet_event_extra.py
[2025-03-17T15:09:08.712+0600] {processor.py:925} INFO - DAG(s) 'read_dataset_event_from_classic', 'read_dataset_event' retrieved from /home/shamim/airflow_venv/lib/python3.12/site-packages/airflow/example_dags/example_inlet_event_extra.py
[2025-03-17T15:09:08.754+0600] {logging_mixin.py:190} INFO - [2025-03-17T15:09:08.751+0600] {dag.py:3239} INFO - Sync 2 DAGs
[2025-03-17T15:09:08.795+0600] {logging_mixin.py:190} INFO - [2025-03-17T15:09:08.795+0600] {dag.py:4180} INFO - Setting next_dagrun for read_dataset_event to 2025-03-16 00:00:00+00:00, run_after=2025-03-17 00:00:00+00:00
[2025-03-17T15:09:08.806+0600] {logging_mixin.py:190} INFO - [2025-03-17T15:09:08.806+0600] {dag.py:4180} INFO - Setting next_dagrun for read_dataset_event_from_classic to 2025-03-16 00:00:00+00:00, run_after=2025-03-17 00:00:00+00:00
[2025-03-17T15:09:08.852+0600] {processor.py:208} INFO - Processing /home/shamim/airflow_venv/lib/python3.12/site-packages/airflow/example_dags/example_inlet_event_extra.py took 0.959 seconds
[2025-03-17T15:14:22.873+0600] {processor.py:186} INFO - Started process (PID=20881) to work on /home/shamim/airflow_venv/lib/python3.12/site-packages/airflow/example_dags/example_inlet_event_extra.py
[2025-03-17T15:14:22.874+0600] {processor.py:914} INFO - Processing file /home/shamim/airflow_venv/lib/python3.12/site-packages/airflow/example_dags/example_inlet_event_extra.py for tasks to queue
[2025-03-17T15:14:22.877+0600] {logging_mixin.py:190} INFO - [2025-03-17T15:14:22.876+0600] {dagbag.py:588} INFO - Filling up the DagBag from /home/shamim/airflow_venv/lib/python3.12/site-packages/airflow/example_dags/example_inlet_event_extra.py
[2025-03-17T15:14:23.492+0600] {processor.py:925} INFO - DAG(s) 'read_dataset_event_from_classic', 'read_dataset_event' retrieved from /home/shamim/airflow_venv/lib/python3.12/site-packages/airflow/example_dags/example_inlet_event_extra.py
[2025-03-17T15:14:23.509+0600] {logging_mixin.py:190} INFO - [2025-03-17T15:14:23.509+0600] {dag.py:3239} INFO - Sync 2 DAGs
[2025-03-17T15:14:23.536+0600] {logging_mixin.py:190} INFO - [2025-03-17T15:14:23.536+0600] {dag.py:4180} INFO - Setting next_dagrun for read_dataset_event to 2025-03-16 00:00:00+00:00, run_after=2025-03-17 00:00:00+00:00
[2025-03-17T15:14:23.543+0600] {logging_mixin.py:190} INFO - [2025-03-17T15:14:23.543+0600] {dag.py:4180} INFO - Setting next_dagrun for read_dataset_event_from_classic to 2025-03-16 00:00:00+00:00, run_after=2025-03-17 00:00:00+00:00
[2025-03-17T15:14:23.568+0600] {processor.py:208} INFO - Processing /home/shamim/airflow_venv/lib/python3.12/site-packages/airflow/example_dags/example_inlet_event_extra.py took 0.703 seconds
[2025-03-17T15:26:04.731+0600] {processor.py:186} INFO - Started process (PID=22430) to work on /home/shamim/airflow_venv/lib/python3.12/site-packages/airflow/example_dags/example_inlet_event_extra.py
[2025-03-17T15:26:04.733+0600] {processor.py:914} INFO - Processing file /home/shamim/airflow_venv/lib/python3.12/site-packages/airflow/example_dags/example_inlet_event_extra.py for tasks to queue
[2025-03-17T15:26:04.737+0600] {logging_mixin.py:190} INFO - [2025-03-17T15:26:04.736+0600] {dagbag.py:588} INFO - Filling up the DagBag from /home/shamim/airflow_venv/lib/python3.12/site-packages/airflow/example_dags/example_inlet_event_extra.py
[2025-03-17T15:26:05.640+0600] {processor.py:925} INFO - DAG(s) 'read_dataset_event_from_classic', 'read_dataset_event' retrieved from /home/shamim/airflow_venv/lib/python3.12/site-packages/airflow/example_dags/example_inlet_event_extra.py
[2025-03-17T15:26:05.657+0600] {logging_mixin.py:190} INFO - [2025-03-17T15:26:05.657+0600] {dag.py:3239} INFO - Sync 2 DAGs
[2025-03-17T15:26:05.685+0600] {logging_mixin.py:190} INFO - [2025-03-17T15:26:05.685+0600] {dag.py:4180} INFO - Setting next_dagrun for read_dataset_event to 2025-03-16 00:00:00+00:00, run_after=2025-03-17 00:00:00+00:00
[2025-03-17T15:26:05.691+0600] {logging_mixin.py:190} INFO - [2025-03-17T15:26:05.691+0600] {dag.py:4180} INFO - Setting next_dagrun for read_dataset_event_from_classic to 2025-03-16 00:00:00+00:00, run_after=2025-03-17 00:00:00+00:00
[2025-03-17T15:26:05.713+0600] {processor.py:208} INFO - Processing /home/shamim/airflow_venv/lib/python3.12/site-packages/airflow/example_dags/example_inlet_event_extra.py took 0.992 seconds
[2025-03-17T15:30:37.113+0600] {processor.py:186} INFO - Started process (PID=23118) to work on /home/shamim/airflow_venv/lib/python3.12/site-packages/airflow/example_dags/example_inlet_event_extra.py
[2025-03-17T15:30:37.115+0600] {processor.py:914} INFO - Processing file /home/shamim/airflow_venv/lib/python3.12/site-packages/airflow/example_dags/example_inlet_event_extra.py for tasks to queue
[2025-03-17T15:30:37.117+0600] {logging_mixin.py:190} INFO - [2025-03-17T15:30:37.117+0600] {dagbag.py:588} INFO - Filling up the DagBag from /home/shamim/airflow_venv/lib/python3.12/site-packages/airflow/example_dags/example_inlet_event_extra.py
[2025-03-17T15:30:37.804+0600] {processor.py:925} INFO - DAG(s) 'read_dataset_event', 'read_dataset_event_from_classic' retrieved from /home/shamim/airflow_venv/lib/python3.12/site-packages/airflow/example_dags/example_inlet_event_extra.py
[2025-03-17T15:30:37.825+0600] {logging_mixin.py:190} INFO - [2025-03-17T15:30:37.824+0600] {dag.py:3239} INFO - Sync 2 DAGs
[2025-03-17T15:30:37.855+0600] {logging_mixin.py:190} INFO - [2025-03-17T15:30:37.855+0600] {dag.py:4180} INFO - Setting next_dagrun for read_dataset_event to 2025-03-16 00:00:00+00:00, run_after=2025-03-17 00:00:00+00:00
[2025-03-17T15:30:37.863+0600] {logging_mixin.py:190} INFO - [2025-03-17T15:30:37.863+0600] {dag.py:4180} INFO - Setting next_dagrun for read_dataset_event_from_classic to 2025-03-16 00:00:00+00:00, run_after=2025-03-17 00:00:00+00:00
[2025-03-17T15:30:37.890+0600] {processor.py:208} INFO - Processing /home/shamim/airflow_venv/lib/python3.12/site-packages/airflow/example_dags/example_inlet_event_extra.py took 0.784 seconds
[2025-03-17T15:32:08.656+0600] {processor.py:186} INFO - Started process (PID=23300) to work on /home/shamim/airflow_venv/lib/python3.12/site-packages/airflow/example_dags/example_inlet_event_extra.py
[2025-03-17T15:32:08.664+0600] {processor.py:914} INFO - Processing file /home/shamim/airflow_venv/lib/python3.12/site-packages/airflow/example_dags/example_inlet_event_extra.py for tasks to queue
[2025-03-17T15:32:08.671+0600] {logging_mixin.py:190} INFO - [2025-03-17T15:32:08.670+0600] {dagbag.py:588} INFO - Filling up the DagBag from /home/shamim/airflow_venv/lib/python3.12/site-packages/airflow/example_dags/example_inlet_event_extra.py
[2025-03-17T15:32:09.284+0600] {processor.py:925} INFO - DAG(s) 'read_dataset_event', 'read_dataset_event_from_classic' retrieved from /home/shamim/airflow_venv/lib/python3.12/site-packages/airflow/example_dags/example_inlet_event_extra.py
[2025-03-17T15:32:09.299+0600] {logging_mixin.py:190} INFO - [2025-03-17T15:32:09.298+0600] {dag.py:3239} INFO - Sync 2 DAGs
[2025-03-17T15:32:09.322+0600] {logging_mixin.py:190} INFO - [2025-03-17T15:32:09.322+0600] {dag.py:4180} INFO - Setting next_dagrun for read_dataset_event to 2025-03-16 00:00:00+00:00, run_after=2025-03-17 00:00:00+00:00
[2025-03-17T15:32:09.328+0600] {logging_mixin.py:190} INFO - [2025-03-17T15:32:09.328+0600] {dag.py:4180} INFO - Setting next_dagrun for read_dataset_event_from_classic to 2025-03-16 00:00:00+00:00, run_after=2025-03-17 00:00:00+00:00
[2025-03-17T15:32:09.348+0600] {processor.py:208} INFO - Processing /home/shamim/airflow_venv/lib/python3.12/site-packages/airflow/example_dags/example_inlet_event_extra.py took 0.711 seconds
[2025-03-17T15:33:35.669+0600] {processor.py:186} INFO - Started process (PID=23441) to work on /home/shamim/airflow_venv/lib/python3.12/site-packages/airflow/example_dags/example_inlet_event_extra.py
[2025-03-17T15:33:35.675+0600] {processor.py:914} INFO - Processing file /home/shamim/airflow_venv/lib/python3.12/site-packages/airflow/example_dags/example_inlet_event_extra.py for tasks to queue
[2025-03-17T15:33:35.678+0600] {logging_mixin.py:190} INFO - [2025-03-17T15:33:35.678+0600] {dagbag.py:588} INFO - Filling up the DagBag from /home/shamim/airflow_venv/lib/python3.12/site-packages/airflow/example_dags/example_inlet_event_extra.py
[2025-03-17T15:33:36.275+0600] {processor.py:925} INFO - DAG(s) 'read_dataset_event', 'read_dataset_event_from_classic' retrieved from /home/shamim/airflow_venv/lib/python3.12/site-packages/airflow/example_dags/example_inlet_event_extra.py
[2025-03-17T15:33:36.291+0600] {logging_mixin.py:190} INFO - [2025-03-17T15:33:36.291+0600] {dag.py:3239} INFO - Sync 2 DAGs
[2025-03-17T15:33:36.314+0600] {logging_mixin.py:190} INFO - [2025-03-17T15:33:36.314+0600] {dag.py:4180} INFO - Setting next_dagrun for read_dataset_event to 2025-03-16 00:00:00+00:00, run_after=2025-03-17 00:00:00+00:00
[2025-03-17T15:33:36.319+0600] {logging_mixin.py:190} INFO - [2025-03-17T15:33:36.319+0600] {dag.py:4180} INFO - Setting next_dagrun for read_dataset_event_from_classic to 2025-03-16 00:00:00+00:00, run_after=2025-03-17 00:00:00+00:00
[2025-03-17T15:33:36.353+0600] {processor.py:208} INFO - Processing /home/shamim/airflow_venv/lib/python3.12/site-packages/airflow/example_dags/example_inlet_event_extra.py took 0.691 seconds
[2025-03-17T15:35:09.333+0600] {processor.py:186} INFO - Started process (PID=23623) to work on /home/shamim/airflow_venv/lib/python3.12/site-packages/airflow/example_dags/example_inlet_event_extra.py
[2025-03-17T15:35:09.340+0600] {processor.py:914} INFO - Processing file /home/shamim/airflow_venv/lib/python3.12/site-packages/airflow/example_dags/example_inlet_event_extra.py for tasks to queue
[2025-03-17T15:35:09.343+0600] {logging_mixin.py:190} INFO - [2025-03-17T15:35:09.342+0600] {dagbag.py:588} INFO - Filling up the DagBag from /home/shamim/airflow_venv/lib/python3.12/site-packages/airflow/example_dags/example_inlet_event_extra.py
[2025-03-17T15:35:09.992+0600] {processor.py:925} INFO - DAG(s) 'read_dataset_event', 'read_dataset_event_from_classic' retrieved from /home/shamim/airflow_venv/lib/python3.12/site-packages/airflow/example_dags/example_inlet_event_extra.py
[2025-03-17T15:35:10.007+0600] {logging_mixin.py:190} INFO - [2025-03-17T15:35:10.007+0600] {dag.py:3239} INFO - Sync 2 DAGs
[2025-03-17T15:35:10.033+0600] {logging_mixin.py:190} INFO - [2025-03-17T15:35:10.033+0600] {dag.py:4180} INFO - Setting next_dagrun for read_dataset_event to 2025-03-16 00:00:00+00:00, run_after=2025-03-17 00:00:00+00:00
[2025-03-17T15:35:10.039+0600] {logging_mixin.py:190} INFO - [2025-03-17T15:35:10.038+0600] {dag.py:4180} INFO - Setting next_dagrun for read_dataset_event_from_classic to 2025-03-16 00:00:00+00:00, run_after=2025-03-17 00:00:00+00:00
[2025-03-17T15:35:10.058+0600] {processor.py:208} INFO - Processing /home/shamim/airflow_venv/lib/python3.12/site-packages/airflow/example_dags/example_inlet_event_extra.py took 0.733 seconds
[2025-03-17T15:36:34.910+0600] {processor.py:186} INFO - Started process (PID=23778) to work on /home/shamim/airflow_venv/lib/python3.12/site-packages/airflow/example_dags/example_inlet_event_extra.py
[2025-03-17T15:36:34.932+0600] {processor.py:914} INFO - Processing file /home/shamim/airflow_venv/lib/python3.12/site-packages/airflow/example_dags/example_inlet_event_extra.py for tasks to queue
[2025-03-17T15:36:34.934+0600] {logging_mixin.py:190} INFO - [2025-03-17T15:36:34.934+0600] {dagbag.py:588} INFO - Filling up the DagBag from /home/shamim/airflow_venv/lib/python3.12/site-packages/airflow/example_dags/example_inlet_event_extra.py
[2025-03-17T15:36:35.670+0600] {processor.py:925} INFO - DAG(s) 'read_dataset_event', 'read_dataset_event_from_classic' retrieved from /home/shamim/airflow_venv/lib/python3.12/site-packages/airflow/example_dags/example_inlet_event_extra.py
[2025-03-17T15:36:35.688+0600] {logging_mixin.py:190} INFO - [2025-03-17T15:36:35.687+0600] {dag.py:3239} INFO - Sync 2 DAGs
[2025-03-17T15:36:35.715+0600] {logging_mixin.py:190} INFO - [2025-03-17T15:36:35.715+0600] {dag.py:4180} INFO - Setting next_dagrun for read_dataset_event to 2025-03-16 00:00:00+00:00, run_after=2025-03-17 00:00:00+00:00
[2025-03-17T15:36:35.722+0600] {logging_mixin.py:190} INFO - [2025-03-17T15:36:35.722+0600] {dag.py:4180} INFO - Setting next_dagrun for read_dataset_event_from_classic to 2025-03-16 00:00:00+00:00, run_after=2025-03-17 00:00:00+00:00
[2025-03-17T15:36:35.746+0600] {processor.py:208} INFO - Processing /home/shamim/airflow_venv/lib/python3.12/site-packages/airflow/example_dags/example_inlet_event_extra.py took 0.845 seconds
[2025-03-17T15:37:54.173+0600] {processor.py:186} INFO - Started process (PID=23948) to work on /home/shamim/airflow_venv/lib/python3.12/site-packages/airflow/example_dags/example_inlet_event_extra.py
[2025-03-17T15:37:54.179+0600] {processor.py:914} INFO - Processing file /home/shamim/airflow_venv/lib/python3.12/site-packages/airflow/example_dags/example_inlet_event_extra.py for tasks to queue
[2025-03-17T15:37:54.182+0600] {logging_mixin.py:190} INFO - [2025-03-17T15:37:54.181+0600] {dagbag.py:588} INFO - Filling up the DagBag from /home/shamim/airflow_venv/lib/python3.12/site-packages/airflow/example_dags/example_inlet_event_extra.py
[2025-03-17T15:37:54.811+0600] {processor.py:925} INFO - DAG(s) 'read_dataset_event', 'read_dataset_event_from_classic' retrieved from /home/shamim/airflow_venv/lib/python3.12/site-packages/airflow/example_dags/example_inlet_event_extra.py
[2025-03-17T15:37:54.827+0600] {logging_mixin.py:190} INFO - [2025-03-17T15:37:54.827+0600] {dag.py:3239} INFO - Sync 2 DAGs
[2025-03-17T15:37:54.854+0600] {logging_mixin.py:190} INFO - [2025-03-17T15:37:54.854+0600] {dag.py:4180} INFO - Setting next_dagrun for read_dataset_event to 2025-03-16 00:00:00+00:00, run_after=2025-03-17 00:00:00+00:00
[2025-03-17T15:37:54.861+0600] {logging_mixin.py:190} INFO - [2025-03-17T15:37:54.860+0600] {dag.py:4180} INFO - Setting next_dagrun for read_dataset_event_from_classic to 2025-03-16 00:00:00+00:00, run_after=2025-03-17 00:00:00+00:00
[2025-03-17T15:37:54.894+0600] {processor.py:208} INFO - Processing /home/shamim/airflow_venv/lib/python3.12/site-packages/airflow/example_dags/example_inlet_event_extra.py took 0.729 seconds
