[2025-03-17T15:00:38.657+0600] {processor.py:186} INFO - Started process (PID=19385) to work on /home/shamim/airflow_venv/lib/python3.12/site-packages/airflow/example_dags/example_datasets.py
[2025-03-17T15:00:38.658+0600] {processor.py:914} INFO - Processing file /home/shamim/airflow_venv/lib/python3.12/site-packages/airflow/example_dags/example_datasets.py for tasks to queue
[2025-03-17T15:00:38.661+0600] {logging_mixin.py:190} INFO - [2025-03-17T15:00:38.661+0600] {dagbag.py:588} INFO - Filling up the DagBag from /home/shamim/airflow_venv/lib/python3.12/site-packages/airflow/example_dags/example_datasets.py
[2025-03-17T15:00:39.328+0600] {processor.py:925} INFO - DAG(s) 'dataset_produces_2', 'dataset_produces_1', 'consume_1_or_2_with_dataset_expressions', 'dataset_consumes_1', 'consume_1_or_both_2_and_3_with_dataset_expressions', 'conditional_dataset_and_time_based_timetable', 'dataset_consumes_1_never_scheduled', 'consume_1_and_2_with_dataset_expressions', 'dataset_consumes_1_and_2', 'dataset_consumes_unknown_never_scheduled' retrieved from /home/shamim/airflow_venv/lib/python3.12/site-packages/airflow/example_dags/example_datasets.py
[2025-03-17T15:00:39.499+0600] {logging_mixin.py:190} INFO - [2025-03-17T15:00:39.498+0600] {override.py:1930} INFO - Created Permission View: can read on DAG:dataset_produces_2
[2025-03-17T15:00:39.511+0600] {logging_mixin.py:190} INFO - [2025-03-17T15:00:39.511+0600] {override.py:1930} INFO - Created Permission View: can delete on DAG:dataset_produces_2
[2025-03-17T15:00:39.519+0600] {logging_mixin.py:190} INFO - [2025-03-17T15:00:39.519+0600] {override.py:1930} INFO - Created Permission View: can edit on DAG:dataset_produces_2
[2025-03-17T15:00:39.529+0600] {logging_mixin.py:190} INFO - [2025-03-17T15:00:39.529+0600] {override.py:1930} INFO - Created Permission View: can create on DAG Run:dataset_produces_2
[2025-03-17T15:00:39.537+0600] {logging_mixin.py:190} INFO - [2025-03-17T15:00:39.537+0600] {override.py:1930} INFO - Created Permission View: can read on DAG Run:dataset_produces_2
[2025-03-17T15:00:39.545+0600] {logging_mixin.py:190} INFO - [2025-03-17T15:00:39.544+0600] {override.py:1930} INFO - Created Permission View: can delete on DAG Run:dataset_produces_2
[2025-03-17T15:00:39.552+0600] {logging_mixin.py:190} INFO - [2025-03-17T15:00:39.552+0600] {override.py:1930} INFO - Created Permission View: menu access on DAG Run:dataset_produces_2
[2025-03-17T15:00:39.569+0600] {logging_mixin.py:190} INFO - [2025-03-17T15:00:39.569+0600] {override.py:1930} INFO - Created Permission View: can read on DAG:dataset_produces_1
[2025-03-17T15:00:39.578+0600] {logging_mixin.py:190} INFO - [2025-03-17T15:00:39.577+0600] {override.py:1930} INFO - Created Permission View: can delete on DAG:dataset_produces_1
[2025-03-17T15:00:39.585+0600] {logging_mixin.py:190} INFO - [2025-03-17T15:00:39.585+0600] {override.py:1930} INFO - Created Permission View: can edit on DAG:dataset_produces_1
[2025-03-17T15:00:39.597+0600] {logging_mixin.py:190} INFO - [2025-03-17T15:00:39.597+0600] {override.py:1930} INFO - Created Permission View: can create on DAG Run:dataset_produces_1
[2025-03-17T15:00:39.606+0600] {logging_mixin.py:190} INFO - [2025-03-17T15:00:39.605+0600] {override.py:1930} INFO - Created Permission View: can read on DAG Run:dataset_produces_1
[2025-03-17T15:00:39.614+0600] {logging_mixin.py:190} INFO - [2025-03-17T15:00:39.613+0600] {override.py:1930} INFO - Created Permission View: can delete on DAG Run:dataset_produces_1
[2025-03-17T15:00:39.622+0600] {logging_mixin.py:190} INFO - [2025-03-17T15:00:39.621+0600] {override.py:1930} INFO - Created Permission View: menu access on DAG Run:dataset_produces_1
[2025-03-17T15:00:39.637+0600] {logging_mixin.py:190} INFO - [2025-03-17T15:00:39.636+0600] {override.py:1930} INFO - Created Permission View: can read on DAG:consume_1_or_2_with_dataset_expressions
[2025-03-17T15:00:39.644+0600] {logging_mixin.py:190} INFO - [2025-03-17T15:00:39.644+0600] {override.py:1930} INFO - Created Permission View: can delete on DAG:consume_1_or_2_with_dataset_expressions
[2025-03-17T15:00:39.652+0600] {logging_mixin.py:190} INFO - [2025-03-17T15:00:39.651+0600] {override.py:1930} INFO - Created Permission View: can edit on DAG:consume_1_or_2_with_dataset_expressions
[2025-03-17T15:00:39.663+0600] {logging_mixin.py:190} INFO - [2025-03-17T15:00:39.662+0600] {override.py:1930} INFO - Created Permission View: can create on DAG Run:consume_1_or_2_with_dataset_expressions
[2025-03-17T15:00:39.671+0600] {logging_mixin.py:190} INFO - [2025-03-17T15:00:39.670+0600] {override.py:1930} INFO - Created Permission View: can read on DAG Run:consume_1_or_2_with_dataset_expressions
[2025-03-17T15:00:39.679+0600] {logging_mixin.py:190} INFO - [2025-03-17T15:00:39.679+0600] {override.py:1930} INFO - Created Permission View: can delete on DAG Run:consume_1_or_2_with_dataset_expressions
[2025-03-17T15:00:39.687+0600] {logging_mixin.py:190} INFO - [2025-03-17T15:00:39.686+0600] {override.py:1930} INFO - Created Permission View: menu access on DAG Run:consume_1_or_2_with_dataset_expressions
[2025-03-17T15:00:39.701+0600] {logging_mixin.py:190} INFO - [2025-03-17T15:00:39.701+0600] {override.py:1930} INFO - Created Permission View: can read on DAG:dataset_consumes_1
[2025-03-17T15:00:39.710+0600] {logging_mixin.py:190} INFO - [2025-03-17T15:00:39.709+0600] {override.py:1930} INFO - Created Permission View: can delete on DAG:dataset_consumes_1
[2025-03-17T15:00:39.718+0600] {logging_mixin.py:190} INFO - [2025-03-17T15:00:39.717+0600] {override.py:1930} INFO - Created Permission View: can edit on DAG:dataset_consumes_1
[2025-03-17T15:00:39.728+0600] {logging_mixin.py:190} INFO - [2025-03-17T15:00:39.728+0600] {override.py:1930} INFO - Created Permission View: can create on DAG Run:dataset_consumes_1
[2025-03-17T15:00:39.736+0600] {logging_mixin.py:190} INFO - [2025-03-17T15:00:39.736+0600] {override.py:1930} INFO - Created Permission View: can read on DAG Run:dataset_consumes_1
[2025-03-17T15:00:39.744+0600] {logging_mixin.py:190} INFO - [2025-03-17T15:00:39.744+0600] {override.py:1930} INFO - Created Permission View: can delete on DAG Run:dataset_consumes_1
[2025-03-17T15:00:39.752+0600] {logging_mixin.py:190} INFO - [2025-03-17T15:00:39.752+0600] {override.py:1930} INFO - Created Permission View: menu access on DAG Run:dataset_consumes_1
[2025-03-17T15:00:39.769+0600] {logging_mixin.py:190} INFO - [2025-03-17T15:00:39.769+0600] {override.py:1930} INFO - Created Permission View: can read on DAG:consume_1_or_both_2_and_3_with_dataset_expressions
[2025-03-17T15:00:39.779+0600] {logging_mixin.py:190} INFO - [2025-03-17T15:00:39.778+0600] {override.py:1930} INFO - Created Permission View: can delete on DAG:consume_1_or_both_2_and_3_with_dataset_expressions
[2025-03-17T15:00:39.786+0600] {logging_mixin.py:190} INFO - [2025-03-17T15:00:39.786+0600] {override.py:1930} INFO - Created Permission View: can edit on DAG:consume_1_or_both_2_and_3_with_dataset_expressions
[2025-03-17T15:00:39.797+0600] {logging_mixin.py:190} INFO - [2025-03-17T15:00:39.796+0600] {override.py:1930} INFO - Created Permission View: can create on DAG Run:consume_1_or_both_2_and_3_with_dataset_expressions
[2025-03-17T15:00:39.804+0600] {logging_mixin.py:190} INFO - [2025-03-17T15:00:39.804+0600] {override.py:1930} INFO - Created Permission View: can read on DAG Run:consume_1_or_both_2_and_3_with_dataset_expressions
[2025-03-17T15:00:39.813+0600] {logging_mixin.py:190} INFO - [2025-03-17T15:00:39.812+0600] {override.py:1930} INFO - Created Permission View: can delete on DAG Run:consume_1_or_both_2_and_3_with_dataset_expressions
[2025-03-17T15:00:39.820+0600] {logging_mixin.py:190} INFO - [2025-03-17T15:00:39.820+0600] {override.py:1930} INFO - Created Permission View: menu access on DAG Run:consume_1_or_both_2_and_3_with_dataset_expressions
[2025-03-17T15:00:39.837+0600] {logging_mixin.py:190} INFO - [2025-03-17T15:00:39.837+0600] {override.py:1930} INFO - Created Permission View: can read on DAG:conditional_dataset_and_time_based_timetable
[2025-03-17T15:00:39.845+0600] {logging_mixin.py:190} INFO - [2025-03-17T15:00:39.845+0600] {override.py:1930} INFO - Created Permission View: can delete on DAG:conditional_dataset_and_time_based_timetable
[2025-03-17T15:00:39.854+0600] {logging_mixin.py:190} INFO - [2025-03-17T15:00:39.853+0600] {override.py:1930} INFO - Created Permission View: can edit on DAG:conditional_dataset_and_time_based_timetable
[2025-03-17T15:00:39.865+0600] {logging_mixin.py:190} INFO - [2025-03-17T15:00:39.865+0600] {override.py:1930} INFO - Created Permission View: can create on DAG Run:conditional_dataset_and_time_based_timetable
[2025-03-17T15:00:39.874+0600] {logging_mixin.py:190} INFO - [2025-03-17T15:00:39.874+0600] {override.py:1930} INFO - Created Permission View: can read on DAG Run:conditional_dataset_and_time_based_timetable
[2025-03-17T15:00:39.882+0600] {logging_mixin.py:190} INFO - [2025-03-17T15:00:39.881+0600] {override.py:1930} INFO - Created Permission View: can delete on DAG Run:conditional_dataset_and_time_based_timetable
[2025-03-17T15:00:39.890+0600] {logging_mixin.py:190} INFO - [2025-03-17T15:00:39.890+0600] {override.py:1930} INFO - Created Permission View: menu access on DAG Run:conditional_dataset_and_time_based_timetable
[2025-03-17T15:00:39.905+0600] {logging_mixin.py:190} INFO - [2025-03-17T15:00:39.905+0600] {override.py:1930} INFO - Created Permission View: can read on DAG:dataset_consumes_1_never_scheduled
[2025-03-17T15:00:39.913+0600] {logging_mixin.py:190} INFO - [2025-03-17T15:00:39.912+0600] {override.py:1930} INFO - Created Permission View: can delete on DAG:dataset_consumes_1_never_scheduled
[2025-03-17T15:00:39.920+0600] {logging_mixin.py:190} INFO - [2025-03-17T15:00:39.920+0600] {override.py:1930} INFO - Created Permission View: can edit on DAG:dataset_consumes_1_never_scheduled
[2025-03-17T15:00:39.931+0600] {logging_mixin.py:190} INFO - [2025-03-17T15:00:39.930+0600] {override.py:1930} INFO - Created Permission View: can create on DAG Run:dataset_consumes_1_never_scheduled
[2025-03-17T15:00:39.938+0600] {logging_mixin.py:190} INFO - [2025-03-17T15:00:39.938+0600] {override.py:1930} INFO - Created Permission View: can read on DAG Run:dataset_consumes_1_never_scheduled
[2025-03-17T15:00:39.946+0600] {logging_mixin.py:190} INFO - [2025-03-17T15:00:39.946+0600] {override.py:1930} INFO - Created Permission View: can delete on DAG Run:dataset_consumes_1_never_scheduled
[2025-03-17T15:00:39.954+0600] {logging_mixin.py:190} INFO - [2025-03-17T15:00:39.953+0600] {override.py:1930} INFO - Created Permission View: menu access on DAG Run:dataset_consumes_1_never_scheduled
[2025-03-17T15:00:39.970+0600] {logging_mixin.py:190} INFO - [2025-03-17T15:00:39.969+0600] {override.py:1930} INFO - Created Permission View: can read on DAG:consume_1_and_2_with_dataset_expressions
[2025-03-17T15:00:39.978+0600] {logging_mixin.py:190} INFO - [2025-03-17T15:00:39.978+0600] {override.py:1930} INFO - Created Permission View: can delete on DAG:consume_1_and_2_with_dataset_expressions
[2025-03-17T15:00:39.987+0600] {logging_mixin.py:190} INFO - [2025-03-17T15:00:39.986+0600] {override.py:1930} INFO - Created Permission View: can edit on DAG:consume_1_and_2_with_dataset_expressions
[2025-03-17T15:00:40.000+0600] {logging_mixin.py:190} INFO - [2025-03-17T15:00:39.999+0600] {override.py:1930} INFO - Created Permission View: can create on DAG Run:consume_1_and_2_with_dataset_expressions
[2025-03-17T15:00:40.008+0600] {logging_mixin.py:190} INFO - [2025-03-17T15:00:40.007+0600] {override.py:1930} INFO - Created Permission View: can read on DAG Run:consume_1_and_2_with_dataset_expressions
[2025-03-17T15:00:40.017+0600] {logging_mixin.py:190} INFO - [2025-03-17T15:00:40.016+0600] {override.py:1930} INFO - Created Permission View: can delete on DAG Run:consume_1_and_2_with_dataset_expressions
[2025-03-17T15:00:40.026+0600] {logging_mixin.py:190} INFO - [2025-03-17T15:00:40.025+0600] {override.py:1930} INFO - Created Permission View: menu access on DAG Run:consume_1_and_2_with_dataset_expressions
[2025-03-17T15:00:40.043+0600] {logging_mixin.py:190} INFO - [2025-03-17T15:00:40.042+0600] {override.py:1930} INFO - Created Permission View: can read on DAG:dataset_consumes_1_and_2
[2025-03-17T15:00:40.052+0600] {logging_mixin.py:190} INFO - [2025-03-17T15:00:40.051+0600] {override.py:1930} INFO - Created Permission View: can delete on DAG:dataset_consumes_1_and_2
[2025-03-17T15:00:40.060+0600] {logging_mixin.py:190} INFO - [2025-03-17T15:00:40.060+0600] {override.py:1930} INFO - Created Permission View: can edit on DAG:dataset_consumes_1_and_2
[2025-03-17T15:00:40.071+0600] {logging_mixin.py:190} INFO - [2025-03-17T15:00:40.071+0600] {override.py:1930} INFO - Created Permission View: can create on DAG Run:dataset_consumes_1_and_2
[2025-03-17T15:00:40.079+0600] {logging_mixin.py:190} INFO - [2025-03-17T15:00:40.079+0600] {override.py:1930} INFO - Created Permission View: can read on DAG Run:dataset_consumes_1_and_2
[2025-03-17T15:00:40.086+0600] {logging_mixin.py:190} INFO - [2025-03-17T15:00:40.086+0600] {override.py:1930} INFO - Created Permission View: can delete on DAG Run:dataset_consumes_1_and_2
[2025-03-17T15:00:40.095+0600] {logging_mixin.py:190} INFO - [2025-03-17T15:00:40.094+0600] {override.py:1930} INFO - Created Permission View: menu access on DAG Run:dataset_consumes_1_and_2
[2025-03-17T15:00:40.110+0600] {logging_mixin.py:190} INFO - [2025-03-17T15:00:40.109+0600] {override.py:1930} INFO - Created Permission View: can read on DAG:dataset_consumes_unknown_never_scheduled
[2025-03-17T15:00:40.117+0600] {logging_mixin.py:190} INFO - [2025-03-17T15:00:40.117+0600] {override.py:1930} INFO - Created Permission View: can delete on DAG:dataset_consumes_unknown_never_scheduled
[2025-03-17T15:00:40.127+0600] {logging_mixin.py:190} INFO - [2025-03-17T15:00:40.126+0600] {override.py:1930} INFO - Created Permission View: can edit on DAG:dataset_consumes_unknown_never_scheduled
[2025-03-17T15:00:40.137+0600] {logging_mixin.py:190} INFO - [2025-03-17T15:00:40.137+0600] {override.py:1930} INFO - Created Permission View: can create on DAG Run:dataset_consumes_unknown_never_scheduled
[2025-03-17T15:00:40.145+0600] {logging_mixin.py:190} INFO - [2025-03-17T15:00:40.144+0600] {override.py:1930} INFO - Created Permission View: can read on DAG Run:dataset_consumes_unknown_never_scheduled
[2025-03-17T15:00:40.153+0600] {logging_mixin.py:190} INFO - [2025-03-17T15:00:40.152+0600] {override.py:1930} INFO - Created Permission View: can delete on DAG Run:dataset_consumes_unknown_never_scheduled
[2025-03-17T15:00:40.161+0600] {logging_mixin.py:190} INFO - [2025-03-17T15:00:40.160+0600] {override.py:1930} INFO - Created Permission View: menu access on DAG Run:dataset_consumes_unknown_never_scheduled
[2025-03-17T15:00:40.161+0600] {logging_mixin.py:190} INFO - [2025-03-17T15:00:40.161+0600] {dag.py:3239} INFO - Sync 10 DAGs
[2025-03-17T15:00:40.175+0600] {logging_mixin.py:190} INFO - [2025-03-17T15:00:40.174+0600] {dag.py:3262} INFO - Creating ORM DAG for consume_1_and_2_with_dataset_expressions
[2025-03-17T15:00:40.176+0600] {logging_mixin.py:190} INFO - [2025-03-17T15:00:40.176+0600] {dag.py:3262} INFO - Creating ORM DAG for dataset_consumes_1_never_scheduled
[2025-03-17T15:00:40.176+0600] {logging_mixin.py:190} INFO - [2025-03-17T15:00:40.176+0600] {dag.py:3262} INFO - Creating ORM DAG for dataset_produces_2
[2025-03-17T15:00:40.177+0600] {logging_mixin.py:190} INFO - [2025-03-17T15:00:40.177+0600] {dag.py:3262} INFO - Creating ORM DAG for dataset_consumes_1
[2025-03-17T15:00:40.178+0600] {logging_mixin.py:190} INFO - [2025-03-17T15:00:40.178+0600] {dag.py:3262} INFO - Creating ORM DAG for consume_1_or_both_2_and_3_with_dataset_expressions
[2025-03-17T15:00:40.178+0600] {logging_mixin.py:190} INFO - [2025-03-17T15:00:40.178+0600] {dag.py:3262} INFO - Creating ORM DAG for dataset_consumes_1_and_2
[2025-03-17T15:00:40.179+0600] {logging_mixin.py:190} INFO - [2025-03-17T15:00:40.179+0600] {dag.py:3262} INFO - Creating ORM DAG for dataset_consumes_unknown_never_scheduled
[2025-03-17T15:00:40.180+0600] {logging_mixin.py:190} INFO - [2025-03-17T15:00:40.179+0600] {dag.py:3262} INFO - Creating ORM DAG for dataset_produces_1
[2025-03-17T15:00:40.180+0600] {logging_mixin.py:190} INFO - [2025-03-17T15:00:40.180+0600] {dag.py:3262} INFO - Creating ORM DAG for conditional_dataset_and_time_based_timetable
[2025-03-17T15:00:40.181+0600] {logging_mixin.py:190} INFO - [2025-03-17T15:00:40.181+0600] {dag.py:3262} INFO - Creating ORM DAG for consume_1_or_2_with_dataset_expressions
[2025-03-17T15:00:40.192+0600] {logging_mixin.py:190} INFO - [2025-03-17T15:00:40.192+0600] {dag.py:4180} INFO - Setting next_dagrun for conditional_dataset_and_time_based_timetable to 2025-03-12 01:00:00+00:00, run_after=2025-03-12 01:00:00+00:00
[2025-03-17T15:00:40.193+0600] {logging_mixin.py:190} INFO - [2025-03-17T15:00:40.192+0600] {dag.py:4180} INFO - Setting next_dagrun for consume_1_and_2_with_dataset_expressions to None, run_after=None
[2025-03-17T15:00:40.193+0600] {logging_mixin.py:190} INFO - [2025-03-17T15:00:40.193+0600] {dag.py:4180} INFO - Setting next_dagrun for consume_1_or_2_with_dataset_expressions to None, run_after=None
[2025-03-17T15:00:40.193+0600] {logging_mixin.py:190} INFO - [2025-03-17T15:00:40.193+0600] {dag.py:4180} INFO - Setting next_dagrun for consume_1_or_both_2_and_3_with_dataset_expressions to None, run_after=None
[2025-03-17T15:00:40.194+0600] {logging_mixin.py:190} INFO - [2025-03-17T15:00:40.194+0600] {dag.py:4180} INFO - Setting next_dagrun for dataset_consumes_1 to None, run_after=None
[2025-03-17T15:00:40.194+0600] {logging_mixin.py:190} INFO - [2025-03-17T15:00:40.194+0600] {dag.py:4180} INFO - Setting next_dagrun for dataset_consumes_1_and_2 to None, run_after=None
[2025-03-17T15:00:40.195+0600] {logging_mixin.py:190} INFO - [2025-03-17T15:00:40.195+0600] {dag.py:4180} INFO - Setting next_dagrun for dataset_consumes_1_never_scheduled to None, run_after=None
[2025-03-17T15:00:40.196+0600] {logging_mixin.py:190} INFO - [2025-03-17T15:00:40.196+0600] {dag.py:4180} INFO - Setting next_dagrun for dataset_consumes_unknown_never_scheduled to None, run_after=None
[2025-03-17T15:00:40.198+0600] {logging_mixin.py:190} INFO - [2025-03-17T15:00:40.198+0600] {dag.py:4180} INFO - Setting next_dagrun for dataset_produces_1 to 2025-03-16 00:00:00+00:00, run_after=2025-03-17 00:00:00+00:00
[2025-03-17T15:00:40.199+0600] {logging_mixin.py:190} INFO - [2025-03-17T15:00:40.199+0600] {dag.py:4180} INFO - Setting next_dagrun for dataset_produces_2 to None, run_after=None
[2025-03-17T15:00:40.242+0600] {processor.py:208} INFO - Processing /home/shamim/airflow_venv/lib/python3.12/site-packages/airflow/example_dags/example_datasets.py took 1.593 seconds
[2025-03-17T15:02:01.898+0600] {processor.py:186} INFO - Started process (PID=19488) to work on /home/shamim/airflow_venv/lib/python3.12/site-packages/airflow/example_dags/example_datasets.py
[2025-03-17T15:02:01.904+0600] {processor.py:914} INFO - Processing file /home/shamim/airflow_venv/lib/python3.12/site-packages/airflow/example_dags/example_datasets.py for tasks to queue
[2025-03-17T15:02:01.907+0600] {logging_mixin.py:190} INFO - [2025-03-17T15:02:01.906+0600] {dagbag.py:588} INFO - Filling up the DagBag from /home/shamim/airflow_venv/lib/python3.12/site-packages/airflow/example_dags/example_datasets.py
[2025-03-17T15:02:02.470+0600] {processor.py:925} INFO - DAG(s) 'consume_1_or_2_with_dataset_expressions', 'dataset_produces_2', 'dataset_consumes_1_never_scheduled', 'consume_1_or_both_2_and_3_with_dataset_expressions', 'dataset_consumes_1_and_2', 'dataset_consumes_1', 'consume_1_and_2_with_dataset_expressions', 'conditional_dataset_and_time_based_timetable', 'dataset_consumes_unknown_never_scheduled', 'dataset_produces_1' retrieved from /home/shamim/airflow_venv/lib/python3.12/site-packages/airflow/example_dags/example_datasets.py
[2025-03-17T15:02:02.507+0600] {logging_mixin.py:190} INFO - [2025-03-17T15:02:02.507+0600] {dag.py:3239} INFO - Sync 10 DAGs
[2025-03-17T15:02:02.537+0600] {logging_mixin.py:190} INFO - [2025-03-17T15:02:02.536+0600] {dag.py:4180} INFO - Setting next_dagrun for conditional_dataset_and_time_based_timetable to 2025-03-12 01:00:00+00:00, run_after=2025-03-12 01:00:00+00:00
[2025-03-17T15:02:02.541+0600] {logging_mixin.py:190} INFO - [2025-03-17T15:02:02.540+0600] {dag.py:4180} INFO - Setting next_dagrun for consume_1_and_2_with_dataset_expressions to None, run_after=None
[2025-03-17T15:02:02.542+0600] {logging_mixin.py:190} INFO - [2025-03-17T15:02:02.542+0600] {dag.py:4180} INFO - Setting next_dagrun for consume_1_or_2_with_dataset_expressions to None, run_after=None
[2025-03-17T15:02:02.543+0600] {logging_mixin.py:190} INFO - [2025-03-17T15:02:02.543+0600] {dag.py:4180} INFO - Setting next_dagrun for consume_1_or_both_2_and_3_with_dataset_expressions to None, run_after=None
[2025-03-17T15:02:02.544+0600] {logging_mixin.py:190} INFO - [2025-03-17T15:02:02.544+0600] {dag.py:4180} INFO - Setting next_dagrun for dataset_consumes_1 to None, run_after=None
[2025-03-17T15:02:02.546+0600] {logging_mixin.py:190} INFO - [2025-03-17T15:02:02.545+0600] {dag.py:4180} INFO - Setting next_dagrun for dataset_consumes_1_and_2 to None, run_after=None
[2025-03-17T15:02:02.547+0600] {logging_mixin.py:190} INFO - [2025-03-17T15:02:02.547+0600] {dag.py:4180} INFO - Setting next_dagrun for dataset_consumes_1_never_scheduled to None, run_after=None
[2025-03-17T15:02:02.549+0600] {logging_mixin.py:190} INFO - [2025-03-17T15:02:02.548+0600] {dag.py:4180} INFO - Setting next_dagrun for dataset_consumes_unknown_never_scheduled to None, run_after=None
[2025-03-17T15:02:02.551+0600] {logging_mixin.py:190} INFO - [2025-03-17T15:02:02.551+0600] {dag.py:4180} INFO - Setting next_dagrun for dataset_produces_1 to 2025-03-16 00:00:00+00:00, run_after=2025-03-17 00:00:00+00:00
[2025-03-17T15:02:02.552+0600] {logging_mixin.py:190} INFO - [2025-03-17T15:02:02.552+0600] {dag.py:4180} INFO - Setting next_dagrun for dataset_produces_2 to None, run_after=None
[2025-03-17T15:02:02.599+0600] {processor.py:208} INFO - Processing /home/shamim/airflow_venv/lib/python3.12/site-packages/airflow/example_dags/example_datasets.py took 0.708 seconds
[2025-03-17T15:03:14.134+0600] {processor.py:186} INFO - Started process (PID=19615) to work on /home/shamim/airflow_venv/lib/python3.12/site-packages/airflow/example_dags/example_datasets.py
[2025-03-17T15:03:14.135+0600] {processor.py:914} INFO - Processing file /home/shamim/airflow_venv/lib/python3.12/site-packages/airflow/example_dags/example_datasets.py for tasks to queue
[2025-03-17T15:03:14.139+0600] {logging_mixin.py:190} INFO - [2025-03-17T15:03:14.137+0600] {dagbag.py:588} INFO - Filling up the DagBag from /home/shamim/airflow_venv/lib/python3.12/site-packages/airflow/example_dags/example_datasets.py
[2025-03-17T15:03:14.741+0600] {processor.py:925} INFO - DAG(s) 'dataset_produces_2', 'dataset_consumes_unknown_never_scheduled', 'consume_1_and_2_with_dataset_expressions', 'consume_1_or_2_with_dataset_expressions', 'consume_1_or_both_2_and_3_with_dataset_expressions', 'dataset_consumes_1_never_scheduled', 'dataset_produces_1', 'dataset_consumes_1_and_2', 'dataset_consumes_1', 'conditional_dataset_and_time_based_timetable' retrieved from /home/shamim/airflow_venv/lib/python3.12/site-packages/airflow/example_dags/example_datasets.py
[2025-03-17T15:03:14.783+0600] {logging_mixin.py:190} INFO - [2025-03-17T15:03:14.783+0600] {dag.py:3239} INFO - Sync 10 DAGs
[2025-03-17T15:03:14.812+0600] {logging_mixin.py:190} INFO - [2025-03-17T15:03:14.811+0600] {dag.py:4180} INFO - Setting next_dagrun for conditional_dataset_and_time_based_timetable to 2025-03-12 01:00:00+00:00, run_after=2025-03-12 01:00:00+00:00
[2025-03-17T15:03:14.816+0600] {logging_mixin.py:190} INFO - [2025-03-17T15:03:14.816+0600] {dag.py:4180} INFO - Setting next_dagrun for consume_1_and_2_with_dataset_expressions to None, run_after=None
[2025-03-17T15:03:14.819+0600] {logging_mixin.py:190} INFO - [2025-03-17T15:03:14.818+0600] {dag.py:4180} INFO - Setting next_dagrun for consume_1_or_2_with_dataset_expressions to None, run_after=None
[2025-03-17T15:03:14.820+0600] {logging_mixin.py:190} INFO - [2025-03-17T15:03:14.820+0600] {dag.py:4180} INFO - Setting next_dagrun for consume_1_or_both_2_and_3_with_dataset_expressions to None, run_after=None
[2025-03-17T15:03:14.821+0600] {logging_mixin.py:190} INFO - [2025-03-17T15:03:14.821+0600] {dag.py:4180} INFO - Setting next_dagrun for dataset_consumes_1 to None, run_after=None
[2025-03-17T15:03:14.823+0600] {logging_mixin.py:190} INFO - [2025-03-17T15:03:14.822+0600] {dag.py:4180} INFO - Setting next_dagrun for dataset_consumes_1_and_2 to None, run_after=None
[2025-03-17T15:03:14.824+0600] {logging_mixin.py:190} INFO - [2025-03-17T15:03:14.823+0600] {dag.py:4180} INFO - Setting next_dagrun for dataset_consumes_1_never_scheduled to None, run_after=None
[2025-03-17T15:03:14.825+0600] {logging_mixin.py:190} INFO - [2025-03-17T15:03:14.824+0600] {dag.py:4180} INFO - Setting next_dagrun for dataset_consumes_unknown_never_scheduled to None, run_after=None
[2025-03-17T15:03:14.828+0600] {logging_mixin.py:190} INFO - [2025-03-17T15:03:14.828+0600] {dag.py:4180} INFO - Setting next_dagrun for dataset_produces_1 to 2025-03-16 00:00:00+00:00, run_after=2025-03-17 00:00:00+00:00
[2025-03-17T15:03:14.829+0600] {logging_mixin.py:190} INFO - [2025-03-17T15:03:14.829+0600] {dag.py:4180} INFO - Setting next_dagrun for dataset_produces_2 to None, run_after=None
[2025-03-17T15:03:14.868+0600] {processor.py:208} INFO - Processing /home/shamim/airflow_venv/lib/python3.12/site-packages/airflow/example_dags/example_datasets.py took 0.742 seconds
[2025-03-17T15:06:18.457+0600] {processor.py:186} INFO - Started process (PID=19856) to work on /home/shamim/airflow_venv/lib/python3.12/site-packages/airflow/example_dags/example_datasets.py
[2025-03-17T15:06:18.459+0600] {processor.py:914} INFO - Processing file /home/shamim/airflow_venv/lib/python3.12/site-packages/airflow/example_dags/example_datasets.py for tasks to queue
[2025-03-17T15:06:18.462+0600] {logging_mixin.py:190} INFO - [2025-03-17T15:06:18.461+0600] {dagbag.py:588} INFO - Filling up the DagBag from /home/shamim/airflow_venv/lib/python3.12/site-packages/airflow/example_dags/example_datasets.py
[2025-03-17T15:06:19.466+0600] {processor.py:925} INFO - DAG(s) 'dataset_consumes_1_never_scheduled', 'consume_1_or_2_with_dataset_expressions', 'consume_1_or_both_2_and_3_with_dataset_expressions', 'dataset_produces_2', 'dataset_consumes_1', 'conditional_dataset_and_time_based_timetable', 'dataset_produces_1', 'dataset_consumes_unknown_never_scheduled', 'consume_1_and_2_with_dataset_expressions', 'dataset_consumes_1_and_2' retrieved from /home/shamim/airflow_venv/lib/python3.12/site-packages/airflow/example_dags/example_datasets.py
[2025-03-17T15:06:19.543+0600] {logging_mixin.py:190} INFO - [2025-03-17T15:06:19.543+0600] {dag.py:3239} INFO - Sync 10 DAGs
[2025-03-17T15:06:19.596+0600] {logging_mixin.py:190} INFO - [2025-03-17T15:06:19.595+0600] {dag.py:4180} INFO - Setting next_dagrun for conditional_dataset_and_time_based_timetable to 2025-03-12 01:00:00+00:00, run_after=2025-03-12 01:00:00+00:00
[2025-03-17T15:06:19.604+0600] {logging_mixin.py:190} INFO - [2025-03-17T15:06:19.603+0600] {dag.py:4180} INFO - Setting next_dagrun for consume_1_and_2_with_dataset_expressions to None, run_after=None
[2025-03-17T15:06:19.606+0600] {logging_mixin.py:190} INFO - [2025-03-17T15:06:19.606+0600] {dag.py:4180} INFO - Setting next_dagrun for consume_1_or_2_with_dataset_expressions to None, run_after=None
[2025-03-17T15:06:19.609+0600] {logging_mixin.py:190} INFO - [2025-03-17T15:06:19.608+0600] {dag.py:4180} INFO - Setting next_dagrun for consume_1_or_both_2_and_3_with_dataset_expressions to None, run_after=None
[2025-03-17T15:06:19.611+0600] {logging_mixin.py:190} INFO - [2025-03-17T15:06:19.610+0600] {dag.py:4180} INFO - Setting next_dagrun for dataset_consumes_1 to None, run_after=None
[2025-03-17T15:06:19.613+0600] {logging_mixin.py:190} INFO - [2025-03-17T15:06:19.613+0600] {dag.py:4180} INFO - Setting next_dagrun for dataset_consumes_1_and_2 to None, run_after=None
[2025-03-17T15:06:19.616+0600] {logging_mixin.py:190} INFO - [2025-03-17T15:06:19.615+0600] {dag.py:4180} INFO - Setting next_dagrun for dataset_consumes_1_never_scheduled to None, run_after=None
[2025-03-17T15:06:19.618+0600] {logging_mixin.py:190} INFO - [2025-03-17T15:06:19.618+0600] {dag.py:4180} INFO - Setting next_dagrun for dataset_consumes_unknown_never_scheduled to None, run_after=None
[2025-03-17T15:06:19.625+0600] {logging_mixin.py:190} INFO - [2025-03-17T15:06:19.624+0600] {dag.py:4180} INFO - Setting next_dagrun for dataset_produces_1 to 2025-03-16 00:00:00+00:00, run_after=2025-03-17 00:00:00+00:00
[2025-03-17T15:06:19.627+0600] {logging_mixin.py:190} INFO - [2025-03-17T15:06:19.627+0600] {dag.py:4180} INFO - Setting next_dagrun for dataset_produces_2 to None, run_after=None
[2025-03-17T15:06:19.693+0600] {processor.py:208} INFO - Processing /home/shamim/airflow_venv/lib/python3.12/site-packages/airflow/example_dags/example_datasets.py took 1.248 seconds
[2025-03-17T15:07:55.579+0600] {processor.py:186} INFO - Started process (PID=20149) to work on /home/shamim/airflow_venv/lib/python3.12/site-packages/airflow/example_dags/example_datasets.py
[2025-03-17T15:07:55.585+0600] {processor.py:914} INFO - Processing file /home/shamim/airflow_venv/lib/python3.12/site-packages/airflow/example_dags/example_datasets.py for tasks to queue
[2025-03-17T15:07:55.588+0600] {logging_mixin.py:190} INFO - [2025-03-17T15:07:55.587+0600] {dagbag.py:588} INFO - Filling up the DagBag from /home/shamim/airflow_venv/lib/python3.12/site-packages/airflow/example_dags/example_datasets.py
[2025-03-17T15:07:56.130+0600] {processor.py:925} INFO - DAG(s) 'consume_1_and_2_with_dataset_expressions', 'dataset_consumes_unknown_never_scheduled', 'dataset_produces_2', 'consume_1_or_both_2_and_3_with_dataset_expressions', 'dataset_produces_1', 'consume_1_or_2_with_dataset_expressions', 'conditional_dataset_and_time_based_timetable', 'dataset_consumes_1_never_scheduled', 'dataset_consumes_1', 'dataset_consumes_1_and_2' retrieved from /home/shamim/airflow_venv/lib/python3.12/site-packages/airflow/example_dags/example_datasets.py
[2025-03-17T15:07:56.164+0600] {logging_mixin.py:190} INFO - [2025-03-17T15:07:56.164+0600] {dag.py:3239} INFO - Sync 10 DAGs
[2025-03-17T15:07:56.190+0600] {logging_mixin.py:190} INFO - [2025-03-17T15:07:56.190+0600] {dag.py:4180} INFO - Setting next_dagrun for conditional_dataset_and_time_based_timetable to 2025-03-12 01:00:00+00:00, run_after=2025-03-12 01:00:00+00:00
[2025-03-17T15:07:56.194+0600] {logging_mixin.py:190} INFO - [2025-03-17T15:07:56.194+0600] {dag.py:4180} INFO - Setting next_dagrun for consume_1_and_2_with_dataset_expressions to None, run_after=None
[2025-03-17T15:07:56.195+0600] {logging_mixin.py:190} INFO - [2025-03-17T15:07:56.195+0600] {dag.py:4180} INFO - Setting next_dagrun for consume_1_or_2_with_dataset_expressions to None, run_after=None
[2025-03-17T15:07:56.196+0600] {logging_mixin.py:190} INFO - [2025-03-17T15:07:56.196+0600] {dag.py:4180} INFO - Setting next_dagrun for consume_1_or_both_2_and_3_with_dataset_expressions to None, run_after=None
[2025-03-17T15:07:56.197+0600] {logging_mixin.py:190} INFO - [2025-03-17T15:07:56.197+0600] {dag.py:4180} INFO - Setting next_dagrun for dataset_consumes_1 to None, run_after=None
[2025-03-17T15:07:56.198+0600] {logging_mixin.py:190} INFO - [2025-03-17T15:07:56.198+0600] {dag.py:4180} INFO - Setting next_dagrun for dataset_consumes_1_and_2 to None, run_after=None
[2025-03-17T15:07:56.199+0600] {logging_mixin.py:190} INFO - [2025-03-17T15:07:56.199+0600] {dag.py:4180} INFO - Setting next_dagrun for dataset_consumes_1_never_scheduled to None, run_after=None
[2025-03-17T15:07:56.200+0600] {logging_mixin.py:190} INFO - [2025-03-17T15:07:56.200+0600] {dag.py:4180} INFO - Setting next_dagrun for dataset_consumes_unknown_never_scheduled to None, run_after=None
[2025-03-17T15:07:56.203+0600] {logging_mixin.py:190} INFO - [2025-03-17T15:07:56.203+0600] {dag.py:4180} INFO - Setting next_dagrun for dataset_produces_1 to 2025-03-16 00:00:00+00:00, run_after=2025-03-17 00:00:00+00:00
[2025-03-17T15:07:56.204+0600] {logging_mixin.py:190} INFO - [2025-03-17T15:07:56.204+0600] {dag.py:4180} INFO - Setting next_dagrun for dataset_produces_2 to None, run_after=None
[2025-03-17T15:07:56.240+0600] {processor.py:208} INFO - Processing /home/shamim/airflow_venv/lib/python3.12/site-packages/airflow/example_dags/example_datasets.py took 0.669 seconds
[2025-03-17T15:09:12.552+0600] {processor.py:186} INFO - Started process (PID=20309) to work on /home/shamim/airflow_venv/lib/python3.12/site-packages/airflow/example_dags/example_datasets.py
[2025-03-17T15:09:12.554+0600] {processor.py:914} INFO - Processing file /home/shamim/airflow_venv/lib/python3.12/site-packages/airflow/example_dags/example_datasets.py for tasks to queue
[2025-03-17T15:09:12.560+0600] {logging_mixin.py:190} INFO - [2025-03-17T15:09:12.559+0600] {dagbag.py:588} INFO - Filling up the DagBag from /home/shamim/airflow_venv/lib/python3.12/site-packages/airflow/example_dags/example_datasets.py
[2025-03-17T15:09:13.201+0600] {processor.py:925} INFO - DAG(s) 'dataset_produces_1', 'dataset_consumes_1', 'dataset_consumes_1_and_2', 'dataset_consumes_unknown_never_scheduled', 'consume_1_or_2_with_dataset_expressions', 'consume_1_and_2_with_dataset_expressions', 'dataset_consumes_1_never_scheduled', 'consume_1_or_both_2_and_3_with_dataset_expressions', 'dataset_produces_2', 'conditional_dataset_and_time_based_timetable' retrieved from /home/shamim/airflow_venv/lib/python3.12/site-packages/airflow/example_dags/example_datasets.py
[2025-03-17T15:09:13.237+0600] {logging_mixin.py:190} INFO - [2025-03-17T15:09:13.237+0600] {dag.py:3239} INFO - Sync 10 DAGs
[2025-03-17T15:09:13.263+0600] {logging_mixin.py:190} INFO - [2025-03-17T15:09:13.263+0600] {dag.py:4180} INFO - Setting next_dagrun for conditional_dataset_and_time_based_timetable to 2025-03-12 01:00:00+00:00, run_after=2025-03-12 01:00:00+00:00
[2025-03-17T15:09:13.267+0600] {logging_mixin.py:190} INFO - [2025-03-17T15:09:13.267+0600] {dag.py:4180} INFO - Setting next_dagrun for consume_1_and_2_with_dataset_expressions to None, run_after=None
[2025-03-17T15:09:13.268+0600] {logging_mixin.py:190} INFO - [2025-03-17T15:09:13.268+0600] {dag.py:4180} INFO - Setting next_dagrun for consume_1_or_2_with_dataset_expressions to None, run_after=None
[2025-03-17T15:09:13.269+0600] {logging_mixin.py:190} INFO - [2025-03-17T15:09:13.269+0600] {dag.py:4180} INFO - Setting next_dagrun for consume_1_or_both_2_and_3_with_dataset_expressions to None, run_after=None
[2025-03-17T15:09:13.270+0600] {logging_mixin.py:190} INFO - [2025-03-17T15:09:13.270+0600] {dag.py:4180} INFO - Setting next_dagrun for dataset_consumes_1 to None, run_after=None
[2025-03-17T15:09:13.271+0600] {logging_mixin.py:190} INFO - [2025-03-17T15:09:13.271+0600] {dag.py:4180} INFO - Setting next_dagrun for dataset_consumes_1_and_2 to None, run_after=None
[2025-03-17T15:09:13.272+0600] {logging_mixin.py:190} INFO - [2025-03-17T15:09:13.272+0600] {dag.py:4180} INFO - Setting next_dagrun for dataset_consumes_1_never_scheduled to None, run_after=None
[2025-03-17T15:09:13.273+0600] {logging_mixin.py:190} INFO - [2025-03-17T15:09:13.273+0600] {dag.py:4180} INFO - Setting next_dagrun for dataset_consumes_unknown_never_scheduled to None, run_after=None
[2025-03-17T15:09:13.276+0600] {logging_mixin.py:190} INFO - [2025-03-17T15:09:13.276+0600] {dag.py:4180} INFO - Setting next_dagrun for dataset_produces_1 to 2025-03-16 00:00:00+00:00, run_after=2025-03-17 00:00:00+00:00
[2025-03-17T15:09:13.277+0600] {logging_mixin.py:190} INFO - [2025-03-17T15:09:13.277+0600] {dag.py:4180} INFO - Setting next_dagrun for dataset_produces_2 to None, run_after=None
[2025-03-17T15:09:13.315+0600] {processor.py:208} INFO - Processing /home/shamim/airflow_venv/lib/python3.12/site-packages/airflow/example_dags/example_datasets.py took 0.778 seconds
[2025-03-17T15:15:10.213+0600] {processor.py:186} INFO - Started process (PID=21010) to work on /home/shamim/airflow_venv/lib/python3.12/site-packages/airflow/example_dags/example_datasets.py
[2025-03-17T15:15:10.227+0600] {processor.py:914} INFO - Processing file /home/shamim/airflow_venv/lib/python3.12/site-packages/airflow/example_dags/example_datasets.py for tasks to queue
[2025-03-17T15:15:10.230+0600] {logging_mixin.py:190} INFO - [2025-03-17T15:15:10.229+0600] {dagbag.py:588} INFO - Filling up the DagBag from /home/shamim/airflow_venv/lib/python3.12/site-packages/airflow/example_dags/example_datasets.py
[2025-03-17T15:15:10.997+0600] {processor.py:925} INFO - DAG(s) 'dataset_consumes_1_and_2', 'dataset_consumes_unknown_never_scheduled', 'dataset_consumes_1', 'consume_1_and_2_with_dataset_expressions', 'dataset_produces_2', 'consume_1_or_2_with_dataset_expressions', 'dataset_consumes_1_never_scheduled', 'dataset_produces_1', 'conditional_dataset_and_time_based_timetable', 'consume_1_or_both_2_and_3_with_dataset_expressions' retrieved from /home/shamim/airflow_venv/lib/python3.12/site-packages/airflow/example_dags/example_datasets.py
[2025-03-17T15:15:11.042+0600] {logging_mixin.py:190} INFO - [2025-03-17T15:15:11.042+0600] {dag.py:3239} INFO - Sync 10 DAGs
[2025-03-17T15:15:11.076+0600] {logging_mixin.py:190} INFO - [2025-03-17T15:15:11.075+0600] {dag.py:4180} INFO - Setting next_dagrun for conditional_dataset_and_time_based_timetable to 2025-03-12 01:00:00+00:00, run_after=2025-03-12 01:00:00+00:00
[2025-03-17T15:15:11.081+0600] {logging_mixin.py:190} INFO - [2025-03-17T15:15:11.080+0600] {dag.py:4180} INFO - Setting next_dagrun for consume_1_and_2_with_dataset_expressions to None, run_after=None
[2025-03-17T15:15:11.086+0600] {logging_mixin.py:190} INFO - [2025-03-17T15:15:11.085+0600] {dag.py:4180} INFO - Setting next_dagrun for consume_1_or_2_with_dataset_expressions to None, run_after=None
[2025-03-17T15:15:11.087+0600] {logging_mixin.py:190} INFO - [2025-03-17T15:15:11.087+0600] {dag.py:4180} INFO - Setting next_dagrun for consume_1_or_both_2_and_3_with_dataset_expressions to None, run_after=None
[2025-03-17T15:15:11.088+0600] {logging_mixin.py:190} INFO - [2025-03-17T15:15:11.088+0600] {dag.py:4180} INFO - Setting next_dagrun for dataset_consumes_1 to None, run_after=None
[2025-03-17T15:15:11.090+0600] {logging_mixin.py:190} INFO - [2025-03-17T15:15:11.089+0600] {dag.py:4180} INFO - Setting next_dagrun for dataset_consumes_1_and_2 to None, run_after=None
[2025-03-17T15:15:11.091+0600] {logging_mixin.py:190} INFO - [2025-03-17T15:15:11.091+0600] {dag.py:4180} INFO - Setting next_dagrun for dataset_consumes_1_never_scheduled to None, run_after=None
[2025-03-17T15:15:11.092+0600] {logging_mixin.py:190} INFO - [2025-03-17T15:15:11.092+0600] {dag.py:4180} INFO - Setting next_dagrun for dataset_consumes_unknown_never_scheduled to None, run_after=None
[2025-03-17T15:15:11.095+0600] {logging_mixin.py:190} INFO - [2025-03-17T15:15:11.095+0600] {dag.py:4180} INFO - Setting next_dagrun for dataset_produces_1 to 2025-03-16 00:00:00+00:00, run_after=2025-03-17 00:00:00+00:00
[2025-03-17T15:15:11.097+0600] {logging_mixin.py:190} INFO - [2025-03-17T15:15:11.096+0600] {dag.py:4180} INFO - Setting next_dagrun for dataset_produces_2 to None, run_after=None
[2025-03-17T15:15:11.141+0600] {processor.py:208} INFO - Processing /home/shamim/airflow_venv/lib/python3.12/site-packages/airflow/example_dags/example_datasets.py took 0.935 seconds
[2025-03-17T15:26:14.385+0600] {processor.py:186} INFO - Started process (PID=22443) to work on /home/shamim/airflow_venv/lib/python3.12/site-packages/airflow/example_dags/example_datasets.py
[2025-03-17T15:26:14.389+0600] {processor.py:914} INFO - Processing file /home/shamim/airflow_venv/lib/python3.12/site-packages/airflow/example_dags/example_datasets.py for tasks to queue
[2025-03-17T15:26:14.391+0600] {logging_mixin.py:190} INFO - [2025-03-17T15:26:14.391+0600] {dagbag.py:588} INFO - Filling up the DagBag from /home/shamim/airflow_venv/lib/python3.12/site-packages/airflow/example_dags/example_datasets.py
[2025-03-17T15:26:15.124+0600] {processor.py:925} INFO - DAG(s) 'dataset_consumes_unknown_never_scheduled', 'consume_1_and_2_with_dataset_expressions', 'dataset_produces_1', 'consume_1_or_both_2_and_3_with_dataset_expressions', 'dataset_consumes_1_never_scheduled', 'dataset_consumes_1_and_2', 'dataset_consumes_1', 'dataset_produces_2', 'consume_1_or_2_with_dataset_expressions', 'conditional_dataset_and_time_based_timetable' retrieved from /home/shamim/airflow_venv/lib/python3.12/site-packages/airflow/example_dags/example_datasets.py
[2025-03-17T15:26:15.173+0600] {logging_mixin.py:190} INFO - [2025-03-17T15:26:15.173+0600] {dag.py:3239} INFO - Sync 10 DAGs
[2025-03-17T15:26:15.218+0600] {logging_mixin.py:190} INFO - [2025-03-17T15:26:15.217+0600] {dag.py:4180} INFO - Setting next_dagrun for conditional_dataset_and_time_based_timetable to 2025-03-12 01:00:00+00:00, run_after=2025-03-12 01:00:00+00:00
[2025-03-17T15:26:15.226+0600] {logging_mixin.py:190} INFO - [2025-03-17T15:26:15.225+0600] {dag.py:4180} INFO - Setting next_dagrun for consume_1_and_2_with_dataset_expressions to None, run_after=None
[2025-03-17T15:26:15.232+0600] {logging_mixin.py:190} INFO - [2025-03-17T15:26:15.231+0600] {dag.py:4180} INFO - Setting next_dagrun for consume_1_or_2_with_dataset_expressions to None, run_after=None
[2025-03-17T15:26:15.234+0600] {logging_mixin.py:190} INFO - [2025-03-17T15:26:15.234+0600] {dag.py:4180} INFO - Setting next_dagrun for consume_1_or_both_2_and_3_with_dataset_expressions to None, run_after=None
[2025-03-17T15:26:15.236+0600] {logging_mixin.py:190} INFO - [2025-03-17T15:26:15.236+0600] {dag.py:4180} INFO - Setting next_dagrun for dataset_consumes_1 to None, run_after=None
[2025-03-17T15:26:15.239+0600] {logging_mixin.py:190} INFO - [2025-03-17T15:26:15.238+0600] {dag.py:4180} INFO - Setting next_dagrun for dataset_consumes_1_and_2 to None, run_after=None
[2025-03-17T15:26:15.241+0600] {logging_mixin.py:190} INFO - [2025-03-17T15:26:15.241+0600] {dag.py:4180} INFO - Setting next_dagrun for dataset_consumes_1_never_scheduled to None, run_after=None
[2025-03-17T15:26:15.244+0600] {logging_mixin.py:190} INFO - [2025-03-17T15:26:15.243+0600] {dag.py:4180} INFO - Setting next_dagrun for dataset_consumes_unknown_never_scheduled to None, run_after=None
[2025-03-17T15:26:15.250+0600] {logging_mixin.py:190} INFO - [2025-03-17T15:26:15.250+0600] {dag.py:4180} INFO - Setting next_dagrun for dataset_produces_1 to 2025-03-16 00:00:00+00:00, run_after=2025-03-17 00:00:00+00:00
[2025-03-17T15:26:15.252+0600] {logging_mixin.py:190} INFO - [2025-03-17T15:26:15.252+0600] {dag.py:4180} INFO - Setting next_dagrun for dataset_produces_2 to None, run_after=None
[2025-03-17T15:26:15.297+0600] {processor.py:208} INFO - Processing /home/shamim/airflow_venv/lib/python3.12/site-packages/airflow/example_dags/example_datasets.py took 0.921 seconds
[2025-03-17T15:30:41.134+0600] {processor.py:186} INFO - Started process (PID=23125) to work on /home/shamim/airflow_venv/lib/python3.12/site-packages/airflow/example_dags/example_datasets.py
[2025-03-17T15:30:41.141+0600] {processor.py:914} INFO - Processing file /home/shamim/airflow_venv/lib/python3.12/site-packages/airflow/example_dags/example_datasets.py for tasks to queue
[2025-03-17T15:30:41.145+0600] {logging_mixin.py:190} INFO - [2025-03-17T15:30:41.144+0600] {dagbag.py:588} INFO - Filling up the DagBag from /home/shamim/airflow_venv/lib/python3.12/site-packages/airflow/example_dags/example_datasets.py
[2025-03-17T15:30:41.858+0600] {processor.py:925} INFO - DAG(s) 'dataset_produces_2', 'dataset_consumes_unknown_never_scheduled', 'dataset_consumes_1_and_2', 'consume_1_or_2_with_dataset_expressions', 'consume_1_or_both_2_and_3_with_dataset_expressions', 'dataset_consumes_1', 'consume_1_and_2_with_dataset_expressions', 'conditional_dataset_and_time_based_timetable', 'dataset_consumes_1_never_scheduled', 'dataset_produces_1' retrieved from /home/shamim/airflow_venv/lib/python3.12/site-packages/airflow/example_dags/example_datasets.py
[2025-03-17T15:30:41.899+0600] {logging_mixin.py:190} INFO - [2025-03-17T15:30:41.898+0600] {dag.py:3239} INFO - Sync 10 DAGs
[2025-03-17T15:30:41.928+0600] {logging_mixin.py:190} INFO - [2025-03-17T15:30:41.927+0600] {dag.py:4180} INFO - Setting next_dagrun for conditional_dataset_and_time_based_timetable to 2025-03-12 01:00:00+00:00, run_after=2025-03-12 01:00:00+00:00
[2025-03-17T15:30:41.933+0600] {logging_mixin.py:190} INFO - [2025-03-17T15:30:41.933+0600] {dag.py:4180} INFO - Setting next_dagrun for consume_1_and_2_with_dataset_expressions to None, run_after=None
[2025-03-17T15:30:41.934+0600] {logging_mixin.py:190} INFO - [2025-03-17T15:30:41.934+0600] {dag.py:4180} INFO - Setting next_dagrun for consume_1_or_2_with_dataset_expressions to None, run_after=None
[2025-03-17T15:30:41.935+0600] {logging_mixin.py:190} INFO - [2025-03-17T15:30:41.935+0600] {dag.py:4180} INFO - Setting next_dagrun for consume_1_or_both_2_and_3_with_dataset_expressions to None, run_after=None
[2025-03-17T15:30:41.937+0600] {logging_mixin.py:190} INFO - [2025-03-17T15:30:41.937+0600] {dag.py:4180} INFO - Setting next_dagrun for dataset_consumes_1 to None, run_after=None
[2025-03-17T15:30:41.938+0600] {logging_mixin.py:190} INFO - [2025-03-17T15:30:41.938+0600] {dag.py:4180} INFO - Setting next_dagrun for dataset_consumes_1_and_2 to None, run_after=None
[2025-03-17T15:30:41.940+0600] {logging_mixin.py:190} INFO - [2025-03-17T15:30:41.939+0600] {dag.py:4180} INFO - Setting next_dagrun for dataset_consumes_1_never_scheduled to None, run_after=None
[2025-03-17T15:30:41.941+0600] {logging_mixin.py:190} INFO - [2025-03-17T15:30:41.941+0600] {dag.py:4180} INFO - Setting next_dagrun for dataset_consumes_unknown_never_scheduled to None, run_after=None
[2025-03-17T15:30:41.944+0600] {logging_mixin.py:190} INFO - [2025-03-17T15:30:41.943+0600] {dag.py:4180} INFO - Setting next_dagrun for dataset_produces_1 to 2025-03-16 00:00:00+00:00, run_after=2025-03-17 00:00:00+00:00
[2025-03-17T15:30:41.945+0600] {logging_mixin.py:190} INFO - [2025-03-17T15:30:41.945+0600] {dag.py:4180} INFO - Setting next_dagrun for dataset_produces_2 to None, run_after=None
[2025-03-17T15:30:41.989+0600] {processor.py:208} INFO - Processing /home/shamim/airflow_venv/lib/python3.12/site-packages/airflow/example_dags/example_datasets.py took 0.866 seconds
[2025-03-17T15:32:11.407+0600] {processor.py:186} INFO - Started process (PID=23303) to work on /home/shamim/airflow_venv/lib/python3.12/site-packages/airflow/example_dags/example_datasets.py
[2025-03-17T15:32:11.410+0600] {processor.py:914} INFO - Processing file /home/shamim/airflow_venv/lib/python3.12/site-packages/airflow/example_dags/example_datasets.py for tasks to queue
[2025-03-17T15:32:11.415+0600] {logging_mixin.py:190} INFO - [2025-03-17T15:32:11.414+0600] {dagbag.py:588} INFO - Filling up the DagBag from /home/shamim/airflow_venv/lib/python3.12/site-packages/airflow/example_dags/example_datasets.py
[2025-03-17T15:32:12.031+0600] {processor.py:925} INFO - DAG(s) 'consume_1_and_2_with_dataset_expressions', 'dataset_consumes_1_never_scheduled', 'dataset_consumes_unknown_never_scheduled', 'consume_1_or_2_with_dataset_expressions', 'dataset_produces_2', 'dataset_produces_1', 'conditional_dataset_and_time_based_timetable', 'consume_1_or_both_2_and_3_with_dataset_expressions', 'dataset_consumes_1', 'dataset_consumes_1_and_2' retrieved from /home/shamim/airflow_venv/lib/python3.12/site-packages/airflow/example_dags/example_datasets.py
[2025-03-17T15:32:12.071+0600] {logging_mixin.py:190} INFO - [2025-03-17T15:32:12.071+0600] {dag.py:3239} INFO - Sync 10 DAGs
[2025-03-17T15:32:12.101+0600] {logging_mixin.py:190} INFO - [2025-03-17T15:32:12.101+0600] {dag.py:4180} INFO - Setting next_dagrun for conditional_dataset_and_time_based_timetable to 2025-03-12 01:00:00+00:00, run_after=2025-03-12 01:00:00+00:00
[2025-03-17T15:32:12.105+0600] {logging_mixin.py:190} INFO - [2025-03-17T15:32:12.105+0600] {dag.py:4180} INFO - Setting next_dagrun for consume_1_and_2_with_dataset_expressions to None, run_after=None
[2025-03-17T15:32:12.107+0600] {logging_mixin.py:190} INFO - [2025-03-17T15:32:12.106+0600] {dag.py:4180} INFO - Setting next_dagrun for consume_1_or_2_with_dataset_expressions to None, run_after=None
[2025-03-17T15:32:12.108+0600] {logging_mixin.py:190} INFO - [2025-03-17T15:32:12.108+0600] {dag.py:4180} INFO - Setting next_dagrun for consume_1_or_both_2_and_3_with_dataset_expressions to None, run_after=None
[2025-03-17T15:32:12.109+0600] {logging_mixin.py:190} INFO - [2025-03-17T15:32:12.109+0600] {dag.py:4180} INFO - Setting next_dagrun for dataset_consumes_1 to None, run_after=None
[2025-03-17T15:32:12.110+0600] {logging_mixin.py:190} INFO - [2025-03-17T15:32:12.110+0600] {dag.py:4180} INFO - Setting next_dagrun for dataset_consumes_1_and_2 to None, run_after=None
[2025-03-17T15:32:12.111+0600] {logging_mixin.py:190} INFO - [2025-03-17T15:32:12.111+0600] {dag.py:4180} INFO - Setting next_dagrun for dataset_consumes_1_never_scheduled to None, run_after=None
[2025-03-17T15:32:12.112+0600] {logging_mixin.py:190} INFO - [2025-03-17T15:32:12.112+0600] {dag.py:4180} INFO - Setting next_dagrun for dataset_consumes_unknown_never_scheduled to None, run_after=None
[2025-03-17T15:32:12.115+0600] {logging_mixin.py:190} INFO - [2025-03-17T15:32:12.115+0600] {dag.py:4180} INFO - Setting next_dagrun for dataset_produces_1 to 2025-03-16 00:00:00+00:00, run_after=2025-03-17 00:00:00+00:00
[2025-03-17T15:32:12.117+0600] {logging_mixin.py:190} INFO - [2025-03-17T15:32:12.116+0600] {dag.py:4180} INFO - Setting next_dagrun for dataset_produces_2 to None, run_after=None
[2025-03-17T15:32:12.156+0600] {processor.py:208} INFO - Processing /home/shamim/airflow_venv/lib/python3.12/site-packages/airflow/example_dags/example_datasets.py took 0.768 seconds
[2025-03-17T15:33:39.212+0600] {processor.py:186} INFO - Started process (PID=23445) to work on /home/shamim/airflow_venv/lib/python3.12/site-packages/airflow/example_dags/example_datasets.py
[2025-03-17T15:33:39.219+0600] {processor.py:914} INFO - Processing file /home/shamim/airflow_venv/lib/python3.12/site-packages/airflow/example_dags/example_datasets.py for tasks to queue
[2025-03-17T15:33:39.221+0600] {logging_mixin.py:190} INFO - [2025-03-17T15:33:39.221+0600] {dagbag.py:588} INFO - Filling up the DagBag from /home/shamim/airflow_venv/lib/python3.12/site-packages/airflow/example_dags/example_datasets.py
[2025-03-17T15:33:39.816+0600] {processor.py:925} INFO - DAG(s) 'dataset_consumes_1_never_scheduled', 'dataset_produces_2', 'dataset_consumes_1', 'consume_1_or_both_2_and_3_with_dataset_expressions', 'dataset_produces_1', 'dataset_consumes_1_and_2', 'consume_1_and_2_with_dataset_expressions', 'conditional_dataset_and_time_based_timetable', 'dataset_consumes_unknown_never_scheduled', 'consume_1_or_2_with_dataset_expressions' retrieved from /home/shamim/airflow_venv/lib/python3.12/site-packages/airflow/example_dags/example_datasets.py
[2025-03-17T15:33:39.857+0600] {logging_mixin.py:190} INFO - [2025-03-17T15:33:39.856+0600] {dag.py:3239} INFO - Sync 10 DAGs
[2025-03-17T15:33:39.882+0600] {logging_mixin.py:190} INFO - [2025-03-17T15:33:39.882+0600] {dag.py:4180} INFO - Setting next_dagrun for conditional_dataset_and_time_based_timetable to 2025-03-12 01:00:00+00:00, run_after=2025-03-12 01:00:00+00:00
[2025-03-17T15:33:39.886+0600] {logging_mixin.py:190} INFO - [2025-03-17T15:33:39.886+0600] {dag.py:4180} INFO - Setting next_dagrun for consume_1_and_2_with_dataset_expressions to None, run_after=None
[2025-03-17T15:33:39.887+0600] {logging_mixin.py:190} INFO - [2025-03-17T15:33:39.887+0600] {dag.py:4180} INFO - Setting next_dagrun for consume_1_or_2_with_dataset_expressions to None, run_after=None
[2025-03-17T15:33:39.889+0600] {logging_mixin.py:190} INFO - [2025-03-17T15:33:39.889+0600] {dag.py:4180} INFO - Setting next_dagrun for consume_1_or_both_2_and_3_with_dataset_expressions to None, run_after=None
[2025-03-17T15:33:39.890+0600] {logging_mixin.py:190} INFO - [2025-03-17T15:33:39.890+0600] {dag.py:4180} INFO - Setting next_dagrun for dataset_consumes_1 to None, run_after=None
[2025-03-17T15:33:39.891+0600] {logging_mixin.py:190} INFO - [2025-03-17T15:33:39.891+0600] {dag.py:4180} INFO - Setting next_dagrun for dataset_consumes_1_and_2 to None, run_after=None
[2025-03-17T15:33:39.892+0600] {logging_mixin.py:190} INFO - [2025-03-17T15:33:39.892+0600] {dag.py:4180} INFO - Setting next_dagrun for dataset_consumes_1_never_scheduled to None, run_after=None
[2025-03-17T15:33:39.893+0600] {logging_mixin.py:190} INFO - [2025-03-17T15:33:39.893+0600] {dag.py:4180} INFO - Setting next_dagrun for dataset_consumes_unknown_never_scheduled to None, run_after=None
[2025-03-17T15:33:39.897+0600] {logging_mixin.py:190} INFO - [2025-03-17T15:33:39.896+0600] {dag.py:4180} INFO - Setting next_dagrun for dataset_produces_1 to 2025-03-16 00:00:00+00:00, run_after=2025-03-17 00:00:00+00:00
[2025-03-17T15:33:39.898+0600] {logging_mixin.py:190} INFO - [2025-03-17T15:33:39.898+0600] {dag.py:4180} INFO - Setting next_dagrun for dataset_produces_2 to None, run_after=None
[2025-03-17T15:33:39.934+0600] {processor.py:208} INFO - Processing /home/shamim/airflow_venv/lib/python3.12/site-packages/airflow/example_dags/example_datasets.py took 0.730 seconds
[2025-03-17T15:35:13.752+0600] {processor.py:186} INFO - Started process (PID=23626) to work on /home/shamim/airflow_venv/lib/python3.12/site-packages/airflow/example_dags/example_datasets.py
[2025-03-17T15:35:13.759+0600] {processor.py:914} INFO - Processing file /home/shamim/airflow_venv/lib/python3.12/site-packages/airflow/example_dags/example_datasets.py for tasks to queue
[2025-03-17T15:35:13.766+0600] {logging_mixin.py:190} INFO - [2025-03-17T15:35:13.765+0600] {dagbag.py:588} INFO - Filling up the DagBag from /home/shamim/airflow_venv/lib/python3.12/site-packages/airflow/example_dags/example_datasets.py
[2025-03-17T15:35:14.413+0600] {processor.py:925} INFO - DAG(s) 'dataset_produces_1', 'dataset_consumes_unknown_never_scheduled', 'dataset_consumes_1_and_2', 'consume_1_or_both_2_and_3_with_dataset_expressions', 'dataset_consumes_1_never_scheduled', 'dataset_produces_2', 'dataset_consumes_1', 'consume_1_or_2_with_dataset_expressions', 'conditional_dataset_and_time_based_timetable', 'consume_1_and_2_with_dataset_expressions' retrieved from /home/shamim/airflow_venv/lib/python3.12/site-packages/airflow/example_dags/example_datasets.py
[2025-03-17T15:35:14.455+0600] {logging_mixin.py:190} INFO - [2025-03-17T15:35:14.455+0600] {dag.py:3239} INFO - Sync 10 DAGs
[2025-03-17T15:35:14.482+0600] {logging_mixin.py:190} INFO - [2025-03-17T15:35:14.481+0600] {dag.py:4180} INFO - Setting next_dagrun for conditional_dataset_and_time_based_timetable to 2025-03-12 01:00:00+00:00, run_after=2025-03-12 01:00:00+00:00
[2025-03-17T15:35:14.486+0600] {logging_mixin.py:190} INFO - [2025-03-17T15:35:14.486+0600] {dag.py:4180} INFO - Setting next_dagrun for consume_1_and_2_with_dataset_expressions to None, run_after=None
[2025-03-17T15:35:14.489+0600] {logging_mixin.py:190} INFO - [2025-03-17T15:35:14.488+0600] {dag.py:4180} INFO - Setting next_dagrun for consume_1_or_2_with_dataset_expressions to None, run_after=None
[2025-03-17T15:35:14.490+0600] {logging_mixin.py:190} INFO - [2025-03-17T15:35:14.490+0600] {dag.py:4180} INFO - Setting next_dagrun for consume_1_or_both_2_and_3_with_dataset_expressions to None, run_after=None
[2025-03-17T15:35:14.492+0600] {logging_mixin.py:190} INFO - [2025-03-17T15:35:14.492+0600] {dag.py:4180} INFO - Setting next_dagrun for dataset_consumes_1 to None, run_after=None
[2025-03-17T15:35:14.494+0600] {logging_mixin.py:190} INFO - [2025-03-17T15:35:14.494+0600] {dag.py:4180} INFO - Setting next_dagrun for dataset_consumes_1_and_2 to None, run_after=None
[2025-03-17T15:35:14.496+0600] {logging_mixin.py:190} INFO - [2025-03-17T15:35:14.496+0600] {dag.py:4180} INFO - Setting next_dagrun for dataset_consumes_1_never_scheduled to None, run_after=None
[2025-03-17T15:35:14.498+0600] {logging_mixin.py:190} INFO - [2025-03-17T15:35:14.497+0600] {dag.py:4180} INFO - Setting next_dagrun for dataset_consumes_unknown_never_scheduled to None, run_after=None
[2025-03-17T15:35:14.503+0600] {logging_mixin.py:190} INFO - [2025-03-17T15:35:14.503+0600] {dag.py:4180} INFO - Setting next_dagrun for dataset_produces_1 to 2025-03-16 00:00:00+00:00, run_after=2025-03-17 00:00:00+00:00
[2025-03-17T15:35:14.505+0600] {logging_mixin.py:190} INFO - [2025-03-17T15:35:14.505+0600] {dag.py:4180} INFO - Setting next_dagrun for dataset_produces_2 to None, run_after=None
[2025-03-17T15:35:14.549+0600] {processor.py:208} INFO - Processing /home/shamim/airflow_venv/lib/python3.12/site-packages/airflow/example_dags/example_datasets.py took 0.806 seconds
[2025-03-17T15:36:39.456+0600] {processor.py:186} INFO - Started process (PID=23796) to work on /home/shamim/airflow_venv/lib/python3.12/site-packages/airflow/example_dags/example_datasets.py
[2025-03-17T15:36:39.463+0600] {processor.py:914} INFO - Processing file /home/shamim/airflow_venv/lib/python3.12/site-packages/airflow/example_dags/example_datasets.py for tasks to queue
[2025-03-17T15:36:39.466+0600] {logging_mixin.py:190} INFO - [2025-03-17T15:36:39.465+0600] {dagbag.py:588} INFO - Filling up the DagBag from /home/shamim/airflow_venv/lib/python3.12/site-packages/airflow/example_dags/example_datasets.py
[2025-03-17T15:36:40.116+0600] {processor.py:925} INFO - DAG(s) 'dataset_consumes_1_and_2', 'dataset_consumes_unknown_never_scheduled', 'dataset_produces_1', 'dataset_consumes_1', 'dataset_consumes_1_never_scheduled', 'consume_1_and_2_with_dataset_expressions', 'conditional_dataset_and_time_based_timetable', 'consume_1_or_both_2_and_3_with_dataset_expressions', 'consume_1_or_2_with_dataset_expressions', 'dataset_produces_2' retrieved from /home/shamim/airflow_venv/lib/python3.12/site-packages/airflow/example_dags/example_datasets.py
[2025-03-17T15:36:40.161+0600] {logging_mixin.py:190} INFO - [2025-03-17T15:36:40.161+0600] {dag.py:3239} INFO - Sync 10 DAGs
[2025-03-17T15:36:40.193+0600] {logging_mixin.py:190} INFO - [2025-03-17T15:36:40.192+0600] {dag.py:4180} INFO - Setting next_dagrun for conditional_dataset_and_time_based_timetable to 2025-03-12 01:00:00+00:00, run_after=2025-03-12 01:00:00+00:00
[2025-03-17T15:36:40.197+0600] {logging_mixin.py:190} INFO - [2025-03-17T15:36:40.197+0600] {dag.py:4180} INFO - Setting next_dagrun for consume_1_and_2_with_dataset_expressions to None, run_after=None
[2025-03-17T15:36:40.199+0600] {logging_mixin.py:190} INFO - [2025-03-17T15:36:40.199+0600] {dag.py:4180} INFO - Setting next_dagrun for consume_1_or_2_with_dataset_expressions to None, run_after=None
[2025-03-17T15:36:40.200+0600] {logging_mixin.py:190} INFO - [2025-03-17T15:36:40.200+0600] {dag.py:4180} INFO - Setting next_dagrun for consume_1_or_both_2_and_3_with_dataset_expressions to None, run_after=None
[2025-03-17T15:36:40.201+0600] {logging_mixin.py:190} INFO - [2025-03-17T15:36:40.201+0600] {dag.py:4180} INFO - Setting next_dagrun for dataset_consumes_1 to None, run_after=None
[2025-03-17T15:36:40.203+0600] {logging_mixin.py:190} INFO - [2025-03-17T15:36:40.203+0600] {dag.py:4180} INFO - Setting next_dagrun for dataset_consumes_1_and_2 to None, run_after=None
[2025-03-17T15:36:40.205+0600] {logging_mixin.py:190} INFO - [2025-03-17T15:36:40.204+0600] {dag.py:4180} INFO - Setting next_dagrun for dataset_consumes_1_never_scheduled to None, run_after=None
[2025-03-17T15:36:40.206+0600] {logging_mixin.py:190} INFO - [2025-03-17T15:36:40.205+0600] {dag.py:4180} INFO - Setting next_dagrun for dataset_consumes_unknown_never_scheduled to None, run_after=None
[2025-03-17T15:36:40.209+0600] {logging_mixin.py:190} INFO - [2025-03-17T15:36:40.209+0600] {dag.py:4180} INFO - Setting next_dagrun for dataset_produces_1 to 2025-03-16 00:00:00+00:00, run_after=2025-03-17 00:00:00+00:00
[2025-03-17T15:36:40.210+0600] {logging_mixin.py:190} INFO - [2025-03-17T15:36:40.210+0600] {dag.py:4180} INFO - Setting next_dagrun for dataset_produces_2 to None, run_after=None
[2025-03-17T15:36:40.258+0600] {processor.py:208} INFO - Processing /home/shamim/airflow_venv/lib/python3.12/site-packages/airflow/example_dags/example_datasets.py took 0.810 seconds
