[2025-03-17T15:00:01.042+0600] {processor.py:186} INFO - Started process (PID=19262) to work on /home/shamim/airflow_venv/lib/python3.12/site-packages/airflow/example_dags/example_time_delta_sensor_async.py
[2025-03-17T15:00:01.043+0600] {processor.py:914} INFO - Processing file /home/shamim/airflow_venv/lib/python3.12/site-packages/airflow/example_dags/example_time_delta_sensor_async.py for tasks to queue
[2025-03-17T15:00:01.046+0600] {logging_mixin.py:190} INFO - [2025-03-17T15:00:01.045+0600] {dagbag.py:588} INFO - Filling up the DagBag from /home/shamim/airflow_venv/lib/python3.12/site-packages/airflow/example_dags/example_time_delta_sensor_async.py
[2025-03-17T15:00:01.054+0600] {processor.py:925} INFO - DAG(s) 'example_time_delta_sensor_async' retrieved from /home/shamim/airflow_venv/lib/python3.12/site-packages/airflow/example_dags/example_time_delta_sensor_async.py
[2025-03-17T15:00:01.191+0600] {logging_mixin.py:190} INFO - [2025-03-17T15:00:01.190+0600] {override.py:1930} INFO - Created Permission View: can read on DAG:example_time_delta_sensor_async
[2025-03-17T15:00:01.203+0600] {logging_mixin.py:190} INFO - [2025-03-17T15:00:01.202+0600] {override.py:1930} INFO - Created Permission View: can delete on DAG:example_time_delta_sensor_async
[2025-03-17T15:00:01.211+0600] {logging_mixin.py:190} INFO - [2025-03-17T15:00:01.211+0600] {override.py:1930} INFO - Created Permission View: can edit on DAG:example_time_delta_sensor_async
[2025-03-17T15:00:01.221+0600] {logging_mixin.py:190} INFO - [2025-03-17T15:00:01.221+0600] {override.py:1930} INFO - Created Permission View: can create on DAG Run:example_time_delta_sensor_async
[2025-03-17T15:00:01.230+0600] {logging_mixin.py:190} INFO - [2025-03-17T15:00:01.230+0600] {override.py:1930} INFO - Created Permission View: can read on DAG Run:example_time_delta_sensor_async
[2025-03-17T15:00:01.238+0600] {logging_mixin.py:190} INFO - [2025-03-17T15:00:01.237+0600] {override.py:1930} INFO - Created Permission View: can delete on DAG Run:example_time_delta_sensor_async
[2025-03-17T15:00:01.246+0600] {logging_mixin.py:190} INFO - [2025-03-17T15:00:01.245+0600] {override.py:1930} INFO - Created Permission View: menu access on DAG Run:example_time_delta_sensor_async
[2025-03-17T15:00:01.246+0600] {logging_mixin.py:190} INFO - [2025-03-17T15:00:01.246+0600] {dag.py:3239} INFO - Sync 1 DAGs
[2025-03-17T15:00:01.263+0600] {logging_mixin.py:190} INFO - [2025-03-17T15:00:01.263+0600] {dag.py:3262} INFO - Creating ORM DAG for example_time_delta_sensor_async
[2025-03-17T15:00:01.264+0600] {logging_mixin.py:190} INFO - [2025-03-17T15:00:01.264+0600] {dag.py:4180} INFO - Setting next_dagrun for example_time_delta_sensor_async to None, run_after=None
[2025-03-17T15:00:01.283+0600] {processor.py:208} INFO - Processing /home/shamim/airflow_venv/lib/python3.12/site-packages/airflow/example_dags/example_time_delta_sensor_async.py took 0.248 seconds
[2025-03-17T15:01:15.757+0600] {processor.py:186} INFO - Started process (PID=19433) to work on /home/shamim/airflow_venv/lib/python3.12/site-packages/airflow/example_dags/example_time_delta_sensor_async.py
[2025-03-17T15:01:15.758+0600] {processor.py:914} INFO - Processing file /home/shamim/airflow_venv/lib/python3.12/site-packages/airflow/example_dags/example_time_delta_sensor_async.py for tasks to queue
[2025-03-17T15:01:15.762+0600] {logging_mixin.py:190} INFO - [2025-03-17T15:01:15.761+0600] {dagbag.py:588} INFO - Filling up the DagBag from /home/shamim/airflow_venv/lib/python3.12/site-packages/airflow/example_dags/example_time_delta_sensor_async.py
[2025-03-17T15:01:15.771+0600] {processor.py:925} INFO - DAG(s) 'example_time_delta_sensor_async' retrieved from /home/shamim/airflow_venv/lib/python3.12/site-packages/airflow/example_dags/example_time_delta_sensor_async.py
[2025-03-17T15:01:15.790+0600] {logging_mixin.py:190} INFO - [2025-03-17T15:01:15.790+0600] {dag.py:3239} INFO - Sync 1 DAGs
[2025-03-17T15:01:15.807+0600] {logging_mixin.py:190} INFO - [2025-03-17T15:01:15.806+0600] {dag.py:4180} INFO - Setting next_dagrun for example_time_delta_sensor_async to None, run_after=None
[2025-03-17T15:01:15.830+0600] {processor.py:208} INFO - Processing /home/shamim/airflow_venv/lib/python3.12/site-packages/airflow/example_dags/example_time_delta_sensor_async.py took 0.080 seconds
[2025-03-17T15:02:28.841+0600] {processor.py:186} INFO - Started process (PID=19517) to work on /home/shamim/airflow_venv/lib/python3.12/site-packages/airflow/example_dags/example_time_delta_sensor_async.py
[2025-03-17T15:02:28.848+0600] {processor.py:914} INFO - Processing file /home/shamim/airflow_venv/lib/python3.12/site-packages/airflow/example_dags/example_time_delta_sensor_async.py for tasks to queue
[2025-03-17T15:02:28.852+0600] {logging_mixin.py:190} INFO - [2025-03-17T15:02:28.852+0600] {dagbag.py:588} INFO - Filling up the DagBag from /home/shamim/airflow_venv/lib/python3.12/site-packages/airflow/example_dags/example_time_delta_sensor_async.py
[2025-03-17T15:02:28.865+0600] {processor.py:925} INFO - DAG(s) 'example_time_delta_sensor_async' retrieved from /home/shamim/airflow_venv/lib/python3.12/site-packages/airflow/example_dags/example_time_delta_sensor_async.py
[2025-03-17T15:02:28.891+0600] {logging_mixin.py:190} INFO - [2025-03-17T15:02:28.891+0600] {dag.py:3239} INFO - Sync 1 DAGs
[2025-03-17T15:02:28.916+0600] {logging_mixin.py:190} INFO - [2025-03-17T15:02:28.916+0600] {dag.py:4180} INFO - Setting next_dagrun for example_time_delta_sensor_async to None, run_after=None
[2025-03-17T15:02:28.982+0600] {processor.py:208} INFO - Processing /home/shamim/airflow_venv/lib/python3.12/site-packages/airflow/example_dags/example_time_delta_sensor_async.py took 0.154 seconds
[2025-03-17T15:03:46.151+0600] {processor.py:186} INFO - Started process (PID=19656) to work on /home/shamim/airflow_venv/lib/python3.12/site-packages/airflow/example_dags/example_time_delta_sensor_async.py
[2025-03-17T15:03:46.157+0600] {processor.py:914} INFO - Processing file /home/shamim/airflow_venv/lib/python3.12/site-packages/airflow/example_dags/example_time_delta_sensor_async.py for tasks to queue
[2025-03-17T15:03:46.161+0600] {logging_mixin.py:190} INFO - [2025-03-17T15:03:46.160+0600] {dagbag.py:588} INFO - Filling up the DagBag from /home/shamim/airflow_venv/lib/python3.12/site-packages/airflow/example_dags/example_time_delta_sensor_async.py
[2025-03-17T15:03:46.170+0600] {processor.py:925} INFO - DAG(s) 'example_time_delta_sensor_async' retrieved from /home/shamim/airflow_venv/lib/python3.12/site-packages/airflow/example_dags/example_time_delta_sensor_async.py
[2025-03-17T15:03:46.187+0600] {logging_mixin.py:190} INFO - [2025-03-17T15:03:46.187+0600] {dag.py:3239} INFO - Sync 1 DAGs
[2025-03-17T15:03:46.201+0600] {logging_mixin.py:190} INFO - [2025-03-17T15:03:46.201+0600] {dag.py:4180} INFO - Setting next_dagrun for example_time_delta_sensor_async to None, run_after=None
[2025-03-17T15:03:46.234+0600] {processor.py:208} INFO - Processing /home/shamim/airflow_venv/lib/python3.12/site-packages/airflow/example_dags/example_time_delta_sensor_async.py took 0.090 seconds
[2025-03-17T15:05:42.721+0600] {processor.py:186} INFO - Started process (PID=19781) to work on /home/shamim/airflow_venv/lib/python3.12/site-packages/airflow/example_dags/example_time_delta_sensor_async.py
[2025-03-17T15:05:42.722+0600] {processor.py:914} INFO - Processing file /home/shamim/airflow_venv/lib/python3.12/site-packages/airflow/example_dags/example_time_delta_sensor_async.py for tasks to queue
[2025-03-17T15:05:42.725+0600] {logging_mixin.py:190} INFO - [2025-03-17T15:05:42.724+0600] {dagbag.py:588} INFO - Filling up the DagBag from /home/shamim/airflow_venv/lib/python3.12/site-packages/airflow/example_dags/example_time_delta_sensor_async.py
[2025-03-17T15:05:42.733+0600] {processor.py:925} INFO - DAG(s) 'example_time_delta_sensor_async' retrieved from /home/shamim/airflow_venv/lib/python3.12/site-packages/airflow/example_dags/example_time_delta_sensor_async.py
[2025-03-17T15:05:42.759+0600] {logging_mixin.py:190} INFO - [2025-03-17T15:05:42.759+0600] {dag.py:3239} INFO - Sync 1 DAGs
[2025-03-17T15:05:42.776+0600] {logging_mixin.py:190} INFO - [2025-03-17T15:05:42.775+0600] {dag.py:4180} INFO - Setting next_dagrun for example_time_delta_sensor_async to None, run_after=None
[2025-03-17T15:05:42.800+0600] {processor.py:208} INFO - Processing /home/shamim/airflow_venv/lib/python3.12/site-packages/airflow/example_dags/example_time_delta_sensor_async.py took 0.086 seconds
[2025-03-17T15:06:57.834+0600] {processor.py:186} INFO - Started process (PID=19961) to work on /home/shamim/airflow_venv/lib/python3.12/site-packages/airflow/example_dags/example_time_delta_sensor_async.py
[2025-03-17T15:06:57.835+0600] {processor.py:914} INFO - Processing file /home/shamim/airflow_venv/lib/python3.12/site-packages/airflow/example_dags/example_time_delta_sensor_async.py for tasks to queue
[2025-03-17T15:06:57.838+0600] {logging_mixin.py:190} INFO - [2025-03-17T15:06:57.838+0600] {dagbag.py:588} INFO - Filling up the DagBag from /home/shamim/airflow_venv/lib/python3.12/site-packages/airflow/example_dags/example_time_delta_sensor_async.py
[2025-03-17T15:06:57.846+0600] {processor.py:925} INFO - DAG(s) 'example_time_delta_sensor_async' retrieved from /home/shamim/airflow_venv/lib/python3.12/site-packages/airflow/example_dags/example_time_delta_sensor_async.py
[2025-03-17T15:06:57.863+0600] {logging_mixin.py:190} INFO - [2025-03-17T15:06:57.863+0600] {dag.py:3239} INFO - Sync 1 DAGs
[2025-03-17T15:06:57.880+0600] {logging_mixin.py:190} INFO - [2025-03-17T15:06:57.879+0600] {dag.py:4180} INFO - Setting next_dagrun for example_time_delta_sensor_async to None, run_after=None
[2025-03-17T15:06:57.902+0600] {processor.py:208} INFO - Processing /home/shamim/airflow_venv/lib/python3.12/site-packages/airflow/example_dags/example_time_delta_sensor_async.py took 0.074 seconds
[2025-03-17T15:07:47.026+0600] {processor.py:186} INFO - Started process (PID=20138) to work on /home/shamim/airflow_venv/lib/python3.12/site-packages/airflow/example_dags/example_time_delta_sensor_async.py
[2025-03-17T15:07:47.027+0600] {processor.py:914} INFO - Processing file /home/shamim/airflow_venv/lib/python3.12/site-packages/airflow/example_dags/example_time_delta_sensor_async.py for tasks to queue
[2025-03-17T15:07:47.031+0600] {logging_mixin.py:190} INFO - [2025-03-17T15:07:47.030+0600] {dagbag.py:588} INFO - Filling up the DagBag from /home/shamim/airflow_venv/lib/python3.12/site-packages/airflow/example_dags/example_time_delta_sensor_async.py
[2025-03-17T15:07:47.040+0600] {processor.py:925} INFO - DAG(s) 'example_time_delta_sensor_async' retrieved from /home/shamim/airflow_venv/lib/python3.12/site-packages/airflow/example_dags/example_time_delta_sensor_async.py
[2025-03-17T15:07:47.058+0600] {logging_mixin.py:190} INFO - [2025-03-17T15:07:47.058+0600] {dag.py:3239} INFO - Sync 1 DAGs
[2025-03-17T15:07:47.076+0600] {logging_mixin.py:190} INFO - [2025-03-17T15:07:47.076+0600] {dag.py:4180} INFO - Setting next_dagrun for example_time_delta_sensor_async to None, run_after=None
[2025-03-17T15:07:47.116+0600] {processor.py:208} INFO - Processing /home/shamim/airflow_venv/lib/python3.12/site-packages/airflow/example_dags/example_time_delta_sensor_async.py took 0.097 seconds
[2025-03-17T15:09:02.828+0600] {processor.py:186} INFO - Started process (PID=20292) to work on /home/shamim/airflow_venv/lib/python3.12/site-packages/airflow/example_dags/example_time_delta_sensor_async.py
[2025-03-17T15:09:02.835+0600] {processor.py:914} INFO - Processing file /home/shamim/airflow_venv/lib/python3.12/site-packages/airflow/example_dags/example_time_delta_sensor_async.py for tasks to queue
[2025-03-17T15:09:02.839+0600] {logging_mixin.py:190} INFO - [2025-03-17T15:09:02.838+0600] {dagbag.py:588} INFO - Filling up the DagBag from /home/shamim/airflow_venv/lib/python3.12/site-packages/airflow/example_dags/example_time_delta_sensor_async.py
[2025-03-17T15:09:02.852+0600] {processor.py:925} INFO - DAG(s) 'example_time_delta_sensor_async' retrieved from /home/shamim/airflow_venv/lib/python3.12/site-packages/airflow/example_dags/example_time_delta_sensor_async.py
[2025-03-17T15:09:02.871+0600] {logging_mixin.py:190} INFO - [2025-03-17T15:09:02.870+0600] {dag.py:3239} INFO - Sync 1 DAGs
[2025-03-17T15:09:02.886+0600] {logging_mixin.py:190} INFO - [2025-03-17T15:09:02.886+0600] {dag.py:4180} INFO - Setting next_dagrun for example_time_delta_sensor_async to None, run_after=None
[2025-03-17T15:09:02.922+0600] {processor.py:208} INFO - Processing /home/shamim/airflow_venv/lib/python3.12/site-packages/airflow/example_dags/example_time_delta_sensor_async.py took 0.105 seconds
[2025-03-17T15:12:40.327+0600] {processor.py:186} INFO - Started process (PID=20665) to work on /home/shamim/airflow_venv/lib/python3.12/site-packages/airflow/example_dags/example_time_delta_sensor_async.py
[2025-03-17T15:12:40.333+0600] {processor.py:914} INFO - Processing file /home/shamim/airflow_venv/lib/python3.12/site-packages/airflow/example_dags/example_time_delta_sensor_async.py for tasks to queue
[2025-03-17T15:12:40.337+0600] {logging_mixin.py:190} INFO - [2025-03-17T15:12:40.337+0600] {dagbag.py:588} INFO - Filling up the DagBag from /home/shamim/airflow_venv/lib/python3.12/site-packages/airflow/example_dags/example_time_delta_sensor_async.py
[2025-03-17T15:12:40.348+0600] {processor.py:925} INFO - DAG(s) 'example_time_delta_sensor_async' retrieved from /home/shamim/airflow_venv/lib/python3.12/site-packages/airflow/example_dags/example_time_delta_sensor_async.py
[2025-03-17T15:12:40.373+0600] {logging_mixin.py:190} INFO - [2025-03-17T15:12:40.372+0600] {dag.py:3239} INFO - Sync 1 DAGs
[2025-03-17T15:12:40.388+0600] {logging_mixin.py:190} INFO - [2025-03-17T15:12:40.388+0600] {dag.py:4180} INFO - Setting next_dagrun for example_time_delta_sensor_async to None, run_after=None
[2025-03-17T15:12:40.410+0600] {processor.py:208} INFO - Processing /home/shamim/airflow_venv/lib/python3.12/site-packages/airflow/example_dags/example_time_delta_sensor_async.py took 0.096 seconds
[2025-03-17T15:21:21.116+0600] {processor.py:186} INFO - Started process (PID=21867) to work on /home/shamim/airflow_venv/lib/python3.12/site-packages/airflow/example_dags/example_time_delta_sensor_async.py
[2025-03-17T15:21:21.118+0600] {processor.py:914} INFO - Processing file /home/shamim/airflow_venv/lib/python3.12/site-packages/airflow/example_dags/example_time_delta_sensor_async.py for tasks to queue
[2025-03-17T15:21:21.125+0600] {logging_mixin.py:190} INFO - [2025-03-17T15:21:21.122+0600] {dagbag.py:588} INFO - Filling up the DagBag from /home/shamim/airflow_venv/lib/python3.12/site-packages/airflow/example_dags/example_time_delta_sensor_async.py
[2025-03-17T15:21:21.167+0600] {processor.py:925} INFO - DAG(s) 'example_time_delta_sensor_async' retrieved from /home/shamim/airflow_venv/lib/python3.12/site-packages/airflow/example_dags/example_time_delta_sensor_async.py
[2025-03-17T15:21:21.237+0600] {logging_mixin.py:190} INFO - [2025-03-17T15:21:21.236+0600] {dag.py:3239} INFO - Sync 1 DAGs
[2025-03-17T15:21:21.312+0600] {logging_mixin.py:190} INFO - [2025-03-17T15:21:21.312+0600] {dag.py:4180} INFO - Setting next_dagrun for example_time_delta_sensor_async to None, run_after=None
[2025-03-17T15:21:21.368+0600] {processor.py:208} INFO - Processing /home/shamim/airflow_venv/lib/python3.12/site-packages/airflow/example_dags/example_time_delta_sensor_async.py took 0.273 seconds
[2025-03-17T15:28:23.874+0600] {processor.py:186} INFO - Started process (PID=22787) to work on /home/shamim/airflow_venv/lib/python3.12/site-packages/airflow/example_dags/example_time_delta_sensor_async.py
[2025-03-17T15:28:23.878+0600] {processor.py:914} INFO - Processing file /home/shamim/airflow_venv/lib/python3.12/site-packages/airflow/example_dags/example_time_delta_sensor_async.py for tasks to queue
[2025-03-17T15:28:23.881+0600] {logging_mixin.py:190} INFO - [2025-03-17T15:28:23.881+0600] {dagbag.py:588} INFO - Filling up the DagBag from /home/shamim/airflow_venv/lib/python3.12/site-packages/airflow/example_dags/example_time_delta_sensor_async.py
[2025-03-17T15:28:23.890+0600] {processor.py:925} INFO - DAG(s) 'example_time_delta_sensor_async' retrieved from /home/shamim/airflow_venv/lib/python3.12/site-packages/airflow/example_dags/example_time_delta_sensor_async.py
[2025-03-17T15:28:23.909+0600] {logging_mixin.py:190} INFO - [2025-03-17T15:28:23.909+0600] {dag.py:3239} INFO - Sync 1 DAGs
[2025-03-17T15:28:23.926+0600] {logging_mixin.py:190} INFO - [2025-03-17T15:28:23.926+0600] {dag.py:4180} INFO - Setting next_dagrun for example_time_delta_sensor_async to None, run_after=None
[2025-03-17T15:28:23.949+0600] {processor.py:208} INFO - Processing /home/shamim/airflow_venv/lib/python3.12/site-packages/airflow/example_dags/example_time_delta_sensor_async.py took 0.082 seconds
[2025-03-17T15:31:17.885+0600] {processor.py:186} INFO - Started process (PID=23198) to work on /home/shamim/airflow_venv/lib/python3.12/site-packages/airflow/example_dags/example_time_delta_sensor_async.py
[2025-03-17T15:31:17.892+0600] {processor.py:914} INFO - Processing file /home/shamim/airflow_venv/lib/python3.12/site-packages/airflow/example_dags/example_time_delta_sensor_async.py for tasks to queue
[2025-03-17T15:31:17.897+0600] {logging_mixin.py:190} INFO - [2025-03-17T15:31:17.896+0600] {dagbag.py:588} INFO - Filling up the DagBag from /home/shamim/airflow_venv/lib/python3.12/site-packages/airflow/example_dags/example_time_delta_sensor_async.py
[2025-03-17T15:31:17.919+0600] {processor.py:925} INFO - DAG(s) 'example_time_delta_sensor_async' retrieved from /home/shamim/airflow_venv/lib/python3.12/site-packages/airflow/example_dags/example_time_delta_sensor_async.py
[2025-03-17T15:31:17.983+0600] {logging_mixin.py:190} INFO - [2025-03-17T15:31:17.983+0600] {dag.py:3239} INFO - Sync 1 DAGs
[2025-03-17T15:31:18.117+0600] {logging_mixin.py:190} INFO - [2025-03-17T15:31:18.117+0600] {dag.py:4180} INFO - Setting next_dagrun for example_time_delta_sensor_async to None, run_after=None
[2025-03-17T15:31:18.237+0600] {processor.py:208} INFO - Processing /home/shamim/airflow_venv/lib/python3.12/site-packages/airflow/example_dags/example_time_delta_sensor_async.py took 0.370 seconds
[2025-03-17T15:32:46.083+0600] {processor.py:186} INFO - Started process (PID=23382) to work on /home/shamim/airflow_venv/lib/python3.12/site-packages/airflow/example_dags/example_time_delta_sensor_async.py
[2025-03-17T15:32:46.093+0600] {processor.py:914} INFO - Processing file /home/shamim/airflow_venv/lib/python3.12/site-packages/airflow/example_dags/example_time_delta_sensor_async.py for tasks to queue
[2025-03-17T15:32:46.103+0600] {logging_mixin.py:190} INFO - [2025-03-17T15:32:46.102+0600] {dagbag.py:588} INFO - Filling up the DagBag from /home/shamim/airflow_venv/lib/python3.12/site-packages/airflow/example_dags/example_time_delta_sensor_async.py
[2025-03-17T15:32:46.126+0600] {processor.py:925} INFO - DAG(s) 'example_time_delta_sensor_async' retrieved from /home/shamim/airflow_venv/lib/python3.12/site-packages/airflow/example_dags/example_time_delta_sensor_async.py
[2025-03-17T15:32:46.153+0600] {logging_mixin.py:190} INFO - [2025-03-17T15:32:46.153+0600] {dag.py:3239} INFO - Sync 1 DAGs
[2025-03-17T15:32:46.173+0600] {logging_mixin.py:190} INFO - [2025-03-17T15:32:46.173+0600] {dag.py:4180} INFO - Setting next_dagrun for example_time_delta_sensor_async to None, run_after=None
[2025-03-17T15:32:46.201+0600] {processor.py:208} INFO - Processing /home/shamim/airflow_venv/lib/python3.12/site-packages/airflow/example_dags/example_time_delta_sensor_async.py took 0.141 seconds
[2025-03-17T15:33:54.866+0600] {processor.py:186} INFO - Started process (PID=23462) to work on /home/shamim/airflow_venv/lib/python3.12/site-packages/airflow/example_dags/example_time_delta_sensor_async.py
[2025-03-17T15:33:54.872+0600] {processor.py:914} INFO - Processing file /home/shamim/airflow_venv/lib/python3.12/site-packages/airflow/example_dags/example_time_delta_sensor_async.py for tasks to queue
[2025-03-17T15:33:54.875+0600] {logging_mixin.py:190} INFO - [2025-03-17T15:33:54.874+0600] {dagbag.py:588} INFO - Filling up the DagBag from /home/shamim/airflow_venv/lib/python3.12/site-packages/airflow/example_dags/example_time_delta_sensor_async.py
[2025-03-17T15:33:54.883+0600] {processor.py:925} INFO - DAG(s) 'example_time_delta_sensor_async' retrieved from /home/shamim/airflow_venv/lib/python3.12/site-packages/airflow/example_dags/example_time_delta_sensor_async.py
[2025-03-17T15:33:54.901+0600] {logging_mixin.py:190} INFO - [2025-03-17T15:33:54.901+0600] {dag.py:3239} INFO - Sync 1 DAGs
[2025-03-17T15:33:54.918+0600] {logging_mixin.py:190} INFO - [2025-03-17T15:33:54.918+0600] {dag.py:4180} INFO - Setting next_dagrun for example_time_delta_sensor_async to None, run_after=None
[2025-03-17T15:33:54.954+0600] {processor.py:208} INFO - Processing /home/shamim/airflow_venv/lib/python3.12/site-packages/airflow/example_dags/example_time_delta_sensor_async.py took 0.095 seconds
[2025-03-17T15:34:45.474+0600] {processor.py:186} INFO - Started process (PID=23577) to work on /home/shamim/airflow_venv/lib/python3.12/site-packages/airflow/example_dags/example_time_delta_sensor_async.py
[2025-03-17T15:34:45.478+0600] {processor.py:914} INFO - Processing file /home/shamim/airflow_venv/lib/python3.12/site-packages/airflow/example_dags/example_time_delta_sensor_async.py for tasks to queue
[2025-03-17T15:34:45.482+0600] {logging_mixin.py:190} INFO - [2025-03-17T15:34:45.481+0600] {dagbag.py:588} INFO - Filling up the DagBag from /home/shamim/airflow_venv/lib/python3.12/site-packages/airflow/example_dags/example_time_delta_sensor_async.py
[2025-03-17T15:34:45.494+0600] {processor.py:925} INFO - DAG(s) 'example_time_delta_sensor_async' retrieved from /home/shamim/airflow_venv/lib/python3.12/site-packages/airflow/example_dags/example_time_delta_sensor_async.py
[2025-03-17T15:34:45.521+0600] {logging_mixin.py:190} INFO - [2025-03-17T15:34:45.521+0600] {dag.py:3239} INFO - Sync 1 DAGs
[2025-03-17T15:34:45.547+0600] {logging_mixin.py:190} INFO - [2025-03-17T15:34:45.547+0600] {dag.py:4180} INFO - Setting next_dagrun for example_time_delta_sensor_async to None, run_after=None
[2025-03-17T15:34:45.598+0600] {processor.py:208} INFO - Processing /home/shamim/airflow_venv/lib/python3.12/site-packages/airflow/example_dags/example_time_delta_sensor_async.py took 0.150 seconds
[2025-03-17T15:35:40.391+0600] {processor.py:186} INFO - Started process (PID=23671) to work on /home/shamim/airflow_venv/lib/python3.12/site-packages/airflow/example_dags/example_time_delta_sensor_async.py
[2025-03-17T15:35:40.397+0600] {processor.py:914} INFO - Processing file /home/shamim/airflow_venv/lib/python3.12/site-packages/airflow/example_dags/example_time_delta_sensor_async.py for tasks to queue
[2025-03-17T15:35:40.400+0600] {logging_mixin.py:190} INFO - [2025-03-17T15:35:40.400+0600] {dagbag.py:588} INFO - Filling up the DagBag from /home/shamim/airflow_venv/lib/python3.12/site-packages/airflow/example_dags/example_time_delta_sensor_async.py
[2025-03-17T15:35:40.409+0600] {processor.py:925} INFO - DAG(s) 'example_time_delta_sensor_async' retrieved from /home/shamim/airflow_venv/lib/python3.12/site-packages/airflow/example_dags/example_time_delta_sensor_async.py
[2025-03-17T15:35:40.428+0600] {logging_mixin.py:190} INFO - [2025-03-17T15:35:40.428+0600] {dag.py:3239} INFO - Sync 1 DAGs
[2025-03-17T15:35:40.446+0600] {logging_mixin.py:190} INFO - [2025-03-17T15:35:40.445+0600] {dag.py:4180} INFO - Setting next_dagrun for example_time_delta_sensor_async to None, run_after=None
[2025-03-17T15:35:40.481+0600] {processor.py:208} INFO - Processing /home/shamim/airflow_venv/lib/python3.12/site-packages/airflow/example_dags/example_time_delta_sensor_async.py took 0.098 seconds
[2025-03-17T15:36:27.252+0600] {processor.py:186} INFO - Started process (PID=23765) to work on /home/shamim/airflow_venv/lib/python3.12/site-packages/airflow/example_dags/example_time_delta_sensor_async.py
[2025-03-17T15:36:27.258+0600] {processor.py:914} INFO - Processing file /home/shamim/airflow_venv/lib/python3.12/site-packages/airflow/example_dags/example_time_delta_sensor_async.py for tasks to queue
[2025-03-17T15:36:27.262+0600] {logging_mixin.py:190} INFO - [2025-03-17T15:36:27.261+0600] {dagbag.py:588} INFO - Filling up the DagBag from /home/shamim/airflow_venv/lib/python3.12/site-packages/airflow/example_dags/example_time_delta_sensor_async.py
[2025-03-17T15:36:27.273+0600] {processor.py:925} INFO - DAG(s) 'example_time_delta_sensor_async' retrieved from /home/shamim/airflow_venv/lib/python3.12/site-packages/airflow/example_dags/example_time_delta_sensor_async.py
[2025-03-17T15:36:27.293+0600] {logging_mixin.py:190} INFO - [2025-03-17T15:36:27.293+0600] {dag.py:3239} INFO - Sync 1 DAGs
[2025-03-17T15:36:27.312+0600] {logging_mixin.py:190} INFO - [2025-03-17T15:36:27.312+0600] {dag.py:4180} INFO - Setting next_dagrun for example_time_delta_sensor_async to None, run_after=None
[2025-03-17T15:36:27.353+0600] {processor.py:208} INFO - Processing /home/shamim/airflow_venv/lib/python3.12/site-packages/airflow/example_dags/example_time_delta_sensor_async.py took 0.110 seconds
[2025-03-17T15:37:23.269+0600] {processor.py:186} INFO - Started process (PID=23863) to work on /home/shamim/airflow_venv/lib/python3.12/site-packages/airflow/example_dags/example_time_delta_sensor_async.py
[2025-03-17T15:37:23.275+0600] {processor.py:914} INFO - Processing file /home/shamim/airflow_venv/lib/python3.12/site-packages/airflow/example_dags/example_time_delta_sensor_async.py for tasks to queue
[2025-03-17T15:37:23.280+0600] {logging_mixin.py:190} INFO - [2025-03-17T15:37:23.279+0600] {dagbag.py:588} INFO - Filling up the DagBag from /home/shamim/airflow_venv/lib/python3.12/site-packages/airflow/example_dags/example_time_delta_sensor_async.py
[2025-03-17T15:37:23.290+0600] {processor.py:925} INFO - DAG(s) 'example_time_delta_sensor_async' retrieved from /home/shamim/airflow_venv/lib/python3.12/site-packages/airflow/example_dags/example_time_delta_sensor_async.py
[2025-03-17T15:37:23.312+0600] {logging_mixin.py:190} INFO - [2025-03-17T15:37:23.312+0600] {dag.py:3239} INFO - Sync 1 DAGs
[2025-03-17T15:37:23.331+0600] {logging_mixin.py:190} INFO - [2025-03-17T15:37:23.331+0600] {dag.py:4180} INFO - Setting next_dagrun for example_time_delta_sensor_async to None, run_after=None
[2025-03-17T15:37:23.369+0600] {processor.py:208} INFO - Processing /home/shamim/airflow_venv/lib/python3.12/site-packages/airflow/example_dags/example_time_delta_sensor_async.py took 0.109 seconds
