[2025-03-17T14:59:56.940+0600] {processor.py:186} INFO - Started process (PID=19258) to work on /home/shamim/airflow_venv/lib/python3.12/site-packages/airflow/example_dags/example_workday_timetable.py
[2025-03-17T14:59:56.941+0600] {processor.py:914} INFO - Processing file /home/shamim/airflow_venv/lib/python3.12/site-packages/airflow/example_dags/example_workday_timetable.py for tasks to queue
[2025-03-17T14:59:56.944+0600] {logging_mixin.py:190} INFO - [2025-03-17T14:59:56.944+0600] {dagbag.py:588} INFO - Filling up the DagBag from /home/shamim/airflow_venv/lib/python3.12/site-packages/airflow/example_dags/example_workday_timetable.py
[2025-03-17T14:59:56.952+0600] {processor.py:925} INFO - DAG(s) 'example_workday_timetable' retrieved from /home/shamim/airflow_venv/lib/python3.12/site-packages/airflow/example_dags/example_workday_timetable.py
[2025-03-17T14:59:57.090+0600] {logging_mixin.py:190} INFO - [2025-03-17T14:59:57.089+0600] {override.py:1930} INFO - Created Permission View: can read on DAG:example_workday_timetable
[2025-03-17T14:59:57.101+0600] {logging_mixin.py:190} INFO - [2025-03-17T14:59:57.101+0600] {override.py:1930} INFO - Created Permission View: can delete on DAG:example_workday_timetable
[2025-03-17T14:59:57.109+0600] {logging_mixin.py:190} INFO - [2025-03-17T14:59:57.109+0600] {override.py:1930} INFO - Created Permission View: can edit on DAG:example_workday_timetable
[2025-03-17T14:59:57.119+0600] {logging_mixin.py:190} INFO - [2025-03-17T14:59:57.119+0600] {override.py:1930} INFO - Created Permission View: can create on DAG Run:example_workday_timetable
[2025-03-17T14:59:57.129+0600] {logging_mixin.py:190} INFO - [2025-03-17T14:59:57.129+0600] {override.py:1930} INFO - Created Permission View: can read on DAG Run:example_workday_timetable
[2025-03-17T14:59:57.137+0600] {logging_mixin.py:190} INFO - [2025-03-17T14:59:57.136+0600] {override.py:1930} INFO - Created Permission View: can delete on DAG Run:example_workday_timetable
[2025-03-17T14:59:57.145+0600] {logging_mixin.py:190} INFO - [2025-03-17T14:59:57.145+0600] {override.py:1930} INFO - Created Permission View: menu access on DAG Run:example_workday_timetable
[2025-03-17T14:59:57.146+0600] {logging_mixin.py:190} INFO - [2025-03-17T14:59:57.146+0600] {dag.py:3239} INFO - Sync 1 DAGs
[2025-03-17T14:59:57.162+0600] {logging_mixin.py:190} INFO - [2025-03-17T14:59:57.162+0600] {dag.py:3262} INFO - Creating ORM DAG for example_workday_timetable
[2025-03-17T14:59:57.242+0600] {logging_mixin.py:190} INFO - [2025-03-17T14:59:57.242+0600] {dag.py:4180} INFO - Setting next_dagrun for example_workday_timetable to 2021-01-04 00:00:00+00:00, run_after=2021-01-05 00:00:00+00:00
[2025-03-17T14:59:57.263+0600] {processor.py:208} INFO - Processing /home/shamim/airflow_venv/lib/python3.12/site-packages/airflow/example_dags/example_workday_timetable.py took 0.330 seconds
[2025-03-17T15:01:11.274+0600] {processor.py:186} INFO - Started process (PID=19428) to work on /home/shamim/airflow_venv/lib/python3.12/site-packages/airflow/example_dags/example_workday_timetable.py
[2025-03-17T15:01:11.281+0600] {processor.py:914} INFO - Processing file /home/shamim/airflow_venv/lib/python3.12/site-packages/airflow/example_dags/example_workday_timetable.py for tasks to queue
[2025-03-17T15:01:11.285+0600] {logging_mixin.py:190} INFO - [2025-03-17T15:01:11.284+0600] {dagbag.py:588} INFO - Filling up the DagBag from /home/shamim/airflow_venv/lib/python3.12/site-packages/airflow/example_dags/example_workday_timetable.py
[2025-03-17T15:01:11.294+0600] {processor.py:925} INFO - DAG(s) 'example_workday_timetable' retrieved from /home/shamim/airflow_venv/lib/python3.12/site-packages/airflow/example_dags/example_workday_timetable.py
[2025-03-17T15:01:11.318+0600] {logging_mixin.py:190} INFO - [2025-03-17T15:01:11.318+0600] {dag.py:3239} INFO - Sync 1 DAGs
[2025-03-17T15:01:11.433+0600] {logging_mixin.py:190} INFO - [2025-03-17T15:01:11.432+0600] {dag.py:4180} INFO - Setting next_dagrun for example_workday_timetable to 2021-01-04 00:00:00+00:00, run_after=2021-01-05 00:00:00+00:00
[2025-03-17T15:01:12.314+0600] {processor.py:208} INFO - Processing /home/shamim/airflow_venv/lib/python3.12/site-packages/airflow/example_dags/example_workday_timetable.py took 1.050 seconds
[2025-03-17T15:01:53.902+0600] {processor.py:186} INFO - Started process (PID=19481) to work on /home/shamim/airflow_venv/lib/python3.12/site-packages/airflow/example_dags/example_workday_timetable.py
[2025-03-17T15:01:53.917+0600] {processor.py:914} INFO - Processing file /home/shamim/airflow_venv/lib/python3.12/site-packages/airflow/example_dags/example_workday_timetable.py for tasks to queue
[2025-03-17T15:01:53.920+0600] {logging_mixin.py:190} INFO - [2025-03-17T15:01:53.919+0600] {dagbag.py:588} INFO - Filling up the DagBag from /home/shamim/airflow_venv/lib/python3.12/site-packages/airflow/example_dags/example_workday_timetable.py
[2025-03-17T15:01:53.927+0600] {processor.py:925} INFO - DAG(s) 'example_workday_timetable' retrieved from /home/shamim/airflow_venv/lib/python3.12/site-packages/airflow/example_dags/example_workday_timetable.py
[2025-03-17T15:01:53.945+0600] {logging_mixin.py:190} INFO - [2025-03-17T15:01:53.944+0600] {dag.py:3239} INFO - Sync 1 DAGs
[2025-03-17T15:01:54.029+0600] {logging_mixin.py:190} INFO - [2025-03-17T15:01:54.029+0600] {dag.py:4180} INFO - Setting next_dagrun for example_workday_timetable to 2021-01-04 00:00:00+00:00, run_after=2021-01-05 00:00:00+00:00
[2025-03-17T15:01:54.054+0600] {processor.py:208} INFO - Processing /home/shamim/airflow_venv/lib/python3.12/site-packages/airflow/example_dags/example_workday_timetable.py took 0.159 seconds
[2025-03-17T15:03:03.579+0600] {processor.py:186} INFO - Started process (PID=19607) to work on /home/shamim/airflow_venv/lib/python3.12/site-packages/airflow/example_dags/example_workday_timetable.py
[2025-03-17T15:03:03.585+0600] {processor.py:914} INFO - Processing file /home/shamim/airflow_venv/lib/python3.12/site-packages/airflow/example_dags/example_workday_timetable.py for tasks to queue
[2025-03-17T15:03:03.589+0600] {logging_mixin.py:190} INFO - [2025-03-17T15:03:03.588+0600] {dagbag.py:588} INFO - Filling up the DagBag from /home/shamim/airflow_venv/lib/python3.12/site-packages/airflow/example_dags/example_workday_timetable.py
[2025-03-17T15:03:03.599+0600] {processor.py:925} INFO - DAG(s) 'example_workday_timetable' retrieved from /home/shamim/airflow_venv/lib/python3.12/site-packages/airflow/example_dags/example_workday_timetable.py
[2025-03-17T15:03:03.618+0600] {logging_mixin.py:190} INFO - [2025-03-17T15:03:03.618+0600] {dag.py:3239} INFO - Sync 1 DAGs
[2025-03-17T15:03:03.700+0600] {logging_mixin.py:190} INFO - [2025-03-17T15:03:03.700+0600] {dag.py:4180} INFO - Setting next_dagrun for example_workday_timetable to 2021-01-04 00:00:00+00:00, run_after=2021-01-05 00:00:00+00:00
[2025-03-17T15:03:04.616+0600] {processor.py:208} INFO - Processing /home/shamim/airflow_venv/lib/python3.12/site-packages/airflow/example_dags/example_workday_timetable.py took 1.046 seconds
[2025-03-17T15:04:20.346+0600] {processor.py:186} INFO - Started process (PID=19699) to work on /home/shamim/airflow_venv/lib/python3.12/site-packages/airflow/example_dags/example_workday_timetable.py
[2025-03-17T15:04:20.353+0600] {processor.py:914} INFO - Processing file /home/shamim/airflow_venv/lib/python3.12/site-packages/airflow/example_dags/example_workday_timetable.py for tasks to queue
[2025-03-17T15:04:20.355+0600] {logging_mixin.py:190} INFO - [2025-03-17T15:04:20.355+0600] {dagbag.py:588} INFO - Filling up the DagBag from /home/shamim/airflow_venv/lib/python3.12/site-packages/airflow/example_dags/example_workday_timetable.py
[2025-03-17T15:04:20.364+0600] {processor.py:925} INFO - DAG(s) 'example_workday_timetable' retrieved from /home/shamim/airflow_venv/lib/python3.12/site-packages/airflow/example_dags/example_workday_timetable.py
[2025-03-17T15:04:20.382+0600] {logging_mixin.py:190} INFO - [2025-03-17T15:04:20.381+0600] {dag.py:3239} INFO - Sync 1 DAGs
[2025-03-17T15:04:20.459+0600] {logging_mixin.py:190} INFO - [2025-03-17T15:04:20.459+0600] {dag.py:4180} INFO - Setting next_dagrun for example_workday_timetable to 2021-01-04 00:00:00+00:00, run_after=2021-01-05 00:00:00+00:00
[2025-03-17T15:04:20.501+0600] {processor.py:208} INFO - Processing /home/shamim/airflow_venv/lib/python3.12/site-packages/airflow/example_dags/example_workday_timetable.py took 0.163 seconds
[2025-03-17T15:05:38.742+0600] {processor.py:186} INFO - Started process (PID=19774) to work on /home/shamim/airflow_venv/lib/python3.12/site-packages/airflow/example_dags/example_workday_timetable.py
[2025-03-17T15:05:38.748+0600] {processor.py:914} INFO - Processing file /home/shamim/airflow_venv/lib/python3.12/site-packages/airflow/example_dags/example_workday_timetable.py for tasks to queue
[2025-03-17T15:05:38.752+0600] {logging_mixin.py:190} INFO - [2025-03-17T15:05:38.752+0600] {dagbag.py:588} INFO - Filling up the DagBag from /home/shamim/airflow_venv/lib/python3.12/site-packages/airflow/example_dags/example_workday_timetable.py
[2025-03-17T15:05:38.762+0600] {processor.py:925} INFO - DAG(s) 'example_workday_timetable' retrieved from /home/shamim/airflow_venv/lib/python3.12/site-packages/airflow/example_dags/example_workday_timetable.py
[2025-03-17T15:05:38.799+0600] {logging_mixin.py:190} INFO - [2025-03-17T15:05:38.798+0600] {dag.py:3239} INFO - Sync 1 DAGs
[2025-03-17T15:05:38.895+0600] {logging_mixin.py:190} INFO - [2025-03-17T15:05:38.895+0600] {dag.py:4180} INFO - Setting next_dagrun for example_workday_timetable to 2021-01-04 00:00:00+00:00, run_after=2021-01-05 00:00:00+00:00
[2025-03-17T15:05:38.933+0600] {processor.py:208} INFO - Processing /home/shamim/airflow_venv/lib/python3.12/site-packages/airflow/example_dags/example_workday_timetable.py took 0.197 seconds
[2025-03-17T15:06:53.208+0600] {processor.py:186} INFO - Started process (PID=19951) to work on /home/shamim/airflow_venv/lib/python3.12/site-packages/airflow/example_dags/example_workday_timetable.py
[2025-03-17T15:06:53.214+0600] {processor.py:914} INFO - Processing file /home/shamim/airflow_venv/lib/python3.12/site-packages/airflow/example_dags/example_workday_timetable.py for tasks to queue
[2025-03-17T15:06:53.219+0600] {logging_mixin.py:190} INFO - [2025-03-17T15:06:53.218+0600] {dagbag.py:588} INFO - Filling up the DagBag from /home/shamim/airflow_venv/lib/python3.12/site-packages/airflow/example_dags/example_workday_timetable.py
[2025-03-17T15:06:53.226+0600] {processor.py:925} INFO - DAG(s) 'example_workday_timetable' retrieved from /home/shamim/airflow_venv/lib/python3.12/site-packages/airflow/example_dags/example_workday_timetable.py
[2025-03-17T15:06:53.245+0600] {logging_mixin.py:190} INFO - [2025-03-17T15:06:53.244+0600] {dag.py:3239} INFO - Sync 1 DAGs
[2025-03-17T15:06:53.336+0600] {logging_mixin.py:190} INFO - [2025-03-17T15:06:53.335+0600] {dag.py:4180} INFO - Setting next_dagrun for example_workday_timetable to 2021-01-04 00:00:00+00:00, run_after=2021-01-05 00:00:00+00:00
[2025-03-17T15:06:53.361+0600] {processor.py:208} INFO - Processing /home/shamim/airflow_venv/lib/python3.12/site-packages/airflow/example_dags/example_workday_timetable.py took 0.160 seconds
[2025-03-17T15:07:42.436+0600] {processor.py:186} INFO - Started process (PID=20103) to work on /home/shamim/airflow_venv/lib/python3.12/site-packages/airflow/example_dags/example_workday_timetable.py
[2025-03-17T15:07:42.437+0600] {processor.py:914} INFO - Processing file /home/shamim/airflow_venv/lib/python3.12/site-packages/airflow/example_dags/example_workday_timetable.py for tasks to queue
[2025-03-17T15:07:42.442+0600] {logging_mixin.py:190} INFO - [2025-03-17T15:07:42.440+0600] {dagbag.py:588} INFO - Filling up the DagBag from /home/shamim/airflow_venv/lib/python3.12/site-packages/airflow/example_dags/example_workday_timetable.py
[2025-03-17T15:07:42.453+0600] {processor.py:925} INFO - DAG(s) 'example_workday_timetable' retrieved from /home/shamim/airflow_venv/lib/python3.12/site-packages/airflow/example_dags/example_workday_timetable.py
[2025-03-17T15:07:42.478+0600] {logging_mixin.py:190} INFO - [2025-03-17T15:07:42.478+0600] {dag.py:3239} INFO - Sync 1 DAGs
[2025-03-17T15:07:42.590+0600] {logging_mixin.py:190} INFO - [2025-03-17T15:07:42.590+0600] {dag.py:4180} INFO - Setting next_dagrun for example_workday_timetable to 2021-01-04 00:00:00+00:00, run_after=2021-01-05 00:00:00+00:00
[2025-03-17T15:07:42.633+0600] {processor.py:208} INFO - Processing /home/shamim/airflow_venv/lib/python3.12/site-packages/airflow/example_dags/example_workday_timetable.py took 0.207 seconds
[2025-03-17T15:08:26.403+0600] {processor.py:186} INFO - Started process (PID=20194) to work on /home/shamim/airflow_venv/lib/python3.12/site-packages/airflow/example_dags/example_workday_timetable.py
[2025-03-17T15:08:26.410+0600] {processor.py:914} INFO - Processing file /home/shamim/airflow_venv/lib/python3.12/site-packages/airflow/example_dags/example_workday_timetable.py for tasks to queue
[2025-03-17T15:08:26.413+0600] {logging_mixin.py:190} INFO - [2025-03-17T15:08:26.412+0600] {dagbag.py:588} INFO - Filling up the DagBag from /home/shamim/airflow_venv/lib/python3.12/site-packages/airflow/example_dags/example_workday_timetable.py
[2025-03-17T15:08:26.421+0600] {processor.py:925} INFO - DAG(s) 'example_workday_timetable' retrieved from /home/shamim/airflow_venv/lib/python3.12/site-packages/airflow/example_dags/example_workday_timetable.py
[2025-03-17T15:08:26.439+0600] {logging_mixin.py:190} INFO - [2025-03-17T15:08:26.439+0600] {dag.py:3239} INFO - Sync 1 DAGs
[2025-03-17T15:08:26.518+0600] {logging_mixin.py:190} INFO - [2025-03-17T15:08:26.517+0600] {dag.py:4180} INFO - Setting next_dagrun for example_workday_timetable to 2021-01-04 00:00:00+00:00, run_after=2021-01-05 00:00:00+00:00
[2025-03-17T15:08:26.554+0600] {processor.py:208} INFO - Processing /home/shamim/airflow_venv/lib/python3.12/site-packages/airflow/example_dags/example_workday_timetable.py took 0.158 seconds
[2025-03-17T15:09:40.481+0600] {processor.py:186} INFO - Started process (PID=20364) to work on /home/shamim/airflow_venv/lib/python3.12/site-packages/airflow/example_dags/example_workday_timetable.py
[2025-03-17T15:09:40.488+0600] {processor.py:914} INFO - Processing file /home/shamim/airflow_venv/lib/python3.12/site-packages/airflow/example_dags/example_workday_timetable.py for tasks to queue
[2025-03-17T15:09:40.491+0600] {logging_mixin.py:190} INFO - [2025-03-17T15:09:40.491+0600] {dagbag.py:588} INFO - Filling up the DagBag from /home/shamim/airflow_venv/lib/python3.12/site-packages/airflow/example_dags/example_workday_timetable.py
[2025-03-17T15:09:40.503+0600] {processor.py:925} INFO - DAG(s) 'example_workday_timetable' retrieved from /home/shamim/airflow_venv/lib/python3.12/site-packages/airflow/example_dags/example_workday_timetable.py
[2025-03-17T15:09:40.529+0600] {logging_mixin.py:190} INFO - [2025-03-17T15:09:40.528+0600] {dag.py:3239} INFO - Sync 1 DAGs
[2025-03-17T15:09:40.669+0600] {logging_mixin.py:190} INFO - [2025-03-17T15:09:40.668+0600] {dag.py:4180} INFO - Setting next_dagrun for example_workday_timetable to 2021-01-04 00:00:00+00:00, run_after=2021-01-05 00:00:00+00:00
[2025-03-17T15:09:40.729+0600] {processor.py:208} INFO - Processing /home/shamim/airflow_venv/lib/python3.12/site-packages/airflow/example_dags/example_workday_timetable.py took 0.259 seconds
[2025-03-17T15:12:09.588+0600] {processor.py:186} INFO - Started process (PID=20606) to work on /home/shamim/airflow_venv/lib/python3.12/site-packages/airflow/example_dags/example_workday_timetable.py
[2025-03-17T15:12:09.589+0600] {processor.py:914} INFO - Processing file /home/shamim/airflow_venv/lib/python3.12/site-packages/airflow/example_dags/example_workday_timetable.py for tasks to queue
[2025-03-17T15:12:09.593+0600] {logging_mixin.py:190} INFO - [2025-03-17T15:12:09.592+0600] {dagbag.py:588} INFO - Filling up the DagBag from /home/shamim/airflow_venv/lib/python3.12/site-packages/airflow/example_dags/example_workday_timetable.py
[2025-03-17T15:12:09.600+0600] {processor.py:925} INFO - DAG(s) 'example_workday_timetable' retrieved from /home/shamim/airflow_venv/lib/python3.12/site-packages/airflow/example_dags/example_workday_timetable.py
[2025-03-17T15:12:09.618+0600] {logging_mixin.py:190} INFO - [2025-03-17T15:12:09.618+0600] {dag.py:3239} INFO - Sync 1 DAGs
[2025-03-17T15:12:09.842+0600] {logging_mixin.py:190} INFO - [2025-03-17T15:12:09.842+0600] {dag.py:4180} INFO - Setting next_dagrun for example_workday_timetable to 2021-01-04 00:00:00+00:00, run_after=2021-01-05 00:00:00+00:00
[2025-03-17T15:12:09.911+0600] {processor.py:208} INFO - Processing /home/shamim/airflow_venv/lib/python3.12/site-packages/airflow/example_dags/example_workday_timetable.py took 0.331 seconds
[2025-03-17T15:19:48.374+0600] {processor.py:186} INFO - Started process (PID=21619) to work on /home/shamim/airflow_venv/lib/python3.12/site-packages/airflow/example_dags/example_workday_timetable.py
[2025-03-17T15:19:48.376+0600] {processor.py:914} INFO - Processing file /home/shamim/airflow_venv/lib/python3.12/site-packages/airflow/example_dags/example_workday_timetable.py for tasks to queue
[2025-03-17T15:19:48.381+0600] {logging_mixin.py:190} INFO - [2025-03-17T15:19:48.380+0600] {dagbag.py:588} INFO - Filling up the DagBag from /home/shamim/airflow_venv/lib/python3.12/site-packages/airflow/example_dags/example_workday_timetable.py
[2025-03-17T15:19:48.392+0600] {processor.py:925} INFO - DAG(s) 'example_workday_timetable' retrieved from /home/shamim/airflow_venv/lib/python3.12/site-packages/airflow/example_dags/example_workday_timetable.py
[2025-03-17T15:19:48.417+0600] {logging_mixin.py:190} INFO - [2025-03-17T15:19:48.416+0600] {dag.py:3239} INFO - Sync 1 DAGs
[2025-03-17T15:19:48.567+0600] {logging_mixin.py:190} INFO - [2025-03-17T15:19:48.567+0600] {dag.py:4180} INFO - Setting next_dagrun for example_workday_timetable to 2021-01-04 00:00:00+00:00, run_after=2021-01-05 00:00:00+00:00
[2025-03-17T15:19:48.608+0600] {processor.py:208} INFO - Processing /home/shamim/airflow_venv/lib/python3.12/site-packages/airflow/example_dags/example_workday_timetable.py took 0.245 seconds
[2025-03-17T15:28:09.180+0600] {processor.py:186} INFO - Started process (PID=22749) to work on /home/shamim/airflow_venv/lib/python3.12/site-packages/airflow/example_dags/example_workday_timetable.py
[2025-03-17T15:28:09.183+0600] {processor.py:914} INFO - Processing file /home/shamim/airflow_venv/lib/python3.12/site-packages/airflow/example_dags/example_workday_timetable.py for tasks to queue
[2025-03-17T15:28:09.190+0600] {logging_mixin.py:190} INFO - [2025-03-17T15:28:09.188+0600] {dagbag.py:588} INFO - Filling up the DagBag from /home/shamim/airflow_venv/lib/python3.12/site-packages/airflow/example_dags/example_workday_timetable.py
[2025-03-17T15:28:09.207+0600] {processor.py:925} INFO - DAG(s) 'example_workday_timetable' retrieved from /home/shamim/airflow_venv/lib/python3.12/site-packages/airflow/example_dags/example_workday_timetable.py
[2025-03-17T15:28:09.232+0600] {logging_mixin.py:190} INFO - [2025-03-17T15:28:09.232+0600] {dag.py:3239} INFO - Sync 1 DAGs
[2025-03-17T15:28:09.351+0600] {logging_mixin.py:190} INFO - [2025-03-17T15:28:09.351+0600] {dag.py:4180} INFO - Setting next_dagrun for example_workday_timetable to 2021-01-04 00:00:00+00:00, run_after=2021-01-05 00:00:00+00:00
[2025-03-17T15:28:09.376+0600] {processor.py:208} INFO - Processing /home/shamim/airflow_venv/lib/python3.12/site-packages/airflow/example_dags/example_workday_timetable.py took 0.216 seconds
[2025-03-17T15:31:13.258+0600] {processor.py:186} INFO - Started process (PID=23194) to work on /home/shamim/airflow_venv/lib/python3.12/site-packages/airflow/example_dags/example_workday_timetable.py
[2025-03-17T15:31:13.264+0600] {processor.py:914} INFO - Processing file /home/shamim/airflow_venv/lib/python3.12/site-packages/airflow/example_dags/example_workday_timetable.py for tasks to queue
[2025-03-17T15:31:13.268+0600] {logging_mixin.py:190} INFO - [2025-03-17T15:31:13.268+0600] {dagbag.py:588} INFO - Filling up the DagBag from /home/shamim/airflow_venv/lib/python3.12/site-packages/airflow/example_dags/example_workday_timetable.py
[2025-03-17T15:31:13.282+0600] {processor.py:925} INFO - DAG(s) 'example_workday_timetable' retrieved from /home/shamim/airflow_venv/lib/python3.12/site-packages/airflow/example_dags/example_workday_timetable.py
[2025-03-17T15:31:13.309+0600] {logging_mixin.py:190} INFO - [2025-03-17T15:31:13.308+0600] {dag.py:3239} INFO - Sync 1 DAGs
[2025-03-17T15:31:13.455+0600] {logging_mixin.py:190} INFO - [2025-03-17T15:31:13.455+0600] {dag.py:4180} INFO - Setting next_dagrun for example_workday_timetable to 2021-01-04 00:00:00+00:00, run_after=2021-01-05 00:00:00+00:00
[2025-03-17T15:31:13.493+0600] {processor.py:208} INFO - Processing /home/shamim/airflow_venv/lib/python3.12/site-packages/airflow/example_dags/example_workday_timetable.py took 0.244 seconds
[2025-03-17T15:31:59.457+0600] {processor.py:186} INFO - Started process (PID=23282) to work on /home/shamim/airflow_venv/lib/python3.12/site-packages/airflow/example_dags/example_workday_timetable.py
[2025-03-17T15:31:59.463+0600] {processor.py:914} INFO - Processing file /home/shamim/airflow_venv/lib/python3.12/site-packages/airflow/example_dags/example_workday_timetable.py for tasks to queue
[2025-03-17T15:31:59.466+0600] {logging_mixin.py:190} INFO - [2025-03-17T15:31:59.465+0600] {dagbag.py:588} INFO - Filling up the DagBag from /home/shamim/airflow_venv/lib/python3.12/site-packages/airflow/example_dags/example_workday_timetable.py
[2025-03-17T15:31:59.476+0600] {processor.py:925} INFO - DAG(s) 'example_workday_timetable' retrieved from /home/shamim/airflow_venv/lib/python3.12/site-packages/airflow/example_dags/example_workday_timetable.py
[2025-03-17T15:31:59.496+0600] {logging_mixin.py:190} INFO - [2025-03-17T15:31:59.495+0600] {dag.py:3239} INFO - Sync 1 DAGs
[2025-03-17T15:31:59.594+0600] {logging_mixin.py:190} INFO - [2025-03-17T15:31:59.594+0600] {dag.py:4180} INFO - Setting next_dagrun for example_workday_timetable to 2021-01-04 00:00:00+00:00, run_after=2021-01-05 00:00:00+00:00
[2025-03-17T15:31:59.619+0600] {processor.py:208} INFO - Processing /home/shamim/airflow_venv/lib/python3.12/site-packages/airflow/example_dags/example_workday_timetable.py took 0.174 seconds
[2025-03-17T15:33:26.741+0600] {processor.py:186} INFO - Started process (PID=23431) to work on /home/shamim/airflow_venv/lib/python3.12/site-packages/airflow/example_dags/example_workday_timetable.py
[2025-03-17T15:33:26.747+0600] {processor.py:914} INFO - Processing file /home/shamim/airflow_venv/lib/python3.12/site-packages/airflow/example_dags/example_workday_timetable.py for tasks to queue
[2025-03-17T15:33:26.750+0600] {logging_mixin.py:190} INFO - [2025-03-17T15:33:26.749+0600] {dagbag.py:588} INFO - Filling up the DagBag from /home/shamim/airflow_venv/lib/python3.12/site-packages/airflow/example_dags/example_workday_timetable.py
[2025-03-17T15:33:26.758+0600] {processor.py:925} INFO - DAG(s) 'example_workday_timetable' retrieved from /home/shamim/airflow_venv/lib/python3.12/site-packages/airflow/example_dags/example_workday_timetable.py
[2025-03-17T15:33:26.778+0600] {logging_mixin.py:190} INFO - [2025-03-17T15:33:26.778+0600] {dag.py:3239} INFO - Sync 1 DAGs
[2025-03-17T15:33:26.862+0600] {logging_mixin.py:190} INFO - [2025-03-17T15:33:26.862+0600] {dag.py:4180} INFO - Setting next_dagrun for example_workday_timetable to 2021-01-04 00:00:00+00:00, run_after=2021-01-05 00:00:00+00:00
[2025-03-17T15:33:26.900+0600] {processor.py:208} INFO - Processing /home/shamim/airflow_venv/lib/python3.12/site-packages/airflow/example_dags/example_workday_timetable.py took 0.166 seconds
[2025-03-17T15:34:39.172+0600] {processor.py:186} INFO - Started process (PID=23569) to work on /home/shamim/airflow_venv/lib/python3.12/site-packages/airflow/example_dags/example_workday_timetable.py
[2025-03-17T15:34:39.188+0600] {processor.py:914} INFO - Processing file /home/shamim/airflow_venv/lib/python3.12/site-packages/airflow/example_dags/example_workday_timetable.py for tasks to queue
[2025-03-17T15:34:39.191+0600] {logging_mixin.py:190} INFO - [2025-03-17T15:34:39.191+0600] {dagbag.py:588} INFO - Filling up the DagBag from /home/shamim/airflow_venv/lib/python3.12/site-packages/airflow/example_dags/example_workday_timetable.py
[2025-03-17T15:34:39.199+0600] {processor.py:925} INFO - DAG(s) 'example_workday_timetable' retrieved from /home/shamim/airflow_venv/lib/python3.12/site-packages/airflow/example_dags/example_workday_timetable.py
[2025-03-17T15:34:39.217+0600] {logging_mixin.py:190} INFO - [2025-03-17T15:34:39.217+0600] {dag.py:3239} INFO - Sync 1 DAGs
[2025-03-17T15:34:39.299+0600] {logging_mixin.py:190} INFO - [2025-03-17T15:34:39.299+0600] {dag.py:4180} INFO - Setting next_dagrun for example_workday_timetable to 2021-01-04 00:00:00+00:00, run_after=2021-01-05 00:00:00+00:00
[2025-03-17T15:34:39.327+0600] {processor.py:208} INFO - Processing /home/shamim/airflow_venv/lib/python3.12/site-packages/airflow/example_dags/example_workday_timetable.py took 0.166 seconds
[2025-03-17T15:35:35.899+0600] {processor.py:186} INFO - Started process (PID=23662) to work on /home/shamim/airflow_venv/lib/python3.12/site-packages/airflow/example_dags/example_workday_timetable.py
[2025-03-17T15:35:35.906+0600] {processor.py:914} INFO - Processing file /home/shamim/airflow_venv/lib/python3.12/site-packages/airflow/example_dags/example_workday_timetable.py for tasks to queue
[2025-03-17T15:35:35.909+0600] {logging_mixin.py:190} INFO - [2025-03-17T15:35:35.908+0600] {dagbag.py:588} INFO - Filling up the DagBag from /home/shamim/airflow_venv/lib/python3.12/site-packages/airflow/example_dags/example_workday_timetable.py
[2025-03-17T15:35:35.918+0600] {processor.py:925} INFO - DAG(s) 'example_workday_timetable' retrieved from /home/shamim/airflow_venv/lib/python3.12/site-packages/airflow/example_dags/example_workday_timetable.py
[2025-03-17T15:35:35.939+0600] {logging_mixin.py:190} INFO - [2025-03-17T15:35:35.938+0600] {dag.py:3239} INFO - Sync 1 DAGs
[2025-03-17T15:35:36.031+0600] {logging_mixin.py:190} INFO - [2025-03-17T15:35:36.031+0600] {dag.py:4180} INFO - Setting next_dagrun for example_workday_timetable to 2021-01-04 00:00:00+00:00, run_after=2021-01-05 00:00:00+00:00
[2025-03-17T15:35:36.071+0600] {processor.py:208} INFO - Processing /home/shamim/airflow_venv/lib/python3.12/site-packages/airflow/example_dags/example_workday_timetable.py took 0.183 seconds
[2025-03-17T15:36:23.250+0600] {processor.py:186} INFO - Started process (PID=23756) to work on /home/shamim/airflow_venv/lib/python3.12/site-packages/airflow/example_dags/example_workday_timetable.py
[2025-03-17T15:36:23.256+0600] {processor.py:914} INFO - Processing file /home/shamim/airflow_venv/lib/python3.12/site-packages/airflow/example_dags/example_workday_timetable.py for tasks to queue
[2025-03-17T15:36:23.261+0600] {logging_mixin.py:190} INFO - [2025-03-17T15:36:23.260+0600] {dagbag.py:588} INFO - Filling up the DagBag from /home/shamim/airflow_venv/lib/python3.12/site-packages/airflow/example_dags/example_workday_timetable.py
[2025-03-17T15:36:23.273+0600] {processor.py:925} INFO - DAG(s) 'example_workday_timetable' retrieved from /home/shamim/airflow_venv/lib/python3.12/site-packages/airflow/example_dags/example_workday_timetable.py
[2025-03-17T15:36:23.294+0600] {logging_mixin.py:190} INFO - [2025-03-17T15:36:23.294+0600] {dag.py:3239} INFO - Sync 1 DAGs
[2025-03-17T15:36:23.409+0600] {logging_mixin.py:190} INFO - [2025-03-17T15:36:23.409+0600] {dag.py:4180} INFO - Setting next_dagrun for example_workday_timetable to 2021-01-04 00:00:00+00:00, run_after=2021-01-05 00:00:00+00:00
[2025-03-17T15:36:23.450+0600] {processor.py:208} INFO - Processing /home/shamim/airflow_venv/lib/python3.12/site-packages/airflow/example_dags/example_workday_timetable.py took 0.213 seconds
[2025-03-17T15:37:19.021+0600] {processor.py:186} INFO - Started process (PID=23859) to work on /home/shamim/airflow_venv/lib/python3.12/site-packages/airflow/example_dags/example_workday_timetable.py
[2025-03-17T15:37:19.027+0600] {processor.py:914} INFO - Processing file /home/shamim/airflow_venv/lib/python3.12/site-packages/airflow/example_dags/example_workday_timetable.py for tasks to queue
[2025-03-17T15:37:19.031+0600] {logging_mixin.py:190} INFO - [2025-03-17T15:37:19.030+0600] {dagbag.py:588} INFO - Filling up the DagBag from /home/shamim/airflow_venv/lib/python3.12/site-packages/airflow/example_dags/example_workday_timetable.py
[2025-03-17T15:37:19.042+0600] {processor.py:925} INFO - DAG(s) 'example_workday_timetable' retrieved from /home/shamim/airflow_venv/lib/python3.12/site-packages/airflow/example_dags/example_workday_timetable.py
[2025-03-17T15:37:19.063+0600] {logging_mixin.py:190} INFO - [2025-03-17T15:37:19.063+0600] {dag.py:3239} INFO - Sync 1 DAGs
[2025-03-17T15:37:19.162+0600] {logging_mixin.py:190} INFO - [2025-03-17T15:37:19.161+0600] {dag.py:4180} INFO - Setting next_dagrun for example_workday_timetable to 2021-01-04 00:00:00+00:00, run_after=2021-01-05 00:00:00+00:00
[2025-03-17T15:37:19.206+0600] {processor.py:208} INFO - Processing /home/shamim/airflow_venv/lib/python3.12/site-packages/airflow/example_dags/example_workday_timetable.py took 0.195 seconds
