[2025-03-17T14:59:59.666+0600] {processor.py:186} INFO - Started process (PID=19261) to work on /home/shamim/airflow_venv/lib/python3.12/site-packages/airflow/example_dags/tutorial.py
[2025-03-17T14:59:59.667+0600] {processor.py:914} INFO - Processing file /home/shamim/airflow_venv/lib/python3.12/site-packages/airflow/example_dags/tutorial.py for tasks to queue
[2025-03-17T14:59:59.669+0600] {logging_mixin.py:190} INFO - [2025-03-17T14:59:59.669+0600] {dagbag.py:588} INFO - Filling up the DagBag from /home/shamim/airflow_venv/lib/python3.12/site-packages/airflow/example_dags/tutorial.py
[2025-03-17T14:59:59.681+0600] {processor.py:925} INFO - DAG(s) 'tutorial' retrieved from /home/shamim/airflow_venv/lib/python3.12/site-packages/airflow/example_dags/tutorial.py
[2025-03-17T14:59:59.822+0600] {logging_mixin.py:190} INFO - [2025-03-17T14:59:59.821+0600] {override.py:1930} INFO - Created Permission View: can read on DAG:tutorial
[2025-03-17T14:59:59.835+0600] {logging_mixin.py:190} INFO - [2025-03-17T14:59:59.834+0600] {override.py:1930} INFO - Created Permission View: can delete on DAG:tutorial
[2025-03-17T14:59:59.843+0600] {logging_mixin.py:190} INFO - [2025-03-17T14:59:59.843+0600] {override.py:1930} INFO - Created Permission View: can edit on DAG:tutorial
[2025-03-17T14:59:59.855+0600] {logging_mixin.py:190} INFO - [2025-03-17T14:59:59.854+0600] {override.py:1930} INFO - Created Permission View: can create on DAG Run:tutorial
[2025-03-17T14:59:59.864+0600] {logging_mixin.py:190} INFO - [2025-03-17T14:59:59.863+0600] {override.py:1930} INFO - Created Permission View: can read on DAG Run:tutorial
[2025-03-17T14:59:59.872+0600] {logging_mixin.py:190} INFO - [2025-03-17T14:59:59.871+0600] {override.py:1930} INFO - Created Permission View: can delete on DAG Run:tutorial
[2025-03-17T14:59:59.880+0600] {logging_mixin.py:190} INFO - [2025-03-17T14:59:59.879+0600] {override.py:1930} INFO - Created Permission View: menu access on DAG Run:tutorial
[2025-03-17T14:59:59.880+0600] {logging_mixin.py:190} INFO - [2025-03-17T14:59:59.880+0600] {dag.py:3239} INFO - Sync 1 DAGs
[2025-03-17T14:59:59.896+0600] {logging_mixin.py:190} INFO - [2025-03-17T14:59:59.896+0600] {dag.py:3262} INFO - Creating ORM DAG for tutorial
[2025-03-17T14:59:59.907+0600] {logging_mixin.py:190} INFO - [2025-03-17T14:59:59.907+0600] {dag.py:4180} INFO - Setting next_dagrun for tutorial to 2025-03-16 00:00:00+00:00, run_after=2025-03-17 00:00:00+00:00
[2025-03-17T14:59:59.928+0600] {processor.py:208} INFO - Processing /home/shamim/airflow_venv/lib/python3.12/site-packages/airflow/example_dags/tutorial.py took 0.269 seconds
[2025-03-17T15:01:15.175+0600] {processor.py:186} INFO - Started process (PID=19432) to work on /home/shamim/airflow_venv/lib/python3.12/site-packages/airflow/example_dags/tutorial.py
[2025-03-17T15:01:15.176+0600] {processor.py:914} INFO - Processing file /home/shamim/airflow_venv/lib/python3.12/site-packages/airflow/example_dags/tutorial.py for tasks to queue
[2025-03-17T15:01:15.179+0600] {logging_mixin.py:190} INFO - [2025-03-17T15:01:15.179+0600] {dagbag.py:588} INFO - Filling up the DagBag from /home/shamim/airflow_venv/lib/python3.12/site-packages/airflow/example_dags/tutorial.py
[2025-03-17T15:01:15.189+0600] {processor.py:925} INFO - DAG(s) 'tutorial' retrieved from /home/shamim/airflow_venv/lib/python3.12/site-packages/airflow/example_dags/tutorial.py
[2025-03-17T15:01:15.209+0600] {logging_mixin.py:190} INFO - [2025-03-17T15:01:15.209+0600] {dag.py:3239} INFO - Sync 1 DAGs
[2025-03-17T15:01:15.236+0600] {logging_mixin.py:190} INFO - [2025-03-17T15:01:15.236+0600] {dag.py:4180} INFO - Setting next_dagrun for tutorial to 2025-03-16 00:00:00+00:00, run_after=2025-03-17 00:00:00+00:00
[2025-03-17T15:01:15.260+0600] {processor.py:208} INFO - Processing /home/shamim/airflow_venv/lib/python3.12/site-packages/airflow/example_dags/tutorial.py took 0.092 seconds
[2025-03-17T15:02:27.959+0600] {processor.py:186} INFO - Started process (PID=19516) to work on /home/shamim/airflow_venv/lib/python3.12/site-packages/airflow/example_dags/tutorial.py
[2025-03-17T15:02:27.965+0600] {processor.py:914} INFO - Processing file /home/shamim/airflow_venv/lib/python3.12/site-packages/airflow/example_dags/tutorial.py for tasks to queue
[2025-03-17T15:02:27.968+0600] {logging_mixin.py:190} INFO - [2025-03-17T15:02:27.967+0600] {dagbag.py:588} INFO - Filling up the DagBag from /home/shamim/airflow_venv/lib/python3.12/site-packages/airflow/example_dags/tutorial.py
[2025-03-17T15:02:27.980+0600] {processor.py:925} INFO - DAG(s) 'tutorial' retrieved from /home/shamim/airflow_venv/lib/python3.12/site-packages/airflow/example_dags/tutorial.py
[2025-03-17T15:02:28.004+0600] {logging_mixin.py:190} INFO - [2025-03-17T15:02:28.004+0600] {dag.py:3239} INFO - Sync 1 DAGs
[2025-03-17T15:02:28.039+0600] {logging_mixin.py:190} INFO - [2025-03-17T15:02:28.039+0600] {dag.py:4180} INFO - Setting next_dagrun for tutorial to 2025-03-16 00:00:00+00:00, run_after=2025-03-17 00:00:00+00:00
[2025-03-17T15:02:28.080+0600] {processor.py:208} INFO - Processing /home/shamim/airflow_venv/lib/python3.12/site-packages/airflow/example_dags/tutorial.py took 0.129 seconds
[2025-03-17T15:03:44.857+0600] {processor.py:186} INFO - Started process (PID=19655) to work on /home/shamim/airflow_venv/lib/python3.12/site-packages/airflow/example_dags/tutorial.py
[2025-03-17T15:03:44.863+0600] {processor.py:914} INFO - Processing file /home/shamim/airflow_venv/lib/python3.12/site-packages/airflow/example_dags/tutorial.py for tasks to queue
[2025-03-17T15:03:44.866+0600] {logging_mixin.py:190} INFO - [2025-03-17T15:03:44.866+0600] {dagbag.py:588} INFO - Filling up the DagBag from /home/shamim/airflow_venv/lib/python3.12/site-packages/airflow/example_dags/tutorial.py
[2025-03-17T15:03:44.876+0600] {processor.py:925} INFO - DAG(s) 'tutorial' retrieved from /home/shamim/airflow_venv/lib/python3.12/site-packages/airflow/example_dags/tutorial.py
[2025-03-17T15:03:44.893+0600] {logging_mixin.py:190} INFO - [2025-03-17T15:03:44.892+0600] {dag.py:3239} INFO - Sync 1 DAGs
[2025-03-17T15:03:44.916+0600] {logging_mixin.py:190} INFO - [2025-03-17T15:03:44.915+0600] {dag.py:4180} INFO - Setting next_dagrun for tutorial to 2025-03-16 00:00:00+00:00, run_after=2025-03-17 00:00:00+00:00
[2025-03-17T15:03:44.957+0600] {processor.py:208} INFO - Processing /home/shamim/airflow_venv/lib/python3.12/site-packages/airflow/example_dags/tutorial.py took 0.107 seconds
[2025-03-17T15:05:41.457+0600] {processor.py:186} INFO - Started process (PID=19778) to work on /home/shamim/airflow_venv/lib/python3.12/site-packages/airflow/example_dags/tutorial.py
[2025-03-17T15:05:41.483+0600] {processor.py:914} INFO - Processing file /home/shamim/airflow_venv/lib/python3.12/site-packages/airflow/example_dags/tutorial.py for tasks to queue
[2025-03-17T15:05:41.486+0600] {logging_mixin.py:190} INFO - [2025-03-17T15:05:41.485+0600] {dagbag.py:588} INFO - Filling up the DagBag from /home/shamim/airflow_venv/lib/python3.12/site-packages/airflow/example_dags/tutorial.py
[2025-03-17T15:05:41.496+0600] {processor.py:925} INFO - DAG(s) 'tutorial' retrieved from /home/shamim/airflow_venv/lib/python3.12/site-packages/airflow/example_dags/tutorial.py
[2025-03-17T15:05:41.524+0600] {logging_mixin.py:190} INFO - [2025-03-17T15:05:41.524+0600] {dag.py:3239} INFO - Sync 1 DAGs
[2025-03-17T15:05:41.550+0600] {logging_mixin.py:190} INFO - [2025-03-17T15:05:41.549+0600] {dag.py:4180} INFO - Setting next_dagrun for tutorial to 2025-03-16 00:00:00+00:00, run_after=2025-03-17 00:00:00+00:00
[2025-03-17T15:05:41.572+0600] {processor.py:208} INFO - Processing /home/shamim/airflow_venv/lib/python3.12/site-packages/airflow/example_dags/tutorial.py took 0.123 seconds
[2025-03-17T15:06:57.087+0600] {processor.py:186} INFO - Started process (PID=19960) to work on /home/shamim/airflow_venv/lib/python3.12/site-packages/airflow/example_dags/tutorial.py
[2025-03-17T15:06:57.096+0600] {processor.py:914} INFO - Processing file /home/shamim/airflow_venv/lib/python3.12/site-packages/airflow/example_dags/tutorial.py for tasks to queue
[2025-03-17T15:06:57.109+0600] {logging_mixin.py:190} INFO - [2025-03-17T15:06:57.107+0600] {dagbag.py:588} INFO - Filling up the DagBag from /home/shamim/airflow_venv/lib/python3.12/site-packages/airflow/example_dags/tutorial.py
[2025-03-17T15:06:57.134+0600] {processor.py:925} INFO - DAG(s) 'tutorial' retrieved from /home/shamim/airflow_venv/lib/python3.12/site-packages/airflow/example_dags/tutorial.py
[2025-03-17T15:06:57.159+0600] {logging_mixin.py:190} INFO - [2025-03-17T15:06:57.158+0600] {dag.py:3239} INFO - Sync 1 DAGs
[2025-03-17T15:06:57.189+0600] {logging_mixin.py:190} INFO - [2025-03-17T15:06:57.189+0600] {dag.py:4180} INFO - Setting next_dagrun for tutorial to 2025-03-16 00:00:00+00:00, run_after=2025-03-17 00:00:00+00:00
[2025-03-17T15:06:57.225+0600] {processor.py:208} INFO - Processing /home/shamim/airflow_venv/lib/python3.12/site-packages/airflow/example_dags/tutorial.py took 0.164 seconds
[2025-03-17T15:07:45.759+0600] {processor.py:186} INFO - Started process (PID=20137) to work on /home/shamim/airflow_venv/lib/python3.12/site-packages/airflow/example_dags/tutorial.py
[2025-03-17T15:07:45.765+0600] {processor.py:914} INFO - Processing file /home/shamim/airflow_venv/lib/python3.12/site-packages/airflow/example_dags/tutorial.py for tasks to queue
[2025-03-17T15:07:45.769+0600] {logging_mixin.py:190} INFO - [2025-03-17T15:07:45.768+0600] {dagbag.py:588} INFO - Filling up the DagBag from /home/shamim/airflow_venv/lib/python3.12/site-packages/airflow/example_dags/tutorial.py
[2025-03-17T15:07:45.779+0600] {processor.py:925} INFO - DAG(s) 'tutorial' retrieved from /home/shamim/airflow_venv/lib/python3.12/site-packages/airflow/example_dags/tutorial.py
[2025-03-17T15:07:45.798+0600] {logging_mixin.py:190} INFO - [2025-03-17T15:07:45.798+0600] {dag.py:3239} INFO - Sync 1 DAGs
[2025-03-17T15:07:45.825+0600] {logging_mixin.py:190} INFO - [2025-03-17T15:07:45.825+0600] {dag.py:4180} INFO - Setting next_dagrun for tutorial to 2025-03-16 00:00:00+00:00, run_after=2025-03-17 00:00:00+00:00
[2025-03-17T15:07:45.861+0600] {processor.py:208} INFO - Processing /home/shamim/airflow_venv/lib/python3.12/site-packages/airflow/example_dags/tutorial.py took 0.111 seconds
[2025-03-17T15:09:01.560+0600] {processor.py:186} INFO - Started process (PID=20291) to work on /home/shamim/airflow_venv/lib/python3.12/site-packages/airflow/example_dags/tutorial.py
[2025-03-17T15:09:01.575+0600] {processor.py:914} INFO - Processing file /home/shamim/airflow_venv/lib/python3.12/site-packages/airflow/example_dags/tutorial.py for tasks to queue
[2025-03-17T15:09:01.581+0600] {logging_mixin.py:190} INFO - [2025-03-17T15:09:01.580+0600] {dagbag.py:588} INFO - Filling up the DagBag from /home/shamim/airflow_venv/lib/python3.12/site-packages/airflow/example_dags/tutorial.py
[2025-03-17T15:09:01.599+0600] {processor.py:925} INFO - DAG(s) 'tutorial' retrieved from /home/shamim/airflow_venv/lib/python3.12/site-packages/airflow/example_dags/tutorial.py
[2025-03-17T15:09:01.627+0600] {logging_mixin.py:190} INFO - [2025-03-17T15:09:01.626+0600] {dag.py:3239} INFO - Sync 1 DAGs
[2025-03-17T15:09:01.664+0600] {logging_mixin.py:190} INFO - [2025-03-17T15:09:01.664+0600] {dag.py:4180} INFO - Setting next_dagrun for tutorial to 2025-03-16 00:00:00+00:00, run_after=2025-03-17 00:00:00+00:00
[2025-03-17T15:09:01.700+0600] {processor.py:208} INFO - Processing /home/shamim/airflow_venv/lib/python3.12/site-packages/airflow/example_dags/tutorial.py took 0.153 seconds
[2025-03-17T15:12:38.990+0600] {processor.py:186} INFO - Started process (PID=20664) to work on /home/shamim/airflow_venv/lib/python3.12/site-packages/airflow/example_dags/tutorial.py
[2025-03-17T15:12:38.991+0600] {processor.py:914} INFO - Processing file /home/shamim/airflow_venv/lib/python3.12/site-packages/airflow/example_dags/tutorial.py for tasks to queue
[2025-03-17T15:12:38.995+0600] {logging_mixin.py:190} INFO - [2025-03-17T15:12:38.994+0600] {dagbag.py:588} INFO - Filling up the DagBag from /home/shamim/airflow_venv/lib/python3.12/site-packages/airflow/example_dags/tutorial.py
[2025-03-17T15:12:39.005+0600] {processor.py:925} INFO - DAG(s) 'tutorial' retrieved from /home/shamim/airflow_venv/lib/python3.12/site-packages/airflow/example_dags/tutorial.py
[2025-03-17T15:12:39.026+0600] {logging_mixin.py:190} INFO - [2025-03-17T15:12:39.025+0600] {dag.py:3239} INFO - Sync 1 DAGs
[2025-03-17T15:12:39.055+0600] {logging_mixin.py:190} INFO - [2025-03-17T15:12:39.055+0600] {dag.py:4180} INFO - Setting next_dagrun for tutorial to 2025-03-16 00:00:00+00:00, run_after=2025-03-17 00:00:00+00:00
[2025-03-17T15:12:39.083+0600] {processor.py:208} INFO - Processing /home/shamim/airflow_venv/lib/python3.12/site-packages/airflow/example_dags/tutorial.py took 0.101 seconds
[2025-03-17T15:20:56.214+0600] {processor.py:186} INFO - Started process (PID=21779) to work on /home/shamim/airflow_venv/lib/python3.12/site-packages/airflow/example_dags/tutorial.py
[2025-03-17T15:20:56.216+0600] {processor.py:914} INFO - Processing file /home/shamim/airflow_venv/lib/python3.12/site-packages/airflow/example_dags/tutorial.py for tasks to queue
[2025-03-17T15:20:56.219+0600] {logging_mixin.py:190} INFO - [2025-03-17T15:20:56.218+0600] {dagbag.py:588} INFO - Filling up the DagBag from /home/shamim/airflow_venv/lib/python3.12/site-packages/airflow/example_dags/tutorial.py
[2025-03-17T15:20:56.234+0600] {processor.py:925} INFO - DAG(s) 'tutorial' retrieved from /home/shamim/airflow_venv/lib/python3.12/site-packages/airflow/example_dags/tutorial.py
[2025-03-17T15:20:56.263+0600] {logging_mixin.py:190} INFO - [2025-03-17T15:20:56.263+0600] {dag.py:3239} INFO - Sync 1 DAGs
[2025-03-17T15:20:56.315+0600] {logging_mixin.py:190} INFO - [2025-03-17T15:20:56.314+0600] {dag.py:4180} INFO - Setting next_dagrun for tutorial to 2025-03-16 00:00:00+00:00, run_after=2025-03-17 00:00:00+00:00
[2025-03-17T15:20:56.357+0600] {processor.py:208} INFO - Processing /home/shamim/airflow_venv/lib/python3.12/site-packages/airflow/example_dags/tutorial.py took 0.154 seconds
[2025-03-17T15:28:17.259+0600] {processor.py:186} INFO - Started process (PID=22772) to work on /home/shamim/airflow_venv/lib/python3.12/site-packages/airflow/example_dags/tutorial.py
[2025-03-17T15:28:17.267+0600] {processor.py:914} INFO - Processing file /home/shamim/airflow_venv/lib/python3.12/site-packages/airflow/example_dags/tutorial.py for tasks to queue
[2025-03-17T15:28:17.275+0600] {logging_mixin.py:190} INFO - [2025-03-17T15:28:17.274+0600] {dagbag.py:588} INFO - Filling up the DagBag from /home/shamim/airflow_venv/lib/python3.12/site-packages/airflow/example_dags/tutorial.py
[2025-03-17T15:28:17.293+0600] {processor.py:925} INFO - DAG(s) 'tutorial' retrieved from /home/shamim/airflow_venv/lib/python3.12/site-packages/airflow/example_dags/tutorial.py
[2025-03-17T15:28:17.321+0600] {logging_mixin.py:190} INFO - [2025-03-17T15:28:17.320+0600] {dag.py:3239} INFO - Sync 1 DAGs
[2025-03-17T15:28:17.357+0600] {logging_mixin.py:190} INFO - [2025-03-17T15:28:17.357+0600] {dag.py:4180} INFO - Setting next_dagrun for tutorial to 2025-03-16 00:00:00+00:00, run_after=2025-03-17 00:00:00+00:00
[2025-03-17T15:28:17.393+0600] {processor.py:208} INFO - Processing /home/shamim/airflow_venv/lib/python3.12/site-packages/airflow/example_dags/tutorial.py took 0.160 seconds
[2025-03-17T15:31:16.601+0600] {processor.py:186} INFO - Started process (PID=23197) to work on /home/shamim/airflow_venv/lib/python3.12/site-packages/airflow/example_dags/tutorial.py
[2025-03-17T15:31:16.608+0600] {processor.py:914} INFO - Processing file /home/shamim/airflow_venv/lib/python3.12/site-packages/airflow/example_dags/tutorial.py for tasks to queue
[2025-03-17T15:31:16.619+0600] {logging_mixin.py:190} INFO - [2025-03-17T15:31:16.614+0600] {dagbag.py:588} INFO - Filling up the DagBag from /home/shamim/airflow_venv/lib/python3.12/site-packages/airflow/example_dags/tutorial.py
[2025-03-17T15:31:16.639+0600] {processor.py:925} INFO - DAG(s) 'tutorial' retrieved from /home/shamim/airflow_venv/lib/python3.12/site-packages/airflow/example_dags/tutorial.py
[2025-03-17T15:31:16.658+0600] {logging_mixin.py:190} INFO - [2025-03-17T15:31:16.658+0600] {dag.py:3239} INFO - Sync 1 DAGs
[2025-03-17T15:31:16.685+0600] {logging_mixin.py:190} INFO - [2025-03-17T15:31:16.685+0600] {dag.py:4180} INFO - Setting next_dagrun for tutorial to 2025-03-16 00:00:00+00:00, run_after=2025-03-17 00:00:00+00:00
[2025-03-17T15:31:16.711+0600] {processor.py:208} INFO - Processing /home/shamim/airflow_venv/lib/python3.12/site-packages/airflow/example_dags/tutorial.py took 0.135 seconds
[2025-03-17T15:32:02.130+0600] {processor.py:186} INFO - Started process (PID=23295) to work on /home/shamim/airflow_venv/lib/python3.12/site-packages/airflow/example_dags/tutorial.py
[2025-03-17T15:32:02.138+0600] {processor.py:914} INFO - Processing file /home/shamim/airflow_venv/lib/python3.12/site-packages/airflow/example_dags/tutorial.py for tasks to queue
[2025-03-17T15:32:02.144+0600] {logging_mixin.py:190} INFO - [2025-03-17T15:32:02.142+0600] {dagbag.py:588} INFO - Filling up the DagBag from /home/shamim/airflow_venv/lib/python3.12/site-packages/airflow/example_dags/tutorial.py
[2025-03-17T15:32:02.163+0600] {processor.py:925} INFO - DAG(s) 'tutorial' retrieved from /home/shamim/airflow_venv/lib/python3.12/site-packages/airflow/example_dags/tutorial.py
[2025-03-17T15:32:02.187+0600] {logging_mixin.py:190} INFO - [2025-03-17T15:32:02.186+0600] {dag.py:3239} INFO - Sync 1 DAGs
[2025-03-17T15:32:02.219+0600] {logging_mixin.py:190} INFO - [2025-03-17T15:32:02.218+0600] {dag.py:4180} INFO - Setting next_dagrun for tutorial to 2025-03-16 00:00:00+00:00, run_after=2025-03-17 00:00:00+00:00
[2025-03-17T15:32:02.246+0600] {processor.py:208} INFO - Processing /home/shamim/airflow_venv/lib/python3.12/site-packages/airflow/example_dags/tutorial.py took 0.141 seconds
[2025-03-17T15:33:30.304+0600] {processor.py:186} INFO - Started process (PID=23436) to work on /home/shamim/airflow_venv/lib/python3.12/site-packages/airflow/example_dags/tutorial.py
[2025-03-17T15:33:30.310+0600] {processor.py:914} INFO - Processing file /home/shamim/airflow_venv/lib/python3.12/site-packages/airflow/example_dags/tutorial.py for tasks to queue
[2025-03-17T15:33:30.313+0600] {logging_mixin.py:190} INFO - [2025-03-17T15:33:30.312+0600] {dagbag.py:588} INFO - Filling up the DagBag from /home/shamim/airflow_venv/lib/python3.12/site-packages/airflow/example_dags/tutorial.py
[2025-03-17T15:33:30.324+0600] {processor.py:925} INFO - DAG(s) 'tutorial' retrieved from /home/shamim/airflow_venv/lib/python3.12/site-packages/airflow/example_dags/tutorial.py
[2025-03-17T15:33:30.344+0600] {logging_mixin.py:190} INFO - [2025-03-17T15:33:30.343+0600] {dag.py:3239} INFO - Sync 1 DAGs
[2025-03-17T15:33:30.371+0600] {logging_mixin.py:190} INFO - [2025-03-17T15:33:30.371+0600] {dag.py:4180} INFO - Setting next_dagrun for tutorial to 2025-03-16 00:00:00+00:00, run_after=2025-03-17 00:00:00+00:00
[2025-03-17T15:33:30.407+0600] {processor.py:208} INFO - Processing /home/shamim/airflow_venv/lib/python3.12/site-packages/airflow/example_dags/tutorial.py took 0.110 seconds
[2025-03-17T15:34:44.179+0600] {processor.py:186} INFO - Started process (PID=23576) to work on /home/shamim/airflow_venv/lib/python3.12/site-packages/airflow/example_dags/tutorial.py
[2025-03-17T15:34:44.186+0600] {processor.py:914} INFO - Processing file /home/shamim/airflow_venv/lib/python3.12/site-packages/airflow/example_dags/tutorial.py for tasks to queue
[2025-03-17T15:34:44.191+0600] {logging_mixin.py:190} INFO - [2025-03-17T15:34:44.191+0600] {dagbag.py:588} INFO - Filling up the DagBag from /home/shamim/airflow_venv/lib/python3.12/site-packages/airflow/example_dags/tutorial.py
[2025-03-17T15:34:44.205+0600] {processor.py:925} INFO - DAG(s) 'tutorial' retrieved from /home/shamim/airflow_venv/lib/python3.12/site-packages/airflow/example_dags/tutorial.py
[2025-03-17T15:34:44.225+0600] {logging_mixin.py:190} INFO - [2025-03-17T15:34:44.225+0600] {dag.py:3239} INFO - Sync 1 DAGs
[2025-03-17T15:34:44.255+0600] {logging_mixin.py:190} INFO - [2025-03-17T15:34:44.254+0600] {dag.py:4180} INFO - Setting next_dagrun for tutorial to 2025-03-16 00:00:00+00:00, run_after=2025-03-17 00:00:00+00:00
[2025-03-17T15:34:44.292+0600] {processor.py:208} INFO - Processing /home/shamim/airflow_venv/lib/python3.12/site-packages/airflow/example_dags/tutorial.py took 0.137 seconds
[2025-03-17T15:35:39.129+0600] {processor.py:186} INFO - Started process (PID=23670) to work on /home/shamim/airflow_venv/lib/python3.12/site-packages/airflow/example_dags/tutorial.py
[2025-03-17T15:35:39.146+0600] {processor.py:914} INFO - Processing file /home/shamim/airflow_venv/lib/python3.12/site-packages/airflow/example_dags/tutorial.py for tasks to queue
[2025-03-17T15:35:39.155+0600] {logging_mixin.py:190} INFO - [2025-03-17T15:35:39.153+0600] {dagbag.py:588} INFO - Filling up the DagBag from /home/shamim/airflow_venv/lib/python3.12/site-packages/airflow/example_dags/tutorial.py
[2025-03-17T15:35:39.177+0600] {processor.py:925} INFO - DAG(s) 'tutorial' retrieved from /home/shamim/airflow_venv/lib/python3.12/site-packages/airflow/example_dags/tutorial.py
[2025-03-17T15:35:39.196+0600] {logging_mixin.py:190} INFO - [2025-03-17T15:35:39.195+0600] {dag.py:3239} INFO - Sync 1 DAGs
[2025-03-17T15:35:39.221+0600] {logging_mixin.py:190} INFO - [2025-03-17T15:35:39.221+0600] {dag.py:4180} INFO - Setting next_dagrun for tutorial to 2025-03-16 00:00:00+00:00, run_after=2025-03-17 00:00:00+00:00
[2025-03-17T15:35:39.243+0600] {processor.py:208} INFO - Processing /home/shamim/airflow_venv/lib/python3.12/site-packages/airflow/example_dags/tutorial.py took 0.133 seconds
[2025-03-17T15:36:26.016+0600] {processor.py:186} INFO - Started process (PID=23764) to work on /home/shamim/airflow_venv/lib/python3.12/site-packages/airflow/example_dags/tutorial.py
[2025-03-17T15:36:26.031+0600] {processor.py:914} INFO - Processing file /home/shamim/airflow_venv/lib/python3.12/site-packages/airflow/example_dags/tutorial.py for tasks to queue
[2025-03-17T15:36:26.035+0600] {logging_mixin.py:190} INFO - [2025-03-17T15:36:26.034+0600] {dagbag.py:588} INFO - Filling up the DagBag from /home/shamim/airflow_venv/lib/python3.12/site-packages/airflow/example_dags/tutorial.py
[2025-03-17T15:36:26.045+0600] {processor.py:925} INFO - DAG(s) 'tutorial' retrieved from /home/shamim/airflow_venv/lib/python3.12/site-packages/airflow/example_dags/tutorial.py
[2025-03-17T15:36:26.066+0600] {logging_mixin.py:190} INFO - [2025-03-17T15:36:26.066+0600] {dag.py:3239} INFO - Sync 1 DAGs
[2025-03-17T15:36:26.095+0600] {logging_mixin.py:190} INFO - [2025-03-17T15:36:26.094+0600] {dag.py:4180} INFO - Setting next_dagrun for tutorial to 2025-03-16 00:00:00+00:00, run_after=2025-03-17 00:00:00+00:00
[2025-03-17T15:36:26.117+0600] {processor.py:208} INFO - Processing /home/shamim/airflow_venv/lib/python3.12/site-packages/airflow/example_dags/tutorial.py took 0.109 seconds
[2025-03-17T15:37:22.845+0600] {processor.py:186} INFO - Started process (PID=23862) to work on /home/shamim/airflow_venv/lib/python3.12/site-packages/airflow/example_dags/tutorial.py
[2025-03-17T15:37:22.851+0600] {processor.py:914} INFO - Processing file /home/shamim/airflow_venv/lib/python3.12/site-packages/airflow/example_dags/tutorial.py for tasks to queue
[2025-03-17T15:37:22.854+0600] {logging_mixin.py:190} INFO - [2025-03-17T15:37:22.854+0600] {dagbag.py:588} INFO - Filling up the DagBag from /home/shamim/airflow_venv/lib/python3.12/site-packages/airflow/example_dags/tutorial.py
[2025-03-17T15:37:22.867+0600] {processor.py:925} INFO - DAG(s) 'tutorial' retrieved from /home/shamim/airflow_venv/lib/python3.12/site-packages/airflow/example_dags/tutorial.py
[2025-03-17T15:37:22.889+0600] {logging_mixin.py:190} INFO - [2025-03-17T15:37:22.889+0600] {dag.py:3239} INFO - Sync 1 DAGs
[2025-03-17T15:37:22.920+0600] {logging_mixin.py:190} INFO - [2025-03-17T15:37:22.920+0600] {dag.py:4180} INFO - Setting next_dagrun for tutorial to 2025-03-16 00:00:00+00:00, run_after=2025-03-17 00:00:00+00:00
[2025-03-17T15:37:22.957+0600] {processor.py:208} INFO - Processing /home/shamim/airflow_venv/lib/python3.12/site-packages/airflow/example_dags/tutorial.py took 0.120 seconds
