[2025-03-17T14:59:50.187+0600] {processor.py:186} INFO - Started process (PID=19253) to work on /home/shamim/airflow_venv/lib/python3.12/site-packages/airflow/example_dags/tutorial_taskflow_api.py
[2025-03-17T14:59:50.188+0600] {processor.py:914} INFO - Processing file /home/shamim/airflow_venv/lib/python3.12/site-packages/airflow/example_dags/tutorial_taskflow_api.py for tasks to queue
[2025-03-17T14:59:50.190+0600] {logging_mixin.py:190} INFO - [2025-03-17T14:59:50.190+0600] {dagbag.py:588} INFO - Filling up the DagBag from /home/shamim/airflow_venv/lib/python3.12/site-packages/airflow/example_dags/tutorial_taskflow_api.py
[2025-03-17T14:59:50.204+0600] {processor.py:925} INFO - DAG(s) 'tutorial_taskflow_api' retrieved from /home/shamim/airflow_venv/lib/python3.12/site-packages/airflow/example_dags/tutorial_taskflow_api.py
[2025-03-17T14:59:50.375+0600] {logging_mixin.py:190} INFO - [2025-03-17T14:59:50.374+0600] {override.py:1930} INFO - Created Permission View: can read on DAG:tutorial_taskflow_api
[2025-03-17T14:59:50.386+0600] {logging_mixin.py:190} INFO - [2025-03-17T14:59:50.386+0600] {override.py:1930} INFO - Created Permission View: can delete on DAG:tutorial_taskflow_api
[2025-03-17T14:59:50.397+0600] {logging_mixin.py:190} INFO - [2025-03-17T14:59:50.397+0600] {override.py:1930} INFO - Created Permission View: can edit on DAG:tutorial_taskflow_api
[2025-03-17T14:59:50.412+0600] {logging_mixin.py:190} INFO - [2025-03-17T14:59:50.411+0600] {override.py:1930} INFO - Created Permission View: can create on DAG Run:tutorial_taskflow_api
[2025-03-17T14:59:50.422+0600] {logging_mixin.py:190} INFO - [2025-03-17T14:59:50.422+0600] {override.py:1930} INFO - Created Permission View: can read on DAG Run:tutorial_taskflow_api
[2025-03-17T14:59:50.430+0600] {logging_mixin.py:190} INFO - [2025-03-17T14:59:50.430+0600] {override.py:1930} INFO - Created Permission View: can delete on DAG Run:tutorial_taskflow_api
[2025-03-17T14:59:50.441+0600] {logging_mixin.py:190} INFO - [2025-03-17T14:59:50.440+0600] {override.py:1930} INFO - Created Permission View: menu access on DAG Run:tutorial_taskflow_api
[2025-03-17T14:59:50.441+0600] {logging_mixin.py:190} INFO - [2025-03-17T14:59:50.441+0600] {dag.py:3239} INFO - Sync 1 DAGs
[2025-03-17T14:59:50.458+0600] {logging_mixin.py:190} INFO - [2025-03-17T14:59:50.457+0600] {dag.py:3262} INFO - Creating ORM DAG for tutorial_taskflow_api
[2025-03-17T14:59:50.459+0600] {logging_mixin.py:190} INFO - [2025-03-17T14:59:50.458+0600] {dag.py:4180} INFO - Setting next_dagrun for tutorial_taskflow_api to None, run_after=None
[2025-03-17T14:59:50.481+0600] {processor.py:208} INFO - Processing /home/shamim/airflow_venv/lib/python3.12/site-packages/airflow/example_dags/tutorial_taskflow_api.py took 0.301 seconds
[2025-03-17T15:01:05.490+0600] {processor.py:186} INFO - Started process (PID=19411) to work on /home/shamim/airflow_venv/lib/python3.12/site-packages/airflow/example_dags/tutorial_taskflow_api.py
[2025-03-17T15:01:05.498+0600] {processor.py:914} INFO - Processing file /home/shamim/airflow_venv/lib/python3.12/site-packages/airflow/example_dags/tutorial_taskflow_api.py for tasks to queue
[2025-03-17T15:01:05.503+0600] {logging_mixin.py:190} INFO - [2025-03-17T15:01:05.502+0600] {dagbag.py:588} INFO - Filling up the DagBag from /home/shamim/airflow_venv/lib/python3.12/site-packages/airflow/example_dags/tutorial_taskflow_api.py
[2025-03-17T15:01:05.517+0600] {processor.py:925} INFO - DAG(s) 'tutorial_taskflow_api' retrieved from /home/shamim/airflow_venv/lib/python3.12/site-packages/airflow/example_dags/tutorial_taskflow_api.py
[2025-03-17T15:01:05.535+0600] {logging_mixin.py:190} INFO - [2025-03-17T15:01:05.535+0600] {dag.py:3239} INFO - Sync 1 DAGs
[2025-03-17T15:01:05.552+0600] {logging_mixin.py:190} INFO - [2025-03-17T15:01:05.552+0600] {dag.py:4180} INFO - Setting next_dagrun for tutorial_taskflow_api to None, run_after=None
[2025-03-17T15:01:05.588+0600] {processor.py:208} INFO - Processing /home/shamim/airflow_venv/lib/python3.12/site-packages/airflow/example_dags/tutorial_taskflow_api.py took 0.112 seconds
[2025-03-17T15:01:47.656+0600] {processor.py:186} INFO - Started process (PID=19476) to work on /home/shamim/airflow_venv/lib/python3.12/site-packages/airflow/example_dags/tutorial_taskflow_api.py
[2025-03-17T15:01:47.662+0600] {processor.py:914} INFO - Processing file /home/shamim/airflow_venv/lib/python3.12/site-packages/airflow/example_dags/tutorial_taskflow_api.py for tasks to queue
[2025-03-17T15:01:47.665+0600] {logging_mixin.py:190} INFO - [2025-03-17T15:01:47.664+0600] {dagbag.py:588} INFO - Filling up the DagBag from /home/shamim/airflow_venv/lib/python3.12/site-packages/airflow/example_dags/tutorial_taskflow_api.py
[2025-03-17T15:01:47.677+0600] {processor.py:925} INFO - DAG(s) 'tutorial_taskflow_api' retrieved from /home/shamim/airflow_venv/lib/python3.12/site-packages/airflow/example_dags/tutorial_taskflow_api.py
[2025-03-17T15:01:47.698+0600] {logging_mixin.py:190} INFO - [2025-03-17T15:01:47.697+0600] {dag.py:3239} INFO - Sync 1 DAGs
[2025-03-17T15:01:47.715+0600] {logging_mixin.py:190} INFO - [2025-03-17T15:01:47.714+0600] {dag.py:4180} INFO - Setting next_dagrun for tutorial_taskflow_api to None, run_after=None
[2025-03-17T15:01:47.754+0600] {processor.py:208} INFO - Processing /home/shamim/airflow_venv/lib/python3.12/site-packages/airflow/example_dags/tutorial_taskflow_api.py took 0.105 seconds
[2025-03-17T15:02:24.796+0600] {processor.py:186} INFO - Started process (PID=19511) to work on /home/shamim/airflow_venv/lib/python3.12/site-packages/airflow/example_dags/tutorial_taskflow_api.py
[2025-03-17T15:02:24.802+0600] {processor.py:914} INFO - Processing file /home/shamim/airflow_venv/lib/python3.12/site-packages/airflow/example_dags/tutorial_taskflow_api.py for tasks to queue
[2025-03-17T15:02:24.804+0600] {logging_mixin.py:190} INFO - [2025-03-17T15:02:24.804+0600] {dagbag.py:588} INFO - Filling up the DagBag from /home/shamim/airflow_venv/lib/python3.12/site-packages/airflow/example_dags/tutorial_taskflow_api.py
[2025-03-17T15:02:24.816+0600] {processor.py:925} INFO - DAG(s) 'tutorial_taskflow_api' retrieved from /home/shamim/airflow_venv/lib/python3.12/site-packages/airflow/example_dags/tutorial_taskflow_api.py
[2025-03-17T15:02:24.834+0600] {logging_mixin.py:190} INFO - [2025-03-17T15:02:24.834+0600] {dag.py:3239} INFO - Sync 1 DAGs
[2025-03-17T15:02:24.851+0600] {logging_mixin.py:190} INFO - [2025-03-17T15:02:24.851+0600] {dag.py:4180} INFO - Setting next_dagrun for tutorial_taskflow_api to None, run_after=None
[2025-03-17T15:02:24.889+0600] {processor.py:208} INFO - Processing /home/shamim/airflow_venv/lib/python3.12/site-packages/airflow/example_dags/tutorial_taskflow_api.py took 0.102 seconds
[2025-03-17T15:03:38.848+0600] {processor.py:186} INFO - Started process (PID=19648) to work on /home/shamim/airflow_venv/lib/python3.12/site-packages/airflow/example_dags/tutorial_taskflow_api.py
[2025-03-17T15:03:38.854+0600] {processor.py:914} INFO - Processing file /home/shamim/airflow_venv/lib/python3.12/site-packages/airflow/example_dags/tutorial_taskflow_api.py for tasks to queue
[2025-03-17T15:03:38.857+0600] {logging_mixin.py:190} INFO - [2025-03-17T15:03:38.856+0600] {dagbag.py:588} INFO - Filling up the DagBag from /home/shamim/airflow_venv/lib/python3.12/site-packages/airflow/example_dags/tutorial_taskflow_api.py
[2025-03-17T15:03:38.869+0600] {processor.py:925} INFO - DAG(s) 'tutorial_taskflow_api' retrieved from /home/shamim/airflow_venv/lib/python3.12/site-packages/airflow/example_dags/tutorial_taskflow_api.py
[2025-03-17T15:03:38.886+0600] {logging_mixin.py:190} INFO - [2025-03-17T15:03:38.886+0600] {dag.py:3239} INFO - Sync 1 DAGs
[2025-03-17T15:03:38.901+0600] {logging_mixin.py:190} INFO - [2025-03-17T15:03:38.901+0600] {dag.py:4180} INFO - Setting next_dagrun for tutorial_taskflow_api to None, run_after=None
[2025-03-17T15:03:38.935+0600] {processor.py:208} INFO - Processing /home/shamim/airflow_venv/lib/python3.12/site-packages/airflow/example_dags/tutorial_taskflow_api.py took 0.097 seconds
[2025-03-17T15:04:17.486+0600] {processor.py:186} INFO - Started process (PID=19696) to work on /home/shamim/airflow_venv/lib/python3.12/site-packages/airflow/example_dags/tutorial_taskflow_api.py
[2025-03-17T15:04:17.492+0600] {processor.py:914} INFO - Processing file /home/shamim/airflow_venv/lib/python3.12/site-packages/airflow/example_dags/tutorial_taskflow_api.py for tasks to queue
[2025-03-17T15:04:17.495+0600] {logging_mixin.py:190} INFO - [2025-03-17T15:04:17.495+0600] {dagbag.py:588} INFO - Filling up the DagBag from /home/shamim/airflow_venv/lib/python3.12/site-packages/airflow/example_dags/tutorial_taskflow_api.py
[2025-03-17T15:04:17.506+0600] {processor.py:925} INFO - DAG(s) 'tutorial_taskflow_api' retrieved from /home/shamim/airflow_venv/lib/python3.12/site-packages/airflow/example_dags/tutorial_taskflow_api.py
[2025-03-17T15:04:17.524+0600] {logging_mixin.py:190} INFO - [2025-03-17T15:04:17.523+0600] {dag.py:3239} INFO - Sync 1 DAGs
[2025-03-17T15:04:17.540+0600] {logging_mixin.py:190} INFO - [2025-03-17T15:04:17.539+0600] {dag.py:4180} INFO - Setting next_dagrun for tutorial_taskflow_api to None, run_after=None
[2025-03-17T15:04:17.575+0600] {processor.py:208} INFO - Processing /home/shamim/airflow_venv/lib/python3.12/site-packages/airflow/example_dags/tutorial_taskflow_api.py took 0.096 seconds
[2025-03-17T15:05:33.466+0600] {processor.py:186} INFO - Started process (PID=19757) to work on /home/shamim/airflow_venv/lib/python3.12/site-packages/airflow/example_dags/tutorial_taskflow_api.py
[2025-03-17T15:05:33.472+0600] {processor.py:914} INFO - Processing file /home/shamim/airflow_venv/lib/python3.12/site-packages/airflow/example_dags/tutorial_taskflow_api.py for tasks to queue
[2025-03-17T15:05:33.476+0600] {logging_mixin.py:190} INFO - [2025-03-17T15:05:33.475+0600] {dagbag.py:588} INFO - Filling up the DagBag from /home/shamim/airflow_venv/lib/python3.12/site-packages/airflow/example_dags/tutorial_taskflow_api.py
[2025-03-17T15:05:33.490+0600] {processor.py:925} INFO - DAG(s) 'tutorial_taskflow_api' retrieved from /home/shamim/airflow_venv/lib/python3.12/site-packages/airflow/example_dags/tutorial_taskflow_api.py
[2025-03-17T15:05:33.526+0600] {logging_mixin.py:190} INFO - [2025-03-17T15:05:33.526+0600] {dag.py:3239} INFO - Sync 1 DAGs
[2025-03-17T15:05:33.542+0600] {logging_mixin.py:190} INFO - [2025-03-17T15:05:33.541+0600] {dag.py:4180} INFO - Setting next_dagrun for tutorial_taskflow_api to None, run_after=None
[2025-03-17T15:05:33.578+0600] {processor.py:208} INFO - Processing /home/shamim/airflow_venv/lib/python3.12/site-packages/airflow/example_dags/tutorial_taskflow_api.py took 0.119 seconds
[2025-03-17T15:06:47.760+0600] {processor.py:186} INFO - Started process (PID=19940) to work on /home/shamim/airflow_venv/lib/python3.12/site-packages/airflow/example_dags/tutorial_taskflow_api.py
[2025-03-17T15:06:47.767+0600] {processor.py:914} INFO - Processing file /home/shamim/airflow_venv/lib/python3.12/site-packages/airflow/example_dags/tutorial_taskflow_api.py for tasks to queue
[2025-03-17T15:06:47.771+0600] {logging_mixin.py:190} INFO - [2025-03-17T15:06:47.770+0600] {dagbag.py:588} INFO - Filling up the DagBag from /home/shamim/airflow_venv/lib/python3.12/site-packages/airflow/example_dags/tutorial_taskflow_api.py
[2025-03-17T15:06:47.782+0600] {processor.py:925} INFO - DAG(s) 'tutorial_taskflow_api' retrieved from /home/shamim/airflow_venv/lib/python3.12/site-packages/airflow/example_dags/tutorial_taskflow_api.py
[2025-03-17T15:06:47.803+0600] {logging_mixin.py:190} INFO - [2025-03-17T15:06:47.802+0600] {dag.py:3239} INFO - Sync 1 DAGs
[2025-03-17T15:06:47.822+0600] {logging_mixin.py:190} INFO - [2025-03-17T15:06:47.822+0600] {dag.py:4180} INFO - Setting next_dagrun for tutorial_taskflow_api to None, run_after=None
[2025-03-17T15:06:47.859+0600] {processor.py:208} INFO - Processing /home/shamim/airflow_venv/lib/python3.12/site-packages/airflow/example_dags/tutorial_taskflow_api.py took 0.107 seconds
[2025-03-17T15:07:37.129+0600] {processor.py:186} INFO - Started process (PID=20098) to work on /home/shamim/airflow_venv/lib/python3.12/site-packages/airflow/example_dags/tutorial_taskflow_api.py
[2025-03-17T15:07:37.136+0600] {processor.py:914} INFO - Processing file /home/shamim/airflow_venv/lib/python3.12/site-packages/airflow/example_dags/tutorial_taskflow_api.py for tasks to queue
[2025-03-17T15:07:37.138+0600] {logging_mixin.py:190} INFO - [2025-03-17T15:07:37.138+0600] {dagbag.py:588} INFO - Filling up the DagBag from /home/shamim/airflow_venv/lib/python3.12/site-packages/airflow/example_dags/tutorial_taskflow_api.py
[2025-03-17T15:07:37.149+0600] {processor.py:925} INFO - DAG(s) 'tutorial_taskflow_api' retrieved from /home/shamim/airflow_venv/lib/python3.12/site-packages/airflow/example_dags/tutorial_taskflow_api.py
[2025-03-17T15:07:37.169+0600] {logging_mixin.py:190} INFO - [2025-03-17T15:07:37.168+0600] {dag.py:3239} INFO - Sync 1 DAGs
[2025-03-17T15:07:37.186+0600] {logging_mixin.py:190} INFO - [2025-03-17T15:07:37.186+0600] {dag.py:4180} INFO - Setting next_dagrun for tutorial_taskflow_api to None, run_after=None
[2025-03-17T15:07:37.227+0600] {processor.py:208} INFO - Processing /home/shamim/airflow_venv/lib/python3.12/site-packages/airflow/example_dags/tutorial_taskflow_api.py took 0.105 seconds
[2025-03-17T15:08:21.114+0600] {processor.py:186} INFO - Started process (PID=20182) to work on /home/shamim/airflow_venv/lib/python3.12/site-packages/airflow/example_dags/tutorial_taskflow_api.py
[2025-03-17T15:08:21.121+0600] {processor.py:914} INFO - Processing file /home/shamim/airflow_venv/lib/python3.12/site-packages/airflow/example_dags/tutorial_taskflow_api.py for tasks to queue
[2025-03-17T15:08:21.123+0600] {logging_mixin.py:190} INFO - [2025-03-17T15:08:21.123+0600] {dagbag.py:588} INFO - Filling up the DagBag from /home/shamim/airflow_venv/lib/python3.12/site-packages/airflow/example_dags/tutorial_taskflow_api.py
[2025-03-17T15:08:21.133+0600] {processor.py:925} INFO - DAG(s) 'tutorial_taskflow_api' retrieved from /home/shamim/airflow_venv/lib/python3.12/site-packages/airflow/example_dags/tutorial_taskflow_api.py
[2025-03-17T15:08:21.151+0600] {logging_mixin.py:190} INFO - [2025-03-17T15:08:21.151+0600] {dag.py:3239} INFO - Sync 1 DAGs
[2025-03-17T15:08:21.169+0600] {logging_mixin.py:190} INFO - [2025-03-17T15:08:21.168+0600] {dag.py:4180} INFO - Setting next_dagrun for tutorial_taskflow_api to None, run_after=None
[2025-03-17T15:08:21.205+0600] {processor.py:208} INFO - Processing /home/shamim/airflow_venv/lib/python3.12/site-packages/airflow/example_dags/tutorial_taskflow_api.py took 0.097 seconds
[2025-03-17T15:08:57.867+0600] {processor.py:186} INFO - Started process (PID=20271) to work on /home/shamim/airflow_venv/lib/python3.12/site-packages/airflow/example_dags/tutorial_taskflow_api.py
[2025-03-17T15:08:57.874+0600] {processor.py:914} INFO - Processing file /home/shamim/airflow_venv/lib/python3.12/site-packages/airflow/example_dags/tutorial_taskflow_api.py for tasks to queue
[2025-03-17T15:08:57.876+0600] {logging_mixin.py:190} INFO - [2025-03-17T15:08:57.876+0600] {dagbag.py:588} INFO - Filling up the DagBag from /home/shamim/airflow_venv/lib/python3.12/site-packages/airflow/example_dags/tutorial_taskflow_api.py
[2025-03-17T15:08:57.886+0600] {processor.py:925} INFO - DAG(s) 'tutorial_taskflow_api' retrieved from /home/shamim/airflow_venv/lib/python3.12/site-packages/airflow/example_dags/tutorial_taskflow_api.py
[2025-03-17T15:08:57.903+0600] {logging_mixin.py:190} INFO - [2025-03-17T15:08:57.903+0600] {dag.py:3239} INFO - Sync 1 DAGs
[2025-03-17T15:08:57.918+0600] {logging_mixin.py:190} INFO - [2025-03-17T15:08:57.918+0600] {dag.py:4180} INFO - Setting next_dagrun for tutorial_taskflow_api to None, run_after=None
[2025-03-17T15:08:57.951+0600] {processor.py:208} INFO - Processing /home/shamim/airflow_venv/lib/python3.12/site-packages/airflow/example_dags/tutorial_taskflow_api.py took 0.091 seconds
[2025-03-17T15:09:35.230+0600] {processor.py:186} INFO - Started process (PID=20359) to work on /home/shamim/airflow_venv/lib/python3.12/site-packages/airflow/example_dags/tutorial_taskflow_api.py
[2025-03-17T15:09:35.236+0600] {processor.py:914} INFO - Processing file /home/shamim/airflow_venv/lib/python3.12/site-packages/airflow/example_dags/tutorial_taskflow_api.py for tasks to queue
[2025-03-17T15:09:35.238+0600] {logging_mixin.py:190} INFO - [2025-03-17T15:09:35.238+0600] {dagbag.py:588} INFO - Filling up the DagBag from /home/shamim/airflow_venv/lib/python3.12/site-packages/airflow/example_dags/tutorial_taskflow_api.py
[2025-03-17T15:09:35.250+0600] {processor.py:925} INFO - DAG(s) 'tutorial_taskflow_api' retrieved from /home/shamim/airflow_venv/lib/python3.12/site-packages/airflow/example_dags/tutorial_taskflow_api.py
[2025-03-17T15:09:35.268+0600] {logging_mixin.py:190} INFO - [2025-03-17T15:09:35.268+0600] {dag.py:3239} INFO - Sync 1 DAGs
[2025-03-17T15:09:35.285+0600] {logging_mixin.py:190} INFO - [2025-03-17T15:09:35.285+0600] {dag.py:4180} INFO - Setting next_dagrun for tutorial_taskflow_api to None, run_after=None
[2025-03-17T15:09:35.308+0600] {processor.py:208} INFO - Processing /home/shamim/airflow_venv/lib/python3.12/site-packages/airflow/example_dags/tutorial_taskflow_api.py took 0.086 seconds
[2025-03-17T15:10:58.110+0600] {processor.py:186} INFO - Started process (PID=20495) to work on /home/shamim/airflow_venv/lib/python3.12/site-packages/airflow/example_dags/tutorial_taskflow_api.py
[2025-03-17T15:10:58.112+0600] {processor.py:914} INFO - Processing file /home/shamim/airflow_venv/lib/python3.12/site-packages/airflow/example_dags/tutorial_taskflow_api.py for tasks to queue
[2025-03-17T15:10:58.115+0600] {logging_mixin.py:190} INFO - [2025-03-17T15:10:58.114+0600] {dagbag.py:588} INFO - Filling up the DagBag from /home/shamim/airflow_venv/lib/python3.12/site-packages/airflow/example_dags/tutorial_taskflow_api.py
[2025-03-17T15:10:58.127+0600] {processor.py:925} INFO - DAG(s) 'tutorial_taskflow_api' retrieved from /home/shamim/airflow_venv/lib/python3.12/site-packages/airflow/example_dags/tutorial_taskflow_api.py
[2025-03-17T15:10:58.147+0600] {logging_mixin.py:190} INFO - [2025-03-17T15:10:58.147+0600] {dag.py:3239} INFO - Sync 1 DAGs
[2025-03-17T15:10:58.165+0600] {logging_mixin.py:190} INFO - [2025-03-17T15:10:58.164+0600] {dag.py:4180} INFO - Setting next_dagrun for tutorial_taskflow_api to None, run_after=None
[2025-03-17T15:10:58.213+0600] {processor.py:208} INFO - Processing /home/shamim/airflow_venv/lib/python3.12/site-packages/airflow/example_dags/tutorial_taskflow_api.py took 0.111 seconds
[2025-03-17T15:19:07.499+0600] {processor.py:186} INFO - Started process (PID=21501) to work on /home/shamim/airflow_venv/lib/python3.12/site-packages/airflow/example_dags/tutorial_taskflow_api.py
[2025-03-17T15:19:07.500+0600] {processor.py:914} INFO - Processing file /home/shamim/airflow_venv/lib/python3.12/site-packages/airflow/example_dags/tutorial_taskflow_api.py for tasks to queue
[2025-03-17T15:19:07.502+0600] {logging_mixin.py:190} INFO - [2025-03-17T15:19:07.502+0600] {dagbag.py:588} INFO - Filling up the DagBag from /home/shamim/airflow_venv/lib/python3.12/site-packages/airflow/example_dags/tutorial_taskflow_api.py
[2025-03-17T15:19:07.514+0600] {processor.py:925} INFO - DAG(s) 'tutorial_taskflow_api' retrieved from /home/shamim/airflow_venv/lib/python3.12/site-packages/airflow/example_dags/tutorial_taskflow_api.py
[2025-03-17T15:19:07.533+0600] {logging_mixin.py:190} INFO - [2025-03-17T15:19:07.532+0600] {dag.py:3239} INFO - Sync 1 DAGs
[2025-03-17T15:19:07.549+0600] {logging_mixin.py:190} INFO - [2025-03-17T15:19:07.549+0600] {dag.py:4180} INFO - Setting next_dagrun for tutorial_taskflow_api to None, run_after=None
[2025-03-17T15:19:07.586+0600] {processor.py:208} INFO - Processing /home/shamim/airflow_venv/lib/python3.12/site-packages/airflow/example_dags/tutorial_taskflow_api.py took 0.096 seconds
[2025-03-17T15:27:45.213+0600] {processor.py:186} INFO - Started process (PID=22688) to work on /home/shamim/airflow_venv/lib/python3.12/site-packages/airflow/example_dags/tutorial_taskflow_api.py
[2025-03-17T15:27:45.215+0600] {processor.py:914} INFO - Processing file /home/shamim/airflow_venv/lib/python3.12/site-packages/airflow/example_dags/tutorial_taskflow_api.py for tasks to queue
[2025-03-17T15:27:45.219+0600] {logging_mixin.py:190} INFO - [2025-03-17T15:27:45.218+0600] {dagbag.py:588} INFO - Filling up the DagBag from /home/shamim/airflow_venv/lib/python3.12/site-packages/airflow/example_dags/tutorial_taskflow_api.py
[2025-03-17T15:27:45.236+0600] {processor.py:925} INFO - DAG(s) 'tutorial_taskflow_api' retrieved from /home/shamim/airflow_venv/lib/python3.12/site-packages/airflow/example_dags/tutorial_taskflow_api.py
[2025-03-17T15:27:45.276+0600] {logging_mixin.py:190} INFO - [2025-03-17T15:27:45.276+0600] {dag.py:3239} INFO - Sync 1 DAGs
[2025-03-17T15:27:45.311+0600] {logging_mixin.py:190} INFO - [2025-03-17T15:27:45.310+0600] {dag.py:4180} INFO - Setting next_dagrun for tutorial_taskflow_api to None, run_after=None
[2025-03-17T15:27:45.346+0600] {processor.py:208} INFO - Processing /home/shamim/airflow_venv/lib/python3.12/site-packages/airflow/example_dags/tutorial_taskflow_api.py took 0.144 seconds
[2025-03-17T15:30:58.745+0600] {processor.py:186} INFO - Started process (PID=23151) to work on /home/shamim/airflow_venv/lib/python3.12/site-packages/airflow/example_dags/tutorial_taskflow_api.py
[2025-03-17T15:30:58.751+0600] {processor.py:914} INFO - Processing file /home/shamim/airflow_venv/lib/python3.12/site-packages/airflow/example_dags/tutorial_taskflow_api.py for tasks to queue
[2025-03-17T15:30:58.754+0600] {logging_mixin.py:190} INFO - [2025-03-17T15:30:58.753+0600] {dagbag.py:588} INFO - Filling up the DagBag from /home/shamim/airflow_venv/lib/python3.12/site-packages/airflow/example_dags/tutorial_taskflow_api.py
[2025-03-17T15:30:58.768+0600] {processor.py:925} INFO - DAG(s) 'tutorial_taskflow_api' retrieved from /home/shamim/airflow_venv/lib/python3.12/site-packages/airflow/example_dags/tutorial_taskflow_api.py
[2025-03-17T15:30:58.790+0600] {logging_mixin.py:190} INFO - [2025-03-17T15:30:58.790+0600] {dag.py:3239} INFO - Sync 1 DAGs
[2025-03-17T15:30:58.810+0600] {logging_mixin.py:190} INFO - [2025-03-17T15:30:58.810+0600] {dag.py:4180} INFO - Setting next_dagrun for tutorial_taskflow_api to None, run_after=None
[2025-03-17T15:30:58.838+0600] {processor.py:208} INFO - Processing /home/shamim/airflow_venv/lib/python3.12/site-packages/airflow/example_dags/tutorial_taskflow_api.py took 0.105 seconds
[2025-03-17T15:31:53.981+0600] {processor.py:186} INFO - Started process (PID=23266) to work on /home/shamim/airflow_venv/lib/python3.12/site-packages/airflow/example_dags/tutorial_taskflow_api.py
[2025-03-17T15:31:53.988+0600] {processor.py:914} INFO - Processing file /home/shamim/airflow_venv/lib/python3.12/site-packages/airflow/example_dags/tutorial_taskflow_api.py for tasks to queue
[2025-03-17T15:31:53.991+0600] {logging_mixin.py:190} INFO - [2025-03-17T15:31:53.990+0600] {dagbag.py:588} INFO - Filling up the DagBag from /home/shamim/airflow_venv/lib/python3.12/site-packages/airflow/example_dags/tutorial_taskflow_api.py
[2025-03-17T15:31:54.004+0600] {processor.py:925} INFO - DAG(s) 'tutorial_taskflow_api' retrieved from /home/shamim/airflow_venv/lib/python3.12/site-packages/airflow/example_dags/tutorial_taskflow_api.py
[2025-03-17T15:31:54.023+0600] {logging_mixin.py:190} INFO - [2025-03-17T15:31:54.023+0600] {dag.py:3239} INFO - Sync 1 DAGs
[2025-03-17T15:31:54.039+0600] {logging_mixin.py:190} INFO - [2025-03-17T15:31:54.039+0600] {dag.py:4180} INFO - Setting next_dagrun for tutorial_taskflow_api to None, run_after=None
[2025-03-17T15:31:54.064+0600] {processor.py:208} INFO - Processing /home/shamim/airflow_venv/lib/python3.12/site-packages/airflow/example_dags/tutorial_taskflow_api.py took 0.090 seconds
[2025-03-17T15:32:44.757+0600] {processor.py:186} INFO - Started process (PID=23370) to work on /home/shamim/airflow_venv/lib/python3.12/site-packages/airflow/example_dags/tutorial_taskflow_api.py
[2025-03-17T15:32:44.772+0600] {processor.py:914} INFO - Processing file /home/shamim/airflow_venv/lib/python3.12/site-packages/airflow/example_dags/tutorial_taskflow_api.py for tasks to queue
[2025-03-17T15:32:44.776+0600] {logging_mixin.py:190} INFO - [2025-03-17T15:32:44.775+0600] {dagbag.py:588} INFO - Filling up the DagBag from /home/shamim/airflow_venv/lib/python3.12/site-packages/airflow/example_dags/tutorial_taskflow_api.py
[2025-03-17T15:32:44.794+0600] {processor.py:925} INFO - DAG(s) 'tutorial_taskflow_api' retrieved from /home/shamim/airflow_venv/lib/python3.12/site-packages/airflow/example_dags/tutorial_taskflow_api.py
[2025-03-17T15:32:44.821+0600] {logging_mixin.py:190} INFO - [2025-03-17T15:32:44.821+0600] {dag.py:3239} INFO - Sync 1 DAGs
[2025-03-17T15:32:44.842+0600] {logging_mixin.py:190} INFO - [2025-03-17T15:32:44.842+0600] {dag.py:4180} INFO - Setting next_dagrun for tutorial_taskflow_api to None, run_after=None
[2025-03-17T15:32:44.874+0600] {processor.py:208} INFO - Processing /home/shamim/airflow_venv/lib/python3.12/site-packages/airflow/example_dags/tutorial_taskflow_api.py took 0.129 seconds
[2025-03-17T15:33:21.358+0600] {processor.py:186} INFO - Started process (PID=23426) to work on /home/shamim/airflow_venv/lib/python3.12/site-packages/airflow/example_dags/tutorial_taskflow_api.py
[2025-03-17T15:33:21.382+0600] {processor.py:914} INFO - Processing file /home/shamim/airflow_venv/lib/python3.12/site-packages/airflow/example_dags/tutorial_taskflow_api.py for tasks to queue
[2025-03-17T15:33:21.389+0600] {logging_mixin.py:190} INFO - [2025-03-17T15:33:21.388+0600] {dagbag.py:588} INFO - Filling up the DagBag from /home/shamim/airflow_venv/lib/python3.12/site-packages/airflow/example_dags/tutorial_taskflow_api.py
[2025-03-17T15:33:21.433+0600] {processor.py:925} INFO - DAG(s) 'tutorial_taskflow_api' retrieved from /home/shamim/airflow_venv/lib/python3.12/site-packages/airflow/example_dags/tutorial_taskflow_api.py
[2025-03-17T15:33:21.490+0600] {logging_mixin.py:190} INFO - [2025-03-17T15:33:21.490+0600] {dag.py:3239} INFO - Sync 1 DAGs
[2025-03-17T15:33:21.515+0600] {logging_mixin.py:190} INFO - [2025-03-17T15:33:21.514+0600] {dag.py:4180} INFO - Setting next_dagrun for tutorial_taskflow_api to None, run_after=None
[2025-03-17T15:33:21.572+0600] {processor.py:208} INFO - Processing /home/shamim/airflow_venv/lib/python3.12/site-packages/airflow/example_dags/tutorial_taskflow_api.py took 0.228 seconds
[2025-03-17T15:34:34.695+0600] {processor.py:186} INFO - Started process (PID=23546) to work on /home/shamim/airflow_venv/lib/python3.12/site-packages/airflow/example_dags/tutorial_taskflow_api.py
[2025-03-17T15:34:34.703+0600] {processor.py:914} INFO - Processing file /home/shamim/airflow_venv/lib/python3.12/site-packages/airflow/example_dags/tutorial_taskflow_api.py for tasks to queue
[2025-03-17T15:34:34.710+0600] {logging_mixin.py:190} INFO - [2025-03-17T15:34:34.708+0600] {dagbag.py:588} INFO - Filling up the DagBag from /home/shamim/airflow_venv/lib/python3.12/site-packages/airflow/example_dags/tutorial_taskflow_api.py
[2025-03-17T15:34:34.740+0600] {processor.py:925} INFO - DAG(s) 'tutorial_taskflow_api' retrieved from /home/shamim/airflow_venv/lib/python3.12/site-packages/airflow/example_dags/tutorial_taskflow_api.py
[2025-03-17T15:34:34.766+0600] {logging_mixin.py:190} INFO - [2025-03-17T15:34:34.766+0600] {dag.py:3239} INFO - Sync 1 DAGs
[2025-03-17T15:34:34.787+0600] {logging_mixin.py:190} INFO - [2025-03-17T15:34:34.786+0600] {dag.py:4180} INFO - Setting next_dagrun for tutorial_taskflow_api to None, run_after=None
[2025-03-17T15:34:34.828+0600] {processor.py:208} INFO - Processing /home/shamim/airflow_venv/lib/python3.12/site-packages/airflow/example_dags/tutorial_taskflow_api.py took 0.154 seconds
[2025-03-17T15:35:29.599+0600] {processor.py:186} INFO - Started process (PID=23652) to work on /home/shamim/airflow_venv/lib/python3.12/site-packages/airflow/example_dags/tutorial_taskflow_api.py
[2025-03-17T15:35:29.605+0600] {processor.py:914} INFO - Processing file /home/shamim/airflow_venv/lib/python3.12/site-packages/airflow/example_dags/tutorial_taskflow_api.py for tasks to queue
[2025-03-17T15:35:29.608+0600] {logging_mixin.py:190} INFO - [2025-03-17T15:35:29.608+0600] {dagbag.py:588} INFO - Filling up the DagBag from /home/shamim/airflow_venv/lib/python3.12/site-packages/airflow/example_dags/tutorial_taskflow_api.py
[2025-03-17T15:35:29.621+0600] {processor.py:925} INFO - DAG(s) 'tutorial_taskflow_api' retrieved from /home/shamim/airflow_venv/lib/python3.12/site-packages/airflow/example_dags/tutorial_taskflow_api.py
[2025-03-17T15:35:29.644+0600] {logging_mixin.py:190} INFO - [2025-03-17T15:35:29.644+0600] {dag.py:3239} INFO - Sync 1 DAGs
[2025-03-17T15:35:29.663+0600] {logging_mixin.py:190} INFO - [2025-03-17T15:35:29.663+0600] {dag.py:4180} INFO - Setting next_dagrun for tutorial_taskflow_api to None, run_after=None
[2025-03-17T15:35:29.702+0600] {processor.py:208} INFO - Processing /home/shamim/airflow_venv/lib/python3.12/site-packages/airflow/example_dags/tutorial_taskflow_api.py took 0.112 seconds
[2025-03-17T15:36:17.064+0600] {processor.py:186} INFO - Started process (PID=23746) to work on /home/shamim/airflow_venv/lib/python3.12/site-packages/airflow/example_dags/tutorial_taskflow_api.py
[2025-03-17T15:36:17.067+0600] {processor.py:914} INFO - Processing file /home/shamim/airflow_venv/lib/python3.12/site-packages/airflow/example_dags/tutorial_taskflow_api.py for tasks to queue
[2025-03-17T15:36:17.069+0600] {logging_mixin.py:190} INFO - [2025-03-17T15:36:17.069+0600] {dagbag.py:588} INFO - Filling up the DagBag from /home/shamim/airflow_venv/lib/python3.12/site-packages/airflow/example_dags/tutorial_taskflow_api.py
[2025-03-17T15:36:17.081+0600] {processor.py:925} INFO - DAG(s) 'tutorial_taskflow_api' retrieved from /home/shamim/airflow_venv/lib/python3.12/site-packages/airflow/example_dags/tutorial_taskflow_api.py
[2025-03-17T15:36:17.100+0600] {logging_mixin.py:190} INFO - [2025-03-17T15:36:17.099+0600] {dag.py:3239} INFO - Sync 1 DAGs
[2025-03-17T15:36:17.116+0600] {logging_mixin.py:190} INFO - [2025-03-17T15:36:17.116+0600] {dag.py:4180} INFO - Setting next_dagrun for tutorial_taskflow_api to None, run_after=None
[2025-03-17T15:36:17.140+0600] {processor.py:208} INFO - Processing /home/shamim/airflow_venv/lib/python3.12/site-packages/airflow/example_dags/tutorial_taskflow_api.py took 0.084 seconds
[2025-03-17T15:37:12.959+0600] {processor.py:186} INFO - Started process (PID=23853) to work on /home/shamim/airflow_venv/lib/python3.12/site-packages/airflow/example_dags/tutorial_taskflow_api.py
[2025-03-17T15:37:12.965+0600] {processor.py:914} INFO - Processing file /home/shamim/airflow_venv/lib/python3.12/site-packages/airflow/example_dags/tutorial_taskflow_api.py for tasks to queue
[2025-03-17T15:37:12.969+0600] {logging_mixin.py:190} INFO - [2025-03-17T15:37:12.968+0600] {dagbag.py:588} INFO - Filling up the DagBag from /home/shamim/airflow_venv/lib/python3.12/site-packages/airflow/example_dags/tutorial_taskflow_api.py
[2025-03-17T15:37:12.981+0600] {processor.py:925} INFO - DAG(s) 'tutorial_taskflow_api' retrieved from /home/shamim/airflow_venv/lib/python3.12/site-packages/airflow/example_dags/tutorial_taskflow_api.py
[2025-03-17T15:37:13.002+0600] {logging_mixin.py:190} INFO - [2025-03-17T15:37:13.002+0600] {dag.py:3239} INFO - Sync 1 DAGs
[2025-03-17T15:37:13.021+0600] {logging_mixin.py:190} INFO - [2025-03-17T15:37:13.020+0600] {dag.py:4180} INFO - Setting next_dagrun for tutorial_taskflow_api to None, run_after=None
[2025-03-17T15:37:13.058+0600] {processor.py:208} INFO - Processing /home/shamim/airflow_venv/lib/python3.12/site-packages/airflow/example_dags/tutorial_taskflow_api.py took 0.107 seconds
[2025-03-17T15:39:13.992+0600] {processor.py:186} INFO - Started process (PID=24176) to work on /home/shamim/airflow_venv/lib/python3.12/site-packages/airflow/example_dags/tutorial_taskflow_api.py
[2025-03-17T15:39:13.994+0600] {processor.py:914} INFO - Processing file /home/shamim/airflow_venv/lib/python3.12/site-packages/airflow/example_dags/tutorial_taskflow_api.py for tasks to queue
[2025-03-17T15:39:13.996+0600] {logging_mixin.py:190} INFO - [2025-03-17T15:39:13.996+0600] {dagbag.py:588} INFO - Filling up the DagBag from /home/shamim/airflow_venv/lib/python3.12/site-packages/airflow/example_dags/tutorial_taskflow_api.py
[2025-03-17T15:39:14.007+0600] {processor.py:925} INFO - DAG(s) 'tutorial_taskflow_api' retrieved from /home/shamim/airflow_venv/lib/python3.12/site-packages/airflow/example_dags/tutorial_taskflow_api.py
[2025-03-17T15:39:14.026+0600] {logging_mixin.py:190} INFO - [2025-03-17T15:39:14.025+0600] {dag.py:3239} INFO - Sync 1 DAGs
[2025-03-17T15:39:14.043+0600] {logging_mixin.py:190} INFO - [2025-03-17T15:39:14.043+0600] {dag.py:4180} INFO - Setting next_dagrun for tutorial_taskflow_api to None, run_after=None
[2025-03-17T15:39:14.079+0600] {processor.py:208} INFO - Processing /home/shamim/airflow_venv/lib/python3.12/site-packages/airflow/example_dags/tutorial_taskflow_api.py took 0.093 seconds
