[2025-03-17T14:59:54.198+0600] {processor.py:186} INFO - Started process (PID=19256) to work on /home/shamim/airflow_venv/lib/python3.12/site-packages/airflow/example_dags/tutorial_taskflow_templates.py
[2025-03-17T14:59:54.199+0600] {processor.py:914} INFO - Processing file /home/shamim/airflow_venv/lib/python3.12/site-packages/airflow/example_dags/tutorial_taskflow_templates.py for tasks to queue
[2025-03-17T14:59:54.202+0600] {logging_mixin.py:190} INFO - [2025-03-17T14:59:54.201+0600] {dagbag.py:588} INFO - Filling up the DagBag from /home/shamim/airflow_venv/lib/python3.12/site-packages/airflow/example_dags/tutorial_taskflow_templates.py
[2025-03-17T14:59:54.225+0600] {processor.py:925} INFO - DAG(s) 'tutorial_taskflow_templates' retrieved from /home/shamim/airflow_venv/lib/python3.12/site-packages/airflow/example_dags/tutorial_taskflow_templates.py
[2025-03-17T14:59:54.379+0600] {logging_mixin.py:190} INFO - [2025-03-17T14:59:54.378+0600] {override.py:1930} INFO - Created Permission View: can read on DAG:tutorial_taskflow_templates
[2025-03-17T14:59:54.390+0600] {logging_mixin.py:190} INFO - [2025-03-17T14:59:54.389+0600] {override.py:1930} INFO - Created Permission View: can delete on DAG:tutorial_taskflow_templates
[2025-03-17T14:59:54.398+0600] {logging_mixin.py:190} INFO - [2025-03-17T14:59:54.398+0600] {override.py:1930} INFO - Created Permission View: can edit on DAG:tutorial_taskflow_templates
[2025-03-17T14:59:54.409+0600] {logging_mixin.py:190} INFO - [2025-03-17T14:59:54.409+0600] {override.py:1930} INFO - Created Permission View: can create on DAG Run:tutorial_taskflow_templates
[2025-03-17T14:59:54.418+0600] {logging_mixin.py:190} INFO - [2025-03-17T14:59:54.417+0600] {override.py:1930} INFO - Created Permission View: can read on DAG Run:tutorial_taskflow_templates
[2025-03-17T14:59:54.425+0600] {logging_mixin.py:190} INFO - [2025-03-17T14:59:54.425+0600] {override.py:1930} INFO - Created Permission View: can delete on DAG Run:tutorial_taskflow_templates
[2025-03-17T14:59:54.434+0600] {logging_mixin.py:190} INFO - [2025-03-17T14:59:54.434+0600] {override.py:1930} INFO - Created Permission View: menu access on DAG Run:tutorial_taskflow_templates
[2025-03-17T14:59:54.434+0600] {logging_mixin.py:190} INFO - [2025-03-17T14:59:54.434+0600] {dag.py:3239} INFO - Sync 1 DAGs
[2025-03-17T14:59:54.453+0600] {logging_mixin.py:190} INFO - [2025-03-17T14:59:54.452+0600] {dag.py:3262} INFO - Creating ORM DAG for tutorial_taskflow_templates
[2025-03-17T14:59:54.465+0600] {logging_mixin.py:190} INFO - [2025-03-17T14:59:54.464+0600] {dag.py:4180} INFO - Setting next_dagrun for tutorial_taskflow_templates to 2025-03-16 00:00:00+00:00, run_after=2025-03-17 00:00:00+00:00
[2025-03-17T14:59:54.486+0600] {processor.py:208} INFO - Processing /home/shamim/airflow_venv/lib/python3.12/site-packages/airflow/example_dags/tutorial_taskflow_templates.py took 0.294 seconds
[2025-03-17T15:01:08.688+0600] {processor.py:186} INFO - Started process (PID=19414) to work on /home/shamim/airflow_venv/lib/python3.12/site-packages/airflow/example_dags/tutorial_taskflow_templates.py
[2025-03-17T15:01:08.694+0600] {processor.py:914} INFO - Processing file /home/shamim/airflow_venv/lib/python3.12/site-packages/airflow/example_dags/tutorial_taskflow_templates.py for tasks to queue
[2025-03-17T15:01:08.697+0600] {logging_mixin.py:190} INFO - [2025-03-17T15:01:08.696+0600] {dagbag.py:588} INFO - Filling up the DagBag from /home/shamim/airflow_venv/lib/python3.12/site-packages/airflow/example_dags/tutorial_taskflow_templates.py
[2025-03-17T15:01:08.714+0600] {processor.py:925} INFO - DAG(s) 'tutorial_taskflow_templates' retrieved from /home/shamim/airflow_venv/lib/python3.12/site-packages/airflow/example_dags/tutorial_taskflow_templates.py
[2025-03-17T15:01:08.733+0600] {logging_mixin.py:190} INFO - [2025-03-17T15:01:08.732+0600] {dag.py:3239} INFO - Sync 1 DAGs
[2025-03-17T15:01:08.774+0600] {logging_mixin.py:190} INFO - [2025-03-17T15:01:08.774+0600] {dag.py:4180} INFO - Setting next_dagrun for tutorial_taskflow_templates to 2025-03-16 00:00:00+00:00, run_after=2025-03-17 00:00:00+00:00
[2025-03-17T15:01:08.797+0600] {processor.py:208} INFO - Processing /home/shamim/airflow_venv/lib/python3.12/site-packages/airflow/example_dags/tutorial_taskflow_templates.py took 0.117 seconds
[2025-03-17T15:01:51.344+0600] {processor.py:186} INFO - Started process (PID=19479) to work on /home/shamim/airflow_venv/lib/python3.12/site-packages/airflow/example_dags/tutorial_taskflow_templates.py
[2025-03-17T15:01:51.352+0600] {processor.py:914} INFO - Processing file /home/shamim/airflow_venv/lib/python3.12/site-packages/airflow/example_dags/tutorial_taskflow_templates.py for tasks to queue
[2025-03-17T15:01:51.360+0600] {logging_mixin.py:190} INFO - [2025-03-17T15:01:51.358+0600] {dagbag.py:588} INFO - Filling up the DagBag from /home/shamim/airflow_venv/lib/python3.12/site-packages/airflow/example_dags/tutorial_taskflow_templates.py
[2025-03-17T15:01:51.408+0600] {processor.py:925} INFO - DAG(s) 'tutorial_taskflow_templates' retrieved from /home/shamim/airflow_venv/lib/python3.12/site-packages/airflow/example_dags/tutorial_taskflow_templates.py
[2025-03-17T15:01:51.431+0600] {logging_mixin.py:190} INFO - [2025-03-17T15:01:51.431+0600] {dag.py:3239} INFO - Sync 1 DAGs
[2025-03-17T15:01:51.458+0600] {logging_mixin.py:190} INFO - [2025-03-17T15:01:51.458+0600] {dag.py:4180} INFO - Setting next_dagrun for tutorial_taskflow_templates to 2025-03-16 00:00:00+00:00, run_after=2025-03-17 00:00:00+00:00
[2025-03-17T15:01:51.496+0600] {processor.py:208} INFO - Processing /home/shamim/airflow_venv/lib/python3.12/site-packages/airflow/example_dags/tutorial_taskflow_templates.py took 0.174 seconds
[2025-03-17T15:03:01.899+0600] {processor.py:186} INFO - Started process (PID=19604) to work on /home/shamim/airflow_venv/lib/python3.12/site-packages/airflow/example_dags/tutorial_taskflow_templates.py
[2025-03-17T15:03:01.905+0600] {processor.py:914} INFO - Processing file /home/shamim/airflow_venv/lib/python3.12/site-packages/airflow/example_dags/tutorial_taskflow_templates.py for tasks to queue
[2025-03-17T15:03:01.908+0600] {logging_mixin.py:190} INFO - [2025-03-17T15:03:01.907+0600] {dagbag.py:588} INFO - Filling up the DagBag from /home/shamim/airflow_venv/lib/python3.12/site-packages/airflow/example_dags/tutorial_taskflow_templates.py
[2025-03-17T15:03:01.924+0600] {processor.py:925} INFO - DAG(s) 'tutorial_taskflow_templates' retrieved from /home/shamim/airflow_venv/lib/python3.12/site-packages/airflow/example_dags/tutorial_taskflow_templates.py
[2025-03-17T15:03:01.943+0600] {logging_mixin.py:190} INFO - [2025-03-17T15:03:01.943+0600] {dag.py:3239} INFO - Sync 1 DAGs
[2025-03-17T15:03:01.971+0600] {logging_mixin.py:190} INFO - [2025-03-17T15:03:01.971+0600] {dag.py:4180} INFO - Setting next_dagrun for tutorial_taskflow_templates to 2025-03-16 00:00:00+00:00, run_after=2025-03-17 00:00:00+00:00
[2025-03-17T15:03:01.993+0600] {processor.py:208} INFO - Processing /home/shamim/airflow_venv/lib/python3.12/site-packages/airflow/example_dags/tutorial_taskflow_templates.py took 0.102 seconds
[2025-03-17T15:03:42.473+0600] {processor.py:186} INFO - Started process (PID=19652) to work on /home/shamim/airflow_venv/lib/python3.12/site-packages/airflow/example_dags/tutorial_taskflow_templates.py
[2025-03-17T15:03:42.479+0600] {processor.py:914} INFO - Processing file /home/shamim/airflow_venv/lib/python3.12/site-packages/airflow/example_dags/tutorial_taskflow_templates.py for tasks to queue
[2025-03-17T15:03:42.483+0600] {logging_mixin.py:190} INFO - [2025-03-17T15:03:42.482+0600] {dagbag.py:588} INFO - Filling up the DagBag from /home/shamim/airflow_venv/lib/python3.12/site-packages/airflow/example_dags/tutorial_taskflow_templates.py
[2025-03-17T15:03:42.502+0600] {processor.py:925} INFO - DAG(s) 'tutorial_taskflow_templates' retrieved from /home/shamim/airflow_venv/lib/python3.12/site-packages/airflow/example_dags/tutorial_taskflow_templates.py
[2025-03-17T15:03:42.524+0600] {logging_mixin.py:190} INFO - [2025-03-17T15:03:42.523+0600] {dag.py:3239} INFO - Sync 1 DAGs
[2025-03-17T15:03:42.548+0600] {logging_mixin.py:190} INFO - [2025-03-17T15:03:42.548+0600] {dag.py:4180} INFO - Setting next_dagrun for tutorial_taskflow_templates to 2025-03-16 00:00:00+00:00, run_after=2025-03-17 00:00:00+00:00
[2025-03-17T15:03:42.584+0600] {processor.py:208} INFO - Processing /home/shamim/airflow_venv/lib/python3.12/site-packages/airflow/example_dags/tutorial_taskflow_templates.py took 0.121 seconds
[2025-03-17T15:05:36.191+0600] {processor.py:186} INFO - Started process (PID=19772) to work on /home/shamim/airflow_venv/lib/python3.12/site-packages/airflow/example_dags/tutorial_taskflow_templates.py
[2025-03-17T15:05:36.193+0600] {processor.py:914} INFO - Processing file /home/shamim/airflow_venv/lib/python3.12/site-packages/airflow/example_dags/tutorial_taskflow_templates.py for tasks to queue
[2025-03-17T15:05:36.198+0600] {logging_mixin.py:190} INFO - [2025-03-17T15:05:36.197+0600] {dagbag.py:588} INFO - Filling up the DagBag from /home/shamim/airflow_venv/lib/python3.12/site-packages/airflow/example_dags/tutorial_taskflow_templates.py
[2025-03-17T15:05:36.231+0600] {processor.py:925} INFO - DAG(s) 'tutorial_taskflow_templates' retrieved from /home/shamim/airflow_venv/lib/python3.12/site-packages/airflow/example_dags/tutorial_taskflow_templates.py
[2025-03-17T15:05:36.274+0600] {logging_mixin.py:190} INFO - [2025-03-17T15:05:36.273+0600] {dag.py:3239} INFO - Sync 1 DAGs
[2025-03-17T15:05:36.312+0600] {logging_mixin.py:190} INFO - [2025-03-17T15:05:36.311+0600] {dag.py:4180} INFO - Setting next_dagrun for tutorial_taskflow_templates to 2025-03-16 00:00:00+00:00, run_after=2025-03-17 00:00:00+00:00
[2025-03-17T15:05:36.346+0600] {processor.py:208} INFO - Processing /home/shamim/airflow_venv/lib/python3.12/site-packages/airflow/example_dags/tutorial_taskflow_templates.py took 0.169 seconds
[2025-03-17T15:06:50.712+0600] {processor.py:186} INFO - Started process (PID=19944) to work on /home/shamim/airflow_venv/lib/python3.12/site-packages/airflow/example_dags/tutorial_taskflow_templates.py
[2025-03-17T15:06:50.715+0600] {processor.py:914} INFO - Processing file /home/shamim/airflow_venv/lib/python3.12/site-packages/airflow/example_dags/tutorial_taskflow_templates.py for tasks to queue
[2025-03-17T15:06:50.722+0600] {logging_mixin.py:190} INFO - [2025-03-17T15:06:50.721+0600] {dagbag.py:588} INFO - Filling up the DagBag from /home/shamim/airflow_venv/lib/python3.12/site-packages/airflow/example_dags/tutorial_taskflow_templates.py
[2025-03-17T15:06:50.747+0600] {processor.py:925} INFO - DAG(s) 'tutorial_taskflow_templates' retrieved from /home/shamim/airflow_venv/lib/python3.12/site-packages/airflow/example_dags/tutorial_taskflow_templates.py
[2025-03-17T15:06:50.775+0600] {logging_mixin.py:190} INFO - [2025-03-17T15:06:50.775+0600] {dag.py:3239} INFO - Sync 1 DAGs
[2025-03-17T15:06:50.804+0600] {logging_mixin.py:190} INFO - [2025-03-17T15:06:50.803+0600] {dag.py:4180} INFO - Setting next_dagrun for tutorial_taskflow_templates to 2025-03-16 00:00:00+00:00, run_after=2025-03-17 00:00:00+00:00
[2025-03-17T15:06:50.827+0600] {processor.py:208} INFO - Processing /home/shamim/airflow_venv/lib/python3.12/site-packages/airflow/example_dags/tutorial_taskflow_templates.py took 0.134 seconds
[2025-03-17T15:07:40.758+0600] {processor.py:186} INFO - Started process (PID=20101) to work on /home/shamim/airflow_venv/lib/python3.12/site-packages/airflow/example_dags/tutorial_taskflow_templates.py
[2025-03-17T15:07:40.764+0600] {processor.py:914} INFO - Processing file /home/shamim/airflow_venv/lib/python3.12/site-packages/airflow/example_dags/tutorial_taskflow_templates.py for tasks to queue
[2025-03-17T15:07:40.767+0600] {logging_mixin.py:190} INFO - [2025-03-17T15:07:40.767+0600] {dagbag.py:588} INFO - Filling up the DagBag from /home/shamim/airflow_venv/lib/python3.12/site-packages/airflow/example_dags/tutorial_taskflow_templates.py
[2025-03-17T15:07:40.787+0600] {processor.py:925} INFO - DAG(s) 'tutorial_taskflow_templates' retrieved from /home/shamim/airflow_venv/lib/python3.12/site-packages/airflow/example_dags/tutorial_taskflow_templates.py
[2025-03-17T15:07:40.808+0600] {logging_mixin.py:190} INFO - [2025-03-17T15:07:40.808+0600] {dag.py:3239} INFO - Sync 1 DAGs
[2025-03-17T15:07:40.838+0600] {logging_mixin.py:190} INFO - [2025-03-17T15:07:40.838+0600] {dag.py:4180} INFO - Setting next_dagrun for tutorial_taskflow_templates to 2025-03-16 00:00:00+00:00, run_after=2025-03-17 00:00:00+00:00
[2025-03-17T15:07:40.876+0600] {processor.py:208} INFO - Processing /home/shamim/airflow_venv/lib/python3.12/site-packages/airflow/example_dags/tutorial_taskflow_templates.py took 0.126 seconds
[2025-03-17T15:08:24.512+0600] {processor.py:186} INFO - Started process (PID=20186) to work on /home/shamim/airflow_venv/lib/python3.12/site-packages/airflow/example_dags/tutorial_taskflow_templates.py
[2025-03-17T15:08:24.516+0600] {processor.py:914} INFO - Processing file /home/shamim/airflow_venv/lib/python3.12/site-packages/airflow/example_dags/tutorial_taskflow_templates.py for tasks to queue
[2025-03-17T15:08:24.519+0600] {logging_mixin.py:190} INFO - [2025-03-17T15:08:24.518+0600] {dagbag.py:588} INFO - Filling up the DagBag from /home/shamim/airflow_venv/lib/python3.12/site-packages/airflow/example_dags/tutorial_taskflow_templates.py
[2025-03-17T15:08:24.542+0600] {processor.py:925} INFO - DAG(s) 'tutorial_taskflow_templates' retrieved from /home/shamim/airflow_venv/lib/python3.12/site-packages/airflow/example_dags/tutorial_taskflow_templates.py
[2025-03-17T15:08:24.566+0600] {logging_mixin.py:190} INFO - [2025-03-17T15:08:24.565+0600] {dag.py:3239} INFO - Sync 1 DAGs
[2025-03-17T15:08:24.602+0600] {logging_mixin.py:190} INFO - [2025-03-17T15:08:24.602+0600] {dag.py:4180} INFO - Setting next_dagrun for tutorial_taskflow_templates to 2025-03-16 00:00:00+00:00, run_after=2025-03-17 00:00:00+00:00
[2025-03-17T15:08:24.645+0600] {processor.py:208} INFO - Processing /home/shamim/airflow_venv/lib/python3.12/site-packages/airflow/example_dags/tutorial_taskflow_templates.py took 0.142 seconds
[2025-03-17T15:09:37.976+0600] {processor.py:186} INFO - Started process (PID=20362) to work on /home/shamim/airflow_venv/lib/python3.12/site-packages/airflow/example_dags/tutorial_taskflow_templates.py
[2025-03-17T15:09:37.983+0600] {processor.py:914} INFO - Processing file /home/shamim/airflow_venv/lib/python3.12/site-packages/airflow/example_dags/tutorial_taskflow_templates.py for tasks to queue
[2025-03-17T15:09:37.987+0600] {logging_mixin.py:190} INFO - [2025-03-17T15:09:37.986+0600] {dagbag.py:588} INFO - Filling up the DagBag from /home/shamim/airflow_venv/lib/python3.12/site-packages/airflow/example_dags/tutorial_taskflow_templates.py
[2025-03-17T15:09:38.006+0600] {processor.py:925} INFO - DAG(s) 'tutorial_taskflow_templates' retrieved from /home/shamim/airflow_venv/lib/python3.12/site-packages/airflow/example_dags/tutorial_taskflow_templates.py
[2025-03-17T15:09:38.026+0600] {logging_mixin.py:190} INFO - [2025-03-17T15:09:38.026+0600] {dag.py:3239} INFO - Sync 1 DAGs
[2025-03-17T15:09:38.055+0600] {logging_mixin.py:190} INFO - [2025-03-17T15:09:38.054+0600] {dag.py:4180} INFO - Setting next_dagrun for tutorial_taskflow_templates to 2025-03-16 00:00:00+00:00, run_after=2025-03-17 00:00:00+00:00
[2025-03-17T15:09:38.094+0600] {processor.py:208} INFO - Processing /home/shamim/airflow_venv/lib/python3.12/site-packages/airflow/example_dags/tutorial_taskflow_templates.py took 0.138 seconds
[2025-03-17T15:12:01.811+0600] {processor.py:186} INFO - Started process (PID=20595) to work on /home/shamim/airflow_venv/lib/python3.12/site-packages/airflow/example_dags/tutorial_taskflow_templates.py
[2025-03-17T15:12:01.812+0600] {processor.py:914} INFO - Processing file /home/shamim/airflow_venv/lib/python3.12/site-packages/airflow/example_dags/tutorial_taskflow_templates.py for tasks to queue
[2025-03-17T15:12:01.815+0600] {logging_mixin.py:190} INFO - [2025-03-17T15:12:01.814+0600] {dagbag.py:588} INFO - Filling up the DagBag from /home/shamim/airflow_venv/lib/python3.12/site-packages/airflow/example_dags/tutorial_taskflow_templates.py
[2025-03-17T15:12:01.837+0600] {processor.py:925} INFO - DAG(s) 'tutorial_taskflow_templates' retrieved from /home/shamim/airflow_venv/lib/python3.12/site-packages/airflow/example_dags/tutorial_taskflow_templates.py
[2025-03-17T15:12:01.862+0600] {logging_mixin.py:190} INFO - [2025-03-17T15:12:01.862+0600] {dag.py:3239} INFO - Sync 1 DAGs
[2025-03-17T15:12:01.898+0600] {logging_mixin.py:190} INFO - [2025-03-17T15:12:01.898+0600] {dag.py:4180} INFO - Setting next_dagrun for tutorial_taskflow_templates to 2025-03-16 00:00:00+00:00, run_after=2025-03-17 00:00:00+00:00
[2025-03-17T15:12:01.927+0600] {processor.py:208} INFO - Processing /home/shamim/airflow_venv/lib/python3.12/site-packages/airflow/example_dags/tutorial_taskflow_templates.py took 0.125 seconds
[2025-03-17T15:19:40.241+0600] {processor.py:186} INFO - Started process (PID=21606) to work on /home/shamim/airflow_venv/lib/python3.12/site-packages/airflow/example_dags/tutorial_taskflow_templates.py
[2025-03-17T15:19:40.243+0600] {processor.py:914} INFO - Processing file /home/shamim/airflow_venv/lib/python3.12/site-packages/airflow/example_dags/tutorial_taskflow_templates.py for tasks to queue
[2025-03-17T15:19:40.245+0600] {logging_mixin.py:190} INFO - [2025-03-17T15:19:40.244+0600] {dagbag.py:588} INFO - Filling up the DagBag from /home/shamim/airflow_venv/lib/python3.12/site-packages/airflow/example_dags/tutorial_taskflow_templates.py
[2025-03-17T15:19:40.261+0600] {processor.py:925} INFO - DAG(s) 'tutorial_taskflow_templates' retrieved from /home/shamim/airflow_venv/lib/python3.12/site-packages/airflow/example_dags/tutorial_taskflow_templates.py
[2025-03-17T15:19:40.280+0600] {logging_mixin.py:190} INFO - [2025-03-17T15:19:40.280+0600] {dag.py:3239} INFO - Sync 1 DAGs
[2025-03-17T15:19:40.310+0600] {logging_mixin.py:190} INFO - [2025-03-17T15:19:40.309+0600] {dag.py:4180} INFO - Setting next_dagrun for tutorial_taskflow_templates to 2025-03-16 00:00:00+00:00, run_after=2025-03-17 00:00:00+00:00
[2025-03-17T15:19:40.346+0600] {processor.py:208} INFO - Processing /home/shamim/airflow_venv/lib/python3.12/site-packages/airflow/example_dags/tutorial_taskflow_templates.py took 0.111 seconds
[2025-03-17T15:27:53.724+0600] {processor.py:186} INFO - Started process (PID=22705) to work on /home/shamim/airflow_venv/lib/python3.12/site-packages/airflow/example_dags/tutorial_taskflow_templates.py
[2025-03-17T15:27:53.725+0600] {processor.py:914} INFO - Processing file /home/shamim/airflow_venv/lib/python3.12/site-packages/airflow/example_dags/tutorial_taskflow_templates.py for tasks to queue
[2025-03-17T15:27:53.728+0600] {logging_mixin.py:190} INFO - [2025-03-17T15:27:53.727+0600] {dagbag.py:588} INFO - Filling up the DagBag from /home/shamim/airflow_venv/lib/python3.12/site-packages/airflow/example_dags/tutorial_taskflow_templates.py
[2025-03-17T15:27:53.749+0600] {processor.py:925} INFO - DAG(s) 'tutorial_taskflow_templates' retrieved from /home/shamim/airflow_venv/lib/python3.12/site-packages/airflow/example_dags/tutorial_taskflow_templates.py
[2025-03-17T15:27:53.769+0600] {logging_mixin.py:190} INFO - [2025-03-17T15:27:53.768+0600] {dag.py:3239} INFO - Sync 1 DAGs
[2025-03-17T15:27:53.799+0600] {logging_mixin.py:190} INFO - [2025-03-17T15:27:53.799+0600] {dag.py:4180} INFO - Setting next_dagrun for tutorial_taskflow_templates to 2025-03-16 00:00:00+00:00, run_after=2025-03-17 00:00:00+00:00
[2025-03-17T15:27:53.826+0600] {processor.py:208} INFO - Processing /home/shamim/airflow_venv/lib/python3.12/site-packages/airflow/example_dags/tutorial_taskflow_templates.py took 0.110 seconds
[2025-03-17T15:31:10.618+0600] {processor.py:186} INFO - Started process (PID=23183) to work on /home/shamim/airflow_venv/lib/python3.12/site-packages/airflow/example_dags/tutorial_taskflow_templates.py
[2025-03-17T15:31:10.631+0600] {processor.py:914} INFO - Processing file /home/shamim/airflow_venv/lib/python3.12/site-packages/airflow/example_dags/tutorial_taskflow_templates.py for tasks to queue
[2025-03-17T15:31:10.638+0600] {logging_mixin.py:190} INFO - [2025-03-17T15:31:10.637+0600] {dagbag.py:588} INFO - Filling up the DagBag from /home/shamim/airflow_venv/lib/python3.12/site-packages/airflow/example_dags/tutorial_taskflow_templates.py
[2025-03-17T15:31:10.685+0600] {processor.py:925} INFO - DAG(s) 'tutorial_taskflow_templates' retrieved from /home/shamim/airflow_venv/lib/python3.12/site-packages/airflow/example_dags/tutorial_taskflow_templates.py
[2025-03-17T15:31:10.747+0600] {logging_mixin.py:190} INFO - [2025-03-17T15:31:10.746+0600] {dag.py:3239} INFO - Sync 1 DAGs
[2025-03-17T15:31:10.805+0600] {logging_mixin.py:190} INFO - [2025-03-17T15:31:10.804+0600] {dag.py:4180} INFO - Setting next_dagrun for tutorial_taskflow_templates to 2025-03-16 00:00:00+00:00, run_after=2025-03-17 00:00:00+00:00
[2025-03-17T15:31:10.845+0600] {processor.py:208} INFO - Processing /home/shamim/airflow_venv/lib/python3.12/site-packages/airflow/example_dags/tutorial_taskflow_templates.py took 0.261 seconds
[2025-03-17T15:31:56.919+0600] {processor.py:186} INFO - Started process (PID=23274) to work on /home/shamim/airflow_venv/lib/python3.12/site-packages/airflow/example_dags/tutorial_taskflow_templates.py
[2025-03-17T15:31:56.921+0600] {processor.py:914} INFO - Processing file /home/shamim/airflow_venv/lib/python3.12/site-packages/airflow/example_dags/tutorial_taskflow_templates.py for tasks to queue
[2025-03-17T15:31:56.926+0600] {logging_mixin.py:190} INFO - [2025-03-17T15:31:56.925+0600] {dagbag.py:588} INFO - Filling up the DagBag from /home/shamim/airflow_venv/lib/python3.12/site-packages/airflow/example_dags/tutorial_taskflow_templates.py
[2025-03-17T15:31:56.957+0600] {processor.py:925} INFO - DAG(s) 'tutorial_taskflow_templates' retrieved from /home/shamim/airflow_venv/lib/python3.12/site-packages/airflow/example_dags/tutorial_taskflow_templates.py
[2025-03-17T15:31:56.991+0600] {logging_mixin.py:190} INFO - [2025-03-17T15:31:56.991+0600] {dag.py:3239} INFO - Sync 1 DAGs
[2025-03-17T15:31:57.029+0600] {logging_mixin.py:190} INFO - [2025-03-17T15:31:57.029+0600] {dag.py:4180} INFO - Setting next_dagrun for tutorial_taskflow_templates to 2025-03-16 00:00:00+00:00, run_after=2025-03-17 00:00:00+00:00
[2025-03-17T15:31:57.060+0600] {processor.py:208} INFO - Processing /home/shamim/airflow_venv/lib/python3.12/site-packages/airflow/example_dags/tutorial_taskflow_templates.py took 0.154 seconds
[2025-03-17T15:33:25.177+0600] {processor.py:186} INFO - Started process (PID=23429) to work on /home/shamim/airflow_venv/lib/python3.12/site-packages/airflow/example_dags/tutorial_taskflow_templates.py
[2025-03-17T15:33:25.191+0600] {processor.py:914} INFO - Processing file /home/shamim/airflow_venv/lib/python3.12/site-packages/airflow/example_dags/tutorial_taskflow_templates.py for tasks to queue
[2025-03-17T15:33:25.194+0600] {logging_mixin.py:190} INFO - [2025-03-17T15:33:25.194+0600] {dagbag.py:588} INFO - Filling up the DagBag from /home/shamim/airflow_venv/lib/python3.12/site-packages/airflow/example_dags/tutorial_taskflow_templates.py
[2025-03-17T15:33:25.215+0600] {processor.py:925} INFO - DAG(s) 'tutorial_taskflow_templates' retrieved from /home/shamim/airflow_venv/lib/python3.12/site-packages/airflow/example_dags/tutorial_taskflow_templates.py
[2025-03-17T15:33:25.238+0600] {logging_mixin.py:190} INFO - [2025-03-17T15:33:25.238+0600] {dag.py:3239} INFO - Sync 1 DAGs
[2025-03-17T15:33:25.270+0600] {logging_mixin.py:190} INFO - [2025-03-17T15:33:25.270+0600] {dag.py:4180} INFO - Setting next_dagrun for tutorial_taskflow_templates to 2025-03-16 00:00:00+00:00, run_after=2025-03-17 00:00:00+00:00
[2025-03-17T15:33:25.296+0600] {processor.py:208} INFO - Processing /home/shamim/airflow_venv/lib/python3.12/site-packages/airflow/example_dags/tutorial_taskflow_templates.py took 0.128 seconds
[2025-03-17T15:34:37.545+0600] {processor.py:186} INFO - Started process (PID=23560) to work on /home/shamim/airflow_venv/lib/python3.12/site-packages/airflow/example_dags/tutorial_taskflow_templates.py
[2025-03-17T15:34:37.578+0600] {processor.py:914} INFO - Processing file /home/shamim/airflow_venv/lib/python3.12/site-packages/airflow/example_dags/tutorial_taskflow_templates.py for tasks to queue
[2025-03-17T15:34:37.581+0600] {logging_mixin.py:190} INFO - [2025-03-17T15:34:37.580+0600] {dagbag.py:588} INFO - Filling up the DagBag from /home/shamim/airflow_venv/lib/python3.12/site-packages/airflow/example_dags/tutorial_taskflow_templates.py
[2025-03-17T15:34:37.604+0600] {processor.py:925} INFO - DAG(s) 'tutorial_taskflow_templates' retrieved from /home/shamim/airflow_venv/lib/python3.12/site-packages/airflow/example_dags/tutorial_taskflow_templates.py
[2025-03-17T15:34:37.627+0600] {logging_mixin.py:190} INFO - [2025-03-17T15:34:37.626+0600] {dag.py:3239} INFO - Sync 1 DAGs
[2025-03-17T15:34:37.665+0600] {logging_mixin.py:190} INFO - [2025-03-17T15:34:37.664+0600] {dag.py:4180} INFO - Setting next_dagrun for tutorial_taskflow_templates to 2025-03-16 00:00:00+00:00, run_after=2025-03-17 00:00:00+00:00
[2025-03-17T15:34:37.698+0600] {processor.py:208} INFO - Processing /home/shamim/airflow_venv/lib/python3.12/site-packages/airflow/example_dags/tutorial_taskflow_templates.py took 0.163 seconds
[2025-03-17T15:35:32.539+0600] {processor.py:186} INFO - Started process (PID=23660) to work on /home/shamim/airflow_venv/lib/python3.12/site-packages/airflow/example_dags/tutorial_taskflow_templates.py
[2025-03-17T15:35:32.546+0600] {processor.py:914} INFO - Processing file /home/shamim/airflow_venv/lib/python3.12/site-packages/airflow/example_dags/tutorial_taskflow_templates.py for tasks to queue
[2025-03-17T15:35:32.552+0600] {logging_mixin.py:190} INFO - [2025-03-17T15:35:32.551+0600] {dagbag.py:588} INFO - Filling up the DagBag from /home/shamim/airflow_venv/lib/python3.12/site-packages/airflow/example_dags/tutorial_taskflow_templates.py
[2025-03-17T15:35:32.590+0600] {processor.py:925} INFO - DAG(s) 'tutorial_taskflow_templates' retrieved from /home/shamim/airflow_venv/lib/python3.12/site-packages/airflow/example_dags/tutorial_taskflow_templates.py
[2025-03-17T15:35:32.628+0600] {logging_mixin.py:190} INFO - [2025-03-17T15:35:32.628+0600] {dag.py:3239} INFO - Sync 1 DAGs
[2025-03-17T15:35:32.655+0600] {logging_mixin.py:190} INFO - [2025-03-17T15:35:32.655+0600] {dag.py:4180} INFO - Setting next_dagrun for tutorial_taskflow_templates to 2025-03-16 00:00:00+00:00, run_after=2025-03-17 00:00:00+00:00
[2025-03-17T15:35:33.535+0600] {processor.py:208} INFO - Processing /home/shamim/airflow_venv/lib/python3.12/site-packages/airflow/example_dags/tutorial_taskflow_templates.py took 1.010 seconds
[2025-03-17T15:36:20.686+0600] {processor.py:186} INFO - Started process (PID=23754) to work on /home/shamim/airflow_venv/lib/python3.12/site-packages/airflow/example_dags/tutorial_taskflow_templates.py
[2025-03-17T15:36:20.692+0600] {processor.py:914} INFO - Processing file /home/shamim/airflow_venv/lib/python3.12/site-packages/airflow/example_dags/tutorial_taskflow_templates.py for tasks to queue
[2025-03-17T15:36:20.696+0600] {logging_mixin.py:190} INFO - [2025-03-17T15:36:20.695+0600] {dagbag.py:588} INFO - Filling up the DagBag from /home/shamim/airflow_venv/lib/python3.12/site-packages/airflow/example_dags/tutorial_taskflow_templates.py
[2025-03-17T15:36:20.724+0600] {processor.py:925} INFO - DAG(s) 'tutorial_taskflow_templates' retrieved from /home/shamim/airflow_venv/lib/python3.12/site-packages/airflow/example_dags/tutorial_taskflow_templates.py
[2025-03-17T15:36:20.747+0600] {logging_mixin.py:190} INFO - [2025-03-17T15:36:20.747+0600] {dag.py:3239} INFO - Sync 1 DAGs
[2025-03-17T15:36:20.782+0600] {logging_mixin.py:190} INFO - [2025-03-17T15:36:20.782+0600] {dag.py:4180} INFO - Setting next_dagrun for tutorial_taskflow_templates to 2025-03-16 00:00:00+00:00, run_after=2025-03-17 00:00:00+00:00
[2025-03-17T15:36:20.821+0600] {processor.py:208} INFO - Processing /home/shamim/airflow_venv/lib/python3.12/site-packages/airflow/example_dags/tutorial_taskflow_templates.py took 0.144 seconds
[2025-03-17T15:37:16.496+0600] {processor.py:186} INFO - Started process (PID=23857) to work on /home/shamim/airflow_venv/lib/python3.12/site-packages/airflow/example_dags/tutorial_taskflow_templates.py
[2025-03-17T15:37:16.502+0600] {processor.py:914} INFO - Processing file /home/shamim/airflow_venv/lib/python3.12/site-packages/airflow/example_dags/tutorial_taskflow_templates.py for tasks to queue
[2025-03-17T15:37:16.504+0600] {logging_mixin.py:190} INFO - [2025-03-17T15:37:16.504+0600] {dagbag.py:588} INFO - Filling up the DagBag from /home/shamim/airflow_venv/lib/python3.12/site-packages/airflow/example_dags/tutorial_taskflow_templates.py
[2025-03-17T15:37:16.526+0600] {processor.py:925} INFO - DAG(s) 'tutorial_taskflow_templates' retrieved from /home/shamim/airflow_venv/lib/python3.12/site-packages/airflow/example_dags/tutorial_taskflow_templates.py
[2025-03-17T15:37:16.554+0600] {logging_mixin.py:190} INFO - [2025-03-17T15:37:16.554+0600] {dag.py:3239} INFO - Sync 1 DAGs
[2025-03-17T15:37:16.594+0600] {logging_mixin.py:190} INFO - [2025-03-17T15:37:16.594+0600] {dag.py:4180} INFO - Setting next_dagrun for tutorial_taskflow_templates to 2025-03-16 00:00:00+00:00, run_after=2025-03-17 00:00:00+00:00
[2025-03-17T15:37:16.636+0600] {processor.py:208} INFO - Processing /home/shamim/airflow_venv/lib/python3.12/site-packages/airflow/example_dags/tutorial_taskflow_templates.py took 0.151 seconds
[2025-03-17T15:39:33.694+0600] {processor.py:186} INFO - Started process (PID=24212) to work on /home/shamim/airflow_venv/lib/python3.12/site-packages/airflow/example_dags/tutorial_taskflow_templates.py
[2025-03-17T15:39:33.696+0600] {processor.py:914} INFO - Processing file /home/shamim/airflow_venv/lib/python3.12/site-packages/airflow/example_dags/tutorial_taskflow_templates.py for tasks to queue
[2025-03-17T15:39:33.698+0600] {logging_mixin.py:190} INFO - [2025-03-17T15:39:33.698+0600] {dagbag.py:588} INFO - Filling up the DagBag from /home/shamim/airflow_venv/lib/python3.12/site-packages/airflow/example_dags/tutorial_taskflow_templates.py
[2025-03-17T15:39:33.717+0600] {processor.py:925} INFO - DAG(s) 'tutorial_taskflow_templates' retrieved from /home/shamim/airflow_venv/lib/python3.12/site-packages/airflow/example_dags/tutorial_taskflow_templates.py
[2025-03-17T15:39:33.736+0600] {logging_mixin.py:190} INFO - [2025-03-17T15:39:33.736+0600] {dag.py:3239} INFO - Sync 1 DAGs
[2025-03-17T15:39:33.764+0600] {logging_mixin.py:190} INFO - [2025-03-17T15:39:33.763+0600] {dag.py:4180} INFO - Setting next_dagrun for tutorial_taskflow_templates to 2025-03-16 00:00:00+00:00, run_after=2025-03-17 00:00:00+00:00
[2025-03-17T15:39:33.798+0600] {processor.py:208} INFO - Processing /home/shamim/airflow_venv/lib/python3.12/site-packages/airflow/example_dags/tutorial_taskflow_templates.py took 0.111 seconds
