[2025-03-17T14:59:44.200+0600] {processor.py:186} INFO - Started process (PID=19248) to work on /home/shamim/airflow_venv/lib/python3.12/site-packages/airflow/example_dags/subdags/subdag.py
[2025-03-17T14:59:44.201+0600] {processor.py:914} INFO - Processing file /home/shamim/airflow_venv/lib/python3.12/site-packages/airflow/example_dags/subdags/subdag.py for tasks to queue
[2025-03-17T14:59:44.203+0600] {logging_mixin.py:190} INFO - [2025-03-17T14:59:44.203+0600] {dagbag.py:588} INFO - Filling up the DagBag from /home/shamim/airflow_venv/lib/python3.12/site-packages/airflow/example_dags/subdags/subdag.py
[2025-03-17T14:59:44.206+0600] {processor.py:927} WARNING - No viable dags retrieved from /home/shamim/airflow_venv/lib/python3.12/site-packages/airflow/example_dags/subdags/subdag.py
[2025-03-17T14:59:44.217+0600] {processor.py:208} INFO - Processing /home/shamim/airflow_venv/lib/python3.12/site-packages/airflow/example_dags/subdags/subdag.py took 0.027 seconds
[2025-03-17T15:01:00.108+0600] {processor.py:186} INFO - Started process (PID=19406) to work on /home/shamim/airflow_venv/lib/python3.12/site-packages/airflow/example_dags/subdags/subdag.py
[2025-03-17T15:01:00.115+0600] {processor.py:914} INFO - Processing file /home/shamim/airflow_venv/lib/python3.12/site-packages/airflow/example_dags/subdags/subdag.py for tasks to queue
[2025-03-17T15:01:00.118+0600] {logging_mixin.py:190} INFO - [2025-03-17T15:01:00.118+0600] {dagbag.py:588} INFO - Filling up the DagBag from /home/shamim/airflow_venv/lib/python3.12/site-packages/airflow/example_dags/subdags/subdag.py
[2025-03-17T15:01:00.121+0600] {processor.py:927} WARNING - No viable dags retrieved from /home/shamim/airflow_venv/lib/python3.12/site-packages/airflow/example_dags/subdags/subdag.py
[2025-03-17T15:01:00.133+0600] {processor.py:208} INFO - Processing /home/shamim/airflow_venv/lib/python3.12/site-packages/airflow/example_dags/subdags/subdag.py took 0.031 seconds
[2025-03-17T15:01:42.797+0600] {processor.py:186} INFO - Started process (PID=19470) to work on /home/shamim/airflow_venv/lib/python3.12/site-packages/airflow/example_dags/subdags/subdag.py
[2025-03-17T15:01:42.804+0600] {processor.py:914} INFO - Processing file /home/shamim/airflow_venv/lib/python3.12/site-packages/airflow/example_dags/subdags/subdag.py for tasks to queue
[2025-03-17T15:01:42.808+0600] {logging_mixin.py:190} INFO - [2025-03-17T15:01:42.807+0600] {dagbag.py:588} INFO - Filling up the DagBag from /home/shamim/airflow_venv/lib/python3.12/site-packages/airflow/example_dags/subdags/subdag.py
[2025-03-17T15:01:42.812+0600] {processor.py:927} WARNING - No viable dags retrieved from /home/shamim/airflow_venv/lib/python3.12/site-packages/airflow/example_dags/subdags/subdag.py
[2025-03-17T15:01:42.831+0600] {processor.py:208} INFO - Processing /home/shamim/airflow_venv/lib/python3.12/site-packages/airflow/example_dags/subdags/subdag.py took 0.042 seconds
[2025-03-17T15:02:19.644+0600] {processor.py:186} INFO - Started process (PID=19505) to work on /home/shamim/airflow_venv/lib/python3.12/site-packages/airflow/example_dags/subdags/subdag.py
[2025-03-17T15:02:19.653+0600] {processor.py:914} INFO - Processing file /home/shamim/airflow_venv/lib/python3.12/site-packages/airflow/example_dags/subdags/subdag.py for tasks to queue
[2025-03-17T15:02:19.664+0600] {logging_mixin.py:190} INFO - [2025-03-17T15:02:19.662+0600] {dagbag.py:588} INFO - Filling up the DagBag from /home/shamim/airflow_venv/lib/python3.12/site-packages/airflow/example_dags/subdags/subdag.py
[2025-03-17T15:02:19.672+0600] {processor.py:927} WARNING - No viable dags retrieved from /home/shamim/airflow_venv/lib/python3.12/site-packages/airflow/example_dags/subdags/subdag.py
[2025-03-17T15:02:19.704+0600] {processor.py:208} INFO - Processing /home/shamim/airflow_venv/lib/python3.12/site-packages/airflow/example_dags/subdags/subdag.py took 0.085 seconds
[2025-03-17T15:02:54.957+0600] {processor.py:186} INFO - Started process (PID=19597) to work on /home/shamim/airflow_venv/lib/python3.12/site-packages/airflow/example_dags/subdags/subdag.py
[2025-03-17T15:02:54.963+0600] {processor.py:914} INFO - Processing file /home/shamim/airflow_venv/lib/python3.12/site-packages/airflow/example_dags/subdags/subdag.py for tasks to queue
[2025-03-17T15:02:54.965+0600] {logging_mixin.py:190} INFO - [2025-03-17T15:02:54.965+0600] {dagbag.py:588} INFO - Filling up the DagBag from /home/shamim/airflow_venv/lib/python3.12/site-packages/airflow/example_dags/subdags/subdag.py
[2025-03-17T15:02:54.968+0600] {processor.py:927} WARNING - No viable dags retrieved from /home/shamim/airflow_venv/lib/python3.12/site-packages/airflow/example_dags/subdags/subdag.py
[2025-03-17T15:02:54.981+0600] {processor.py:208} INFO - Processing /home/shamim/airflow_venv/lib/python3.12/site-packages/airflow/example_dags/subdags/subdag.py took 0.033 seconds
[2025-03-17T15:03:32.965+0600] {processor.py:186} INFO - Started process (PID=19631) to work on /home/shamim/airflow_venv/lib/python3.12/site-packages/airflow/example_dags/subdags/subdag.py
[2025-03-17T15:03:32.971+0600] {processor.py:914} INFO - Processing file /home/shamim/airflow_venv/lib/python3.12/site-packages/airflow/example_dags/subdags/subdag.py for tasks to queue
[2025-03-17T15:03:32.974+0600] {logging_mixin.py:190} INFO - [2025-03-17T15:03:32.974+0600] {dagbag.py:588} INFO - Filling up the DagBag from /home/shamim/airflow_venv/lib/python3.12/site-packages/airflow/example_dags/subdags/subdag.py
[2025-03-17T15:03:32.978+0600] {processor.py:927} WARNING - No viable dags retrieved from /home/shamim/airflow_venv/lib/python3.12/site-packages/airflow/example_dags/subdags/subdag.py
[2025-03-17T15:03:32.992+0600] {processor.py:208} INFO - Processing /home/shamim/airflow_venv/lib/python3.12/site-packages/airflow/example_dags/subdags/subdag.py took 0.036 seconds
[2025-03-17T15:04:10.734+0600] {processor.py:186} INFO - Started process (PID=19690) to work on /home/shamim/airflow_venv/lib/python3.12/site-packages/airflow/example_dags/subdags/subdag.py
[2025-03-17T15:04:10.761+0600] {processor.py:914} INFO - Processing file /home/shamim/airflow_venv/lib/python3.12/site-packages/airflow/example_dags/subdags/subdag.py for tasks to queue
[2025-03-17T15:04:10.763+0600] {logging_mixin.py:190} INFO - [2025-03-17T15:04:10.763+0600] {dagbag.py:588} INFO - Filling up the DagBag from /home/shamim/airflow_venv/lib/python3.12/site-packages/airflow/example_dags/subdags/subdag.py
[2025-03-17T15:04:10.766+0600] {processor.py:927} WARNING - No viable dags retrieved from /home/shamim/airflow_venv/lib/python3.12/site-packages/airflow/example_dags/subdags/subdag.py
[2025-03-17T15:04:10.778+0600] {processor.py:208} INFO - Processing /home/shamim/airflow_venv/lib/python3.12/site-packages/airflow/example_dags/subdags/subdag.py took 0.051 seconds
[2025-03-17T15:05:27.496+0600] {processor.py:186} INFO - Started process (PID=19739) to work on /home/shamim/airflow_venv/lib/python3.12/site-packages/airflow/example_dags/subdags/subdag.py
[2025-03-17T15:05:27.502+0600] {processor.py:914} INFO - Processing file /home/shamim/airflow_venv/lib/python3.12/site-packages/airflow/example_dags/subdags/subdag.py for tasks to queue
[2025-03-17T15:05:27.505+0600] {logging_mixin.py:190} INFO - [2025-03-17T15:05:27.505+0600] {dagbag.py:588} INFO - Filling up the DagBag from /home/shamim/airflow_venv/lib/python3.12/site-packages/airflow/example_dags/subdags/subdag.py
[2025-03-17T15:05:27.508+0600] {processor.py:927} WARNING - No viable dags retrieved from /home/shamim/airflow_venv/lib/python3.12/site-packages/airflow/example_dags/subdags/subdag.py
[2025-03-17T15:05:27.519+0600] {processor.py:208} INFO - Processing /home/shamim/airflow_venv/lib/python3.12/site-packages/airflow/example_dags/subdags/subdag.py took 0.030 seconds
[2025-03-17T15:06:41.769+0600] {processor.py:186} INFO - Started process (PID=19929) to work on /home/shamim/airflow_venv/lib/python3.12/site-packages/airflow/example_dags/subdags/subdag.py
[2025-03-17T15:06:41.775+0600] {processor.py:914} INFO - Processing file /home/shamim/airflow_venv/lib/python3.12/site-packages/airflow/example_dags/subdags/subdag.py for tasks to queue
[2025-03-17T15:06:41.778+0600] {logging_mixin.py:190} INFO - [2025-03-17T15:06:41.778+0600] {dagbag.py:588} INFO - Filling up the DagBag from /home/shamim/airflow_venv/lib/python3.12/site-packages/airflow/example_dags/subdags/subdag.py
[2025-03-17T15:06:41.781+0600] {processor.py:927} WARNING - No viable dags retrieved from /home/shamim/airflow_venv/lib/python3.12/site-packages/airflow/example_dags/subdags/subdag.py
[2025-03-17T15:06:41.792+0600] {processor.py:208} INFO - Processing /home/shamim/airflow_venv/lib/python3.12/site-packages/airflow/example_dags/subdags/subdag.py took 0.030 seconds
[2025-03-17T15:07:31.916+0600] {processor.py:186} INFO - Started process (PID=20093) to work on /home/shamim/airflow_venv/lib/python3.12/site-packages/airflow/example_dags/subdags/subdag.py
[2025-03-17T15:07:31.920+0600] {processor.py:914} INFO - Processing file /home/shamim/airflow_venv/lib/python3.12/site-packages/airflow/example_dags/subdags/subdag.py for tasks to queue
[2025-03-17T15:07:31.925+0600] {logging_mixin.py:190} INFO - [2025-03-17T15:07:31.924+0600] {dagbag.py:588} INFO - Filling up the DagBag from /home/shamim/airflow_venv/lib/python3.12/site-packages/airflow/example_dags/subdags/subdag.py
[2025-03-17T15:07:31.930+0600] {processor.py:927} WARNING - No viable dags retrieved from /home/shamim/airflow_venv/lib/python3.12/site-packages/airflow/example_dags/subdags/subdag.py
[2025-03-17T15:07:31.954+0600] {processor.py:208} INFO - Processing /home/shamim/airflow_venv/lib/python3.12/site-packages/airflow/example_dags/subdags/subdag.py took 0.054 seconds
[2025-03-17T15:08:15.057+0600] {processor.py:186} INFO - Started process (PID=20171) to work on /home/shamim/airflow_venv/lib/python3.12/site-packages/airflow/example_dags/subdags/subdag.py
[2025-03-17T15:08:15.063+0600] {processor.py:914} INFO - Processing file /home/shamim/airflow_venv/lib/python3.12/site-packages/airflow/example_dags/subdags/subdag.py for tasks to queue
[2025-03-17T15:08:15.068+0600] {logging_mixin.py:190} INFO - [2025-03-17T15:08:15.066+0600] {dagbag.py:588} INFO - Filling up the DagBag from /home/shamim/airflow_venv/lib/python3.12/site-packages/airflow/example_dags/subdags/subdag.py
[2025-03-17T15:08:15.072+0600] {processor.py:927} WARNING - No viable dags retrieved from /home/shamim/airflow_venv/lib/python3.12/site-packages/airflow/example_dags/subdags/subdag.py
[2025-03-17T15:08:15.085+0600] {processor.py:208} INFO - Processing /home/shamim/airflow_venv/lib/python3.12/site-packages/airflow/example_dags/subdags/subdag.py took 0.037 seconds
[2025-03-17T15:08:53.860+0600] {processor.py:186} INFO - Started process (PID=20260) to work on /home/shamim/airflow_venv/lib/python3.12/site-packages/airflow/example_dags/subdags/subdag.py
[2025-03-17T15:08:53.866+0600] {processor.py:914} INFO - Processing file /home/shamim/airflow_venv/lib/python3.12/site-packages/airflow/example_dags/subdags/subdag.py for tasks to queue
[2025-03-17T15:08:53.869+0600] {logging_mixin.py:190} INFO - [2025-03-17T15:08:53.869+0600] {dagbag.py:588} INFO - Filling up the DagBag from /home/shamim/airflow_venv/lib/python3.12/site-packages/airflow/example_dags/subdags/subdag.py
[2025-03-17T15:08:53.872+0600] {processor.py:927} WARNING - No viable dags retrieved from /home/shamim/airflow_venv/lib/python3.12/site-packages/airflow/example_dags/subdags/subdag.py
[2025-03-17T15:08:53.885+0600] {processor.py:208} INFO - Processing /home/shamim/airflow_venv/lib/python3.12/site-packages/airflow/example_dags/subdags/subdag.py took 0.034 seconds
[2025-03-17T15:09:30.235+0600] {processor.py:186} INFO - Started process (PID=20346) to work on /home/shamim/airflow_venv/lib/python3.12/site-packages/airflow/example_dags/subdags/subdag.py
[2025-03-17T15:09:30.238+0600] {processor.py:914} INFO - Processing file /home/shamim/airflow_venv/lib/python3.12/site-packages/airflow/example_dags/subdags/subdag.py for tasks to queue
[2025-03-17T15:09:30.241+0600] {logging_mixin.py:190} INFO - [2025-03-17T15:09:30.241+0600] {dagbag.py:588} INFO - Filling up the DagBag from /home/shamim/airflow_venv/lib/python3.12/site-packages/airflow/example_dags/subdags/subdag.py
[2025-03-17T15:09:30.244+0600] {processor.py:927} WARNING - No viable dags retrieved from /home/shamim/airflow_venv/lib/python3.12/site-packages/airflow/example_dags/subdags/subdag.py
[2025-03-17T15:09:30.257+0600] {processor.py:208} INFO - Processing /home/shamim/airflow_venv/lib/python3.12/site-packages/airflow/example_dags/subdags/subdag.py took 0.030 seconds
[2025-03-17T15:10:23.119+0600] {processor.py:186} INFO - Started process (PID=20432) to work on /home/shamim/airflow_venv/lib/python3.12/site-packages/airflow/example_dags/subdags/subdag.py
[2025-03-17T15:10:23.132+0600] {processor.py:914} INFO - Processing file /home/shamim/airflow_venv/lib/python3.12/site-packages/airflow/example_dags/subdags/subdag.py for tasks to queue
[2025-03-17T15:10:23.136+0600] {logging_mixin.py:190} INFO - [2025-03-17T15:10:23.135+0600] {dagbag.py:588} INFO - Filling up the DagBag from /home/shamim/airflow_venv/lib/python3.12/site-packages/airflow/example_dags/subdags/subdag.py
[2025-03-17T15:10:23.141+0600] {processor.py:927} WARNING - No viable dags retrieved from /home/shamim/airflow_venv/lib/python3.12/site-packages/airflow/example_dags/subdags/subdag.py
[2025-03-17T15:10:23.160+0600] {processor.py:208} INFO - Processing /home/shamim/airflow_venv/lib/python3.12/site-packages/airflow/example_dags/subdags/subdag.py took 0.051 seconds
[2025-03-17T15:18:29.789+0600] {processor.py:186} INFO - Started process (PID=21415) to work on /home/shamim/airflow_venv/lib/python3.12/site-packages/airflow/example_dags/subdags/subdag.py
[2025-03-17T15:18:29.807+0600] {processor.py:914} INFO - Processing file /home/shamim/airflow_venv/lib/python3.12/site-packages/airflow/example_dags/subdags/subdag.py for tasks to queue
[2025-03-17T15:18:29.809+0600] {logging_mixin.py:190} INFO - [2025-03-17T15:18:29.809+0600] {dagbag.py:588} INFO - Filling up the DagBag from /home/shamim/airflow_venv/lib/python3.12/site-packages/airflow/example_dags/subdags/subdag.py
[2025-03-17T15:18:29.813+0600] {processor.py:927} WARNING - No viable dags retrieved from /home/shamim/airflow_venv/lib/python3.12/site-packages/airflow/example_dags/subdags/subdag.py
[2025-03-17T15:18:29.825+0600] {processor.py:208} INFO - Processing /home/shamim/airflow_venv/lib/python3.12/site-packages/airflow/example_dags/subdags/subdag.py took 0.043 seconds
[2025-03-17T15:27:23.388+0600] {processor.py:186} INFO - Started process (PID=22598) to work on /home/shamim/airflow_venv/lib/python3.12/site-packages/airflow/example_dags/subdags/subdag.py
[2025-03-17T15:27:23.392+0600] {processor.py:914} INFO - Processing file /home/shamim/airflow_venv/lib/python3.12/site-packages/airflow/example_dags/subdags/subdag.py for tasks to queue
[2025-03-17T15:27:23.396+0600] {logging_mixin.py:190} INFO - [2025-03-17T15:27:23.396+0600] {dagbag.py:588} INFO - Filling up the DagBag from /home/shamim/airflow_venv/lib/python3.12/site-packages/airflow/example_dags/subdags/subdag.py
[2025-03-17T15:27:23.401+0600] {processor.py:927} WARNING - No viable dags retrieved from /home/shamim/airflow_venv/lib/python3.12/site-packages/airflow/example_dags/subdags/subdag.py
[2025-03-17T15:27:23.421+0600] {processor.py:208} INFO - Processing /home/shamim/airflow_venv/lib/python3.12/site-packages/airflow/example_dags/subdags/subdag.py took 0.046 seconds
[2025-03-17T15:30:52.988+0600] {processor.py:186} INFO - Started process (PID=23142) to work on /home/shamim/airflow_venv/lib/python3.12/site-packages/airflow/example_dags/subdags/subdag.py
[2025-03-17T15:30:52.994+0600] {processor.py:914} INFO - Processing file /home/shamim/airflow_venv/lib/python3.12/site-packages/airflow/example_dags/subdags/subdag.py for tasks to queue
[2025-03-17T15:30:53.000+0600] {logging_mixin.py:190} INFO - [2025-03-17T15:30:52.999+0600] {dagbag.py:588} INFO - Filling up the DagBag from /home/shamim/airflow_venv/lib/python3.12/site-packages/airflow/example_dags/subdags/subdag.py
[2025-03-17T15:30:53.004+0600] {processor.py:927} WARNING - No viable dags retrieved from /home/shamim/airflow_venv/lib/python3.12/site-packages/airflow/example_dags/subdags/subdag.py
[2025-03-17T15:30:53.025+0600] {processor.py:208} INFO - Processing /home/shamim/airflow_venv/lib/python3.12/site-packages/airflow/example_dags/subdags/subdag.py took 0.050 seconds
[2025-03-17T15:31:48.959+0600] {processor.py:186} INFO - Started process (PID=23256) to work on /home/shamim/airflow_venv/lib/python3.12/site-packages/airflow/example_dags/subdags/subdag.py
[2025-03-17T15:31:48.963+0600] {processor.py:914} INFO - Processing file /home/shamim/airflow_venv/lib/python3.12/site-packages/airflow/example_dags/subdags/subdag.py for tasks to queue
[2025-03-17T15:31:48.966+0600] {logging_mixin.py:190} INFO - [2025-03-17T15:31:48.966+0600] {dagbag.py:588} INFO - Filling up the DagBag from /home/shamim/airflow_venv/lib/python3.12/site-packages/airflow/example_dags/subdags/subdag.py
[2025-03-17T15:31:48.969+0600] {processor.py:927} WARNING - No viable dags retrieved from /home/shamim/airflow_venv/lib/python3.12/site-packages/airflow/example_dags/subdags/subdag.py
[2025-03-17T15:31:48.981+0600] {processor.py:208} INFO - Processing /home/shamim/airflow_venv/lib/python3.12/site-packages/airflow/example_dags/subdags/subdag.py took 0.029 seconds
[2025-03-17T15:32:24.151+0600] {processor.py:186} INFO - Started process (PID=23315) to work on /home/shamim/airflow_venv/lib/python3.12/site-packages/airflow/example_dags/subdags/subdag.py
[2025-03-17T15:32:24.159+0600] {processor.py:914} INFO - Processing file /home/shamim/airflow_venv/lib/python3.12/site-packages/airflow/example_dags/subdags/subdag.py for tasks to queue
[2025-03-17T15:32:24.166+0600] {logging_mixin.py:190} INFO - [2025-03-17T15:32:24.165+0600] {dagbag.py:588} INFO - Filling up the DagBag from /home/shamim/airflow_venv/lib/python3.12/site-packages/airflow/example_dags/subdags/subdag.py
[2025-03-17T15:32:24.174+0600] {processor.py:927} WARNING - No viable dags retrieved from /home/shamim/airflow_venv/lib/python3.12/site-packages/airflow/example_dags/subdags/subdag.py
[2025-03-17T15:32:24.200+0600] {processor.py:208} INFO - Processing /home/shamim/airflow_venv/lib/python3.12/site-packages/airflow/example_dags/subdags/subdag.py took 0.071 seconds
[2025-03-17T15:33:16.169+0600] {processor.py:186} INFO - Started process (PID=23421) to work on /home/shamim/airflow_venv/lib/python3.12/site-packages/airflow/example_dags/subdags/subdag.py
[2025-03-17T15:33:16.176+0600] {processor.py:914} INFO - Processing file /home/shamim/airflow_venv/lib/python3.12/site-packages/airflow/example_dags/subdags/subdag.py for tasks to queue
[2025-03-17T15:33:16.179+0600] {logging_mixin.py:190} INFO - [2025-03-17T15:33:16.179+0600] {dagbag.py:588} INFO - Filling up the DagBag from /home/shamim/airflow_venv/lib/python3.12/site-packages/airflow/example_dags/subdags/subdag.py
[2025-03-17T15:33:16.184+0600] {processor.py:927} WARNING - No viable dags retrieved from /home/shamim/airflow_venv/lib/python3.12/site-packages/airflow/example_dags/subdags/subdag.py
[2025-03-17T15:33:16.197+0600] {processor.py:208} INFO - Processing /home/shamim/airflow_venv/lib/python3.12/site-packages/airflow/example_dags/subdags/subdag.py took 0.047 seconds
[2025-03-17T15:33:50.890+0600] {processor.py:186} INFO - Started process (PID=23459) to work on /home/shamim/airflow_venv/lib/python3.12/site-packages/airflow/example_dags/subdags/subdag.py
[2025-03-17T15:33:50.891+0600] {processor.py:914} INFO - Processing file /home/shamim/airflow_venv/lib/python3.12/site-packages/airflow/example_dags/subdags/subdag.py for tasks to queue
[2025-03-17T15:33:50.894+0600] {logging_mixin.py:190} INFO - [2025-03-17T15:33:50.893+0600] {dagbag.py:588} INFO - Filling up the DagBag from /home/shamim/airflow_venv/lib/python3.12/site-packages/airflow/example_dags/subdags/subdag.py
[2025-03-17T15:33:50.897+0600] {processor.py:927} WARNING - No viable dags retrieved from /home/shamim/airflow_venv/lib/python3.12/site-packages/airflow/example_dags/subdags/subdag.py
[2025-03-17T15:33:50.910+0600] {processor.py:208} INFO - Processing /home/shamim/airflow_venv/lib/python3.12/site-packages/airflow/example_dags/subdags/subdag.py took 0.027 seconds
[2025-03-17T15:34:28.902+0600] {processor.py:186} INFO - Started process (PID=23534) to work on /home/shamim/airflow_venv/lib/python3.12/site-packages/airflow/example_dags/subdags/subdag.py
[2025-03-17T15:34:28.908+0600] {processor.py:914} INFO - Processing file /home/shamim/airflow_venv/lib/python3.12/site-packages/airflow/example_dags/subdags/subdag.py for tasks to queue
[2025-03-17T15:34:28.912+0600] {logging_mixin.py:190} INFO - [2025-03-17T15:34:28.912+0600] {dagbag.py:588} INFO - Filling up the DagBag from /home/shamim/airflow_venv/lib/python3.12/site-packages/airflow/example_dags/subdags/subdag.py
[2025-03-17T15:34:28.916+0600] {processor.py:927} WARNING - No viable dags retrieved from /home/shamim/airflow_venv/lib/python3.12/site-packages/airflow/example_dags/subdags/subdag.py
[2025-03-17T15:34:28.930+0600] {processor.py:208} INFO - Processing /home/shamim/airflow_venv/lib/python3.12/site-packages/airflow/example_dags/subdags/subdag.py took 0.037 seconds
[2025-03-17T15:35:25.323+0600] {processor.py:186} INFO - Started process (PID=23641) to work on /home/shamim/airflow_venv/lib/python3.12/site-packages/airflow/example_dags/subdags/subdag.py
[2025-03-17T15:35:25.330+0600] {processor.py:914} INFO - Processing file /home/shamim/airflow_venv/lib/python3.12/site-packages/airflow/example_dags/subdags/subdag.py for tasks to queue
[2025-03-17T15:35:25.333+0600] {logging_mixin.py:190} INFO - [2025-03-17T15:35:25.333+0600] {dagbag.py:588} INFO - Filling up the DagBag from /home/shamim/airflow_venv/lib/python3.12/site-packages/airflow/example_dags/subdags/subdag.py
[2025-03-17T15:35:25.338+0600] {processor.py:927} WARNING - No viable dags retrieved from /home/shamim/airflow_venv/lib/python3.12/site-packages/airflow/example_dags/subdags/subdag.py
[2025-03-17T15:35:25.353+0600] {processor.py:208} INFO - Processing /home/shamim/airflow_venv/lib/python3.12/site-packages/airflow/example_dags/subdags/subdag.py took 0.040 seconds
[2025-03-17T15:36:12.701+0600] {processor.py:186} INFO - Started process (PID=23736) to work on /home/shamim/airflow_venv/lib/python3.12/site-packages/airflow/example_dags/subdags/subdag.py
[2025-03-17T15:36:12.713+0600] {processor.py:914} INFO - Processing file /home/shamim/airflow_venv/lib/python3.12/site-packages/airflow/example_dags/subdags/subdag.py for tasks to queue
[2025-03-17T15:36:12.716+0600] {logging_mixin.py:190} INFO - [2025-03-17T15:36:12.716+0600] {dagbag.py:588} INFO - Filling up the DagBag from /home/shamim/airflow_venv/lib/python3.12/site-packages/airflow/example_dags/subdags/subdag.py
[2025-03-17T15:36:12.720+0600] {processor.py:927} WARNING - No viable dags retrieved from /home/shamim/airflow_venv/lib/python3.12/site-packages/airflow/example_dags/subdags/subdag.py
[2025-03-17T15:36:12.735+0600] {processor.py:208} INFO - Processing /home/shamim/airflow_venv/lib/python3.12/site-packages/airflow/example_dags/subdags/subdag.py took 0.043 seconds
[2025-03-17T15:37:06.812+0600] {processor.py:186} INFO - Started process (PID=23848) to work on /home/shamim/airflow_venv/lib/python3.12/site-packages/airflow/example_dags/subdags/subdag.py
[2025-03-17T15:37:06.818+0600] {processor.py:914} INFO - Processing file /home/shamim/airflow_venv/lib/python3.12/site-packages/airflow/example_dags/subdags/subdag.py for tasks to queue
[2025-03-17T15:37:06.821+0600] {logging_mixin.py:190} INFO - [2025-03-17T15:37:06.820+0600] {dagbag.py:588} INFO - Filling up the DagBag from /home/shamim/airflow_venv/lib/python3.12/site-packages/airflow/example_dags/subdags/subdag.py
[2025-03-17T15:37:06.824+0600] {processor.py:927} WARNING - No viable dags retrieved from /home/shamim/airflow_venv/lib/python3.12/site-packages/airflow/example_dags/subdags/subdag.py
[2025-03-17T15:37:06.837+0600] {processor.py:208} INFO - Processing /home/shamim/airflow_venv/lib/python3.12/site-packages/airflow/example_dags/subdags/subdag.py took 0.034 seconds
[2025-03-17T15:38:10.577+0600] {processor.py:186} INFO - Started process (PID=23996) to work on /home/shamim/airflow_venv/lib/python3.12/site-packages/airflow/example_dags/subdags/subdag.py
[2025-03-17T15:38:10.579+0600] {processor.py:914} INFO - Processing file /home/shamim/airflow_venv/lib/python3.12/site-packages/airflow/example_dags/subdags/subdag.py for tasks to queue
[2025-03-17T15:38:10.582+0600] {logging_mixin.py:190} INFO - [2025-03-17T15:38:10.581+0600] {dagbag.py:588} INFO - Filling up the DagBag from /home/shamim/airflow_venv/lib/python3.12/site-packages/airflow/example_dags/subdags/subdag.py
[2025-03-17T15:38:10.585+0600] {processor.py:927} WARNING - No viable dags retrieved from /home/shamim/airflow_venv/lib/python3.12/site-packages/airflow/example_dags/subdags/subdag.py
[2025-03-17T15:38:10.597+0600] {processor.py:208} INFO - Processing /home/shamim/airflow_venv/lib/python3.12/site-packages/airflow/example_dags/subdags/subdag.py took 0.027 seconds
