[2025-03-17T15:10:38.413+0600] {local_task_job_runner.py:123} INFO - ::group::Pre task execution logs
[2025-03-17T15:10:38.432+0600] {taskinstance.py:2614} INFO - Dependencies all met for dep_context=non-requeueable deps ti=<TaskInstance: etl_airflow_rest_api_dag.fetch_task scheduled__2025-03-10T02:00:00+00:00 [queued]>
[2025-03-17T15:10:38.441+0600] {taskinstance.py:2614} INFO - Dependencies all met for dep_context=requeueable deps ti=<TaskInstance: etl_airflow_rest_api_dag.fetch_task scheduled__2025-03-10T02:00:00+00:00 [queued]>
[2025-03-17T15:10:38.441+0600] {taskinstance.py:2867} INFO - Starting attempt 1 of 1
[2025-03-17T15:10:38.465+0600] {taskinstance.py:2890} INFO - Executing <Task(PythonOperator): fetch_task> on 2025-03-10 02:00:00+00:00
[2025-03-17T15:10:38.481+0600] {standard_task_runner.py:104} INFO - Running: ['airflow', 'tasks', 'run', 'etl_airflow_rest_api_dag', 'fetch_task', 'scheduled__2025-03-10T02:00:00+00:00', '--job-id', '8', '--raw', '--subdir', 'DAGS_FOLDER/etl_airflow_rest_api_open_weather_data.py', '--cfg-path', '/tmp/tmp65v0f0pv']
[2025-03-17T15:10:38.484+0600] {standard_task_runner.py:105} INFO - Job 8: Subtask fetch_task
[2025-03-17T15:10:38.490+0600] {logging_mixin.py:190} WARNING - /home/shamim/airflow_venv/lib/python3.12/site-packages/airflow/task/task_runner/standard_task_runner.py:70 DeprecationWarning: This process (pid=20453) is multi-threaded, use of fork() may lead to deadlocks in the child.
[2025-03-17T15:10:38.492+0600] {standard_task_runner.py:72} INFO - Started process 20461 to run task
[2025-03-17T15:10:38.547+0600] {task_command.py:467} INFO - Running <TaskInstance: etl_airflow_rest_api_dag.fetch_task scheduled__2025-03-10T02:00:00+00:00 [running]> on host shamim-X541UV
[2025-03-17T15:10:38.703+0600] {taskinstance.py:3134} INFO - Exporting env vars: AIRFLOW_CTX_DAG_OWNER='airflow' AIRFLOW_CTX_DAG_ID='etl_airflow_rest_api_dag' AIRFLOW_CTX_TASK_ID='fetch_task' AIRFLOW_CTX_EXECUTION_DATE='2025-03-10T02:00:00+00:00' AIRFLOW_CTX_TRY_NUMBER='1' AIRFLOW_CTX_DAG_RUN_ID='scheduled__2025-03-10T02:00:00+00:00'
[2025-03-17T15:10:38.707+0600] {logging_mixin.py:190} INFO - Task instance is in running state
[2025-03-17T15:10:38.708+0600] {logging_mixin.py:190} INFO -  Previous state of the Task instance: queued
[2025-03-17T15:10:38.709+0600] {logging_mixin.py:190} INFO - Current task name:fetch_task state:running start_date:2025-03-17 09:10:38.433082+00:00
[2025-03-17T15:10:38.709+0600] {logging_mixin.py:190} INFO - Dag name:etl_airflow_rest_api_dag and current dag run status:running
[2025-03-17T15:10:38.710+0600] {taskinstance.py:732} INFO - ::endgroup::
[2025-03-17T15:10:39.075+0600] {python.py:240} INFO - Done. Returned value was: {'city': 'Dhaka', 'temperature': 32.99, 'humidity': 27}
[2025-03-17T15:10:39.115+0600] {taskinstance.py:341} INFO - ::group::Post task execution logs
[2025-03-17T15:10:39.115+0600] {taskinstance.py:353} INFO - Marking task as SUCCESS. dag_id=etl_airflow_rest_api_dag, task_id=fetch_task, run_id=scheduled__2025-03-10T02:00:00+00:00, execution_date=20250310T020000, start_date=20250317T091038, end_date=20250317T091039
[2025-03-17T15:10:39.141+0600] {logging_mixin.py:190} INFO - Task instance in success state
[2025-03-17T15:10:39.141+0600] {logging_mixin.py:190} INFO -  Previous state of the Task instance: running
[2025-03-17T15:10:39.142+0600] {logging_mixin.py:190} INFO - Dag name:etl_airflow_rest_api_dag queued_at:2025-03-17 09:10:33.994448+00:00
[2025-03-17T15:10:39.142+0600] {logging_mixin.py:190} INFO - Task hostname:shamim-X541UV operator:PythonOperator
[2025-03-17T15:10:39.193+0600] {local_task_job_runner.py:266} INFO - Task exited with return code 0
[2025-03-17T15:10:39.235+0600] {taskinstance.py:3901} INFO - 1 downstream tasks scheduled from follow-on schedule check
[2025-03-17T15:10:39.250+0600] {local_task_job_runner.py:245} INFO - ::endgroup::
